Elba 6 frequencies                                                              
 E i   pX d                ! options     
 Using EOF.... 
 plotting ppd on a full scale 
  plot of best model and the initial model
  cost function (|a|-|b|)^2, no offset correc.
 inversion reading real data
                    1 2 3 4 5 6 7 8 9 0 1 2 3 4 5 6 7 8 9
                    0 1 2 3 4 5 6 7 8 9 0
 Options:           4 1 0 0 3 0 1 0 0 1 0 0 0 1 0 0 1 0 0 0 0 0 0 0 0 0 0 0 0 5 0 0 0 0 0 0 0 0 0 0
 Options (norm):    0 0 0 0 0 0 0 0 0 0 0 0 0 0 0 0 0 0 0 0 0 0 0 0 0 0 0 0 0 0 0 0 0 0 0 0 0 0 0 0
 Options (isubopt): 0 0 0 0 0 0 0 0 0 0 0 0 0 0 0 0 0 0 0 0 0 0 0 0 0 0 0 0 0 0 0 0 0 0 0 0 0 0 0 0
  Number of forward modelling runs:        5000

 The EOF are
       physparm layer  ... shape functions
   1  17  1    1.0  1.0  0.0  0.0  0.0  0.0  0.0  0.0  0.0  0.0
   2  17  2    1.0  0.0  1.0  0.0  0.0  0.0  0.0  0.0  0.0  0.0
   3  17  3    1.0  0.0  0.0  0.0  0.0  0.0  0.0  0.0  0.0  0.0
   4  17  4    1.0  0.0  0.0  1.0  0.0  0.0  0.0  0.0  0.0  0.0
   5  17  5    1.0  0.0  0.0  0.0  1.0  0.0  0.0  0.0  0.0  0.0
   6  17  6    1.0  0.0  0.0  0.0  0.0  1.0  0.0  0.0  0.0  0.0
   7   3  1    0.0  0.0  0.0  0.0  0.0  0.0  1.0  0.1  0.0  0.0
   8   3  2    0.0  0.0  0.0  0.0  0.0  0.0  1.0  0.2  0.0  0.0
   9   3  3    0.0  0.0  0.0  0.0  0.0  0.0  1.0  0.5  0.0  0.0
  10   3  4    0.0  0.0  0.0  0.0  0.0  0.0  1.0  0.9  0.0  0.0
  11   3  5    0.0  0.0  0.0  0.0  0.0  0.0  1.0  1.0  0.1  0.0
  12   3  6    0.0  0.0  0.0  0.0  0.0  0.0  1.0  1.0  0.2  0.0
  13   3  7    0.0  0.0  0.0  0.0  0.0  0.0  1.0  1.0  0.4  0.0
  14   3  8    0.0  0.0  0.0  0.0  0.0  0.0  1.0  1.0  0.6  0.0
  15   3  9    0.0  0.0  0.0  0.0  0.0  0.0  1.0  1.0  0.9  0.0
  16   3 10    0.0  0.0  0.0  0.0  0.0  0.0  1.0  1.0  1.0  0.0
  17   4  1    0.0  0.0  0.0  0.0  0.0  0.0  0.0  0.0  0.0  1.0
  18   4  2    0.0  0.0  0.0  0.0  0.0  0.0  0.0  0.0  0.0  1.0
  19   4  3    0.0  0.0  0.0  0.0  0.0  0.0  0.0  0.0  0.0  1.0
  20   4  4    0.0  0.0  0.0  0.0  0.0  0.0  0.0  0.0  0.0  1.0
  21   4  5    0.0  0.0  0.0  0.0  0.0  0.0  0.0  0.0  0.0  1.0
  22   4  6    0.0  0.0  0.0  0.0  0.0  0.0  0.0  0.0  0.0  1.0
  23   4  7    0.0  0.0  0.0  0.0  0.0  0.0  0.0  0.0  0.0  1.0
  24   4  8    0.0  0.0  0.0  0.0  0.0  0.0  0.0  0.0  0.0  1.0
  25   4  9    0.0  0.0  0.0  0.0  0.0  0.0  0.0  0.0  0.0  1.0
  26   4 10    0.0  0.0  0.0  0.0  0.0  0.0  0.0  0.0  0.0  1.0
  The starting values of the EOF amplitudes are:
    -30.00      0.00      0.00      0.00      0.00      0.00   1550.00     25.00     60.00      0.09


  parameters to be optimized:
                   physparm     layer  min.val  max.val   del.val   nbit  ndig
  1 Shape coefficient       11   1    -35.00    -25.00      0.08    7  128
  2 Shape coefficient       11   2     -5.00      5.00      0.08    7  128
  3 Shape coefficient       11   3     -5.00      5.00      0.08    7  128
  4 Shape coefficient       11   4     -5.00      5.00      0.08    7  128
  5 Shape coefficient       11   5     -5.00      5.00      0.08    7  128
  6 Shape coefficient       11   6     -5.00      5.00      0.08    7  128
  7 Shape coefficient       11   7   1530.00   1600.00      0.55    7  128
  8 Shape coefficient       11   8      0.00    100.00      0.79    7  128
  9 Shape coefficient       11   9      0.00    100.00      0.79    7  128
 Size of the search space: 10** 18.96

 Calling POPP
 flagpu           0
  Frequency:   316.000000    
  H,RHOWC   130.000000       1.00000000    
  Nwl,Nbl           5          10
water profile
 
  1     0.000  1521.000
  2    36.000  1519.000
  3    38.000  1514.000
  4    50.000  1511.000
  5   130.000  1508.000

  sediment
 
  1     1.000     1.500  1552.500     0.090
  2     1.000     1.500  1556.250     0.090
  3     1.000     1.500  1562.500     0.090
  4     2.000     1.500  1573.750     0.090
  5     2.000     1.500  1581.000     0.090
  6     2.000     1.500  1590.000     0.090
  7     3.000     1.500  1599.000     0.090
  8     3.000     1.500  1611.000     0.090
  9     5.000     1.500  1627.200     0.090
 10    -1.000     1.800  1635.000     0.090

  sd       60.0000000    
  zr       60.0000000    
  dmu     -30.0000000    
  lampow   1.00000000    
 number of modes          22
  revebration level
   10.0306702               1   91.7148514    
   10.2013369               2   91.5495148    
   10.3720036               3   91.3864288    
   10.5426702               4   91.2255402    
   10.7133369               5   91.0667725    
   10.8840027               6   90.9100800    
   11.0546703               7   90.7553940    
   11.2253361               8   90.6026764    
   11.3960028               9   90.4518814    
   11.5666695              10   90.3029480    
   11.7373362              11   90.1558304    
   11.9080029              12   90.0104980    
   12.0786695              13   89.8669052    
   12.2493362              14   89.7250214    
   12.4200029              15   89.5847778    
   12.5906696              16   89.4461746    
   12.7613354              17   89.3091583    
   12.9320030              18   89.1736984    
   13.1026688              19   89.0397644    
   13.2733355              20   88.9073257    
   13.4440022              21   88.7763596    
   13.6146688              22   88.6468353    
   13.7853355              23   88.5187073    
   13.9560022              24   88.3919678    
   14.1266689              25   88.2666016    
   14.2973347              26   88.1425629    
   14.4680023              27   88.0198364    
   14.6386681              28   87.8984070    
   14.8093357              29   87.7782440    
   14.9800014              30   87.6593323    
   15.1506681              31   87.5416489    
   15.3213348              32   87.4251709    
   15.4920015              33   87.3098907    
   15.6626682              34   87.1957779    
   15.8333349              35   87.0828171    
   16.0040016              36   86.9710083    
   16.1746674              37   86.8603058    
   16.3453350              38   86.7507095    
   16.5160007              39   86.6422119    
   16.6866684              40   86.5347748    
   16.8573341              41   86.4284134    
   17.0279999              42   86.3230972    
   17.1986675              43   86.2188034    
   17.3693352              44   86.1155396    
   17.5400009              45   86.0132751    
   17.7106667              46   85.9120178    
   17.8813343              47   85.8117294    
   18.0520020              48   85.7124176    
   18.2226677              49   85.6140518    
   18.3933334              50   85.5166473    
   18.5639992              51   85.4201660    
   18.7346668              52   85.3246231    
   18.9053345              53   85.2299881    
   19.0760002              54   85.1362610    
   19.2466660              55   85.0434265    
   19.4173336              56   84.9514771    
   19.5880013              57   84.8603973    
   19.7586670              58   84.7701950    
   19.9293327              59   84.6808472    
   20.0999985              60   84.5923462    
   20.2706661              61   84.5046692    
   20.4413338              62   84.4178391    
   20.6119995              63   84.3318329    
   20.7826653              64   84.2466354    
   20.9533329              65   84.1622467    
   21.1240005              66   84.0786591    
   21.2946663              67   83.9958572    
   21.4653320              68   83.9138412    
   21.6359997              69   83.8325958    
   21.8066673              70   83.7521286    
   21.9773331              71   83.6724167    
   22.1479988              72   83.5934525    
   22.3186646              73   83.5152512    
   22.4893322              74   83.4377899    
   22.6599998              75   83.3610535    
   22.8306656              76   83.2850494    
   23.0013313              77   83.2097626    
   23.1719990              78   83.1351929    
   23.3426666              79   83.0613327    
   23.5133324              80   82.9881668    
   23.6839981              81   82.9157104    
   23.8546638              82   82.8439331    
   24.0253315              83   82.7728424    
   24.1959991              84   82.7024460    
   24.3666649              85   82.6327057    
   24.5373306              86   82.5636368    
   24.7079983              87   82.4952316    
   24.8786659              88   82.4274750    
   25.0493317              89   82.3603821    
   25.2199974              90   82.2939224    
   25.3906651              91   82.2281036    
   25.5613308              92   82.1629257    
   25.7319984              93   82.0983734    
   25.9026642              94   82.0344467    
   26.0733318              95   81.9711304    
   26.2439976              96   81.9084320    
   26.4146652              97   81.8463516    
   26.5853310              98   81.7848663    
   26.7559967              99   81.7239838    
   26.9266644             100   81.6636963    
   27.0973301             101   81.6039963    
   27.2679977             102   81.5448761    
   27.4386635             103   81.4863434    
   27.6093311             104   81.4283752    
   27.7799969             105   81.3709869    
   27.9506645             106   81.3141632    
   28.1213303             107   81.2578964    
   28.2919960             108   81.2021790    
   28.4626637             109   81.1470184    
   28.6333294             110   81.0924149    
   28.8039970             111   81.0383530    
   28.9746628             112   80.9848175    
   29.1453304             113   80.9318237    
   29.3159962             114   80.8793640    
   29.4866638             115   80.8274155    
   29.6573296             116   80.7760010    
   29.8279972             117   80.7250977    

 Calling POPP
 flagpu           0
  Frequency:   400.000000    
  H,RHOWC   130.000000       1.00000000    
  Nwl,Nbl           5          10
water profile
 
  1     0.000  1521.000
  2    36.000  1519.000
  3    38.000  1514.000
  4    50.000  1511.000
  5   130.000  1508.000

  sediment
 
  1     1.000     1.500  1552.500     0.090
  2     1.000     1.500  1556.250     0.090
  3     1.000     1.500  1562.500     0.090
  4     2.000     1.500  1573.750     0.090
  5     2.000     1.500  1581.000     0.090
  6     2.000     1.500  1590.000     0.090
  7     3.000     1.500  1599.000     0.090
  8     3.000     1.500  1611.000     0.090
  9     5.000     1.500  1627.200     0.090
 10    -1.000     1.800  1635.000     0.090

  sd       60.0000000    
  zr       60.0000000    
  dmu     -30.0000000    
  lampow   1.00000000    
 number of modes          28
  revebration level
   10.0306702             118   90.7783813    
   10.2013369             119   90.6102676    
   10.3720036             120   90.4443970    
   10.5426702             121   90.2806854    
   10.7133369             122   90.1191025    
   10.8840027             123   89.9595947    
   11.0546703             124   89.8020935    
   11.2253361             125   89.6465454    
   11.3960028             126   89.4929123    
   11.5666695             127   89.3411331    
   11.7373362             128   89.1911926    
   11.9080029             129   89.0430069    
   12.0786695             130   88.8965683    
   12.2493362             131   88.7518387    
   12.4200029             132   88.6087646    
   12.5906696             133   88.4673004    
   12.7613354             134   88.3274384    
   12.9320030             135   88.1891327    
   13.1026688             136   88.0523605    
   13.2733355             137   87.9170685    
   13.4440022             138   87.7832489    
   13.6146688             139   87.6508713    
   13.7853355             140   87.5199051    
   13.9560022             141   87.3903198    
   14.1266689             142   87.2620850    
   14.2973347             143   87.1352005    
   14.4680023             144   87.0096207    
   14.6386681             145   86.8853378    
   14.8093357             146   86.7623138    
   14.9800014             147   86.6405411    
   15.1506681             148   86.5199890    
   15.3213348             149   86.4006424    
   15.4920015             150   86.2824936    
   15.6626682             151   86.1655045    
   15.8333349             152   86.0496597    
   16.0040016             153   85.9349670    
   16.1746674             154   85.8213730    
   16.3453350             155   85.7088928    
   16.5160007             156   85.5974884    
   16.6866684             157   85.4871521    
   16.8573341             158   85.3778763    
   17.0279999             159   85.2696381    
   17.1986675             160   85.1624374    
   17.3693352             161   85.0562363    
   17.5400009             162   84.9510498    
   17.7106667             163   84.8468399    
   17.8813343             164   84.7436066    
   18.0520020             165   84.6413422    
   18.2226677             166   84.5400238    
   18.3933334             167   84.4396515    
   18.5639992             168   84.3402023    
   18.7346668             169   84.2416687    
   18.9053345             170   84.1440506    
   19.0760002             171   84.0473251    
   19.2466660             172   83.9514923    
   19.4173336             173   83.8565369    
   19.5880013             174   83.7624435    
   19.7586670             175   83.6692123    
   19.9293327             176   83.5768433    
   20.0999985             177   83.4853058    
   20.2706661             178   83.3946075    
   20.4413338             179   83.3047180    
   20.6119995             180   83.2156525    
   20.7826653             181   83.1274109    
   20.9533329             182   83.0399628    
   21.1240005             183   82.9533005    
   21.2946663             184   82.8674316    
   21.4653320             185   82.7823334    
   21.6359997             186   82.6980133    
   21.8066673             187   82.6144562    
   21.9773331             188   82.5316620    
   22.1479988             189   82.4496078    
   22.3186646             190   82.3683090    
   22.4893322             191   82.2877426    
   22.6599998             192   82.2079086    
   22.8306656             193   82.1287918    
   23.0013313             194   82.0504074    
   23.1719990             195   81.9727325    
   23.3426666             196   81.8957596    
   23.5133324             197   81.8194962    
   23.6839981             198   81.7439270    
   23.8546638             199   81.6690445    
   24.0253315             200   81.5948486    
   24.1959991             201   81.5213165    
   24.3666649             202   81.4484787    
   24.5373306             203   81.3763046    
   24.7079983             204   81.3047867    
   24.8786659             205   81.2339401    
   25.0493317             206   81.1637421    
   25.2199974             207   81.0941925    
   25.3906651             208   81.0252762    
   25.5613308             209   80.9570007    
   25.7319984             210   80.8893585    
   25.9026642             211   80.8223572    
   26.0733318             212   80.7559662    
   26.2439976             213   80.6901932    
   26.4146652             214   80.6250458    
   26.5853310             215   80.5605011    
   26.7559967             216   80.4965668    
   26.9266644             217   80.4332352    
   27.0973301             218   80.3704910    
   27.2679977             219   80.3083420    
   27.4386635             220   80.2467957    
   27.6093311             221   80.1858063    
   27.7799969             222   80.1254196    
   27.9506645             223   80.0655975    
   28.1213303             224   80.0063400    
   28.2919960             225   79.9476547    
   28.4626637             226   79.8895416    
   28.6333294             227   79.8319778    
   28.8039970             228   79.7749710    
   28.9746628             229   79.7185059    
   29.1453304             230   79.6625977    
   29.3159962             231   79.6072235    
   29.4866638             232   79.5523911    
   29.6573296             233   79.4980927    
   29.8279972             234   79.4443207    

 Calling POPP
 flagpu           0
  Frequency:   501.000000    
  H,RHOWC   130.000000       1.00000000    
  Nwl,Nbl           5          10
water profile
 
  1     0.000  1521.000
  2    36.000  1519.000
  3    38.000  1514.000
  4    50.000  1511.000
  5   130.000  1508.000

  sediment
 
  1     1.000     1.500  1552.500     0.090
  2     1.000     1.500  1556.250     0.090
  3     1.000     1.500  1562.500     0.090
  4     2.000     1.500  1573.750     0.090
  5     2.000     1.500  1581.000     0.090
  6     2.000     1.500  1590.000     0.090
  7     3.000     1.500  1599.000     0.090
  8     3.000     1.500  1611.000     0.090
  9     5.000     1.500  1627.200     0.090
 10    -1.000     1.800  1635.000     0.090

  sd       60.0000000    
  zr       60.0000000    
  dmu     -30.0000000    
  lampow   1.00000000    
 number of modes          35
  revebration level
   10.0306702             235   88.0686569    
   10.2013369             236   87.8995132    
   10.3720036             237   87.7326050    
   10.5426702             238   87.5678558    
   10.7133369             239   87.4052353    
   10.8840027             240   87.2446747    
   11.0546703             241   87.0861130    
   11.2253361             242   86.9295197    
   11.3960028             243   86.7748337    
   11.5666695             244   86.6220169    
   11.7373362             245   86.4710236    
   11.9080029             246   86.3218079    
   12.0786695             247   86.1743317    
   12.2493362             248   86.0285568    
   12.4200029             249   85.8844604    
   12.5906696             250   85.7419739    
   12.7613354             251   85.6011047    
   12.9320030             252   85.4617920    
   13.1026688             253   85.3239899    
   13.2733355             254   85.1877136    
   13.4440022             255   85.0529022    
   13.6146688             256   84.9195404    
   13.7853355             257   84.7875977    
   13.9560022             258   84.6570435    
   14.1266689             259   84.5278625    
   14.2973347             260   84.4000320    
   14.4680023             261   84.2735214    
   14.6386681             262   84.1483002    
   14.8093357             263   84.0243683    
   14.9800014             264   83.9016876    
   15.1506681             265   83.7802505    
   15.3213348             266   83.6600342    
   15.4920015             267   83.5410004    
   15.6626682             268   83.4231567    
   15.8333349             269   83.3064880    
   16.0040016             270   83.1909561    
   16.1746674             271   83.0765533    
   16.3453350             272   82.9632645    
   16.5160007             273   82.8510895    
   16.6866684             274   82.7399902    
   16.8573341             275   82.6299744    
   17.0279999             276   82.5209961    
   17.1986675             277   82.4130859    
   17.3693352             278   82.3061829    
   17.5400009             279   82.2003021    
   17.7106667             280   82.0954285    
   17.8813343             281   81.9915619    
   18.0520020             282   81.8886566    
   18.2226677             283   81.7867279    
   18.3933334             284   81.6857605    
   18.5639992             285   81.5857544    
   18.7346668             286   81.4866714    
   18.9053345             287   81.3885117    
   19.0760002             288   81.2912827    
   19.2466660             289   81.1949768    
   19.4173336             290   81.0995407    
   19.5880013             291   81.0050125    
   19.7586670             292   80.9113464    
   19.9293327             293   80.8185730    
   20.0999985             294   80.7266617    
   20.2706661             295   80.6356049    
   20.4413338             296   80.5453949    
   20.6119995             297   80.4560242    
   20.7826653             298   80.3674927    
   20.9533329             299   80.2797775    
   21.1240005             300   80.1928787    
   21.2946663             301   80.1068039    
   21.4653320             302   80.0215149    
   21.6359997             303   79.9370346    
   21.8066673             304   79.8533325    
   21.9773331             305   79.7704163    
   22.1479988             306   79.6882782    
   22.3186646             307   79.6069260    
   22.4893322             308   79.5263138    
   22.6599998             309   79.4464722    
   22.8306656             310   79.3673782    
   23.0013313             311   79.2890244    
   23.1719990             312   79.2114182    
   23.3426666             313   79.1345367    
   23.5133324             314   79.0583954    
   23.6839981             315   78.9829712    
   23.8546638             316   78.9082642    
   24.0253315             317   78.8342667    
   24.1959991             318   78.7609711    
   24.3666649             319   78.6883850    
   24.5373306             320   78.6164856    
   24.7079983             321   78.5452881    
   24.8786659             322   78.4747620    
   25.0493317             323   78.4049225    
   25.2199974             324   78.3357620    
   25.3906651             325   78.2672653    
   25.5613308             326   78.1994324    
   25.7319984             327   78.1322632    
   25.9026642             328   78.0657501    
   26.0733318             329   77.9998856    
   26.2439976             330   77.9346695    
   26.4146652             331   77.8700943    
   26.5853310             332   77.8061600    
   26.7559967             333   77.7428513    
   26.9266644             334   77.6801758    
   27.0973301             335   77.6181183    
   27.2679977             336   77.5566788    
   27.4386635             337   77.4958649    
   27.6093311             338   77.4356461    
   27.7799969             339   77.3760376    
   27.9506645             340   77.3170319    
   28.1213303             341   77.2586136    
   28.2919960             342   77.2007980    
   28.4626637             343   77.1435699    
   28.6333294             344   77.0869217    
   28.8039970             345   77.0308533    
   28.9746628             346   76.9753571    
   29.1453304             347   76.9204330    
   29.3159962             348   76.8660736    
   29.4866638             349   76.8122787    
   29.6573296             350   76.7590408    
   29.8279972             351   76.7063599    

 Calling POPP
 flagpu           0
  Frequency:   630.000000    
  H,RHOWC   130.000000       1.00000000    
  Nwl,Nbl           5          10
water profile
 
  1     0.000  1521.000
  2    36.000  1519.000
  3    38.000  1514.000
  4    50.000  1511.000
  5   130.000  1508.000

  sediment
 
  1     1.000     1.500  1552.500     0.090
  2     1.000     1.500  1556.250     0.090
  3     1.000     1.500  1562.500     0.090
  4     2.000     1.500  1573.750     0.090
  5     2.000     1.500  1581.000     0.090
  6     2.000     1.500  1590.000     0.090
  7     3.000     1.500  1599.000     0.090
  8     3.000     1.500  1611.000     0.090
  9     5.000     1.500  1627.200     0.090
 10    -1.000     1.800  1635.000     0.090

  sd       60.0000000    
  zr       60.0000000    
  dmu     -30.0000000    
  lampow   1.00000000    
 number of modes          44
  revebration level
   10.0306702             352   87.1663284    
   10.2013369             353   86.9949036    
   10.3720036             354   86.8257065    
   10.5426702             355   86.6586685    
   10.7133369             356   86.4937286    
   10.8840027             357   86.3308563    
   11.0546703             358   86.1699600    
   11.2253361             359   86.0110016    
   11.3960028             360   85.8539581    
   11.5666695             361   85.6987457    
   11.7373362             362   85.5453568    
   11.9080029             363   85.3937225    
   12.0786695             364   85.2438049    
   12.2493362             365   85.0955887    
   12.4200029             366   84.9490204    
   12.5906696             367   84.8040466    
   12.7613354             368   84.6606598    
   12.9320030             369   84.5188217    
   13.1026688             370   84.3785019    
   13.2733355             371   84.2396545    
   13.4440022             372   84.1022644    
   13.6146688             373   83.9663086    
   13.7853355             374   83.8317566    
   13.9560022             375   83.6985779    
   14.1266689             376   83.5667419    
   14.2973347             377   83.4362488    
   14.4680023             378   83.3070450    
   14.6386681             379   83.1791306    
   14.8093357             380   83.0524597    
   14.9800014             381   82.9270477    
   15.1506681             382   82.8028488    
   15.3213348             383   82.6798553    
   15.4920015             384   82.5580292    
   15.6626682             385   82.4373779    
   15.8333349             386   82.3178711    
   16.0040016             387   82.1994858    
   16.1746674             388   82.0822220    
   16.3453350             389   81.9660492    
   16.5160007             390   81.8509674    
   16.6866684             391   81.7369461    
   16.8573341             392   81.6239853    
   17.0279999             393   81.5120544    
   17.1986675             394   81.4011383    
   17.3693352             395   81.2912598    
   17.5400009             396   81.1823654    
   17.7106667             397   81.0744781    
   17.8813343             398   80.9675293    
   18.0520020             399   80.8615723    
   18.2226677             400   80.7565613    
   18.3933334             401   80.6524963    
   18.5639992             402   80.5493546    
   18.7346668             403   80.4471436    
   18.9053345             404   80.3458328    
   19.0760002             405   80.2454300    
   19.2466660             406   80.1459122    
   19.4173336             407   80.0472870    
   19.5880013             408   79.9495239    
   19.7586670             409   79.8526306    
   19.9293327             410   79.7565918    
   20.0999985             411   79.6614075    
   20.2706661             412   79.5670624    
   20.4413338             413   79.4735413    
   20.6119995             414   79.3808441    
   20.7826653             415   79.2889709    
   20.9533329             416   79.1979065    
   21.1240005             417   79.1076355    
   21.2946663             418   79.0181656    
   21.4653320             419   78.9294815    
   21.6359997             420   78.8415833    
   21.8066673             421   78.7544556    
   21.9773331             422   78.6680984    
   22.1479988             423   78.5825043    
   22.3186646             424   78.4976654    
   22.4893322             425   78.4135742    
   22.6599998             426   78.3302231    
   22.8306656             427   78.2476120    
   23.0013313             428   78.1657333    
   23.1719990             429   78.0845871    
   23.3426666             430   78.0041580    
   23.5133324             431   77.9244461    
   23.6839981             432   77.8454514    
   23.8546638             433   77.7671509    
   24.0253315             434   77.6895523    
   24.1959991             435   77.6126480    
   24.3666649             436   77.5364456    
   24.5373306             437   77.4609222    
   24.7079983             438   77.3860779    
   24.8786659             439   77.3119049    
   25.0493317             440   77.2384109    
   25.2199974             441   77.1655807    
   25.3906651             442   77.0934143    
   25.5613308             443   77.0219040    
   25.7319984             444   76.9510498    
   25.9026642             445   76.8808365    
   26.0733318             446   76.8112793    
   26.2439976             447   76.7423477    
   26.4146652             448   76.6740570    
   26.5853310             449   76.6064072    
   26.7559967             450   76.5393753    
   26.9266644             451   76.4729691    
   27.0973301             452   76.4071808    
   27.2679977             453   76.3420105    
   27.4386635             454   76.2774506    
   27.6093311             455   76.2135010    
   27.7799969             456   76.1501465    
   27.9506645             457   76.0874023    
   28.1213303             458   76.0252380    
   28.2919960             459   75.9636841    
   28.4626637             460   75.9027023    
   28.6333294             461   75.8423080    
   28.8039970             462   75.7824936    
   28.9746628             463   75.7232590    
   29.1453304             464   75.6645889    
   29.3159962             465   75.6064987    
   29.4866638             466   75.5489655    
   29.6573296             467   75.4919891    
   29.8279972             468   75.4355774    

 Calling POPP
 flagpu           0
  Frequency:   794.000000    
  H,RHOWC   130.000000       1.00000000    
  Nwl,Nbl           5          10
water profile
 
  1     0.000  1521.000
  2    36.000  1519.000
  3    38.000  1514.000
  4    50.000  1511.000
  5   130.000  1508.000

  sediment
 
  1     1.000     1.500  1552.500     0.090
  2     1.000     1.500  1556.250     0.090
  3     1.000     1.500  1562.500     0.090
  4     2.000     1.500  1573.750     0.090
  5     2.000     1.500  1581.000     0.090
  6     2.000     1.500  1590.000     0.090
  7     3.000     1.500  1599.000     0.090
  8     3.000     1.500  1611.000     0.090
  9     5.000     1.500  1627.200     0.090
 10    -1.000     1.800  1635.000     0.090

  sd       60.0000000    
  zr       60.0000000    
  dmu     -30.0000000    
  lampow   1.00000000    
 number of modes          56
  revebration level
   10.0306702             469   85.7851334    
   10.2013369             470   85.6093597    
   10.3720036             471   85.4357300    
   10.5426702             472   85.2642212    
   10.7133369             473   85.0947495    
   10.8840027             474   84.9272537    
   11.0546703             475   84.7616959    
   11.2253361             476   84.5980148    
   11.3960028             477   84.4361877    
   11.5666695             478   84.2761307    
   11.7373362             479   84.1178207    
   11.9080029             480   83.9612198    
   12.0786695             481   83.8062744    
   12.2493362             482   83.6529541    
   12.4200029             483   83.5012131    
   12.5906696             484   83.3510284    
   12.7613354             485   83.2023621    
   12.9320030             486   83.0551758    
   13.1026688             487   82.9094315    
   13.2733355             488   82.7651291    
   13.4440022             489   82.6222229    
   13.6146688             490   82.4806519    
   13.7853355             491   82.3404388    
   13.9560022             492   82.2015381    
   14.1266689             493   82.0639191    
   14.2973347             494   81.9275742    
   14.4680023             495   81.7924652    
   14.6386681             496   81.6585693    
   14.8093357             497   81.5258789    
   14.9800014             498   81.3943787    
   15.1506681             499   81.2639999    
   15.3213348             500   81.1347885    
   15.4920015             501   81.0066833    
   15.6626682             502   80.8796768    
   15.8333349             503   80.7537537    
   16.0040016             504   80.6288910    
   16.1746674             505   80.5050812    
   16.3453350             506   80.3823166    
   16.5160007             507   80.2605591    
   16.6866684             508   80.1398315    
   16.8573341             509   80.0200653    
   17.0279999             510   79.9012833    
   17.1986675             511   79.7834702    
   17.3693352             512   79.6666107    
   17.5400009             513   79.5506744    
   17.7106667             514   79.4356689    
   17.8813343             515   79.3215866    
   18.0520020             516   79.2084045    
   18.2226677             517   79.0961151    
   18.3933334             518   78.9846954    
   18.5639992             519   78.8741608    
   18.7346668             520   78.7644806    
   18.9053345             521   78.6556549    
   19.0760002             522   78.5476685    
   19.2466660             523   78.4405060    
   19.4173336             524   78.3341904    
   19.5880013             525   78.2286682    
   19.7586670             526   78.1239624    
   19.9293327             527   78.0200577    
   20.0999985             528   77.9169388    
   20.2706661             529   77.8145981    
   20.4413338             530   77.7130432    
   20.6119995             531   77.6122513    
   20.7826653             532   77.5122223    
   20.9533329             533   77.4129562    
   21.1240005             534   77.3144150    
   21.2946663             535   77.2166367    
   21.4653320             536   77.1195831    
   21.6359997             537   77.0232620    
   21.8066673             538   76.9276657    
   21.9773331             539   76.8327789    
   22.1479988             540   76.7386169    
   22.3186646             541   76.6451569    
   22.4893322             542   76.5523911    
   22.6599998             543   76.4603271    
   22.8306656             544   76.3689575    
   23.0013313             545   76.2782745    
   23.1719990             546   76.1882629    
   23.3426666             547   76.0989304    
   23.5133324             548   76.0102768    
   23.6839981             549   75.9222794    
   23.8546638             550   75.8349533    
   24.0253315             551   75.7482834    
   24.1959991             552   75.6622696    
   24.3666649             553   75.5769119    
   24.5373306             554   75.4921951    
   24.7079983             555   75.4081192    
   24.8786659             556   75.3246765    
   25.0493317             557   75.2418823    
   25.2199974             558   75.1597137    
   25.3906651             559   75.0781784    
   25.5613308             560   74.9972610    
   25.7319984             561   74.9169617    
   25.9026642             562   74.8372803    
   26.0733318             563   74.7582245    
   26.2439976             564   74.6797791    
   26.4146652             565   74.6019287    
   26.5853310             566   74.5246964    
   26.7559967             567   74.4480591    
   26.9266644             568   74.3720322    
   27.0973301             569   74.2965851    
   27.2679977             570   74.2217407    
   27.4386635             571   74.1474838    
   27.6093311             572   74.0738220    
   27.7799969             573   74.0007477    
   27.9506645             574   73.9282379    
   28.1213303             575   73.8563232    
   28.2919960             576   73.7849731    
   28.4626637             577   73.7142029    
   28.6333294             578   73.6440125    
   28.8039970             579   73.5743790    
   28.9746628             580   73.5053177    
   29.1453304             581   73.4368210    
   29.3159962             582   73.3688812    
   29.4866638             583   73.3014984    
   29.6573296             584   73.2346802    
   29.8279972             585   73.1684113    

 Calling POPP
 flagpu           0
  Frequency:   1000.00000    
  H,RHOWC   130.000000       1.00000000    
  Nwl,Nbl           5          10
water profile
 
  1     0.000  1521.000
  2    36.000  1519.000
  3    38.000  1514.000
  4    50.000  1511.000
  5   130.000  1508.000

  sediment
 
  1     1.000     1.500  1552.500     0.090
  2     1.000     1.500  1556.250     0.090
  3     1.000     1.500  1562.500     0.090
  4     2.000     1.500  1573.750     0.090
  5     2.000     1.500  1581.000     0.090
  6     2.000     1.500  1590.000     0.090
  7     3.000     1.500  1599.000     0.090
  8     3.000     1.500  1611.000     0.090
  9     5.000     1.500  1627.200     0.090
 10    -1.000     1.800  1635.000     0.090

  sd       60.0000000    
  zr       60.0000000    
  dmu     -30.0000000    
  lampow   1.00000000    
 number of modes          70
  revebration level
   10.0306702             586   82.4049988    
   10.2013369             587   82.2264786    
   10.3720036             588   82.0501328    
   10.5426702             589   81.8758774    
   10.7133369             590   81.7036514    
   10.8840027             591   81.5334167    
   11.0546703             592   81.3650894    
   11.2253361             593   81.1986465    
   11.3960028             594   81.0340118    
   11.5666695             595   80.8711853    
   11.7373362             596   80.7100754    
   11.9080029             597   80.5506592    
   12.0786695             598   80.3929138    
   12.2493362             599   80.2367706    
   12.4200029             600   80.0822067    
   12.5906696             601   79.9291992    
   12.7613354             602   79.7776947    
   12.9320030             603   79.6276627    
   13.1026688             604   79.4790878    
   13.2733355             605   79.3319244    
   13.4440022             606   79.1861420    
   13.6146688             607   79.0417328    
   13.7853355             608   78.8986588    
   13.9560022             609   78.7568817    
   14.1266689             610   78.6163940    
   14.2973347             611   78.4771729    
   14.4680023             612   78.3391800    
   14.6386681             613   78.2024155    
   14.8093357             614   78.0668335    
   14.9800014             615   77.9324265    
   15.1506681             616   77.7991714    
   15.3213348             617   77.6670685    
   15.4920015             618   77.5360641    
   15.6626682             619   77.4061661    
   15.8333349             620   77.2773590    
   16.0040016             621   77.1496048    
   16.1746674             622   77.0229034    
   16.3453350             623   76.8972473    
   16.5160007             624   76.7725983    
   16.6866684             625   76.6489563    
   16.8573341             626   76.5263138    
   17.0279999             627   76.4046402    
   17.1986675             628   76.2839355    
   17.3693352             629   76.1641846    
   17.5400009             630   76.0453720    
   17.7106667             631   75.9274979    
   17.8813343             632   75.8105316    
   18.0520020             633   75.6944656    
   18.2226677             634   75.5793152    
   18.3933334             635   75.4650421    
   18.5639992             636   75.3516464    
   18.7346668             637   75.2391052    
   18.9053345             638   75.1274261    
   19.0760002             639   75.0166016    
   19.2466660             640   74.9066086    
   19.4173336             641   74.7974472    
   19.5880013             642   74.6891098    
   19.7586670             643   74.5815887    
   19.9293327             644   74.4748688    
   20.0999985             645   74.3689575    
   20.2706661             646   74.2638321    
   20.4413338             647   74.1594849    
   20.6119995             648   74.0559235    
   20.7826653             649   73.9531326    
   20.9533329             650   73.8511047    
   21.1240005             651   73.7498398    
   21.2946663             652   73.6493225    
   21.4653320             653   73.5495529    
   21.6359997             654   73.4505234    
   21.8066673             655   73.3522186    
   21.9773331             656   73.2546692    
   22.1479988             657   73.1578293    
   22.3186646             658   73.0616989    
   22.4893322             659   72.9663086    
   22.6599998             660   72.8716125    
   22.8306656             661   72.7776260    
   23.0013313             662   72.6843338    
   23.1719990             663   72.5917511    
   23.3426666             664   72.4998550    
   23.5133324             665   72.4086380    
   23.6839981             666   72.3181076    
   23.8546638             667   72.2282715    
   24.0253315             668   72.1390991    
   24.1959991             669   72.0505981    
   24.3666649             670   71.9627686    
   24.5373306             671   71.8756027    
   24.7079983             672   71.7891006    
   24.8786659             673   71.7032700    
   25.0493317             674   71.6180725    
   25.2199974             675   71.5335388    
   25.3906651             676   71.4496536    
   25.5613308             677   71.3664169    
   25.7319984             678   71.2838135    
   25.9026642             679   71.2018509    
   26.0733318             680   71.1205215    
   26.2439976             681   71.0398331    
   26.4146652             682   70.9597855    
   26.5853310             683   70.8803482    
   26.7559967             684   70.8015518    
   26.9266644             685   70.7233582    
   27.0973301             686   70.6458130    
   27.2679977             687   70.5688629    
   27.4386635             688   70.4925385    
   27.6093311             689   70.4168243    
   27.7799969             690   70.3417206    
   27.9506645             691   70.2672348    
   28.1213303             692   70.1933365    
   28.2919960             693   70.1200485    
   28.4626637             694   70.0473633    
   28.6333294             695   69.9752808    
   28.8039970             696   69.9037857    
   28.9746628             697   69.8328857    
   29.1453304             698   69.7625809    
   29.3159962             699   69.6928711    
   29.4866638             700   69.6237411    
   29.6573296             701   69.5551987    
   29.8279972             702   69.4872360    
