 sspmis_a   from the matched field workshop 93                                  
  c b A m12                              
 reading in covariance matrix 
 The covariance is divided by Ndep 
 Adding the input values to PPD-plot 
computing 2D marginal PPD between parameters  1 and  2
                    1 2 3 4 5 6 7 8 9 0 1 2 3 4 5 6 7 8 9
                    0 1 2 3 4 5 6 7 8 9 0
 Options:           2 1 0 0 0 0 1 0 0 0 0 0 1 1 0 1 0 0 1 1 0 0 0 0 0 0 0 0 0 1 0 0 0 0 0 0 0 0 0 0
 Options (norm):    0 0 0 0 0 0 0 0 0 0 0 0 0 0 0 0 0 0 0 0 0 0 0 0 0 0 0 0 0 0 0 0 0 0 0 0 0 0 0 0
 Options (isubopt): 0 0 0 0 0 0 0 0 0 0 0 0 0 0 0 0 0 0 0 0 0 0 0 0 0 0 0 0 0 0 0 0 0 0 0 0 0 0 0 0
  Number of forward modelling runs:       10000
  Points in water:           2
  number of receiver depths read          20
  reading ranges in....
 number of ranges           1
 number of bartlett estimators           1
  ncurv=           1 nbart=           1

  parameters to be optimized:
                   physparm     layer  min.val  max.val   del.val   nbit  ndig
  1 Water sound speed (m/s   2   1   1497.50   1502.50      0.10    6   51
  2 Water sound speed (m/s   2   2   1477.50   1482.50      0.10    6   51
  3 Source range (m)         9   1   5000.00  10000.00    100.00    6   51
  4 Source depth (m)         8   1      0.01    100.00      2.00    6   51
 Size of the search space: 10**  6.83
  uses snap as forward model

 Calling SNAP
 flagpu           1
  Frequency:   250.000000    
  R1,R2   1.79999995       1.79999995    
  SCATT(1),SCATT(2)   0.00000000       0.00000000    
  H0,H1   100.00000000000000        100.00000000000000     
  ND0,ND1           2           2
  BETA(1),BETA(2),BETA(3)  0.200000003      0.200000003       0.00000000    
  c2,c2s   1750.00000       0.00000000    
 z0,c0
  1     0.000  1499.400
  2   100.000  1481.600

 z1,c1
  1     0.000  1600.000
  2   100.000  1750.000

  np           1
  first reciever depth   5.00000000    
  ranges   9300.00000    
 number of sources           1
  source depth,i   78.0000000               1
  ndep,rd,rdlow:           20   5.00000000       100.000000    
 arrayshape:    0.00000000       0.00000000       0.00000000       0.00000000       0.00000000    
  multistatic:  F
  tilt:  F
  mbeam:    F
  msource:  F
  iscale:             0
  xplane:             0
 freq,number of modes           1          26

  initial fitness   1.57872986E-04

  crossover probability      0.800000012    
  mutation  probability       5.00000007E-02
  update    probability      0.500000000    
  number of iterations             1000
  size   of populations              32
  number of populations              10

 freq,number of modes           1          26
 freq,number of modes           1          26
 freq,number of modes           1          26
 freq,number of modes           1          26
 freq,number of modes           1          26
 freq,number of modes           1          26
 freq,number of modes           1          26
 freq,number of modes           1          26
 freq,number of modes           1          26
 freq,number of modes           1          26
 freq,number of modes           1          26
 freq,number of modes           1          26
 freq,number of modes           1          26
 freq,number of modes           1          26
 freq,number of modes           1          26
 freq,number of modes           1          26
 freq,number of modes           1          26
 freq,number of modes           1          26
 freq,number of modes           1          26
  >>> Estimated serial Inversion time:         12.0 secs.
 retuned point   1498.99731       1481.20081       9301.38379       77.9961014    
 retuned value   2.68082396E-04
 retuned point   1500.10193       1482.27722       9296.77148       78.0223465    
 retuned value   2.86934490E-04
 retuned point   1499.79834       1479.49792       7999.90918       80.1110153    
 retuned value  0.340080053    
 retuned point   1499.50037       1481.69873       9299.62305       78.0041504    
 retuned value   1.51797896E-04
 retuned point   1499.00659       1481.20239       9308.25000       78.2781677    
 retuned value   1.72223765E-02
 retuned point   1498.60291       1480.91467       9306.82031       77.9911423    
 retuned value   5.85520826E-03
 retuned point   1499.50476       1482.18091       9987.55078       78.2656708    
 retuned value  0.642957389    
 retuned point   1499.17358       1480.67407       7791.43164       77.8995667    
 retuned value  0.261688620    
 retuned point   1497.51465       1479.10437       7797.08984       78.0010300    
 retuned value  0.272238821    
  Population          10
 retuned point   1501.09570       1478.97986       9490.20996       82.2870941    
 retuned value  0.406693399    

   best of all energy   1.65763122E-04
  best-of all      deviation  
   1  1499.500            0.100
   2  1481.700            0.100
   3  9300.000            0.000
   4    78.002            0.002
 local fit   1.51797896E-04
   1  1499.500            0.100
   2  1481.699            0.099
   3  9299.623           -0.377
   4    78.004            0.004

 Forward  modelling calls:   10309
  ndep,rd,rdlow:           20   5.00000000       100.000000    
  arrayshape:    0.00000000       0.00000000       0.00000000       0.00000000       0.00000000    
  multistatic:  F
  tilt:  F
  mbeam:    F
  msource:  F
  iscale:             0
  xplane:             0
 Inversion, time:       12.393 secs.
