 South Elba 7freq  9026                                                         
   i p E A  cBO              ! SAGA Optio
 plotting ppd  on a full scale 
  plot of best model and the initial model
 Using EOF.... 
 Adding the input values to PPD-plot 
 reading in covariance matrix 
 The covariance is divided by lagest eigenvalue 
  Bartlett power is summed logarithmic over the frequncies
                    1 2 3 4 5 6 7 8 9 0 1 2 3 4 5 6 7 8 9
                    0 1 2 3 4 5 6 7 8 9 0
 Options:           2 1 0 0 0 0 1 0 0 1 0 0 1 1 0 0 1 1 1 2 0 0 0 0 0 0 0 0 0 1 0 0 0 0 0 0 0 0 0 0
 Options (norm):    0 0 0 0 0 0 0 0 0 0 0 0 0 0 0 0 0 0 0 0 0 0 0 0 0 0 0 0 0 0 0 0 0 0 0 0 0 0 0 0
 Options (isubopt): 0 0 0 0 0 0 0 0 0 0 0 0 0 0 0 0 0 0 0 0 0 0 0 0 0 0 0 0 0 0 0 0 0 0 0 0 0 0 0 0
  Number of forward modelling runs:       40000
  tilt of array is included
  Points in water:          84
  number of receiver depths read          32
  reading ranges in....
 number of ranges           1
 number of bartlett estimators           7
  ncurv=           7 nbart=           7

 The EOF are
       physparm layer  ... shape functions
   1   3  1    1.0  0.0  0.0  0.0  0.0
   2   3  2    1.0  1.0  0.0  0.0  0.0
   3   3  3    1.0  1.0  1.0  0.0  0.0
   4   3  4    1.0  1.0  1.0  1.0  0.0
   5  12  1    1.0  1.0  1.0  1.0  1.0
  The starting values of the EOF amplitudes are:
   1485.00     30.00     30.00     30.00     50.00
 
 
  parameters to be optimized:
                   physparm     layer  min.val  max.val   del.val   nbit  ndig
  1 Source range (m)         9   1   7000.00  11000.00     31.50    7  128
  2 Source depth (m)         8   1     65.00     75.00      0.08    7  128
  3 Water depth (m)          1   1    110.00    118.00      0.06    7  128
  4 Array tilt (m)          19   1     -3.00      3.00      0.05    7  128
  5 Receiver depth (m)      15   1     96.00    104.00      0.06    7  128
  6 Shape coefficient       11   1   1460.00   1500.00      0.31    7  128
  7 Shape coefficient       11   2     10.00     50.00      0.31    7  128
  8 Shape coefficient       11   3     10.00     50.00      0.31    7  128
  9 Shape coefficient       11   4     10.00     50.00      0.31    7  128
 10 Attenuation (dB/\lambd   4   1      0.01      0.40      0.00    7  128
 Size of the search space: 10** 21.07
  uses snap as forward model
 
 Calling SNAP
 flagpu           1
  Frequency:   200.6800       250.4880       314.9400       399.9023    
   499.5117       629.8820       799.8050    
  R1,R2   1.500000       1.800000    
  SCATT(1),SCATT(2)  0.0000000E+00  0.0000000E+00
  H0,H1   112.500000000000        20.0000000000000     
  ND0,ND1          84           4
  BETA(1),BETA(2),BETA(3)  5.9999999E-02  0.1000000      0.0000000E+00
  c2,c2s   1625.000      0.0000000E+00
 z0,c0
  1     0.000  1536.112
  2     1.000  1536.112
  3     2.000  1536.112
  4     3.000  1536.112
  5     4.000  1536.112
  6     5.000  1536.112
  7     6.000  1536.112
  8     7.000  1536.112
  9     8.000  1536.107
 10     9.000  1536.092
 11    10.000  1536.069
 12    11.000  1536.053
 13    12.000  1536.051
 14    13.000  1536.044
 15    14.000  1536.031
 16    15.000  1536.014
 17    16.000  1535.988
 18    17.000  1535.869
 19    18.000  1535.347
 20    19.000  1533.925
 21    20.000  1531.052
 22    21.000  1527.354
 23    22.000  1525.077
 24    23.000  1523.717
 25    24.000  1522.720
 26    25.000  1521.696
 27    26.000  1520.710
 28    27.000  1519.914
 29    28.000  1519.252
 30    29.000  1518.571
 31    30.000  1518.011
 32    31.000  1517.558
 33    32.000  1517.176
 34    33.000  1516.824
 35    34.000  1516.515
 36    35.000  1516.244
 37    36.000  1515.969
 38    37.000  1515.736
 39    38.000  1515.478
 40    39.000  1515.228
 41    40.000  1515.013
 42    41.000  1514.797
 43    42.000  1514.539
 44    43.000  1514.278
 45    44.000  1514.027
 46    45.000  1513.801
 47    46.000  1513.577
 48    47.000  1513.381
 49    48.000  1513.200
 50    49.000  1513.037
 51    50.000  1512.889
 52    51.000  1512.741
 53    52.000  1512.602
 54    53.000  1512.478
 55    54.000  1512.362
 56    55.000  1512.238
 57    56.000  1512.106
 58    57.000  1511.973
 59    58.000  1511.842
 60    59.000  1511.721
 61    60.000  1511.616
 62    61.000  1511.504
 63    62.000  1511.391
 64    63.000  1511.287
 65    64.000  1511.208
 66    65.000  1511.129
 67    66.000  1511.042
 68    67.000  1510.948
 69    68.000  1510.850
 70    69.000  1510.749
 71    70.000  1510.663
 72    71.000  1510.583
 73    72.000  1510.528
 74    73.000  1510.479
 75    74.000  1510.420
 76    75.000  1510.362
 77    76.000  1510.294
 78    77.000  1510.229
 79    78.000  1510.164
 80    79.000  1510.101
 81    80.000  1510.028
 82    81.000  1509.955
 83    82.000  1509.888
 84   112.500  1508.800

 z1,c1
  1     0.000  1485.000
  2     5.000  1515.000
  3    10.000  1545.000
  4    20.000  1575.000

  Tilt (m)=  0.0000000E+00
  np           1
  first reciever depth   99.00000    
  ranges   9026.000    
 number of sources           1
  source depth,i   69.00000               1
  ndep,rd,rdlow:           32   99.00000       37.00000    
 arrayshape:   0.0000000E+00  0.0000000E+00  0.0000000E+00  0.0000000E+00
  0.0000000E+00
  multistatic:  F
  tilt:  T
  mbeam:    F
  msource:  F
  iscale:             0
  xplane:             0
 freq,number of modes           1          12
 freq,number of modes           2          15
 freq,number of modes           3          19
 freq,number of modes           4          25
 freq,number of modes           5          25
 freq,number of modes           6          25
 freq,number of modes           7          25
 
  initial fitness  0.6765055    
 
  crossover probability      0.8000000    
  mutation  probability      5.0000001E-02
  update    probability      0.5000000    
  number of iterations             2000
  size   of populations              64
  number of populations              20
 
 freq,number of modes           1          10
 freq,number of modes           2          13
 freq,number of modes           3          16
 freq,number of modes           4          20
  TRIAL EIGENVALUE BEYOND CUTOFF FOR MODE   18
  TRIAL EIGENVALUE BEYOND CUTOFF FOR MODE   23
  >>> Estimated serial Inversion time:       1037.5 secs.
  TRIAL EIGENVALUE BEYOND CUTOFF FOR MODE   12
  TRIAL EIGENVALUE BEYOND CUTOFF FOR MODE   23
  TRIAL EIGENVALUE BEYOND CUTOFF FOR MODE   13
  TRIAL EIGENVALUE BEYOND CUTOFF FOR MODE   19
  TRIAL EIGENVALUE BEYOND CUTOFF FOR MODE   14
  TRIAL EIGENVALUE BEYOND CUTOFF FOR MODE   24
  TRIAL EIGENVALUE BEYOND CUTOFF FOR MODE   19
  TRIAL EIGENVALUE BEYOND CUTOFF FOR MODE   20
  TRIAL EIGENVALUE BEYOND CUTOFF FOR MODE   25
  TRIAL EIGENVALUE BEYOND CUTOFF FOR MODE   18
  TRIAL EIGENVALUE BEYOND CUTOFF FOR MODE   13
  TRIAL EIGENVALUE BEYOND CUTOFF FOR MODE   13
  TRIAL EIGENVALUE BEYOND CUTOFF FOR MODE   15
  TRIAL EIGENVALUE BEYOND CUTOFF FOR MODE   20
  TRIAL EIGENVALUE BEYOND CUTOFF FOR MODE   14
  TRIAL EIGENVALUE BEYOND CUTOFF FOR MODE   16
  TRIAL EIGENVALUE BEYOND CUTOFF FOR MODE   20
  TRIAL EIGENVALUE BEYOND CUTOFF FOR MODE   24
  TRIAL EIGENVALUE BEYOND CUTOFF FOR MODE   14
  TRIAL EIGENVALUE BEYOND CUTOFF FOR MODE   24
  TRIAL EIGENVALUE BEYOND CUTOFF FOR MODE   18
  TRIAL EIGENVALUE BEYOND CUTOFF FOR MODE   24
  TRIAL EIGENVALUE BEYOND CUTOFF FOR MODE   23
  TRIAL EIGENVALUE BEYOND CUTOFF FOR MODE   20
  TRIAL EIGENVALUE BEYOND CUTOFF FOR MODE   13
  TRIAL EIGENVALUE BEYOND CUTOFF FOR MODE   12
  TRIAL EIGENVALUE BEYOND CUTOFF FOR MODE   12
  TRIAL EIGENVALUE BEYOND CUTOFF FOR MODE   18
  TRIAL EIGENVALUE BEYOND CUTOFF FOR MODE   12
  TRIAL EIGENVALUE BEYOND CUTOFF FOR MODE   16
  TRIAL EIGENVALUE BEYOND CUTOFF FOR MODE   22
 retuned point   9011.092       68.36320       113.2070     -0.7775846    
   97.49683       1475.539       13.71696       36.86830       10.00007    
  7.6627351E-02
 retuned value  0.2128311    
 retuned point   9157.218       69.56311       114.3450      -1.000699    
   98.73766       1468.926       22.35279       33.60813       10.05091    
  7.7184074E-02
 retuned value  0.2178016    
  TRIAL EIGENVALUE BEYOND CUTOFF FOR MODE   16
  TRIAL EIGENVALUE BEYOND CUTOFF FOR MODE   20
  TRIAL EIGENVALUE BEYOND CUTOFF FOR MODE   20
  TRIAL EIGENVALUE BEYOND CUTOFF FOR MODE   14
  TRIAL EIGENVALUE BEYOND CUTOFF FOR MODE   16
  TRIAL EIGENVALUE BEYOND CUTOFF FOR MODE   17
  TRIAL EIGENVALUE BEYOND CUTOFF FOR MODE   15
  TRIAL EIGENVALUE BEYOND CUTOFF FOR MODE   22
  TRIAL EIGENVALUE BEYOND CUTOFF FOR MODE   25
  TRIAL EIGENVALUE BEYOND CUTOFF FOR MODE   19
  TRIAL EIGENVALUE BEYOND CUTOFF FOR MODE   20
  TRIAL EIGENVALUE BEYOND CUTOFF FOR MODE   14
  TRIAL EIGENVALUE BEYOND CUTOFF FOR MODE   17
  TRIAL EIGENVALUE BEYOND CUTOFF FOR MODE   15
  TRIAL EIGENVALUE BEYOND CUTOFF FOR MODE   18
  TRIAL EIGENVALUE BEYOND CUTOFF FOR MODE   19
  TRIAL EIGENVALUE BEYOND CUTOFF FOR MODE   21
  TRIAL EIGENVALUE BEYOND CUTOFF FOR MODE   14
  TRIAL EIGENVALUE BEYOND CUTOFF FOR MODE   18
  TRIAL EIGENVALUE BEYOND CUTOFF FOR MODE   17
  TRIAL EIGENVALUE BEYOND CUTOFF FOR MODE   17
  TRIAL EIGENVALUE BEYOND CUTOFF FOR MODE   13
  TRIAL EIGENVALUE BEYOND CUTOFF FOR MODE   17
  TRIAL EIGENVALUE BEYOND CUTOFF FOR MODE   19
  TRIAL EIGENVALUE BEYOND CUTOFF FOR MODE   17
  TRIAL EIGENVALUE BEYOND CUTOFF FOR MODE   18
  TRIAL EIGENVALUE BEYOND CUTOFF FOR MODE   19
  TRIAL EIGENVALUE BEYOND CUTOFF FOR MODE   22
  TRIAL EIGENVALUE BEYOND CUTOFF FOR MODE   24
  TRIAL EIGENVALUE BEYOND CUTOFF FOR MODE   14
  TRIAL EIGENVALUE BEYOND CUTOFF FOR MODE   14
  TRIAL EIGENVALUE BEYOND CUTOFF FOR MODE   22
  TRIAL EIGENVALUE BEYOND CUTOFF FOR MODE   14
  TRIAL EIGENVALUE BEYOND CUTOFF FOR MODE   23
  TRIAL EIGENVALUE BEYOND CUTOFF FOR MODE   24
  TRIAL EIGENVALUE BEYOND CUTOFF FOR MODE   18
  TRIAL EIGENVALUE BEYOND CUTOFF FOR MODE   23
  TRIAL EIGENVALUE BEYOND CUTOFF FOR MODE   14
  TRIAL EIGENVALUE BEYOND CUTOFF FOR MODE   25
  TRIAL EIGENVALUE BEYOND CUTOFF FOR MODE   23
  TRIAL EIGENVALUE BEYOND CUTOFF FOR MODE   23
  TRIAL EIGENVALUE BEYOND CUTOFF FOR MODE   23
  TRIAL EIGENVALUE BEYOND CUTOFF FOR MODE   23
  TRIAL EIGENVALUE BEYOND CUTOFF FOR MODE   14
  TRIAL EIGENVALUE BEYOND CUTOFF FOR MODE   23
  TRIAL EIGENVALUE BEYOND CUTOFF FOR MODE   14
  TRIAL EIGENVALUE BEYOND CUTOFF FOR MODE   22
  TRIAL EIGENVALUE BEYOND CUTOFF FOR MODE   22
  TRIAL EIGENVALUE BEYOND CUTOFF FOR MODE   22
 retuned point   8776.611       66.98489       111.9097     -0.6275191    
   98.11611       1463.108       31.03051       30.05465       15.79935    
  5.8729768E-02
 retuned value  0.1963624    
  TRIAL EIGENVALUE BEYOND CUTOFF FOR MODE   15
  TRIAL EIGENVALUE BEYOND CUTOFF FOR MODE   15
  TRIAL EIGENVALUE BEYOND CUTOFF FOR MODE   15
 retuned point   7190.833       68.50955       117.0844     -0.7136126    
   103.4838       1462.201       17.84613       41.42435       30.07985    
  0.1161437    
 retuned value  0.2245426    
  TRIAL EIGENVALUE BEYOND CUTOFF FOR MODE   20
  TRIAL EIGENVALUE BEYOND CUTOFF FOR MODE   19
  TRIAL EIGENVALUE BEYOND CUTOFF FOR MODE   21
  TRIAL EIGENVALUE BEYOND CUTOFF FOR MODE   16
  TRIAL EIGENVALUE BEYOND CUTOFF FOR MODE   13
  TRIAL EIGENVALUE BEYOND CUTOFF FOR MODE   22
  TRIAL EIGENVALUE BEYOND CUTOFF FOR MODE   19
  TRIAL EIGENVALUE BEYOND CUTOFF FOR MODE   20
  TRIAL EIGENVALUE BEYOND CUTOFF FOR MODE   19
  TRIAL EIGENVALUE BEYOND CUTOFF FOR MODE   19
  TRIAL EIGENVALUE BEYOND CUTOFF FOR MODE   12
  TRIAL EIGENVALUE BEYOND CUTOFF FOR MODE   12
  TRIAL EIGENVALUE BEYOND CUTOFF FOR MODE   13
  TRIAL EIGENVALUE BEYOND CUTOFF FOR MODE   21
  TRIAL EIGENVALUE BEYOND CUTOFF FOR MODE   16
  TRIAL EIGENVALUE BEYOND CUTOFF FOR MODE   21
  TRIAL EIGENVALUE BEYOND CUTOFF FOR MODE   24
  TRIAL EIGENVALUE BEYOND CUTOFF FOR MODE   18
  TRIAL EIGENVALUE BEYOND CUTOFF FOR MODE   20
  TRIAL EIGENVALUE BEYOND CUTOFF FOR MODE   20
  TRIAL EIGENVALUE BEYOND CUTOFF FOR MODE   12
  TRIAL EIGENVALUE BEYOND CUTOFF FOR MODE   15
  TRIAL EIGENVALUE BEYOND CUTOFF FOR MODE   14
  TRIAL EIGENVALUE BEYOND CUTOFF FOR MODE   20
  TRIAL EIGENVALUE BEYOND CUTOFF FOR MODE   12
  TRIAL EIGENVALUE BEYOND CUTOFF FOR MODE   21
  TRIAL EIGENVALUE BEYOND CUTOFF FOR MODE   21
  TRIAL EIGENVALUE BEYOND CUTOFF FOR MODE   17
  TRIAL EIGENVALUE BEYOND CUTOFF FOR MODE   15
  TRIAL EIGENVALUE BEYOND CUTOFF FOR MODE   12
  TRIAL EIGENVALUE BEYOND CUTOFF FOR MODE   20
  TRIAL EIGENVALUE BEYOND CUTOFF FOR MODE   20
  TRIAL EIGENVALUE BEYOND CUTOFF FOR MODE   20
  TRIAL EIGENVALUE BEYOND CUTOFF FOR MODE   19
  TRIAL EIGENVALUE BEYOND CUTOFF FOR MODE   14
  TRIAL EIGENVALUE BEYOND CUTOFF FOR MODE   14
  TRIAL EIGENVALUE BEYOND CUTOFF FOR MODE   14
  TRIAL EIGENVALUE BEYOND CUTOFF FOR MODE   14
  TRIAL EIGENVALUE BEYOND CUTOFF FOR MODE   14
  TRIAL EIGENVALUE BEYOND CUTOFF FOR MODE   14
  TRIAL EIGENVALUE BEYOND CUTOFF FOR MODE   14
  TRIAL EIGENVALUE BEYOND CUTOFF FOR MODE   14
  TRIAL EIGENVALUE BEYOND CUTOFF FOR MODE   14
  TRIAL EIGENVALUE BEYOND CUTOFF FOR MODE   14
  TRIAL EIGENVALUE BEYOND CUTOFF FOR MODE   14
  TRIAL EIGENVALUE BEYOND CUTOFF FOR MODE   14
  TRIAL EIGENVALUE BEYOND CUTOFF FOR MODE   14
  TRIAL EIGENVALUE BEYOND CUTOFF FOR MODE   14
  TRIAL EIGENVALUE BEYOND CUTOFF FOR MODE   14
  TRIAL EIGENVALUE BEYOND CUTOFF FOR MODE   14
  TRIAL EIGENVALUE BEYOND CUTOFF FOR MODE   22
  TRIAL EIGENVALUE BEYOND CUTOFF FOR MODE   22
 retuned point   9167.441       68.05770       117.7254      -1.303105    
   96.01987       1470.858       40.36493       25.64415       33.98624    
  0.1922046    
 retuned value  0.2545438    
  TRIAL EIGENVALUE BEYOND CUTOFF FOR MODE   22
  TRIAL EIGENVALUE BEYOND CUTOFF FOR MODE   22
 retuned point   9345.906       68.47684       115.1727     -0.7385650    
   100.5223       1469.610       22.14095       28.17368       20.70705    
  5.8930747E-02
 retuned value  0.2078885    
  TRIAL EIGENVALUE BEYOND CUTOFF FOR MODE   19
  TRIAL EIGENVALUE BEYOND CUTOFF FOR MODE   13
  TRIAL EIGENVALUE BEYOND CUTOFF FOR MODE   16
  TRIAL EIGENVALUE BEYOND CUTOFF FOR MODE   19
  TRIAL EIGENVALUE BEYOND CUTOFF FOR MODE   24
  TRIAL EIGENVALUE BEYOND CUTOFF FOR MODE   13
  TRIAL EIGENVALUE BEYOND CUTOFF FOR MODE   24
  TRIAL EIGENVALUE BEYOND CUTOFF FOR MODE   12
  TRIAL EIGENVALUE BEYOND CUTOFF FOR MODE   25
  TRIAL EIGENVALUE BEYOND CUTOFF FOR MODE   13
  TRIAL EIGENVALUE BEYOND CUTOFF FOR MODE   15
  TRIAL EIGENVALUE BEYOND CUTOFF FOR MODE   13
  TRIAL EIGENVALUE BEYOND CUTOFF FOR MODE   13
  TRIAL EIGENVALUE BEYOND CUTOFF FOR MODE   20
  TRIAL EIGENVALUE BEYOND CUTOFF FOR MODE   12
  TRIAL EIGENVALUE BEYOND CUTOFF FOR MODE   12
  TRIAL EIGENVALUE BEYOND CUTOFF FOR MODE   23
  TRIAL EIGENVALUE BEYOND CUTOFF FOR MODE   19
  TRIAL EIGENVALUE BEYOND CUTOFF FOR MODE   22
  TRIAL EIGENVALUE BEYOND CUTOFF FOR MODE   25
  TRIAL EIGENVALUE BEYOND CUTOFF FOR MODE   23
  TRIAL EIGENVALUE BEYOND CUTOFF FOR MODE   15
  TRIAL EIGENVALUE BEYOND CUTOFF FOR MODE   18
  TRIAL EIGENVALUE BEYOND CUTOFF FOR MODE   25
  TRIAL EIGENVALUE BEYOND CUTOFF FOR MODE   22
  TRIAL EIGENVALUE BEYOND CUTOFF FOR MODE   19
  TRIAL EIGENVALUE BEYOND CUTOFF FOR MODE   19
  TRIAL EIGENVALUE BEYOND CUTOFF FOR MODE   21
  TRIAL EIGENVALUE BEYOND CUTOFF FOR MODE   13
  TRIAL EIGENVALUE BEYOND CUTOFF FOR MODE   19
  TRIAL EIGENVALUE BEYOND CUTOFF FOR MODE   13
  TRIAL EIGENVALUE BEYOND CUTOFF FOR MODE   15
  TRIAL EIGENVALUE BEYOND CUTOFF FOR MODE   15
  TRIAL EIGENVALUE BEYOND CUTOFF FOR MODE   16
  TRIAL EIGENVALUE BEYOND CUTOFF FOR MODE   16
  TRIAL EIGENVALUE BEYOND CUTOFF FOR MODE   12
  TRIAL EIGENVALUE BEYOND CUTOFF FOR MODE   13
  TRIAL EIGENVALUE BEYOND CUTOFF FOR MODE   12
  TRIAL EIGENVALUE BEYOND CUTOFF FOR MODE   13
  TRIAL EIGENVALUE BEYOND CUTOFF FOR MODE   12
  TRIAL EIGENVALUE BEYOND CUTOFF FOR MODE   16
  TRIAL EIGENVALUE BEYOND CUTOFF FOR MODE   23
  TRIAL EIGENVALUE BEYOND CUTOFF FOR MODE   15
  TRIAL EIGENVALUE BEYOND CUTOFF FOR MODE   22
  TRIAL EIGENVALUE BEYOND CUTOFF FOR MODE   17
  TRIAL EIGENVALUE BEYOND CUTOFF FOR MODE   16
  TRIAL EIGENVALUE BEYOND CUTOFF FOR MODE   24
  TRIAL EIGENVALUE BEYOND CUTOFF FOR MODE   20
  TRIAL EIGENVALUE BEYOND CUTOFF FOR MODE   25
 retuned point   8605.203       66.05228       110.9055     -0.5427060    
   96.36987       1470.021       26.94024       26.57442       19.73056    
  7.2556384E-02
 retuned value  0.2043322    
 retuned point   9016.085       68.41057       115.9219      -1.212047    
   96.19064       1464.424       42.51607       22.90866       29.07088    
  0.1125381    
 retuned value  0.2442077    
  Population          10
  TRIAL EIGENVALUE BEYOND CUTOFF FOR MODE   19
  TRIAL EIGENVALUE BEYOND CUTOFF FOR MODE   16
  TRIAL EIGENVALUE BEYOND CUTOFF FOR MODE   21
  TRIAL EIGENVALUE BEYOND CUTOFF FOR MODE   14
  TRIAL EIGENVALUE BEYOND CUTOFF FOR MODE   25
  TRIAL EIGENVALUE BEYOND CUTOFF FOR MODE   25
  TRIAL EIGENVALUE BEYOND CUTOFF FOR MODE   16
  TRIAL EIGENVALUE BEYOND CUTOFF FOR MODE   20
  TRIAL EIGENVALUE BEYOND CUTOFF FOR MODE   25
  TRIAL EIGENVALUE BEYOND CUTOFF FOR MODE   24
  TRIAL EIGENVALUE BEYOND CUTOFF FOR MODE   16
  TRIAL EIGENVALUE BEYOND CUTOFF FOR MODE   19
  TRIAL EIGENVALUE BEYOND CUTOFF FOR MODE   15
  TRIAL EIGENVALUE BEYOND CUTOFF FOR MODE   24
  TRIAL EIGENVALUE BEYOND CUTOFF FOR MODE   17
  TRIAL EIGENVALUE BEYOND CUTOFF FOR MODE   19
  TRIAL EIGENVALUE BEYOND CUTOFF FOR MODE   18
  TRIAL EIGENVALUE BEYOND CUTOFF FOR MODE   20
  TRIAL EIGENVALUE BEYOND CUTOFF FOR MODE   20
  TRIAL EIGENVALUE BEYOND CUTOFF FOR MODE   18
  TRIAL EIGENVALUE BEYOND CUTOFF FOR MODE   23
  TRIAL EIGENVALUE BEYOND CUTOFF FOR MODE   14
  TRIAL EIGENVALUE BEYOND CUTOFF FOR MODE   13
  TRIAL EIGENVALUE BEYOND CUTOFF FOR MODE   14
  TRIAL EIGENVALUE BEYOND CUTOFF FOR MODE   25
  TRIAL EIGENVALUE BEYOND CUTOFF FOR MODE   15
  TRIAL EIGENVALUE BEYOND CUTOFF FOR MODE   19
  TRIAL EIGENVALUE BEYOND CUTOFF FOR MODE   24
  TRIAL EIGENVALUE BEYOND CUTOFF FOR MODE   18
  TRIAL EIGENVALUE BEYOND CUTOFF FOR MODE   25
  TRIAL EIGENVALUE BEYOND CUTOFF FOR MODE   25
  TRIAL EIGENVALUE BEYOND CUTOFF FOR MODE   19
  TRIAL EIGENVALUE BEYOND CUTOFF FOR MODE   18
  TRIAL EIGENVALUE BEYOND CUTOFF FOR MODE   12
  TRIAL EIGENVALUE BEYOND CUTOFF FOR MODE   25
  TRIAL EIGENVALUE BEYOND CUTOFF FOR MODE   23
  TRIAL EIGENVALUE BEYOND CUTOFF FOR MODE   24
  TRIAL EIGENVALUE BEYOND CUTOFF FOR MODE   15
  TRIAL EIGENVALUE BEYOND CUTOFF FOR MODE   19
  TRIAL EIGENVALUE BEYOND CUTOFF FOR MODE   18
  TRIAL EIGENVALUE BEYOND CUTOFF FOR MODE   22
  TRIAL EIGENVALUE BEYOND CUTOFF FOR MODE   22
  TRIAL EIGENVALUE BEYOND CUTOFF FOR MODE   22
  TRIAL EIGENVALUE BEYOND CUTOFF FOR MODE   22
 retuned point   8918.872       67.45300       113.3744     -0.5972242    
   97.54380       1468.767       29.10500       24.93281       18.23602    
  6.5011002E-02
 retuned value  0.2029838    
  TRIAL EIGENVALUE BEYOND CUTOFF FOR MODE   23
  TRIAL EIGENVALUE BEYOND CUTOFF FOR MODE   23
  TRIAL EIGENVALUE BEYOND CUTOFF FOR MODE   23
  TRIAL EIGENVALUE BEYOND CUTOFF FOR MODE   23
 retuned point   8765.706       66.39336       112.2236     -0.5410712    
   97.47819       1468.811       28.41726       25.56132       30.53604    
  8.1775852E-02
 retuned value  0.2136113    
  TRIAL EIGENVALUE BEYOND CUTOFF FOR MODE   17
  TRIAL EIGENVALUE BEYOND CUTOFF FOR MODE   18
  TRIAL EIGENVALUE BEYOND CUTOFF FOR MODE   12
  TRIAL EIGENVALUE BEYOND CUTOFF FOR MODE   13
  TRIAL EIGENVALUE BEYOND CUTOFF FOR MODE   16
  TRIAL EIGENVALUE BEYOND CUTOFF FOR MODE   15
  TRIAL EIGENVALUE BEYOND CUTOFF FOR MODE   15
  TRIAL EIGENVALUE BEYOND CUTOFF FOR MODE   23
  TRIAL EIGENVALUE BEYOND CUTOFF FOR MODE   20
  TRIAL EIGENVALUE BEYOND CUTOFF FOR MODE   16
  TRIAL EIGENVALUE BEYOND CUTOFF FOR MODE   20
  TRIAL EIGENVALUE BEYOND CUTOFF FOR MODE   25
  TRIAL EIGENVALUE BEYOND CUTOFF FOR MODE   22
  TRIAL EIGENVALUE BEYOND CUTOFF FOR MODE   18
  TRIAL EIGENVALUE BEYOND CUTOFF FOR MODE   13
  TRIAL EIGENVALUE BEYOND CUTOFF FOR MODE   20
  TRIAL EIGENVALUE BEYOND CUTOFF FOR MODE   21
  TRIAL EIGENVALUE BEYOND CUTOFF FOR MODE   16
  TRIAL EIGENVALUE BEYOND CUTOFF FOR MODE   10
  TRIAL EIGENVALUE BEYOND CUTOFF FOR MODE   24
  TRIAL EIGENVALUE BEYOND CUTOFF FOR MODE   25
  TRIAL EIGENVALUE BEYOND CUTOFF FOR MODE   19
  TRIAL EIGENVALUE BEYOND CUTOFF FOR MODE   21
  TRIAL EIGENVALUE BEYOND CUTOFF FOR MODE   16
  TRIAL EIGENVALUE BEYOND CUTOFF FOR MODE   25
  TRIAL EIGENVALUE BEYOND CUTOFF FOR MODE   24
  TRIAL EIGENVALUE BEYOND CUTOFF FOR MODE   25
  TRIAL EIGENVALUE BEYOND CUTOFF FOR MODE   18
  TRIAL EIGENVALUE BEYOND CUTOFF FOR MODE   25
  TRIAL EIGENVALUE BEYOND CUTOFF FOR MODE   25
  TRIAL EIGENVALUE BEYOND CUTOFF FOR MODE   24
  TRIAL EIGENVALUE BEYOND CUTOFF FOR MODE   12
  TRIAL EIGENVALUE BEYOND CUTOFF FOR MODE   18
  TRIAL EIGENVALUE BEYOND CUTOFF FOR MODE   25
  TRIAL EIGENVALUE BEYOND CUTOFF FOR MODE   17
  TRIAL EIGENVALUE BEYOND CUTOFF FOR MODE   12
  TRIAL EIGENVALUE BEYOND CUTOFF FOR MODE   12
  TRIAL EIGENVALUE BEYOND CUTOFF FOR MODE   18
  TRIAL EIGENVALUE BEYOND CUTOFF FOR MODE   18
  TRIAL EIGENVALUE BEYOND CUTOFF FOR MODE   14
  TRIAL EIGENVALUE BEYOND CUTOFF FOR MODE   18
  TRIAL EIGENVALUE BEYOND CUTOFF FOR MODE   13
  TRIAL EIGENVALUE BEYOND CUTOFF FOR MODE   12
  TRIAL EIGENVALUE BEYOND CUTOFF FOR MODE   15
  TRIAL EIGENVALUE BEYOND CUTOFF FOR MODE   12
  TRIAL EIGENVALUE BEYOND CUTOFF FOR MODE   21
  TRIAL EIGENVALUE BEYOND CUTOFF FOR MODE   12
  TRIAL EIGENVALUE BEYOND CUTOFF FOR MODE   15
  TRIAL EIGENVALUE BEYOND CUTOFF FOR MODE   18
  TRIAL EIGENVALUE BEYOND CUTOFF FOR MODE   12
  TRIAL EIGENVALUE BEYOND CUTOFF FOR MODE   14
  TRIAL EIGENVALUE BEYOND CUTOFF FOR MODE   14
  TRIAL EIGENVALUE BEYOND CUTOFF FOR MODE   22
  TRIAL EIGENVALUE BEYOND CUTOFF FOR MODE   22
  TRIAL EIGENVALUE BEYOND CUTOFF FOR MODE   13
  TRIAL EIGENVALUE BEYOND CUTOFF FOR MODE   13
  TRIAL EIGENVALUE BEYOND CUTOFF FOR MODE   13
 retuned point   9243.756       67.51890       116.2110     -0.9999847    
   96.02674       1474.519       29.97655       15.68285       17.18564    
  7.6664820E-02
 retuned value  0.2212694    
 retuned point   8658.941       66.03281       110.0218     -0.6843524    
   97.25338       1468.964       21.88575       31.59901       10.43427    
  6.9214083E-02
 retuned value  0.2049376    
  TRIAL EIGENVALUE BEYOND CUTOFF FOR MODE   22
  TRIAL EIGENVALUE BEYOND CUTOFF FOR MODE   13
  TRIAL EIGENVALUE BEYOND CUTOFF FOR MODE   20
  TRIAL EIGENVALUE BEYOND CUTOFF FOR MODE   18
  TRIAL EIGENVALUE BEYOND CUTOFF FOR MODE   22
  TRIAL EIGENVALUE BEYOND CUTOFF FOR MODE   25
  TRIAL EIGENVALUE BEYOND CUTOFF FOR MODE   14
  TRIAL EIGENVALUE BEYOND CUTOFF FOR MODE   21
  TRIAL EIGENVALUE BEYOND CUTOFF FOR MODE   25
  TRIAL EIGENVALUE BEYOND CUTOFF FOR MODE   16
  TRIAL EIGENVALUE BEYOND CUTOFF FOR MODE   20
  TRIAL EIGENVALUE BEYOND CUTOFF FOR MODE   20
  TRIAL EIGENVALUE BEYOND CUTOFF FOR MODE   18
  TRIAL EIGENVALUE BEYOND CUTOFF FOR MODE   17
  TRIAL EIGENVALUE BEYOND CUTOFF FOR MODE   13
  TRIAL EIGENVALUE BEYOND CUTOFF FOR MODE   20
  TRIAL EIGENVALUE BEYOND CUTOFF FOR MODE   14
  TRIAL EIGENVALUE BEYOND CUTOFF FOR MODE   25
  TRIAL EIGENVALUE BEYOND CUTOFF FOR MODE   16
  TRIAL EIGENVALUE BEYOND CUTOFF FOR MODE   20
  TRIAL EIGENVALUE BEYOND CUTOFF FOR MODE   25
  TRIAL EIGENVALUE BEYOND CUTOFF FOR MODE   21
  TRIAL EIGENVALUE BEYOND CUTOFF FOR MODE   14
  TRIAL EIGENVALUE BEYOND CUTOFF FOR MODE   16
  TRIAL EIGENVALUE BEYOND CUTOFF FOR MODE   18
  TRIAL EIGENVALUE BEYOND CUTOFF FOR MODE   17
  TRIAL EIGENVALUE BEYOND CUTOFF FOR MODE   20
  TRIAL EIGENVALUE BEYOND CUTOFF FOR MODE   20
  TRIAL EIGENVALUE BEYOND CUTOFF FOR MODE   22
  TRIAL EIGENVALUE BEYOND CUTOFF FOR MODE   16
  TRIAL EIGENVALUE BEYOND CUTOFF FOR MODE   17
  TRIAL EIGENVALUE BEYOND CUTOFF FOR MODE   13
  TRIAL EIGENVALUE BEYOND CUTOFF FOR MODE   25
  TRIAL EIGENVALUE BEYOND CUTOFF FOR MODE   13
  TRIAL EIGENVALUE BEYOND CUTOFF FOR MODE   13
  TRIAL EIGENVALUE BEYOND CUTOFF FOR MODE   25
  TRIAL EIGENVALUE BEYOND CUTOFF FOR MODE   16
  TRIAL EIGENVALUE BEYOND CUTOFF FOR MODE   19
  TRIAL EIGENVALUE BEYOND CUTOFF FOR MODE   16
  TRIAL EIGENVALUE BEYOND CUTOFF FOR MODE   25
  TRIAL EIGENVALUE BEYOND CUTOFF FOR MODE   23
  TRIAL EIGENVALUE BEYOND CUTOFF FOR MODE   19
  TRIAL EIGENVALUE BEYOND CUTOFF FOR MODE   21
  TRIAL EIGENVALUE BEYOND CUTOFF FOR MODE   19
  TRIAL EIGENVALUE BEYOND CUTOFF FOR MODE   11
 retuned point   9467.147       70.03806       116.3399     -0.8982396    
   100.2268       1465.969       27.23221       27.86356       10.74566    
  5.2190289E-02
 retuned value  0.2027316    
 retuned point   8995.240       66.78078       115.6487      -1.080124    
   96.03633       1484.046       16.06731       44.18045       39.91722    
  0.2114183    
 retuned value  0.2506023    
  TRIAL EIGENVALUE BEYOND CUTOFF FOR MODE   13
  TRIAL EIGENVALUE BEYOND CUTOFF FOR MODE   11
  TRIAL EIGENVALUE BEYOND CUTOFF FOR MODE   19
  TRIAL EIGENVALUE BEYOND CUTOFF FOR MODE   22
  TRIAL EIGENVALUE BEYOND CUTOFF FOR MODE   13
  TRIAL EIGENVALUE BEYOND CUTOFF FOR MODE   20
  TRIAL EIGENVALUE BEYOND CUTOFF FOR MODE   21
  TRIAL EIGENVALUE BEYOND CUTOFF FOR MODE   17
  TRIAL EIGENVALUE BEYOND CUTOFF FOR MODE   13
  TRIAL EIGENVALUE BEYOND CUTOFF FOR MODE   21
  TRIAL EIGENVALUE BEYOND CUTOFF FOR MODE   22
  TRIAL EIGENVALUE BEYOND CUTOFF FOR MODE   21
  TRIAL EIGENVALUE BEYOND CUTOFF FOR MODE   21
  TRIAL EIGENVALUE BEYOND CUTOFF FOR MODE   17
  TRIAL EIGENVALUE BEYOND CUTOFF FOR MODE   14
  TRIAL EIGENVALUE BEYOND CUTOFF FOR MODE   14
  TRIAL EIGENVALUE BEYOND CUTOFF FOR MODE   25
  TRIAL EIGENVALUE BEYOND CUTOFF FOR MODE   20
  TRIAL EIGENVALUE BEYOND CUTOFF FOR MODE   13
  TRIAL EIGENVALUE BEYOND CUTOFF FOR MODE   15
  TRIAL EIGENVALUE BEYOND CUTOFF FOR MODE   14
  TRIAL EIGENVALUE BEYOND CUTOFF FOR MODE   23
  TRIAL EIGENVALUE BEYOND CUTOFF FOR MODE   12
  TRIAL EIGENVALUE BEYOND CUTOFF FOR MODE   14
  TRIAL EIGENVALUE BEYOND CUTOFF FOR MODE   23
  TRIAL EIGENVALUE BEYOND CUTOFF FOR MODE   20
  TRIAL EIGENVALUE BEYOND CUTOFF FOR MODE   14
  TRIAL EIGENVALUE BEYOND CUTOFF FOR MODE   24
  TRIAL EIGENVALUE BEYOND CUTOFF FOR MODE   14
  TRIAL EIGENVALUE BEYOND CUTOFF FOR MODE   15
  TRIAL EIGENVALUE BEYOND CUTOFF FOR MODE   14
  TRIAL EIGENVALUE BEYOND CUTOFF FOR MODE   16
  TRIAL EIGENVALUE BEYOND CUTOFF FOR MODE   21
  TRIAL EIGENVALUE BEYOND CUTOFF FOR MODE   14
  TRIAL EIGENVALUE BEYOND CUTOFF FOR MODE   23
  TRIAL EIGENVALUE BEYOND CUTOFF FOR MODE   18
  TRIAL EIGENVALUE BEYOND CUTOFF FOR MODE   17
 retuned point   8803.117       67.09153       112.5461     -0.6975358    
   96.63528       1467.995       31.43266       21.71487       22.68283    
  7.1775854E-02
 retuned value  0.2038247    
 retuned point   9241.315       68.91855       116.6783      -1.118391    
   96.32369       1461.050       46.26490       13.58818       14.60020    
  6.7253128E-02
 retuned value  0.2190246    
  TRIAL EIGENVALUE BEYOND CUTOFF FOR MODE   21
  TRIAL EIGENVALUE BEYOND CUTOFF FOR MODE   24
  TRIAL EIGENVALUE BEYOND CUTOFF FOR MODE   18
  TRIAL EIGENVALUE BEYOND CUTOFF FOR MODE   21
  TRIAL EIGENVALUE BEYOND CUTOFF FOR MODE   12
  TRIAL EIGENVALUE BEYOND CUTOFF FOR MODE   12
  TRIAL EIGENVALUE BEYOND CUTOFF FOR MODE   23
  TRIAL EIGENVALUE BEYOND CUTOFF FOR MODE   25
  TRIAL EIGENVALUE BEYOND CUTOFF FOR MODE   19
  TRIAL EIGENVALUE BEYOND CUTOFF FOR MODE   25
  TRIAL EIGENVALUE BEYOND CUTOFF FOR MODE   25
  TRIAL EIGENVALUE BEYOND CUTOFF FOR MODE   20
  TRIAL EIGENVALUE BEYOND CUTOFF FOR MODE   16
  TRIAL EIGENVALUE BEYOND CUTOFF FOR MODE   24
  TRIAL EIGENVALUE BEYOND CUTOFF FOR MODE   13
  TRIAL EIGENVALUE BEYOND CUTOFF FOR MODE   13
  TRIAL EIGENVALUE BEYOND CUTOFF FOR MODE   13
  TRIAL EIGENVALUE BEYOND CUTOFF FOR MODE   12
  TRIAL EIGENVALUE BEYOND CUTOFF FOR MODE   12
  TRIAL EIGENVALUE BEYOND CUTOFF FOR MODE   21
  TRIAL EIGENVALUE BEYOND CUTOFF FOR MODE   21
  TRIAL EIGENVALUE BEYOND CUTOFF FOR MODE   19
  TRIAL EIGENVALUE BEYOND CUTOFF FOR MODE   20
  TRIAL EIGENVALUE BEYOND CUTOFF FOR MODE   14
  TRIAL EIGENVALUE BEYOND CUTOFF FOR MODE   17
  TRIAL EIGENVALUE BEYOND CUTOFF FOR MODE   16
  TRIAL EIGENVALUE BEYOND CUTOFF FOR MODE   14
  TRIAL EIGENVALUE BEYOND CUTOFF FOR MODE   23
  TRIAL EIGENVALUE BEYOND CUTOFF FOR MODE   19
  TRIAL EIGENVALUE BEYOND CUTOFF FOR MODE   16
  TRIAL EIGENVALUE BEYOND CUTOFF FOR MODE   13
  TRIAL EIGENVALUE BEYOND CUTOFF FOR MODE   24
  TRIAL EIGENVALUE BEYOND CUTOFF FOR MODE   24
  TRIAL EIGENVALUE BEYOND CUTOFF FOR MODE   19
  TRIAL EIGENVALUE BEYOND CUTOFF FOR MODE   15
  TRIAL EIGENVALUE BEYOND CUTOFF FOR MODE   15
  TRIAL EIGENVALUE BEYOND CUTOFF FOR MODE   15
 retuned point   8959.888       67.79911       112.0350     -0.7369740    
   98.47073       1476.251       11.11400       35.19890       18.32987    
  6.5914206E-02
 retuned value  0.2053913    
 retuned point   8946.697       69.10692       113.1945      -1.361841    
   96.96969       1460.113       27.51063       46.25554       24.75003    
  8.6460188E-02
 retuned value  0.2233991    
  Population          20
  TRIAL EIGENVALUE BEYOND CUTOFF FOR MODE   13
  TRIAL EIGENVALUE BEYOND CUTOFF FOR MODE   13
  TRIAL EIGENVALUE BEYOND CUTOFF FOR MODE   20
  TRIAL EIGENVALUE BEYOND CUTOFF FOR MODE   17
  TRIAL EIGENVALUE BEYOND CUTOFF FOR MODE   16
  TRIAL EIGENVALUE BEYOND CUTOFF FOR MODE   16
  TRIAL EIGENVALUE BEYOND CUTOFF FOR MODE   25
  TRIAL EIGENVALUE BEYOND CUTOFF FOR MODE   21
  TRIAL EIGENVALUE BEYOND CUTOFF FOR MODE   20
  TRIAL EIGENVALUE BEYOND CUTOFF FOR MODE   25
  TRIAL EIGENVALUE BEYOND CUTOFF FOR MODE   13
  TRIAL EIGENVALUE BEYOND CUTOFF FOR MODE   14
  TRIAL EIGENVALUE BEYOND CUTOFF FOR MODE   25
  TRIAL EIGENVALUE BEYOND CUTOFF FOR MODE   15
  TRIAL EIGENVALUE BEYOND CUTOFF FOR MODE   21
  TRIAL EIGENVALUE BEYOND CUTOFF FOR MODE   18
  TRIAL EIGENVALUE BEYOND CUTOFF FOR MODE   25
  TRIAL EIGENVALUE BEYOND CUTOFF FOR MODE   20
  TRIAL EIGENVALUE BEYOND CUTOFF FOR MODE   12
  TRIAL EIGENVALUE BEYOND CUTOFF FOR MODE   20
  TRIAL EIGENVALUE BEYOND CUTOFF FOR MODE   19
  TRIAL EIGENVALUE BEYOND CUTOFF FOR MODE   15
  TRIAL EIGENVALUE BEYOND CUTOFF FOR MODE   18
  TRIAL EIGENVALUE BEYOND CUTOFF FOR MODE   14
  TRIAL EIGENVALUE BEYOND CUTOFF FOR MODE   24
  TRIAL EIGENVALUE BEYOND CUTOFF FOR MODE   17
  TRIAL EIGENVALUE BEYOND CUTOFF FOR MODE   12
  TRIAL EIGENVALUE BEYOND CUTOFF FOR MODE   14
  TRIAL EIGENVALUE BEYOND CUTOFF FOR MODE   20
  TRIAL EIGENVALUE BEYOND CUTOFF FOR MODE   14
  TRIAL EIGENVALUE BEYOND CUTOFF FOR MODE   17
  TRIAL EIGENVALUE BEYOND CUTOFF FOR MODE   20
  TRIAL EIGENVALUE BEYOND CUTOFF FOR MODE   20
  TRIAL EIGENVALUE BEYOND CUTOFF FOR MODE   20
  TRIAL EIGENVALUE BEYOND CUTOFF FOR MODE   17
  TRIAL EIGENVALUE BEYOND CUTOFF FOR MODE   19
  TRIAL EIGENVALUE BEYOND CUTOFF FOR MODE   20
  TRIAL EIGENVALUE BEYOND CUTOFF FOR MODE   20
  TRIAL EIGENVALUE BEYOND CUTOFF FOR MODE   25
  TRIAL EIGENVALUE BEYOND CUTOFF FOR MODE   13
  TRIAL EIGENVALUE BEYOND CUTOFF FOR MODE   21
  TRIAL EIGENVALUE BEYOND CUTOFF FOR MODE   21
  TRIAL EIGENVALUE BEYOND CUTOFF FOR MODE   14
  TRIAL EIGENVALUE BEYOND CUTOFF FOR MODE   23
  TRIAL EIGENVALUE BEYOND CUTOFF FOR MODE   19
  TRIAL EIGENVALUE BEYOND CUTOFF FOR MODE   11
  TRIAL EIGENVALUE BEYOND CUTOFF FOR MODE   18
  TRIAL EIGENVALUE BEYOND CUTOFF FOR MODE   17
  TRIAL EIGENVALUE BEYOND CUTOFF FOR MODE   24
  TRIAL EIGENVALUE BEYOND CUTOFF FOR MODE   13
  TRIAL EIGENVALUE BEYOND CUTOFF FOR MODE   12
  TRIAL EIGENVALUE BEYOND CUTOFF FOR MODE   11
  TRIAL EIGENVALUE BEYOND CUTOFF FOR MODE   17
  TRIAL EIGENVALUE BEYOND CUTOFF FOR MODE   21
  TRIAL EIGENVALUE BEYOND CUTOFF FOR MODE   21
  TRIAL EIGENVALUE BEYOND CUTOFF FOR MODE   21
  TRIAL EIGENVALUE BEYOND CUTOFF FOR MODE   21
  TRIAL EIGENVALUE BEYOND CUTOFF FOR MODE   21
  TRIAL EIGENVALUE BEYOND CUTOFF FOR MODE   21
  TRIAL EIGENVALUE BEYOND CUTOFF FOR MODE   21
  TRIAL EIGENVALUE BEYOND CUTOFF FOR MODE   21
  TRIAL EIGENVALUE BEYOND CUTOFF FOR MODE   21
  TRIAL EIGENVALUE BEYOND CUTOFF FOR MODE   21
  TRIAL EIGENVALUE BEYOND CUTOFF FOR MODE   11
  TRIAL EIGENVALUE BEYOND CUTOFF FOR MODE   21
  TRIAL EIGENVALUE BEYOND CUTOFF FOR MODE   21
  TRIAL EIGENVALUE BEYOND CUTOFF FOR MODE   21
  TRIAL EIGENVALUE BEYOND CUTOFF FOR MODE   21
 retuned point   9220.002       67.49942       117.4635      -1.242342    
   96.79484       1478.807       25.99911       31.09640       41.46910    
  0.2183345    
 retuned value  0.2567967    
  TRIAL EIGENVALUE BEYOND CUTOFF FOR MODE   21
 retuned point   9388.333       68.57607       116.9037     -0.9021878    
   98.54559       1468.616       32.50431       19.23112       10.12401    
  7.4039377E-02
 retuned value  0.2185071    
 
   best of all energy  0.2093163    
  best-of all      deviation  
   1  8952.756          -73.244
   2    67.913           -1.087
   3   111.890           -0.610
   4    -0.921           -0.921
   5    98.583           -0.417
   6  1474.803          -10.197
   7    10.945          -19.055
   8    37.402            7.402
   9    16.614          -13.386
  10     0.065            0.005
 local fit  0.1963624    
   1  8776.611         -249.389
   2    66.985           -2.015
   3   111.910           -0.590
   4    -0.628           -0.628
   5    98.116           -0.884
   6  1463.108          -21.892
   7    31.031            1.031
   8    30.055            0.055
   9    15.799          -14.201
  10     0.059           -0.001

 Forward  modelling calls:   47354
  ndep,rd,rdlow:           32   99.00000       37.00000    
 arrayshape:   0.0000000E+00  0.0000000E+00  0.0000000E+00  0.0000000E+00
  0.0000000E+00
  multistatic:  F
  tilt:  T
  mbeam:    F
  msource:  F
  iscale:             0
  xplane:             0
 Inversion, time:      618.940 secs.
