TPEM optimizing for the tri-linear profiles                                     
  W f e i p  E              ! options    
 Observed data written out to unit 30 
 Incoherent addition over frequencies
  inversion reading real data in VA-format
 plotting ppd on a full scale 
  plot of best model and the initial model
 Using EOF.... 
                    1 2 3 4 5 6 7 8 9 0 1 2 3 4 5 6 7 8 9
                    0 1 2 3 4 5 6 7 8 9 0
 Options:           2 3 0 0 4 0 1 0 0 1 0 1 0 1 0 0 1 0 0 0 1 0 0 0 0 0 0 0 0 6 0 0 0 0 0 0 0 0 0 0
 Options (norm):    0 0 0 0 0 0 0 0 0 0 0 0 0 0 0 0 0 0 0 0 0 0 0 0 0 0 0 0 0 0 0 0 0 0 0 0 0 0 0 0
 Options (isubopt): 0 0 0 0 0 0 0 0 0 0 0 0 0 0 0 0 0 0 0 0 0 0 0 0 0 0 0 0 0 0 0 0 0 0 0 0 0 0 0 0
  Number of forward modelling runs:       40000
 Tpem options:            0           0           0           0           0           0           0           0           0           0
options for TPEM 
                 ! tpem options                                                 
 rng1,rng2   90000.0000       90000.0000    

 The EOF are
       physparm layer  ... shape functions
   1   1  1  1    1.00  0.00  0.00  0.00  0.00
   2   1  2  1    1.00  0.00  0.12  0.00  0.00
   3   1  3  1    1.00 -1.00  0.12  0.00  0.00
   4   1  4  1    1.00 -1.00  0.00 -0.12  0.12
   5   2  2  1    0.00  0.00  1.00  0.00  0.00
   6   2  3  1    0.00  0.00  1.00  1.00  0.00
   7   2  4  1    0.00  0.00  0.00  0.00  1.00
  The starting values of the EOF amplitudes are:
    339.00     49.50    250.00     50.00    400.00


  parameters to be optimized:
                   physparm     layer  min.val  max.val   del.val   nbit  ndig
  1 Range (km)               9   1   1  50000.00 120000.00     68.43   10 1024
  2 Height (m)               6   1   1      1.00    100.00      0.10   10 1024
  3 Shape coefficient       11   2   1      1.00    100.00      0.10   10 1024
  4 Shape coefficient       11   3   1      1.00    400.00      0.39   10 1024
  5 Shape coefficient       11   4   1      1.00    100.00      0.10   10 1024
 Size of the search space: 10** 15.05

  Calling TPEM
  flagpu          -1
  Frequency    1000.00000    
  antenna height    50.0000000    
  antenna pattern            0
  antenna bwidth    30.0000000    
  antenna elevation    0.00000000    
  min height    2.0000000000000000     
  max height    100.00000000000000     
  max range    90000.000000000000     
 profile at range:   0.00000000    
   0.00000000       339.000000    
   250.000000       368.500000    
   300.000000       319.000000    
   400.000000       330.800018    
 Finished with profile           4
 terrain points            2
    x    y
   0.00000000       0.00000000    
   120010.000       0.00000000    
   2.00000000       90000.000000000000      (  7.17319324E-08, -1.12737553E-07)           1           1
   4.00000000       90000.000000000000      (  1.39296191E-07, -2.24979431E-07)           2           2
   6.00000000       90000.000000000000      (  1.98889808E-07, -3.35869657E-07)           3           3
   8.00000000       90000.000000000000      (  2.47399527E-07, -4.43962847E-07)           4           4
   10.0000000       90000.000000000000      (  2.82709635E-07, -5.47136608E-07)           5           5
   12.0000000       90000.000000000000      (  3.03705491E-07, -6.42607404E-07)           6           6
   14.0000000       90000.000000000000      (  3.10343012E-07, -7.27023235E-07)           7           7
   16.0000000       90000.000000000000      (  3.03403880E-07, -7.96721849E-07)           8           8
   18.0000000       90000.000000000000      (  2.84217037E-07, -8.48026332E-07)           9           9
   20.0000000       90000.000000000000      (  2.54263369E-07, -8.77572234E-07)          10          10
   22.0000000       90000.000000000000      (  2.14903451E-07, -8.82775794E-07)          11          11
   24.0000000       90000.000000000000      (  1.67187906E-07, -8.62015042E-07)          12          12
   26.0000000       90000.000000000000      (  1.11684841E-07, -8.14956991E-07)          13          13
   28.0000000       90000.000000000000      (  4.86062639E-08, -7.42613736E-07)          14          14
   30.0000000       90000.000000000000      ( -2.20135892E-08, -6.47278966E-07)          15          15
   32.0000000       90000.000000000000      ( -9.99779601E-08, -5.32409388E-07)          16          16
   34.0000000       90000.000000000000      ( -1.84573253E-07, -4.02322797E-07)          17          17
   36.0000000       90000.000000000000      ( -2.74203984E-07, -2.61848868E-07)          18          18
   38.0000000       90000.000000000000      ( -3.66167427E-07, -1.16012593E-07)          19          19
   40.0000000       90000.000000000000      ( -4.56568500E-07,  3.03202796E-08)          20          20
   42.0000000       90000.000000000000      ( -5.40426754E-07,  1.72604203E-07)          21          21
   44.0000000       90000.000000000000      ( -6.12040310E-07,  3.06808289E-07)          22          22
   46.0000000       90000.000000000000      ( -6.65454593E-07,  4.29353349E-07)          23          23
   48.0000000       90000.000000000000      ( -6.95204449E-07,  5.37109486E-07)          24          24
   50.0000000       90000.000000000000      ( -6.96902589E-07,  6.27163388E-07)          25          25
   52.0000000       90000.000000000000      ( -6.67887946E-07,  6.96748089E-07)          26          26
   54.0000000       90000.000000000000      ( -6.07661093E-07,  7.43096223E-07)          27          27
   56.0000000       90000.000000000000      ( -5.18075638E-07,  7.63583671E-07)          28          28
   58.0000000       90000.000000000000      ( -4.03346235E-07,  7.55901851E-07)          29          29
   60.0000000       90000.000000000000      ( -2.69633290E-07,  7.18448575E-07)          30          30
   62.0000000       90000.000000000000      ( -1.24600717E-07,  6.50965376E-07)          31          31
   64.0000000       90000.000000000000      (  2.33383179E-08,  5.55046370E-07)          32          32
   66.0000000       90000.000000000000      (  1.65690338E-07,  4.34738070E-07)          33          33
   68.0000000       90000.000000000000      (  2.94618417E-07,  2.96825817E-07)          34          34
   70.0000000       90000.000000000000      (  4.03498575E-07,  1.50733129E-07)          35          35
   72.0000000       90000.000000000000      (  4.87371437E-07,  8.07547718E-09)          36          36
   74.0000000       90000.000000000000      (  5.43098508E-07, -1.18425540E-07)          37          37
   76.0000000       90000.000000000000      (  5.69512736E-07, -2.16284946E-07)          38          38
   78.0000000       90000.000000000000      (  5.67247184E-07, -2.75018323E-07)          39          39
   80.0000000       90000.000000000000      (  5.38623794E-07, -2.87755512E-07)          40          40
   82.0000000       90000.000000000000      (  4.87324257E-07, -2.52678433E-07)          41          41
   84.0000000       90000.000000000000      (  4.18243843E-07, -1.73871086E-07)          42          42
   86.0000000       90000.000000000000      (  3.37261127E-07, -6.13988718E-08)          43          43
   88.0000000       90000.000000000000      (  2.50979298E-07,  6.95294062E-08)          44          44
   90.0000000       90000.000000000000      (  1.66484753E-07,  2.00175734E-07)          45          45
   92.0000000       90000.000000000000      (  9.10297757E-08,  3.10624301E-07)          46          46
   94.0000000       90000.000000000000      (  3.14865645E-08,  3.82542282E-07)          47          47
   96.0000000       90000.000000000000      ( -6.25422913E-09,  4.01804272E-07)          48          48
   98.0000000       90000.000000000000      ( -1.80885902E-08,  3.60775971E-07)          49          49
   100.000000       90000.000000000000      ( -2.47301224E-09,  2.59691120E-07)          50          50

  initial fitness   3.32641113E-03

  crossover probability      0.800000012    
  mutation  probability       5.00000007E-02
  update    probability      0.500000000    
  number of iterations             2000
  size   of populations              64
  number of populations              20


  Calling TPEM
  flagpu           0
  Frequency    1000.00000    
  antenna height    93.7096710    
  antenna pattern            0
  antenna bwidth    30.0000000    
  antenna elevation    0.00000000    
  min height    2.0000000000000000     
  max height    100.00000000000000     
  max range    110283.48437500000     
 profile at range:   0.00000000    
   0.00000000       339.000000    
   303.662750       374.832214    
   305.049835       361.638672    
   400.000000       372.842804    
 Finished with profile           4
 terrain points            2
    x    y
   0.00000000       0.00000000    
   120010.000       0.00000000    
   2.00000000       110283.48437500000      (  2.64238889E-08, -8.59159766E-09)           1           1
   4.00000000       110283.48437500000      (  5.23073211E-08, -1.62120486E-08)           2           2
   6.00000000       110283.48437500000      (  7.70626087E-08, -2.19386340E-08)           3           3
   8.00000000       110283.48437500000      (  1.00068334E-07, -2.49653738E-08)           4           4
   10.0000000       110283.48437500000      (  1.20685641E-07, -2.46270186E-08)           5           5
   12.0000000       110283.48437500000      (  1.38295249E-07, -2.04932107E-08)           6           6
   14.0000000       110283.48437500000      (  1.52305333E-07, -1.23728245E-08)           7           7
   16.0000000       110283.48437500000      (  1.62223060E-07, -3.71559727E-10)           8           8
   18.0000000       110283.48437500000      (  1.67669981E-07,  1.50950701E-08)           9           9
   20.0000000       110283.48437500000      (  1.68450171E-07,  3.33305898E-08)          10          10
   22.0000000       110283.48437500000      (  1.64560774E-07,  5.33739239E-08)          11          11
   24.0000000       110283.48437500000      (  1.56226463E-07,  7.40661932E-08)          12          12
   26.0000000       110283.48437500000      (  1.43900692E-07,  9.41172544E-08)          13          13
   28.0000000       110283.48437500000      (  1.28237573E-07,  1.12216021E-07)          14          14
   30.0000000       110283.48437500000      (  1.10064882E-07,  1.27083098E-07)          15          15
   32.0000000       110283.48437500000      (  9.03005457E-08,  1.37604403E-07)          16          16
   34.0000000       110283.48437500000      (  6.99366183E-08,  1.42867947E-07)          17          17
   36.0000000       110283.48437500000      (  4.99072677E-08,  1.42267353E-07)          18          18
   38.0000000       110283.48437500000      (  3.10553929E-08,  1.35512707E-07)          19          19
   40.0000000       110283.48437500000      (  1.40576697E-08,  1.22653844E-07)          20          20
   42.0000000       110283.48437500000      ( -6.18194496E-10,  1.04102035E-07)          21          21
   44.0000000       110283.48437500000      ( -1.27302178E-08,  8.05917608E-08)          22          22
   46.0000000       110283.48437500000      ( -2.22973977E-08,  5.31487743E-08)          23          23
   48.0000000       110283.48437500000      ( -2.95426297E-08,  2.30315713E-08)          24          24
   50.0000000       110283.48437500000      ( -3.48856162E-08, -8.32527824E-09)          25          25
   52.0000000       110283.48437500000      ( -3.88819679E-08, -3.94039716E-08)          26          26
   54.0000000       110283.48437500000      ( -4.21839168E-08, -6.86773518E-08)          27          27
   56.0000000       110283.48437500000      ( -4.54563924E-08, -9.47399244E-08)          28          28
   58.0000000       110283.48437500000      ( -4.93362187E-08, -1.16378338E-07)          29          29
   60.0000000       110283.48437500000      ( -5.43665664E-08, -1.32690175E-07)          30          30
   62.0000000       110283.48437500000      ( -6.09537665E-08, -1.43139900E-07)          31          31
   64.0000000       110283.48437500000      ( -6.93429456E-08, -1.47616589E-07)          32          32
   66.0000000       110283.48437500000      ( -7.95687001E-08, -1.46446425E-07)          33          33
   68.0000000       110283.48437500000      ( -9.14789169E-08, -1.40340163E-07)          34          34
   70.0000000       110283.48437500000      ( -1.04714040E-07, -1.30303903E-07)          35          35
   72.0000000       110283.48437500000      ( -1.18742612E-07, -1.17535372E-07)          36          36
   74.0000000       110283.48437500000      ( -1.32895551E-07, -1.03240893E-07)          37          37
   76.0000000       110283.48437500000      ( -1.46423886E-07, -8.85309888E-08)          38          38
   78.0000000       110283.48437500000      ( -1.58566763E-07, -7.42555883E-08)          39          39
   80.0000000       110283.48437500000      ( -1.68621867E-07, -6.09357329E-08)          40          40
   82.0000000       110283.48437500000      ( -1.76038597E-07, -4.87386238E-08)          41          41
   84.0000000       110283.48437500000      ( -1.80476590E-07, -3.74933009E-08)          42          42
   86.0000000       110283.48437500000      ( -1.81864422E-07, -2.67727902E-08)          43          43
   88.0000000       110283.48437500000      ( -1.80442143E-07, -1.60264939E-08)          44          44
   90.0000000       110283.48437500000      ( -1.76755620E-07, -4.70053996E-09)          45          45
   92.0000000       110283.48437500000      ( -1.71603176E-07,  7.63013830E-09)          46          46
   94.0000000       110283.48437500000      ( -1.65979188E-07,  2.11677378E-08)          47          47
   96.0000000       110283.48437500000      ( -1.60946740E-07,  3.58557060E-08)          48          48
   98.0000000       110283.48437500000      ( -1.57518798E-07,  5.13597982E-08)          49          49
   100.000000       110283.48437500000      ( -1.56495631E-07,  6.71628086E-08)          50          50

  Calling TPEM
  flagpu           1
  Frequency    1000.00000    
  antenna height    60.3225784    
  antenna pattern            0
  antenna bwidth    30.0000000    
  antenna elevation    0.00000000    
  min height    2.0000000000000000     
  max height    100.00000000000000     
  max range    90029.328125000000     
 profile at range:   0.00000000    
   0.00000000       339.000000    
   63.0146599       346.435730    
   142.208206       288.145416    
   400.000000       318.564850    
 Finished with profile           4
 terrain points            2
    x    y
   0.00000000       0.00000000    
   120010.000       0.00000000    
   2.00000000       90029.328125000000      (  1.92801565E-07, -3.00393708E-07)           1           1
   4.00000000       90029.328125000000      (  3.85266276E-07, -5.71364865E-07)           2           2
   6.00000000       90029.328125000000      (  5.76317063E-07, -7.86893906E-07)           3           3
   8.00000000       90029.328125000000      (  7.63710659E-07, -9.27626104E-07)           4           4
   10.0000000       90029.328125000000      (  9.43666407E-07, -9.83304858E-07)           5           5
   12.0000000       90029.328125000000      (  1.11067538E-06, -9.53862127E-07)           6           6
   14.0000000       90029.328125000000      (  1.25750682E-06, -8.49080493E-07)           7           7
   16.0000000       90029.328125000000      (  1.37563211E-06, -6.86907129E-07)           8           8
   18.0000000       90029.328125000000      (  1.45603929E-06, -4.90664320E-07)           9           9
   20.0000000       90029.328125000000      (  1.49051982E-06, -2.85744164E-07)          10          10
   22.0000000       90029.328125000000      (  1.47328706E-06, -9.61219300E-08)          11          11
   24.0000000       90029.328125000000      (  1.40255054E-06,  5.85514108E-08)          12          12
   26.0000000       90029.328125000000      (  1.28204113E-06,  1.65179046E-07)          13          13
   28.0000000       90029.328125000000      (  1.12167595E-06,  2.18319826E-07)          14          14
   30.0000000       90029.328125000000      (  9.37448533E-07,  2.20184219E-07)          15          15
   32.0000000       90029.328125000000      (  7.50112235E-07,  1.79654336E-07)          16          16
   34.0000000       90029.328125000000      (  5.82803011E-07,  1.10593938E-07)          17          17
   36.0000000       90029.328125000000      (  4.57875359E-07,  2.96315665E-08)          18          18
   38.0000000       90029.328125000000      (  3.93388603E-07, -4.60361917E-08)          19          19
   40.0000000       90029.328125000000      (  3.99911187E-07, -1.00784064E-07)          20          20
   42.0000000       90029.328125000000      (  4.78269612E-07, -1.22157559E-07)          21          21
   44.0000000       90029.328125000000      (  6.18623176E-07, -1.02095839E-07)          22          22
   46.0000000       90029.328125000000      (  8.01371073E-07, -3.74997100E-08)          23          23
   48.0000000       90029.328125000000      (  9.99600161E-07,  6.96995741E-08)          24          24
   50.0000000       90029.328125000000      (  1.18288892E-06,  2.12904396E-07)          25          25
   52.0000000       90029.328125000000      (  1.32175830E-06,  3.81641541E-07)          26          26
   54.0000000       90029.328125000000      (  1.39203087E-06,  5.62512582E-07)          27          27
   56.0000000       90029.328125000000      (  1.37844722E-06,  7.40522353E-07)          28          28
   58.0000000       90029.328125000000      (  1.27670035E-06,  9.00303576E-07)          29          29
   60.0000000       90029.328125000000      (  1.09397183E-06,  1.02754541E-06)          30          30
   62.0000000       90029.328125000000      (  8.47468073E-07,  1.11035774E-06)          31          31
   64.0000000       90029.328125000000      (  5.61947900E-07,  1.14042030E-06)          32          32
   66.0000000       90029.328125000000      (  2.67000445E-07,  1.11728070E-06)          33          33
   68.0000000       90029.328125000000      ( -8.89721896E-09,  1.04839444E-06)          34          34
   70.0000000       90029.328125000000      ( -2.43860313E-07,  9.44804356E-07)          35          35
   72.0000000       90029.328125000000      ( -4.24410189E-07,  8.19866784E-07)          36          36
   74.0000000       90029.328125000000      ( -5.45319097E-07,  6.87798035E-07)          37          37
   76.0000000       90029.328125000000      ( -6.08618450E-07,  5.62272476E-07)          38          38
   78.0000000       90029.328125000000      ( -6.21627123E-07,  4.55293645E-07)          39          39
   80.0000000       90029.328125000000      ( -5.94989046E-07,  3.76078049E-07)          40          40
   82.0000000       90029.328125000000      ( -5.40750193E-07,  3.30518475E-07)          41          41
   84.0000000       90029.328125000000      ( -4.70845066E-07,  3.20719124E-07)          42          42
   86.0000000       90029.328125000000      ( -3.96095771E-07,  3.45102677E-07)          43          43
   88.0000000       90029.328125000000      ( -3.25521910E-07,  3.98816724E-07)          44          44
   90.0000000       90029.328125000000      ( -2.66118889E-07,  4.74348809E-07)          45          45
   92.0000000       90029.328125000000      ( -2.22748454E-07,  5.62561240E-07)          46          46
   94.0000000       90029.328125000000      ( -1.98202827E-07,  6.53668394E-07)          47          47
   96.0000000       90029.328125000000      ( -1.93348214E-07,  7.38342180E-07)          48          48
   98.0000000       90029.328125000000      ( -2.07275093E-07,  8.08618381E-07)          49          49
   100.000000       90029.328125000000      ( -2.37530315E-07,  8.58606995E-07)          50          50
   2.00000000       78739.000000000000      ( -7.21026723E-08,  1.73541608E-07)           1           1
   4.00000000       78739.000000000000      ( -1.37119329E-07,  3.33609194E-07)           2           2
   6.00000000       78739.000000000000      ( -1.88872505E-07,  4.67605616E-07)           3           3
   8.00000000       78739.000000000000      ( -2.23207039E-07,  5.65354071E-07)           4           4
   10.0000000       78739.000000000000      ( -2.39028424E-07,  6.20984395E-07)           5           5
   12.0000000       78739.000000000000      ( -2.37846820E-07,  6.32589490E-07)           6           6
   14.0000000       78739.000000000000      ( -2.23163326E-07,  6.01829186E-07)           7           7
   16.0000000       78739.000000000000      ( -1.99627451E-07,  5.33394143E-07)           8           8
   18.0000000       78739.000000000000      ( -1.72103313E-07,  4.34264621E-07)           9           9
   20.0000000       78739.000000000000      ( -1.44812347E-07,  3.12884907E-07)          10          10
   22.0000000       78739.000000000000      ( -1.20734043E-07,  1.78285092E-07)          11          11
   24.0000000       78739.000000000000      ( -1.01261847E-07,  3.92946475E-08)          12          12
   26.0000000       78739.000000000000      ( -8.62771188E-08, -9.61773168E-08)          13          13
   28.0000000       78739.000000000000      ( -7.44129736E-08, -2.21614940E-07)          14          14
   30.0000000       78739.000000000000      ( -6.35714414E-08, -3.32237761E-07)          15          15
   32.0000000       78739.000000000000      ( -5.15094847E-08, -4.25134203E-07)          16          16
   34.0000000       78739.000000000000      ( -3.63035824E-08, -4.99182875E-07)          17          17
   36.0000000       78739.000000000000      ( -1.68032894E-08, -5.54843382E-07)          18          18
   38.0000000       78739.000000000000      (  7.22016091E-09, -5.93805339E-07)          19          19
   40.0000000       78739.000000000000      (  3.50241827E-08, -6.18582305E-07)          20          20
   42.0000000       78739.000000000000      (  6.50860414E-08, -6.32071647E-07)          21          21
   44.0000000       78739.000000000000      (  9.54047721E-08, -6.37148105E-07)          22          22
   46.0000000       78739.000000000000      (  1.23817898E-07, -6.36314326E-07)          23          23
   48.0000000       78739.000000000000      (  1.48339652E-07, -6.31512307E-07)          24          24
   50.0000000       78739.000000000000      (  1.67449443E-07, -6.23963388E-07)          25          25
   52.0000000       78739.000000000000      (  1.80229506E-07, -6.14214287E-07)          26          26
   54.0000000       78739.000000000000      (  1.86450933E-07, -6.02246985E-07)          27          27
