TPEM optimizing for the tri-linear profiles (fig 6)                             
 GC f e    E         ! options           
 Based on magnitude of observations
contour of objective function
 Incoherent addition over frequencies
  inversion reading real data in VA-format
 Using EOF.... 
                    1 2 3 4 5 6 7 8 9 0 1 2 3 4 5 6 7 8 9
                    0 1 2 3 4 5 6 7 8 9 0
 Options:           2 3 5 0 4 0 1 1 0 0 0 1 0 1 0 0 1 0 0 0 0 0 0 0 1 0 0 0 0 6 0 0 0 0 0 0 0 0 0 0
 Options (norm):    0 0 0 0 5 0 0 0 0 0 0 0 0 0 0 0 0 0 0 0 0 0 0 0 0 0 0 0 0 0 0 0 0 0 0 0 0 0 0 0
 Options (isubopt): 0 0 0 0 0 0 0 0 0 0 0 0 0 0 0 0 0 0 0 0 0 0 0 0 0 0 0 0 0 0 0 0 0 0 0 0 0 0 0 0
  Number of forward modelling runs:       40000
 Tpem options:            0           0           0           0           0           0           0           0           0           0
options for TPEM 
                 ! tpem options                                                 
 rng1,rng2   90000.0000       90000.0000    

 The EOF are
       physparm layer  ... shape functions
   1   1  1  1    1.00  0.00  0.00  0.00  0.00
   2   1  2  1    1.00  0.00  0.12  0.00  0.00
   3   1  3  1    1.00 -1.00  0.12  0.00  0.00
   4   1  4  1    1.00 -1.00  0.00 -0.12  0.12
   5   2  2  1    0.00  0.00  1.00  0.00  0.00
   6   2  3  1    0.00  0.00  1.00  1.00  0.00
   7   2  4  1    0.00  0.00  0.00  0.00  1.00
  The starting values of the EOF amplitudes are:
    339.00     49.50    250.00     50.00    400.00


  parameters to be optimized:
                   physparm     layer  min.val  max.val   del.val   nbit  ndig
  1 Shape coefficient       11   2   1      1.00    100.00      2.02    6   50
  2 Shape coefficient       11   3   1      1.00    400.00      8.14    6   50
  3 Shape coefficient       11   4   1      1.00    100.00      0.78    7  128
 Size of the search space: 10**  5.51

  Calling TPEM
  flagpu          -1
  Frequency    1000.00000    
  antenna height    50.0000000    
  antenna pattern            0
  antenna bwidth    30.0000000    
  antenna elevation    0.00000000    
  min height    2.0000000000000000     
  max height    100.00000000000000     
  max range    90000.000000000000     
 profile at range:   0.00000000    
   0.00000000       339.000000    
   250.000000       368.500000    
   300.000000       319.000000    
   400.000000       330.800018    
 Finished with profile           4
   2.00000000       90000.000000000000      (  6.43417266E-08, -1.02846066E-07)           1           1
   4.00000000       90000.000000000000      (  1.26311448E-07, -2.05476240E-07)           2           2
   6.00000000       90000.000000000000      (  1.84023506E-07, -3.07214719E-07)           3           3
   8.00000000       90000.000000000000      (  2.34714562E-07, -4.07571747E-07)           4           4
   10.0000000       90000.000000000000      (  2.76272459E-07, -5.04641207E-07)           5           5
   12.0000000       90000.000000000000      (  3.06393844E-07, -5.97277790E-07)           6           6
   14.0000000       90000.000000000000      (  3.23639171E-07, -6.82267171E-07)           7           7
   16.0000000       90000.000000000000      (  3.26051151E-07, -7.57524731E-07)           8           8
   18.0000000       90000.000000000000      (  3.13747165E-07, -8.18847980E-07)           9           9
   20.0000000       90000.000000000000      (  2.85945958E-07, -8.63594494E-07)          10          10
   22.0000000       90000.000000000000      (  2.43596844E-07, -8.87215833E-07)          11          11
   24.0000000       90000.000000000000      (  1.87467563E-07, -8.87390001E-07)          12          12
   26.0000000       90000.000000000000      (  1.19406323E-07, -8.60620787E-07)          13          13
   28.0000000       90000.000000000000      (  4.06660554E-08, -8.05996024E-07)          14          14
   30.0000000       90000.000000000000      ( -4.58776945E-08, -7.22581490E-07)          15          15
   32.0000000       90000.000000000000      ( -1.38070448E-07, -6.12071460E-07)          16          16
   34.0000000       90000.000000000000      ( -2.32821677E-07, -4.76892467E-07)          17          17
   36.0000000       90000.000000000000      ( -3.26567147E-07, -3.21716954E-07)          18          18
   38.0000000       90000.000000000000      ( -4.15713203E-07, -1.52341187E-07)          19          19
   40.0000000       90000.000000000000      ( -4.96385724E-07,  2.43586715E-08)          20          20
   42.0000000       90000.000000000000      ( -5.64657512E-07,  2.00215254E-07)          21          21
   44.0000000       90000.000000000000      ( -6.16774742E-07,  3.67449559E-07)          22          22
   46.0000000       90000.000000000000      ( -6.50150469E-07,  5.17364413E-07)          23          23
   48.0000000       90000.000000000000      ( -6.61666490E-07,  6.43048679E-07)          24          24
   50.0000000       90000.000000000000      ( -6.50415586E-07,  7.37277105E-07)          25          25
   52.0000000       90000.000000000000      ( -6.15384238E-07,  7.96149038E-07)          26          26
   54.0000000       90000.000000000000      ( -5.57287990E-07,  8.16020133E-07)          27          27
   56.0000000       90000.000000000000      ( -4.77178958E-07,  7.97614121E-07)          28          28
   58.0000000       90000.000000000000      ( -3.78354400E-07,  7.42426892E-07)          29          29
   60.0000000       90000.000000000000      ( -2.63705601E-07,  6.56239934E-07)          30          30
   62.0000000       90000.000000000000      ( -1.38584042E-07,  5.45412320E-07)          31          31
   64.0000000       90000.000000000000      ( -8.22584667E-09,  4.19529556E-07)          32          32
   66.0000000       90000.000000000000      (  1.21148247E-07,  2.87723964E-07)          33          33
   68.0000000       90000.000000000000      (  2.43390474E-07,  1.60419404E-07)          34          34
   70.0000000       90000.000000000000      (  3.52077677E-07,  4.65581493E-08)          35          35
   72.0000000       90000.000000000000      (  4.42124872E-07, -4.58854501E-08)          36          36
   74.0000000       90000.000000000000      (  5.09000756E-07, -1.11125750E-07)          37          37
   76.0000000       90000.000000000000      (  5.49398237E-07, -1.45958225E-07)          38          38
   78.0000000       90000.000000000000      (  5.62380251E-07, -1.49591145E-07)          39          39
   80.0000000       90000.000000000000      (  5.47876027E-07, -1.24745142E-07)          40          40
   82.0000000       90000.000000000000      (  5.08378321E-07, -7.58013314E-08)          41          41
   84.0000000       90000.000000000000      (  4.47783862E-07, -1.07809335E-08)          42          42
   86.0000000       90000.000000000000      (  3.72237196E-07,  6.21677501E-08)          43          43
   88.0000000       90000.000000000000      (  2.88113114E-07,  1.32448790E-07)          44          44
   90.0000000       90000.000000000000      (  2.04080692E-07,  1.91318719E-07)          45          45
   92.0000000       90000.000000000000      (  1.27250502E-07,  2.29409210E-07)          46          46
   94.0000000       90000.000000000000      (  6.51158487E-08,  2.41222978E-07)          47          47
   96.0000000       90000.000000000000      (  2.28465211E-08,  2.22073851E-07)          48          48
   98.0000000       90000.000000000000      (  4.04826794E-09,  1.72036820E-07)          49          49
   100.000000       90000.000000000000      (  8.72604122E-09,  9.27663848E-08)          50          50

  initial fitness   1.93586935E-11

  Calling TPEM
  flagpu           0
  Frequency    1000.00000    
  antenna height    50.0000000    
  antenna pattern            0
  antenna bwidth    30.0000000    
  antenna elevation    0.00000000    
  min height    2.0000000000000000     
  max height    100.00000000000000     
  max range    90000.000000000000     
 profile at range:   0.00000000    
   0.00000000       339.000000    
   1.00000000       339.118011    
   51.0000000       338.118011    
   400.000000       379.300018    
 Finished with profile           4
   2.00000000       90000.000000000000      ( -2.13095408E-09,  1.00929620E-08)           1           1
   4.00000000       90000.000000000000      ( -4.46206849E-09,  2.00456345E-08)           2           2
   6.00000000       90000.000000000000      ( -7.14716775E-09,  2.97314191E-08)           3           3
   8.00000000       90000.000000000000      ( -1.02596154E-08,  3.90751644E-08)           4           4
   10.0000000       90000.000000000000      ( -1.37356526E-08,  4.80060578E-08)           5           5
   12.0000000       90000.000000000000      ( -1.74987704E-08,  5.65174005E-08)           6           6
   14.0000000       90000.000000000000      ( -2.13579749E-08,  6.45506191E-08)           7           7
   16.0000000       90000.000000000000      ( -2.52160497E-08,  7.20905220E-08)           8           8
   18.0000000       90000.000000000000      ( -2.89626758E-08,  7.90656784E-08)           9           9
   20.0000000       90000.000000000000      ( -3.26438325E-08,  8.54249507E-08)          10          10
   22.0000000       90000.000000000000      ( -3.63061190E-08,  9.10497278E-08)          11          11
   24.0000000       90000.000000000000      ( -4.01366300E-08,  9.58893835E-08)          12          12
   26.0000000       90000.000000000000      ( -4.42478694E-08,  9.98571252E-08)          13          13
   28.0000000       90000.000000000000      ( -4.87882907E-08,  1.02943631E-07)          14          14
   30.0000000       90000.000000000000      ( -5.38135652E-08,  1.05140344E-07)          15          15
   32.0000000       90000.000000000000      ( -5.93188147E-08,  1.06458003E-07)          16          16
   34.0000000       90000.000000000000      ( -6.52061800E-08,  1.06878026E-07)          17          17
   36.0000000       90000.000000000000      ( -7.13503141E-08,  1.06395916E-07)          18          18
   38.0000000       90000.000000000000      ( -7.75999567E-08,  1.04954580E-07)          19          19
   40.0000000       90000.000000000000      ( -8.37940135E-08,  1.02504352E-07)          20          20
   42.0000000       90000.000000000000      ( -8.98691113E-08,  9.90208733E-08)          21          21
   44.0000000       90000.000000000000      ( -9.57503588E-08,  9.44752614E-08)          22          22
   46.0000000       90000.000000000000      ( -1.01475749E-07,  8.89046206E-08)          23          23
   48.0000000       90000.000000000000      ( -1.07072374E-07,  8.23634281E-08)          24          24
   50.0000000       90000.000000000000      ( -1.12638389E-07,  7.49388533E-08)          25          25
   52.0000000       90000.000000000000      ( -1.18177056E-07,  6.66500455E-08)          26          26
   54.0000000       90000.000000000000      ( -1.23649528E-07,  5.75036729E-08)          27          27
   56.0000000       90000.000000000000      ( -1.28804487E-07,  4.74456954E-08)          28          28
   58.0000000       90000.000000000000      ( -1.33362690E-07,  3.64105333E-08)          29          29
   60.0000000       90000.000000000000      ( -1.36982479E-07,  2.43550371E-08)          30          30
   62.0000000       90000.000000000000      ( -1.39334006E-07,  1.13086323E-08)          31          31
   64.0000000       90000.000000000000      ( -1.40124385E-07, -2.63006439E-09)          32          32
   66.0000000       90000.000000000000      ( -1.39186739E-07, -1.72340417E-08)          33          33
   68.0000000       90000.000000000000      ( -1.36460429E-07, -3.22537481E-08)          34          34
   70.0000000       90000.000000000000      ( -1.31991911E-07, -4.73755328E-08)          35          35
   72.0000000       90000.000000000000      ( -1.25866194E-07, -6.23222434E-08)          36          36
   74.0000000       90000.000000000000      ( -1.18139127E-07, -7.68252733E-08)          37          37
   76.0000000       90000.000000000000      ( -1.08791795E-07, -9.06826259E-08)          38          38
   78.0000000       90000.000000000000      ( -9.76952279E-08, -1.03676250E-07)          39          39
   80.0000000       90000.000000000000      ( -8.46632915E-08, -1.15565911E-07)          40          40
   82.0000000       90000.000000000000      ( -6.95148472E-08, -1.26045904E-07)          41          41
   84.0000000       90000.000000000000      ( -5.21865253E-08, -1.34747978E-07)          42          42
   86.0000000       90000.000000000000      ( -3.27871525E-08, -1.41255313E-07)          43          43
   88.0000000       90000.000000000000      ( -1.16763452E-08, -1.45175790E-07)          44          44
   90.0000000       90000.000000000000      (  1.05687210E-08, -1.46175282E-07)          45          45
   92.0000000       90000.000000000000      (  3.32263532E-08, -1.44051214E-07)          46          46
   94.0000000       90000.000000000000      (  5.55710074E-08, -1.38715450E-07)          47          47
   96.0000000       90000.000000000000      (  7.69224187E-08, -1.30160387E-07)          48          48
   98.0000000       90000.000000000000      (  9.67216494E-08, -1.18444945E-07)          49          49
   100.000000       90000.000000000000      (  1.14531645E-07, -1.03628416E-07)          50          50

  Calling TPEM
  flagpu           1
  Frequency    1000.00000    
  antenna height    50.0000000    
  antenna pattern            0
  antenna bwidth    30.0000000    
  antenna elevation    0.00000000    
  min height    2.0000000000000000     
  max height    100.00000000000000     
  max range    90000.000000000000     
 profile at range:   0.00000000    
   0.00000000       339.000000    
   1.00000000       339.118011    
   51.0000000       336.097595    
   400.000000       377.279602    
 Finished with profile           4
   2.00000000       90000.000000000000      (  1.81791027E-08, -1.16211014E-08)           1           1
   4.00000000       90000.000000000000      (  3.63410670E-08, -2.30823609E-08)           2           2
   6.00000000       90000.000000000000      (  5.44432943E-08, -3.42210704E-08)           3           3
   8.00000000       90000.000000000000      (  7.23876354E-08, -4.48608155E-08)           4           4
   10.0000000       90000.000000000000      (  8.98767567E-08, -5.48443637E-08)           5           5
   12.0000000       90000.000000000000      (  1.06745411E-07, -6.39859934E-08)           6           6
   14.0000000       90000.000000000000      (  1.22601179E-07, -7.21130036E-08)           7           7
   16.0000000       90000.000000000000      (  1.37289106E-07, -7.90568748E-08)           8           8
   18.0000000       90000.000000000000      (  1.50593721E-07, -8.47091997E-08)           9           9
   20.0000000       90000.000000000000      (  1.62556262E-07, -8.89734153E-08)          10          10
   22.0000000       90000.000000000000      (  1.73141473E-07, -9.18256831E-08)          11          11
   24.0000000       90000.000000000000      (  1.82591677E-07, -9.32699180E-08)          12          12
   26.0000000       90000.000000000000      (  1.90969899E-07, -9.33627504E-08)          13          13
   28.0000000       90000.000000000000      (  1.98453179E-07, -9.21762577E-08)          14          14
   30.0000000       90000.000000000000      (  2.05088469E-07, -8.98050843E-08)          15          15
   32.0000000       90000.000000000000      (  2.10916198E-07, -8.62957350E-08)          16          16
   34.0000000       90000.000000000000      (  2.15857170E-07, -8.16690360E-08)          17          17
   36.0000000       90000.000000000000      (  2.19887582E-07, -7.59038059E-08)          18          18
   38.0000000       90000.000000000000      (  2.22936649E-07, -6.89582578E-08)          19          19
   40.0000000       90000.000000000000      (  2.24936443E-07, -6.08034583E-08)          20          20
   42.0000000       90000.000000000000      (  2.25973906E-07, -5.14446832E-08)          21          21
   44.0000000       90000.000000000000      (  2.26035880E-07, -4.09374081E-08)          22          22
   46.0000000       90000.000000000000      (  2.25278527E-07, -2.93890619E-08)          23          23
   48.0000000       90000.000000000000      (  2.23774890E-07, -1.69701213E-08)          24          24
   50.0000000       90000.000000000000      (  2.21732577E-07, -3.83352816E-09)          25          25
   52.0000000       90000.000000000000      (  2.19185452E-07,  9.93640636E-09)          26          26
   54.0000000       90000.000000000000      (  2.16133131E-07,  2.42739908E-08)          27          27
   56.0000000       90000.000000000000      (  2.12319890E-07,  3.91150259E-08)          28          28
   58.0000000       90000.000000000000      (  2.07478607E-07,  5.44897425E-08)          29          29
   60.0000000       90000.000000000000      (  2.01305738E-07,  7.03830381E-08)          30          30
   62.0000000       90000.000000000000      (  1.93509081E-07,  8.67318164E-08)          31          31
   64.0000000       90000.000000000000      (  1.83836917E-07,  1.03333839E-07)          32          32
   66.0000000       90000.000000000000      (  1.72141739E-07,  1.19883893E-07)          33          33
   68.0000000       90000.000000000000      (  1.58373012E-07,  1.35963916E-07)          34          34
   70.0000000       90000.000000000000      (  1.42619598E-07,  1.51095435E-07)          35          35
   72.0000000       90000.000000000000      (  1.25042249E-07,  1.64818289E-07)          36          36
   74.0000000       90000.000000000000      (  1.05818522E-07,  1.76749651E-07)          37          37
   76.0000000       90000.000000000000      (  8.51020872E-08,  1.86613974E-07)          38          38
   78.0000000       90000.000000000000      (  6.30007122E-08,  1.94227738E-07)          39          39
   80.0000000       90000.000000000000      (  3.95496187E-08,  1.99452927E-07)          40          40
   82.0000000       90000.000000000000      (  1.48180650E-08,  2.02139276E-07)          41          41
   84.0000000       90000.000000000000      ( -1.10650591E-08,  2.02079988E-07)          42          42
   86.0000000       90000.000000000000      ( -3.78153082E-08,  1.99002642E-07)          43          43
   88.0000000       90000.000000000000      ( -6.49307310E-08,  1.92616966E-07)          44          44
   90.0000000       90000.000000000000      ( -9.17073564E-08,  1.82651931E-07)          45          45
   92.0000000       90000.000000000000      ( -1.17312830E-07,  1.68966508E-07)          46          46
   94.0000000       90000.000000000000      ( -1.40893874E-07,  1.51550793E-07)          47          47
   96.0000000       90000.000000000000      ( -1.61668055E-07,  1.30575316E-07)          48          48
   98.0000000       90000.000000000000      ( -1.79029385E-07,  1.06355330E-07)          49          49
   100.000000       90000.000000000000      ( -1.92541037E-07,  7.93160950E-08)          50          50
   2.00000000       90000.000000000000      ( -3.77817493E-08, -9.70672165E-09)           1           1
   4.00000000       90000.000000000000      ( -7.50466498E-08, -1.91780103E-08)           2           2
   6.00000000       90000.000000000000      ( -1.11294540E-07, -2.82493229E-08)           3           3
   8.00000000       90000.000000000000      ( -1.46053466E-07, -3.68688085E-08)           4           4
   10.0000000       90000.000000000000      ( -1.78711716E-07, -4.49708821E-08)           5           5
   12.0000000       90000.000000000000      ( -2.08898527E-07, -5.27399848E-08)           6           6
   14.0000000       90000.000000000000      ( -2.36051065E-07, -6.02068226E-08)           7           7
   16.0000000       90000.000000000000      ( -2.59931710E-07, -6.75784335E-08)           8           8
   18.0000000       90000.000000000000      ( -2.80284070E-07, -7.48570983E-08)           9           9
   20.0000000       90000.000000000000      ( -2.97145277E-07, -8.21567738E-08)          10          10
   22.0000000       90000.000000000000      ( -3.10491799E-07, -8.93075054E-08)          11          11
   24.0000000       90000.000000000000      ( -3.20626498E-07, -9.63532827E-08)          12          12
   26.0000000       90000.000000000000      ( -3.27649587E-07, -1.03078875E-07)          13          13
   28.0000000       90000.000000000000      ( -3.31840710E-07, -1.09458441E-07)          14          14
   30.0000000       90000.000000000000      ( -3.33372185E-07, -1.15398095E-07)          15          15
   32.0000000       90000.000000000000      ( -3.32445836E-07, -1.20977532E-07)          16          16
   34.0000000       90000.000000000000      ( -3.29183365E-07, -1.26252999E-07)          17          17
   36.0000000       90000.000000000000      ( -3.23792534E-07, -1.31448274E-07)          18          18
   38.0000000       90000.000000000000      ( -3.16452912E-07, -1.36734428E-07)          19          19
   40.0000000       90000.000000000000      ( -3.07322665E-07, -1.42266643E-07)          20          20
   42.0000000       90000.000000000000      ( -2.96719264E-07, -1.48220167E-07)          21          21
   44.0000000       90000.000000000000      ( -2.84787831E-07, -1.54592954E-07)          22          22
   46.0000000       90000.000000000000      ( -2.71826110E-07, -1.61421681E-07)          23          23
   48.0000000       90000.000000000000      ( -2.57992156E-07, -1.68593601E-07)          24          24
   50.0000000       90000.000000000000      ( -2.43582292E-07, -1.76114895E-07)          25          25
   52.0000000       90000.000000000000      ( -2.28644808E-07, -1.83940173E-07)          26          26
   54.0000000       90000.000000000000      ( -2.13248271E-07, -1.92042720E-07)          27          27
   56.0000000       90000.000000000000      ( -1.97247374E-07, -2.00214060E-07)          28          28
   58.0000000       90000.000000000000      ( -1.80472014E-07, -2.08399939E-07)          29          29
   60.0000000       90000.000000000000      ( -1.62775109E-07, -2.16526573E-07)          30          30
   62.0000000       90000.000000000000      ( -1.43981765E-07, -2.24504760E-07)          31          31
   64.0000000       90000.000000000000      ( -1.23973820E-07, -2.32098145E-07)          32          32
   66.0000000       90000.000000000000      ( -1.02659300E-07, -2.38989685E-07)          33          33
   68.0000000       90000.000000000000      ( -8.00460214E-08, -2.44693695E-07)          34          34
   70.0000000       90000.000000000000      ( -5.62557076E-08, -2.48737422E-07)          35          35
   72.0000000       90000.000000000000      ( -3.14984234E-08, -2.50603023E-07)          36          36
   74.0000000       90000.000000000000      ( -6.06180217E-09, -2.49939575E-07)          37          37
   76.0000000       90000.000000000000      (  1.97610177E-08, -2.46506204E-07)          38          38
   78.0000000       90000.000000000000      (  4.56581759E-08, -2.40276108E-07)          39          39
   80.0000000       90000.000000000000      (  7.13894792E-08, -2.31294848E-07)          40          40
   82.0000000       90000.000000000000      (  9.66874438E-08, -2.19679620E-07)          41          41
   84.0000000       90000.000000000000      (  1.21309128E-07, -2.05484199E-07)          42          42
   86.0000000       90000.000000000000      (  1.44909578E-07, -1.88696475E-07)          43          43
   88.0000000       90000.000000000000      (  1.67046579E-07, -1.69229438E-07)          44          44
   90.0000000       90000.000000000000      (  1.87113756E-07, -1.46982487E-07)          45          45
   92.0000000       90000.000000000000      (  2.04448554E-07, -1.21935145E-07)          46          46
   94.0000000       90000.000000000000      (  2.18341611E-07, -9.42039549E-08)          47          47
   96.0000000       90000.000000000000      (  2.28202012E-07, -6.41149995E-08)          48          48
   98.0000000       90000.000000000000      (  2.33585169E-07, -3.21865237E-08)          49          49
   100.000000       90000.000000000000      (  2.34273685E-07,  8.98749020E-10)          50          50
  The Unscaled  minimum and maximum are:
  zmin,ymin,xmin   107.076355       391.857178       49.4897957    
  zmax,ymax,xmax   108.553047       1.00000000       19.1836739    
  The minimum and maximum are:
  zmin,ymin,xmin   107.076355       391.857178       49.4897957    
  zmax,ymax,xmax   0.00000000       1.00000000       19.1836739    
 Inversion, time:       71.480 secs.
