TPEM optimizing for the tri-linear profiles (fig 6)                             
 A W f e  p  E          ! options        
 Adding the input values to PPD-plot 
 Observed data written out to unit 30 
 Incoherent addition over frequencies
  inversion reading real data in VA-format
  plot of best model and the initial model
 Using EOF.... 
                    1 2 3 4 5 6 7 8 9 0 1 2 3 4 5 6 7 8 9
                    0 1 2 3 4 5 6 7 8 9 0
 Options:           2 3 0 0 4 0 1 0 0 1 0 1 0 1 0 0 1 0 1 0 1 0 0 0 0 0 0 0 0 6 0 0 0 0 0 0 0 0 0 0
 Options (norm):    0 0 0 0 0 0 0 0 0 0 0 0 0 0 0 0 0 0 0 0 0 0 0 0 0 0 0 0 0 0 0 0 0 0 0 0 0 0 0 0
 Options (isubopt): 0 0 0 0 0 0 0 0 0 0 0 0 0 0 0 0 0 0 0 0 0 0 0 0 0 0 0 0 0 0 0 0 0 0 0 0 0 0 0 0
  Number of forward modelling runs:       20000
 Tpem options:            0           0           0           0           0           0           0           0           0           0
options for TPEM 
                 ! tpem options                                                 
 rng1,rng2   90000.0000       90000.0000    

 The EOF are
       physparm layer  ... shape functions
   1   1  1  1    1.00  0.00  0.00  0.00  0.00
   2   1  2  1    1.00  0.00  0.12  0.00  0.00
   3   1  3  1    1.00 -1.00  0.12  0.00  0.00
   4   1  4  1    1.00 -1.00  0.00 -0.12  0.12
   5   2  2  1    0.00  0.00  1.00  0.00  0.00
   6   2  3  1    0.00  0.00  1.00  1.00  0.00
   7   2  4  1    0.00  0.00  0.00  0.00  1.00
  The starting values of the EOF amplitudes are:
    339.00     49.50    250.00     50.00    400.00


  parameters to be optimized:
                   physparm     layer  min.val  max.val   del.val   nbit  ndig
  1 Shape coefficient       11   2   1      1.00    100.00      0.78    7  128
  2 Shape coefficient       11   3   1      1.00    400.00      3.14    7  128
  3 Shape coefficient       11   4   1      1.00    100.00      0.78    7  128
 Size of the search space: 10**  6.32

  Calling TPEM
  flagpu          -1
  Frequency    1000.00000    
  antenna height    50.0000000    
  antenna pattern            0
  antenna bwidth    30.0000000    
  antenna elevation    0.00000000    
  min height    2.0000000000000000     
  max height    100.00000000000000     
  max range    90000.000000000000     
 profile at range:   0.00000000    
   0.00000000       339.000000    
   250.000000       368.500000    
   300.000000       319.000000    
   400.000000       330.800018    
 Finished with profile           4
   2.00000000       90000.000000000000      (  6.43417266E-08, -1.02846066E-07)           1           1
   4.00000000       90000.000000000000      (  1.26311448E-07, -2.05476240E-07)           2           2
   6.00000000       90000.000000000000      (  1.84023506E-07, -3.07214719E-07)           3           3
   8.00000000       90000.000000000000      (  2.34714562E-07, -4.07571747E-07)           4           4
   10.0000000       90000.000000000000      (  2.76272459E-07, -5.04641207E-07)           5           5
   12.0000000       90000.000000000000      (  3.06393844E-07, -5.97277790E-07)           6           6
   14.0000000       90000.000000000000      (  3.23639171E-07, -6.82267171E-07)           7           7
   16.0000000       90000.000000000000      (  3.26051151E-07, -7.57524731E-07)           8           8
   18.0000000       90000.000000000000      (  3.13747165E-07, -8.18847980E-07)           9           9
   20.0000000       90000.000000000000      (  2.85945958E-07, -8.63594494E-07)          10          10
   22.0000000       90000.000000000000      (  2.43596844E-07, -8.87215833E-07)          11          11
   24.0000000       90000.000000000000      (  1.87467563E-07, -8.87390001E-07)          12          12
   26.0000000       90000.000000000000      (  1.19406323E-07, -8.60620787E-07)          13          13
   28.0000000       90000.000000000000      (  4.06660554E-08, -8.05996024E-07)          14          14
   30.0000000       90000.000000000000      ( -4.58776945E-08, -7.22581490E-07)          15          15
   32.0000000       90000.000000000000      ( -1.38070448E-07, -6.12071460E-07)          16          16
   34.0000000       90000.000000000000      ( -2.32821677E-07, -4.76892467E-07)          17          17
   36.0000000       90000.000000000000      ( -3.26567147E-07, -3.21716954E-07)          18          18
   38.0000000       90000.000000000000      ( -4.15713203E-07, -1.52341187E-07)          19          19
   40.0000000       90000.000000000000      ( -4.96385724E-07,  2.43586715E-08)          20          20
   42.0000000       90000.000000000000      ( -5.64657512E-07,  2.00215254E-07)          21          21
   44.0000000       90000.000000000000      ( -6.16774742E-07,  3.67449559E-07)          22          22
   46.0000000       90000.000000000000      ( -6.50150469E-07,  5.17364413E-07)          23          23
   48.0000000       90000.000000000000      ( -6.61666490E-07,  6.43048679E-07)          24          24
   50.0000000       90000.000000000000      ( -6.50415586E-07,  7.37277105E-07)          25          25
   52.0000000       90000.000000000000      ( -6.15384238E-07,  7.96149038E-07)          26          26
   54.0000000       90000.000000000000      ( -5.57287990E-07,  8.16020133E-07)          27          27
   56.0000000       90000.000000000000      ( -4.77178958E-07,  7.97614121E-07)          28          28
   58.0000000       90000.000000000000      ( -3.78354400E-07,  7.42426892E-07)          29          29
   60.0000000       90000.000000000000      ( -2.63705601E-07,  6.56239934E-07)          30          30
   62.0000000       90000.000000000000      ( -1.38584042E-07,  5.45412320E-07)          31          31
   64.0000000       90000.000000000000      ( -8.22584667E-09,  4.19529556E-07)          32          32
   66.0000000       90000.000000000000      (  1.21148247E-07,  2.87723964E-07)          33          33
   68.0000000       90000.000000000000      (  2.43390474E-07,  1.60419404E-07)          34          34
   70.0000000       90000.000000000000      (  3.52077677E-07,  4.65581493E-08)          35          35
   72.0000000       90000.000000000000      (  4.42124872E-07, -4.58854501E-08)          36          36
   74.0000000       90000.000000000000      (  5.09000756E-07, -1.11125750E-07)          37          37
   76.0000000       90000.000000000000      (  5.49398237E-07, -1.45958225E-07)          38          38
   78.0000000       90000.000000000000      (  5.62380251E-07, -1.49591145E-07)          39          39
   80.0000000       90000.000000000000      (  5.47876027E-07, -1.24745142E-07)          40          40
   82.0000000       90000.000000000000      (  5.08378321E-07, -7.58013314E-08)          41          41
   84.0000000       90000.000000000000      (  4.47783862E-07, -1.07809335E-08)          42          42
   86.0000000       90000.000000000000      (  3.72237196E-07,  6.21677501E-08)          43          43
   88.0000000       90000.000000000000      (  2.88113114E-07,  1.32448790E-07)          44          44
   90.0000000       90000.000000000000      (  2.04080692E-07,  1.91318719E-07)          45          45
   92.0000000       90000.000000000000      (  1.27250502E-07,  2.29409210E-07)          46          46
   94.0000000       90000.000000000000      (  6.51158487E-08,  2.41222978E-07)          47          47
   96.0000000       90000.000000000000      (  2.28465211E-08,  2.22073851E-07)          48          48
   98.0000000       90000.000000000000      (  4.04826794E-09,  1.72036820E-07)          49          49
   100.000000       90000.000000000000      (  8.72604122E-09,  9.27663848E-08)          50          50

  initial fitness   9.36653692E-16

  crossover probability      0.800000012    
  mutation  probability       5.00000007E-02
  update    probability      0.500000000    
  number of iterations             2000
  size   of populations              64
  number of populations              10


  Calling TPEM
  flagpu           0
  Frequency    1000.00000    
  antenna height    50.0000000    
  antenna pattern            0
  antenna bwidth    30.0000000    
  antenna elevation    0.00000000    
  min height    2.0000000000000000     
  max height    100.00000000000000     
  max range    90000.000000000000     
 profile at range:   0.00000000    
   0.00000000       339.000000    
   374.866119       383.234192    
   387.559021       296.486176    
   400.000000       297.954224    
 Finished with profile           4
   2.00000000       90000.000000000000      ( -1.21557761E-07,  1.66270112E-07)           1           1
   4.00000000       90000.000000000000      ( -2.38290284E-07,  3.14636566E-07)           2           2
   6.00000000       90000.000000000000      ( -3.51683809E-07,  4.25200852E-07)           3           3
   8.00000000       90000.000000000000      ( -4.52437973E-07,  4.88007061E-07)           4           4
   10.0000000       90000.000000000000      ( -5.38374422E-07,  4.90215086E-07)           5           5
   12.0000000       90000.000000000000      ( -6.00819590E-07,  4.34559752E-07)           6           6
   14.0000000       90000.000000000000      ( -6.39211578E-07,  3.19477806E-07)           7           7
   16.0000000       90000.000000000000      ( -6.40392784E-07,  1.63805893E-07)           8           8
   18.0000000       90000.000000000000      ( -6.12051508E-07, -2.37162645E-08)           9           9
   20.0000000       90000.000000000000      ( -5.44660224E-07, -2.13979334E-07)          10          10
   22.0000000       90000.000000000000      ( -4.46862884E-07, -3.91866422E-07)          11          11
   24.0000000       90000.000000000000      ( -3.19322368E-07, -5.28972180E-07)          12          12
   26.0000000       90000.000000000000      ( -1.75034117E-07, -6.13695136E-07)          13          13
   28.0000000       90000.000000000000      ( -1.65128871E-08, -6.26995302E-07)          14          14
   30.0000000       90000.000000000000      (  1.36972062E-07, -5.69328336E-07)          15          15
   32.0000000       90000.000000000000      (  2.78562908E-07, -4.38752608E-07)          16          16
   34.0000000       90000.000000000000      (  3.95264237E-07, -2.48249648E-07)          17          17
   36.0000000       90000.000000000000      (  4.75264557E-07, -1.44628407E-08)          18          18
   38.0000000       90000.000000000000      (  5.13043005E-07,  2.39781855E-07)          19          19
   40.0000000       90000.000000000000      (  5.05460207E-07,  4.87324314E-07)          20          20
   42.0000000       90000.000000000000      (  4.54749454E-07,  7.03204591E-07)          21          21
   44.0000000       90000.000000000000      (  3.65590239E-07,  8.59546560E-07)          22          22
   46.0000000       90000.000000000000      (  2.56703657E-07,  9.42307338E-07)          23          23
   48.0000000       90000.000000000000      (  1.34134368E-07,  9.33283843E-07)          24          24
   50.0000000       90000.000000000000      (  2.26484165E-08,  8.36919639E-07)          25          25
   52.0000000       90000.000000000000      ( -6.89277826E-08,  6.53392931E-07)          26          26
   54.0000000       90000.000000000000      ( -1.23925844E-07,  4.05628384E-07)          27          27
   56.0000000       90000.000000000000      ( -1.42278708E-07,  1.09646180E-07)          28          28
   58.0000000       90000.000000000000      ( -1.14289612E-07, -1.98753568E-07)          29          29
   60.0000000       90000.000000000000      ( -5.56616904E-08, -4.97697727E-07)          30          30
   62.0000000       90000.000000000000      (  3.07487298E-08, -7.52166045E-07)          31          31
   64.0000000       90000.000000000000      (  1.25518213E-07, -9.43870589E-07)          32          32
   66.0000000       90000.000000000000      (  2.13322636E-07, -1.05184142E-06)          33          33
   68.0000000       90000.000000000000      (  2.74850692E-07, -1.07091660E-06)          34          34
   70.0000000       90000.000000000000      (  2.98824830E-07, -9.99099029E-07)          35          35
   72.0000000       90000.000000000000      (  2.71256738E-07, -8.47658839E-07)          36          36
   74.0000000       90000.000000000000      (  1.89003401E-07, -6.33549973E-07)          37          37
   76.0000000       90000.000000000000      (  5.90278013E-08, -3.77453858E-07)          38          38
   78.0000000       90000.000000000000      ( -1.13633575E-07, -1.08079675E-07)          39          39
   80.0000000       90000.000000000000      ( -3.04976311E-07,  1.53879725E-07)          40          40
   82.0000000       90000.000000000000      ( -4.96634641E-07,  3.81724305E-07)          41          41
   84.0000000       90000.000000000000      ( -6.60253704E-07,  5.63983747E-07)          42          42
   86.0000000       90000.000000000000      ( -7.78909737E-07,  6.84383338E-07)          43          43
   88.0000000       90000.000000000000      ( -8.24970584E-07,  7.47249942E-07)          44          44
   90.0000000       90000.000000000000      ( -7.98664473E-07,  7.48014486E-07)          45          45
   92.0000000       90000.000000000000      ( -6.88395346E-07,  7.02886723E-07)          46          46
   94.0000000       90000.000000000000      ( -5.08228766E-07,  6.16744956E-07)          47          47
   96.0000000       90000.000000000000      ( -2.69244140E-07,  5.08819767E-07)          48          48
   98.0000000       90000.000000000000      (  4.04669437E-10,  3.86022606E-07)          49          49
   100.000000       90000.000000000000      (  2.81743525E-07,  2.64871517E-07)          50          50

  Calling TPEM
  flagpu           1
  Frequency    1000.00000    
  antenna height    50.0000000    
  antenna pattern            0
  antenna bwidth    30.0000000    
  antenna elevation    0.00000000    
  min height    2.0000000000000000     
  max height    100.00000000000000     
  max range    90000.000000000000     
 profile at range:   0.00000000    
   0.00000000       339.000000    
   239.771652       367.293060    
   298.456696       309.387543    
   400.000000       321.369659    
 Finished with profile           4
   2.00000000       90000.000000000000      ( -3.84826926E-08,  2.74579179E-07)           1           1
   4.00000000       90000.000000000000      ( -7.00013487E-08,  5.34229116E-07)           2           2
   6.00000000       90000.000000000000      ( -8.81502089E-08,  7.65247535E-07)           3           3
   8.00000000       90000.000000000000      ( -8.72080790E-08,  9.54969437E-07)           4           4
   10.0000000       90000.000000000000      ( -6.35979021E-08,  1.09411553E-06)           5           5
   12.0000000       90000.000000000000      ( -1.49180384E-08,  1.17623540E-06)           6           6
   14.0000000       90000.000000000000      (  5.81675295E-08,  1.19963499E-06)           7           7
   16.0000000       90000.000000000000      (  1.53735911E-07,  1.16556487E-06)           8           8
   18.0000000       90000.000000000000      (  2.66634203E-07,  1.08056440E-06)           9           9
   20.0000000       90000.000000000000      (  3.90826983E-07,  9.52994071E-07)          10          10
   22.0000000       90000.000000000000      (  5.17565809E-07,  7.94858806E-07)          11          11
   24.0000000       90000.000000000000      (  6.38149913E-07,  6.18437298E-07)          12          12
   26.0000000       90000.000000000000      (  7.42495331E-07,  4.37057423E-07)          13          13
   28.0000000       90000.000000000000      (  8.21849994E-07,  2.61886868E-07)          14          14
   30.0000000       90000.000000000000      (  8.68023506E-07,  1.03143492E-07)          15          15
   32.0000000       90000.000000000000      (  8.75493413E-07, -3.28041452E-08)          16          16
   34.0000000       90000.000000000000      (  8.41072733E-07, -1.42245113E-07)          17          17
   36.0000000       90000.000000000000      (  7.64993501E-07, -2.25012258E-07)          18          18
   38.0000000       90000.000000000000      (  6.50831396E-07, -2.83939471E-07)          19          19
   40.0000000       90000.000000000000      (  5.05162859E-07, -3.24245974E-07)          20          20
   42.0000000       90000.000000000000      (  3.37786076E-07, -3.52616098E-07)          21          21
   44.0000000       90000.000000000000      (  1.60029288E-07, -3.75968057E-07)          22          22
   46.0000000       90000.000000000000      ( -1.48008175E-08, -4.01139829E-07)          23          23
   48.0000000       90000.000000000000      ( -1.74081762E-07, -4.32336407E-07)          24          24
   50.0000000       90000.000000000000      ( -3.05126008E-07, -4.72411870E-07)          25          25
   52.0000000       90000.000000000000      ( -3.98439795E-07, -5.20293327E-07)          26          26
   54.0000000       90000.000000000000      ( -4.46474360E-07, -5.72839326E-07)          27          27
   56.0000000       90000.000000000000      ( -4.46824458E-07, -6.23359881E-07)          28          28
   58.0000000       90000.000000000000      ( -4.00438182E-07, -6.64622974E-07)          29          29
   60.0000000       90000.000000000000      ( -3.13874978E-07, -6.87352156E-07)          30          30
   62.0000000       90000.000000000000      ( -1.96886688E-07, -6.84339852E-07)          31          31
   64.0000000       90000.000000000000      ( -6.33755377E-08, -6.49290484E-07)          32          32
   66.0000000       90000.000000000000      (  7.14583734E-08, -5.79799973E-07)          33          33
   68.0000000       90000.000000000000      (  1.91440577E-07, -4.76702525E-07)          34          34
   70.0000000       90000.000000000000      (  2.81860508E-07, -3.45721190E-07)          35          35
   72.0000000       90000.000000000000      (  3.30662175E-07, -1.95745059E-07)          36          36
   74.0000000       90000.000000000000      (  3.29741681E-07, -3.93888371E-08)          37          37
   76.0000000       90000.000000000000      (  2.76295168E-07,  1.09000958E-07)          38          38
   78.0000000       90000.000000000000      (  1.72487546E-07,  2.35010390E-07)          39          39
   80.0000000       90000.000000000000      (  2.66110796E-08,  3.25283025E-07)          40          40
   82.0000000       90000.000000000000      ( -1.49150708E-07,  3.70124411E-07)          41          41
   84.0000000       90000.000000000000      ( -3.37971301E-07,  3.64279884E-07)          42          42
   86.0000000       90000.000000000000      ( -5.22165010E-07,  3.08843966E-07)          43          43
   88.0000000       90000.000000000000      ( -6.82868460E-07,  2.10234134E-07)          44          44
   90.0000000       90000.000000000000      ( -8.04437150E-07,  8.18031793E-08)          45          45
   92.0000000       90000.000000000000      ( -8.73887188E-07, -5.98286789E-08)          46          46
   94.0000000       90000.000000000000      ( -8.84814312E-07, -1.94322467E-07)          47          47
   96.0000000       90000.000000000000      ( -8.35795106E-07, -3.02016758E-07)          48          48
   98.0000000       90000.000000000000      ( -7.32609749E-07, -3.64596872E-07)          49          49
   100.000000       90000.000000000000      ( -5.85670477E-07, -3.69459940E-07)          50          50
   2.00000000       90000.000000000000      ( -1.41485257E-09,  1.90379680E-07)           1           1
   4.00000000       90000.000000000000      ( -3.99320355E-09,  3.75938242E-07)           2           2
   6.00000000       90000.000000000000      ( -9.13829723E-09,  5.51691983E-07)           3           3
   8.00000000       90000.000000000000      ( -1.72234103E-08,  7.12351095E-07)           4           4
   10.0000000       90000.000000000000      ( -2.93396827E-08,  8.53955896E-07)           5           5
   12.0000000       90000.000000000000      ( -4.52132909E-08,  9.71178338E-07)           6           6
   14.0000000       90000.000000000000      ( -6.57008314E-08,  1.06146501E-06)           7           7
   16.0000000       90000.000000000000      ( -8.98110244E-08,  1.12136763E-06)           8           8
   18.0000000       90000.000000000000      ( -1.18364511E-07,  1.15000501E-06)           9           9
   20.0000000       90000.000000000000      ( -1.49967391E-07,  1.14610054E-06)          10          10
   22.0000000       90000.000000000000      ( -1.84930926E-07,  1.11164718E-06)          11          11
   24.0000000       90000.000000000000      ( -2.21499704E-07,  1.04740775E-06)          12          12
   26.0000000       90000.000000000000      ( -2.59210594E-07,  9.57598331E-07)          13          13
   28.0000000       90000.000000000000      ( -2.95598056E-07,  8.45794659E-07)          14          14
   30.0000000       90000.000000000000      ( -3.29433220E-07,  7.17485875E-07)          15          15
   32.0000000       90000.000000000000      ( -3.58024380E-07,  5.78141623E-07)          16          16
   34.0000000       90000.000000000000      ( -3.79635139E-07,  4.34659484E-07)          17          17
   36.0000000       90000.000000000000      ( -3.92316537E-07,  2.93157854E-07)          18          18
   38.0000000       90000.000000000000      ( -3.94669172E-07,  1.60333485E-07)          19          19
   40.0000000       90000.000000000000      ( -3.85891639E-07,  4.26603357E-08)          20          20
   42.0000000       90000.000000000000      ( -3.65449864E-07, -5.50753327E-08)          21          21
   44.0000000       90000.000000000000      ( -3.33880934E-07, -1.27829964E-07)          22          22
   46.0000000       90000.000000000000      ( -2.91118369E-07, -1.72928509E-07)          23          23
   48.0000000       90000.000000000000      ( -2.38800510E-07, -1.88159717E-07)          24          24
   50.0000000       90000.000000000000      ( -1.77173860E-07, -1.74073435E-07)          25          25
   52.0000000       90000.000000000000      ( -1.08361093E-07, -1.30909243E-07)          26          26
   54.0000000       90000.000000000000      ( -3.30243992E-08, -6.28854337E-08)          27          27
   56.0000000       90000.000000000000      (  4.63002294E-08,  2.67740994E-08)          28          28
   58.0000000       90000.000000000000      (  1.28772413E-07,  1.31599677E-07)          29          29
   60.0000000       90000.000000000000      (  2.11525077E-07,  2.45598073E-07)          30          30
   62.0000000       90000.000000000000      (  2.93519747E-07,  3.60699630E-07)          31          31
   64.0000000       90000.000000000000      (  3.72198116E-07,  4.70312898E-07)          32          32
   66.0000000       90000.000000000000      (  4.46343989E-07,  5.66167671E-07)          33          33
   68.0000000       90000.000000000000      (  5.13860812E-07,  6.42249915E-07)          34          34
   70.0000000       90000.000000000000      (  5.73640818E-07,  6.92787467E-07)          35          35
   72.0000000       90000.000000000000      (  6.23978394E-07,  7.13437373E-07)          36          36
   74.0000000       90000.000000000000      (  6.63696028E-07,  7.01622866E-07)          37          37
   76.0000000       90000.000000000000      (  6.91797482E-07,  6.56327188E-07)          38          38
   78.0000000       90000.000000000000      (  7.07014806E-07,  5.78256902E-07)          39          39
   80.0000000       90000.000000000000      (  7.09161952E-07,  4.69372765E-07)          40          40
   82.0000000       90000.000000000000      (  6.97438509E-07,  3.34475203E-07)          41          41
   84.0000000       90000.000000000000      (  6.72439683E-07,  1.77996739E-07)          42          42
   86.0000000       90000.000000000000      (  6.33840727E-07,  7.71808484E-09)          43          43
   88.0000000       90000.000000000000      (  5.83145606E-07, -1.69335678E-07)          44          44
   90.0000000       90000.000000000000      (  5.20284345E-07, -3.44098083E-07)          45          45
   92.0000000       90000.000000000000      (  4.47345826E-07, -5.09106201E-07)          46          46
   94.0000000       90000.000000000000      (  3.64914513E-07, -6.55250915E-07)          47          47
   96.0000000       90000.000000000000      (  2.75506778E-07, -7.76834668E-07)          48          48
   98.0000000       90000.000000000000      (  1.80485486E-07, -8.67271012E-07)          49          49
   100.000000       90000.000000000000      (  8.30334770E-08, -9.23159973E-07)          50          50
  >>> Estimated serial Inversion time:        571.7 secs.
 retuned point   55.2754021       302.171753       16.3245583    
 retuned value   3.98992064E-13
 retuned point   55.7257690       302.254120       16.1227684    
 retuned value   4.34401755E-13
 retuned point   49.8642120       252.520020       48.1927872    
 retuned value   4.08170481E-15
 retuned point   46.9549789       228.051819       66.2729416    
 retuned value   1.88352318E-13
 retuned point   52.4930229       278.901978       29.8200741    
 retuned value   1.47374327E-13
 retuned point   47.8478165       239.538696       57.2937698    
 retuned value   4.27019666E-14
 retuned point   49.4784012       251.149307       48.9442101    
 retuned value   2.10591767E-15
 retuned point   50.4276810       259.521912       42.8427925    
 retuned value   4.49798381E-14
 retuned point   52.9947929       282.833984       27.5712757    
 retuned value   1.44576544E-13
  Population          10
 retuned point   50.0133781       257.261261       44.2580719    
 retuned value   3.09150627E-14

   best of all energy   7.17929032E-15
  best-of all      deviation  
   1    49.331           -0.169
   2   249.197           -0.803
   3    50.110            0.110
 local fit   2.10591767E-15
   1    49.478           -0.022
   2   251.149            1.149
   3    48.944           -1.056

 Forward  modelling calls:   20263
 Inversion, time:      583.210 secs.
