 WINsun                                                                         
 pl D X E          ! options: plot, dB-sc
  plot of best model and the initial model
 inversion  on a dB scale
 inversion reading real data
  cost function (|a|-|b|)^2, no offset correc.
 Using EOF.... 
                    1 2 3 4 5 6 7 8 9 0 1 2 3 4 5 6 7 8 9
                    0 1 2 3 4 5 6 7 8 9 0
 Options:           2 2 2 0 3 0 1 0 0 1 0 1 0 1 0 0 1 0 0 0 0 0 0 0 0 0 0 0 0 2 0 0 0 0 0 0 0 0 0 0
 Options (norm):    0 0 2 0 0 0 0 0 0 0 0 0 0 0 0 0 0 0 0 0 0 0 0 0 0 0 0 0 0 0 0 0 0 0 0 0 0 0 0 0
 Options (isubopt): 0 0 0 0 0 0 0 0 0 0 0 0 0 0 0 0 0 0 0 0 0 0 0 0 0 0 0 0 0 0 0 0 0 0 0 0 0 0 0 0
  Number of forward modelling runs:       15000
  >>>> unknown snap OPTION: c <<<<
  Points in water:          14
  Points in water:          14
  Points in water:          14
  Points in water:          14
  Points in water:          14
  Points in water:          14
  Points in water:          14
 number of receiver depths read           4
  reading ranges in....
 rng1,rng2   3.000000       17500.00    
  ncurv=          16 nbart=           0

 The EOF are
       physparm layer  ... shape functions
   1   3  1  1    1.00  0.00  0.00  0.00  0.00  0.00
   2   3  1  2    1.00  0.00  0.00  0.00  0.00  0.00
   3   3  1  3    1.00  0.00  0.00  0.00  0.00  0.00
   4   3  1  4    1.00  0.00  0.00  0.00  0.00  0.00
   5   3  1  5    1.00  0.00  0.00  0.00  0.00  0.00
   6   3  1  6    1.00  0.00  0.00  0.00  0.00  0.00
   7   3  1  7    1.00  0.00  0.00  0.00  0.00  0.00
   8   3  2  1    1.00  1.00  0.00  0.00  0.00  0.00
   9   3  2  2    1.00  1.00  0.00  0.00  0.00  0.00
  10   3  2  3    1.00  1.00  0.00  0.00  0.00  0.00
  11   3  2  4    1.00  1.00  0.00  0.00  0.00  0.00
  12   3  2  5    1.00  1.00  0.00  0.00  0.00  0.00
  13   3  2  6    1.00  1.00  0.00  0.00  0.00  0.00
  14   3  2  7    1.00  1.00  0.00  0.00  0.00  0.00
  15   3  3  1    1.00  1.00  1.00  0.00  0.00  0.00
  16   3  3  2    1.00  1.00  1.00  0.00  0.00  0.00
  17   3  3  3    1.00  1.00  1.00  0.00  0.00  0.00
  18   3  3  4    1.00  1.00  1.00  0.00  0.00  0.00
  19   3  3  5    1.00  1.00  1.00  0.00  0.00  0.00
  20   3  3  6    1.00  1.00  1.00  0.00  0.00  0.00
  21   3  3  7    1.00  1.00  1.00  0.00  0.00  0.00
  22   3  4  1    1.00  1.00  1.00  1.00  0.00  0.00
  23   3  4  2    1.00  1.00  1.00  1.00  0.00  0.00
  24   3  4  3    1.00  1.00  1.00  1.00  0.00  0.00
  25   3  4  4    1.00  1.00  1.00  1.00  0.00  0.00
  26   3  4  5    1.00  1.00  1.00  1.00  0.00  0.00
  27   3  4  6    1.00  1.00  1.00  1.00  0.00  0.00
  28   3  4  7    1.00  1.00  1.00  1.00  0.00  0.00
  29  12  1  1    1.00  1.00  1.00  1.00  1.00  0.00
  30  12  1  2    1.00  1.00  1.00  1.00  1.00  0.00
  31  12  1  3    1.00  1.00  1.00  1.00  1.00  0.00
  32  12  1  4    1.00  1.00  1.00  1.00  1.00  0.00
  33  12  1  5    1.00  1.00  1.00  1.00  1.00  0.00
  34  12  1  6    1.00  1.00  1.00  1.00  1.00  0.00
  35  12  1  7    1.00  1.00  1.00  1.00  1.00  0.00
  36   4  1  1    0.00  0.00  0.00  0.00  0.00  1.00
  37   4  1  2    0.00  0.00  0.00  0.00  0.00  1.00
  38   4  1  3    0.00  0.00  0.00  0.00  0.00  1.00
  39   4  1  4    0.00  0.00  0.00  0.00  0.00  1.00
  40   4  1  5    0.00  0.00  0.00  0.00  0.00  1.00
  41   4  1  6    0.00  0.00  0.00  0.00  0.00  1.00
  42   4  1  7    0.00  0.00  0.00  0.00  0.00  1.00
  The starting values of the EOF amplitudes are:
   1485.00     30.00     30.00     30.00    350.00      0.25
 
 
  parameters to be optimized:
                   physparm     layer  min.val  max.val   del.val   nbit  ndig
  1 Shape coefficient       11   1   1   1490.00   1550.00      0.47    7  128
  2 Shape coefficient       11   2   1     20.00    100.00      0.63    7  128
  3 Shape coefficient       11   3   1     20.00     50.00      0.24    7  128
  4 Shape coefficient       11   4   1     20.00     50.00      0.24    7  128
  5 Shape coefficient       11   5   1    200.00    500.00      2.36    7  128
  6 Shape coefficient       11   6   1      0.05      0.40      0.00    7  128
