TPEM optimizing for the tri-linear profiles (fig 6)                             
  A W D N  p         ! options           
 Adding the input values to PPD-plot 
 Observed data written out to unit 30 
 inversion reading real data
 Cost based on |a-b|^2
  plot of best model and the initial model
          1 2 3 4 5 6 7 8 9 0 1 2 3 4 5 6 7 8 9 0 1 2 3 4 5 6 7 8 9 0
 Options: 2 2 0 0 0 0 1 0 0 1 0 1 0 1 0 0 0 0 1 0 1 0 0 0 0 0 0 0 0 6 0 0 0 0 0 0 0 0 0 0
 Options (norm): 0 0 0 0 0 0 0 0 0 0 0 0 0 0 0 0 0 0 0 0 0 0 0 0 0 0 0 0 0 0 0 0 0 0 0 0 0 0 0 0
  Number of forward modelling runs:   10000.00
 Using clutter power
 Tpem options:   0  0  0  1  0  0  0
options for TPEM 
c                 ! tpem options        
 rng1,rng2    10800.0    60000.0
 
  parameters to be optimized:
                   physparm     layer  min.val  max.val   del.val   nbit  ndig
  1 M-defecit (M-units)     15   1   1     50.00     50.00      0.00    7  128
 Size of the search space: 10**  2.11
 
  Calling TPEM
  flagpu   -1.00000
  Frequency     2850.00
  antenna height     30.7800
  antenna pattern   2
  antenna bwidth    0.400000
  antenna elevation   0.
  min height     1.0000000000000
  max height     1.0000000000000
  max range     60000.000000000
 profile at range:  0.
   0.    333.780
     7.45850E-02    330.000
    0.236372    329.320
    0.447416    328.950
    0.692567    328.720
    0.963808    328.550
     1.25605    328.430
     1.56597    328.330
     1.89104    328.260
     2.22943    328.200
     2.57967    328.150
     2.94062    328.120
     3.31129    328.090
     3.69085    328.070
     4.07868    328.060
     4.47416    328.050
     4.87680    328.050
     5.18763    327.990
     5.32778    327.970
     5.39020    327.950
     5.49844    327.930
     6.06067    327.830
     6.12008    327.810
     7.01040    327.640
     7.24452    327.520
     9.61223    326.300
     9.95260    326.120
     14.3371    323.850
     15.7591    323.120
     15.8496    323.070
     19.6751    320.410
     25.2984    316.510
     29.8704    315.220
     29.8951    315.200
     31.0352    314.210
     31.3944    313.900
     34.7472    309.730
     35.4166    309.300
     35.8349    309.040
     36.2533    308.770
     36.3786    308.690
     36.8705    308.380
     36.8808    308.380
     40.5948    308.640
     47.9466    309.150
     51.2064    309.380
     56.2017    309.990
     57.0989    310.100
     57.6643    310.170
     59.8424    310.430
     61.0769    310.590
     62.2745    310.730
     62.9967    310.820
     63.3520    310.860
     64.6176    311.020
     65.4645    310.980
     67.3608    310.880
     67.4502    310.870
     69.2404    310.560
     71.0101    310.250
     71.3837    310.190
     73.0400    309.900
     76.3524    309.330
     76.5048    309.300
     81.3816    310.050
     81.4324    310.020
     85.0392    308.180
     85.5540    308.060
     86.0044    307.960
     86.2584    307.900
     87.4776    308.180
     87.7718    308.370
     90.2208    309.960
     91.7448    310.420
     93.8451    309.810
     96.2753    309.100
     97.2312    308.820
     98.3409    308.790
     99.0734    308.770
    104.2416    308.650
     116.434    309.520
     123.425    310.480
     127.705    311.070
     128.626    311.200
     130.410    311.150
     135.595    311.010
     135.595    311.010
     138.074    310.940
     161.038    315.170
     170.688    316.950
     175.071    317.440
     175.276    317.460
     186.743    318.740
     199.949    320.220
     201.915    320.510
     209.599    321.660
     255.118    328.420
     282.550    331.760
     297.180    333.980
     303.581    334.470
     304.800    334.670
 Finished with profile  101
 profile at range:    3704.00
   0.    333.780
     7.45850E-02    330.000
    0.236372    329.320
    0.447416    328.950
    0.692567    328.720
    0.963808    328.550
     1.25605    328.430
     1.56597    328.330
     1.89104    328.260
     2.22943    328.200
     2.57967    328.150
     2.94062    328.120
     3.31129    328.090
     3.69085    328.070
     4.07868    328.060
     4.47416    328.050
     4.87680    328.050
     5.18763    327.990
     5.32778    327.970
     5.39020    327.950
     5.49844    327.930
     6.06067    327.830
     6.12008    327.810
     7.01040    327.640
     7.24452    327.520
     9.61223    326.300
     9.95260    326.120
     14.3371    323.850
     15.7591    323.120
     15.8496    323.070
     19.6751    320.410
     25.2984    316.510
     29.8704    315.220
     29.8951    315.200
     31.0352    314.210
     31.3944    313.900
     34.7472    309.730
     35.4166    309.300
     35.8349    309.040
     36.2533    308.770
     36.3786    308.690
     36.8705    308.380
     36.8808    308.380
     40.5948    308.640
     47.9466    309.150
     51.2064    309.380
     56.2017    309.990
     57.0989    310.100
     57.6643    310.170
     59.8424    310.430
     61.0769    310.590
     62.2745    310.730
     62.9967    310.820
     63.3520    310.860
     64.6176    311.020
     65.4645    310.980
     67.3608    310.880
     67.4502    310.870
     69.2404    310.560
     71.0101    310.250
     71.3837    310.190
     73.0400    309.900
     76.3524    309.330
     76.5048    309.300
     81.3816    310.050
     81.4324    310.020
     85.0392    308.180
     85.5540    308.060
     86.0044    307.960
     86.2584    307.900
     87.4776    308.180
     87.7718    308.370
     90.2208    309.960
     91.7448    310.420
     93.8451    309.810
     96.2753    309.100
     97.2312    308.820
     98.3409    308.790
     99.0734    308.770
    104.2416    308.650
     116.434    309.520
     123.425    310.480
     127.705    311.070
     128.626    311.200
     130.410    311.150
     135.595    311.010
     135.595    311.010
     138.074    310.940
     161.038    315.170
     170.688    316.950
     175.071    317.440
     175.276    317.460
     186.743    318.740
     199.949    320.220
     201.915    320.510
     209.599    321.660
     255.118    328.420
     282.550    331.760
     297.180    333.980
     303.581    334.470
     304.800    334.670
 Finished with profile  101
 profile at range:    5556.00
   0.    333.780
     7.45850E-02    330.000
    0.236372    329.320
    0.447416    328.950
    0.692567    328.720
    0.963808    328.550
     1.25605    328.430
     1.56597    328.330
     1.89104    328.260
     2.22943    328.200
     2.57967    328.150
     2.94062    328.120
     3.31129    328.090
     3.69085    328.070
     4.07868    328.060
     4.47416    328.050
     4.87680    328.050
     5.18763    327.990
     5.32778    327.970
     5.39020    327.950
     5.49844    327.930
     6.06067    327.830
     6.12008    327.810
     7.01040    327.640
     7.24452    327.520
     9.61223    326.300
     9.95260    326.120
     14.3371    323.850
     15.7591    323.120
     15.8496    323.070
     19.6751    320.410
     25.2984    316.510
     29.8704    315.220
     29.8951    315.200
     31.0352    314.210
     31.3944    313.900
     34.7472    309.730
     35.4166    309.300
     35.8349    309.040
     36.2533    308.770
     36.3786    308.690
     36.8705    308.380
     36.8808    308.380
     40.5948    308.640
     47.9466    309.150
     51.2064    309.380
     56.2017    309.990
     57.0989    310.100
     57.6643    310.170
     59.8424    310.430
     61.0769    310.590
     62.2745    310.730
     62.9967    310.820
     63.3520    310.860
     64.6176    311.020
     65.4645    310.980
     67.3608    310.880
     67.4502    310.870
     69.2404    310.560
     71.0101    310.250
     71.3837    310.190
     73.0400    309.900
     76.3524    309.330
     76.5048    309.300
     81.3816    310.050
     81.4324    310.020
     85.0392    308.180
     85.5540    308.060
     86.0044    307.960
     86.2584    307.900
     87.4776    308.180
     87.7718    308.370
     90.2208    309.960
     91.7448    310.420
     93.8451    309.810
     96.2753    309.100
     97.2312    308.820
     98.3409    308.790
     99.0734    308.770
    104.2416    308.650
     116.434    309.520
     123.425    310.480
     127.705    311.070
     128.626    311.200
     130.410    311.150
     135.595    311.010
     135.595    311.010
     138.074    310.940
     161.038    315.170
     170.688    316.950
     175.071    317.440
     175.276    317.460
     186.743    318.740
     199.949    320.220
     201.915    320.510
     209.599    321.660
     255.118    328.420
     282.550    331.760
     297.180    333.980
     303.581    334.470
     304.800    334.670
 Finished with profile  101
 profile at range:    7408.00
   0.    333.780
     7.45850E-02    330.000
    0.236372    329.320
    0.447416    328.950
    0.692567    328.720
    0.963808    328.550
     1.25605    328.430
     1.56597    328.330
     1.89104    328.260
     2.22943    328.200
     2.57967    328.150
     2.94062    328.120
     3.31129    328.090
     3.69085    328.070
     4.07868    328.060
     4.47416    328.050
     4.87680    328.050
     5.18763    327.990
     5.32778    327.970
     5.39020    327.950
     5.49844    327.930
     6.06067    327.830
     6.12008    327.810
     7.01040    327.640
     7.24452    327.520
     9.61223    326.300
     9.95260    326.120
     14.3371    323.850
     15.7591    323.120
     15.8496    323.070
     19.6751    320.410
     25.2984    316.510
     29.8704    315.220
     29.8951    315.200
     31.0352    314.210
     31.3944    313.900
     34.7472    309.730
     35.4166    309.300
     35.8349    309.040
     36.2533    308.770
     36.3786    308.690
     36.8705    308.380
     36.8808    308.380
     40.5948    308.640
     47.9466    309.150
     51.2064    309.380
     56.2017    309.990
     57.0989    310.100
     57.6643    310.170
     59.8424    310.430
     61.0769    310.590
     62.2745    310.730
     62.9967    310.820
     63.3520    310.860
     64.6176    311.020
     65.4645    310.980
     67.3608    310.880
     67.4502    310.870
     69.2404    310.560
     71.0101    310.250
     71.3837    310.190
     73.0400    309.900
     76.3524    309.330
     76.5048    309.300
     81.3816    310.050
     81.4324    310.020
     85.0392    308.180
     85.5540    308.060
     86.0044    307.960
     86.2584    307.900
     87.4776    308.180
     87.7718    308.370
     90.2208    309.960
     91.7448    310.420
     93.8451    309.810
     96.2753    309.100
     97.2312    308.820
     98.3409    308.790
     99.0734    308.770
    104.2416    308.650
     116.434    309.520
     123.425    310.480
     127.705    311.070
     128.626    311.200
     130.410    311.150
     135.595    311.010
     135.595    311.010
     138.074    310.940
     161.038    315.170
     170.688    316.950
     175.071    317.440
     175.276    317.460
     186.743    318.740
     199.949    320.220
     201.915    320.510
     209.599    321.660
     255.118    328.420
     282.550    331.760
     297.180    333.980
     303.581    334.470
     304.800    334.670
 Finished with profile  101
 profile at range:    9260.00
   0.    333.780
     7.45850E-02    330.000
    0.236372    329.320
    0.447416    328.950
    0.692567    328.720
    0.963808    328.550
     1.25605    328.430
     1.56597    328.330
     1.89104    328.260
     2.22943    328.200
     2.57967    328.150
     2.94062    328.120
     3.31129    328.090
     3.69085    328.070
     4.07868    328.060
     4.47416    328.050
     4.87680    328.050
     5.18763    327.990
     5.32778    327.970
     5.39020    327.950
     5.49844    327.930
     6.06067    327.830
     6.12008    327.810
     7.01040    327.640
     7.24452    327.520
     9.61223    326.300
     9.95260    326.120
     14.3371    323.850
     15.7591    323.120
     15.8496    323.070
     19.6751    320.410
     25.2984    316.510
     29.8704    315.220
     29.8951    315.200
     31.0352    314.210
     31.3944    313.900
     34.7472    309.730
     35.4166    309.300
     35.8349    309.040
     36.2533    308.770
     36.3786    308.690
     36.8705    308.380
     36.8808    308.380
     40.5948    308.640
     47.9466    309.150
     51.2064    309.380
     56.2017    309.990
     57.0989    310.100
     57.6643    310.170
     59.8424    310.430
     61.0769    310.590
     62.2745    310.730
     62.9967    310.820
     63.3520    310.860
     64.6176    311.020
     65.4645    310.980
     67.3608    310.880
     67.4502    310.870
     69.2404    310.560
     71.0101    310.250
     71.3837    310.190
     73.0400    309.900
     76.3524    309.330
     76.5048    309.300
     81.3816    310.050
     81.4324    310.020
     85.0392    308.180
     85.5540    308.060
     86.0044    307.960
     86.2584    307.900
     87.4776    308.180
     87.7718    308.370
     90.2208    309.960
     91.7448    310.420
     93.8451    309.810
     96.2753    309.100
     97.2312    308.820
     98.3409    308.790
     99.0734    308.770
    104.2416    308.650
     116.434    309.520
     123.425    310.480
     127.705    311.070
     128.626    311.200
     130.410    311.150
     135.595    311.010
     135.595    311.010
     138.074    310.940
     161.038    315.170
     170.688    316.950
     175.071    317.440
     175.276    317.460
     186.743    318.740
     199.949    320.220
     201.915    320.510
     209.599    321.660
     255.118    328.420
     282.550    331.760
     297.180    333.980
     303.581    334.470
     304.800    334.670
 Finished with profile  101
 profile at range:    11112.0
   0.    333.780
     7.45850E-02    330.000
    0.236372    329.320
    0.447416    328.950
    0.692567    328.720
    0.963808    328.550
     1.25605    328.430
     1.56597    328.330
     1.89104    328.260
     2.22943    328.200
     2.57967    328.150
     2.94062    328.120
     3.31129    328.090
     3.69085    328.070
     4.07868    328.060
     4.47416    328.050
     4.87680    328.050
     5.18763    327.990
     5.32778    327.970
     5.39020    327.950
     5.49844    327.930
     6.06067    327.830
     6.12008    327.810
     7.01040    327.640
     7.24452    327.520
     9.61223    326.300
     9.95260    326.120
     14.3371    323.850
     15.7591    323.120
     15.8496    323.070
     19.6751    320.410
     25.2984    316.510
     29.8704    315.220
     29.8951    315.200
     31.0352    314.210
     31.3944    313.900
     34.7472    309.730
     35.4166    309.300
     35.8349    309.040
     36.2533    308.770
     36.3786    308.690
     36.8705    308.380
     36.8808    308.380
     40.5948    308.640
     47.9466    309.150
     51.2064    309.380
     56.2017    309.990
     57.0989    310.100
     57.6643    310.170
     59.8424    310.430
     61.0769    310.590
     62.2745    310.730
     62.9967    310.820
     63.3520    310.860
     64.6176    311.020
     65.4645    310.980
     67.3608    310.880
     67.4502    310.870
     69.2404    310.560
     71.0101    310.250
     71.3837    310.190
     73.0400    309.900
     76.3524    309.330
     76.5048    309.300
     81.3816    310.050
     81.4324    310.020
     85.0392    308.180
     85.5540    308.060
     86.0044    307.960
     86.2584    307.900
     87.4776    308.180
     87.7718    308.370
     90.2208    309.960
     91.7448    310.420
     93.8451    309.810
     96.2753    309.100
     97.2312    308.820
     98.3409    308.790
     99.0734    308.770
    104.2416    308.650
     116.434    309.520
     123.425    310.480
     127.705    311.070
     128.626    311.200
     130.410    311.150
     135.595    311.010
     135.595    311.010
     138.074    310.940
     161.038    315.170
     170.688    316.950
     175.071    317.440
     175.276    317.460
     186.743    318.740
     199.949    320.220
     201.915    320.510
     209.599    321.660
     255.118    328.420
     282.550    331.760
     297.180    333.980
     303.581    334.470
     304.800    334.670
 Finished with profile  101
 profile at range:    12964.0
   0.    333.780
     7.45850E-02    330.000
    0.236372    329.320
    0.447416    328.950
    0.692567    328.720
    0.963808    328.550
     1.25605    328.430
     1.56597    328.330
     1.89104    328.260
     2.22943    328.200
     2.57967    328.150
     2.94062    328.120
     3.31129    328.090
     3.69085    328.070
     4.07868    328.060
     4.47416    328.050
     4.87680    328.050
     5.18763    327.990
     5.32778    327.970
     5.39020    327.950
     5.49844    327.930
     6.06067    327.830
     6.12008    327.810
     7.01040    327.640
     7.24452    327.520
     9.61223    326.300
     9.95260    326.120
     14.3371    323.850
     15.7591    323.120
     15.8496    323.070
     19.6751    320.410
     25.2984    316.510
     29.8704    315.220
     29.8951    315.200
     31.0352    314.210
     31.3944    313.900
     34.7472    309.730
     35.4166    309.300
     35.8349    309.040
     36.2533    308.770
     36.3786    308.690
     36.8705    308.380
     36.8808    308.380
     40.5948    308.640
     47.9466    309.150
     51.2064    309.380
     56.2017    309.990
     57.0989    310.100
     57.6643    310.170
     59.8424    310.430
     61.0769    310.590
     62.2745    310.730
     62.9967    310.820
     63.3520    310.860
     64.6176    311.020
     65.4645    310.980
     67.3608    310.880
     67.4502    310.870
     69.2404    310.560
     71.0101    310.250
     71.3837    310.190
     73.0400    309.900
     76.3524    309.330
     76.5048    309.300
     81.3816    310.050
     81.4324    310.020
     85.0392    308.180
     85.5540    308.060
     86.0044    307.960
     86.2584    307.900
     87.4776    308.180
     87.7718    308.370
     90.2208    309.960
     91.7448    310.420
     93.8451    309.810
     96.2753    309.100
     97.2312    308.820
     98.3409    308.790
     99.0734    308.770
    104.2416    308.650
     116.434    309.520
     123.425    310.480
     127.705    311.070
     128.626    311.200
     130.410    311.150
     135.595    311.010
     135.595    311.010
     138.074    310.940
     161.038    315.170
     170.688    316.950
     175.071    317.440
     175.276    317.460
     186.743    318.740
     199.949    320.220
     201.915    320.510
     209.599    321.660
     255.118    328.420
     282.550    331.760
     297.180    333.980
     303.581    334.470
     304.800    334.670
 Finished with profile  101
 profile at range:    14816.0
   0.    333.780
     7.45850E-02    330.000
    0.236372    329.320
    0.447416    328.950
    0.692567    328.720
    0.963808    328.550
     1.25605    328.430
     1.56597    328.330
     1.89104    328.260
     2.22943    328.200
     2.57967    328.150
     2.94062    328.120
     3.31129    328.090
     3.69085    328.070
     4.07868    328.060
     4.47416    328.050
     4.87680    328.050
     5.18763    327.990
     5.32778    327.970
     5.39020    327.950
     5.49844    327.930
     6.06067    327.830
     6.12008    327.810
     7.01040    327.640
     7.24452    327.520
     9.61223    326.300
     9.95260    326.120
     14.3371    323.850
     15.7591    323.120
     15.8496    323.070
     19.6751    320.410
     25.2984    316.510
     29.8704    315.220
     29.8951    315.200
     31.0352    314.210
     31.3944    313.900
     34.7472    309.730
     35.4166    309.300
     35.8349    309.040
     36.2533    308.770
     36.3786    308.690
     36.8705    308.380
     36.8808    308.380
     40.5948    308.640
     47.9466    309.150
     51.2064    309.380
     56.2017    309.990
     57.0989    310.100
     57.6643    310.170
     59.8424    310.430
     61.0769    310.590
     62.2745    310.730
     62.9967    310.820
     63.3520    310.860
     64.6176    311.020
     65.4645    310.980
     67.3608    310.880
     67.4502    310.870
     69.2404    310.560
     71.0101    310.250
     71.3837    310.190
     73.0400    309.900
     76.3524    309.330
     76.5048    309.300
     81.3816    310.050
     81.4324    310.020
     85.0392    308.180
     85.5540    308.060
     86.0044    307.960
     86.2584    307.900
     87.4776    308.180
     87.7718    308.370
     90.2208    309.960
     91.7448    310.420
     93.8451    309.810
     96.2753    309.100
     97.2312    308.820
     98.3409    308.790
     99.0734    308.770
    104.2416    308.650
     116.434    309.520
     123.425    310.480
     127.705    311.070
     128.626    311.200
     130.410    311.150
     135.595    311.010
     135.595    311.010
     138.074    310.940
     161.038    315.170
     170.688    316.950
     175.071    317.440
     175.276    317.460
     186.743    318.740
     199.949    320.220
     201.915    320.510
     209.599    321.660
     254.727    328.340
     282.207    331.640
     297.041    333.820
     303.557    334.350
     304.800    334.540
 Finished with profile  101
 profile at range:    16668.0
   0.    333.780
     7.45850E-02    330.000
    0.236372    329.320
    0.447416    328.950
    0.692567    328.720
    0.963808    328.550
     1.25605    328.430
     1.56597    328.330
     1.89104    328.260
     2.22943    328.200
     2.57967    328.150
     2.94062    328.120
     3.31129    328.090
     3.69085    328.070
     4.07868    328.060
     4.47416    328.050
     4.87680    328.050
     5.18763    327.990
     5.32778    327.970
     5.39020    327.950
     5.49844    327.930
     6.06067    327.830
     6.12008    327.810
     7.01040    327.640
     7.24452    327.520
     9.61223    326.300
     9.95260    326.120
     14.3371    323.850
     15.7591    323.120
     15.8496    323.070
     19.6751    320.410
     25.2984    316.510
     29.8704    315.220
     29.8951    315.200
     31.0352    314.210
     31.3944    313.900
     34.7472    309.730
     35.4166    309.300
     35.8349    309.040
     36.2533    308.770
     36.3786    308.690
     36.8705    308.380
     36.8808    308.380
     40.5948    308.640
     47.9466    309.150
     51.2064    309.380
     56.2017    309.990
     57.0989    310.100
     57.6643    310.170
     59.8424    310.430
     61.0769    310.590
     62.2745    310.730
     62.9967    310.820
     63.3520    310.860
     64.6176    311.020
     65.4645    310.980
     67.3608    310.880
     67.4502    310.870
     69.2404    310.560
     71.0101    310.250
     71.3837    310.190
     73.0400    309.900
     76.3524    309.330
     76.5048    309.300
     81.3816    310.050
     81.4324    310.020
     85.0392    308.180
     85.5540    308.060
     86.0044    307.960
     86.2584    307.900
     87.4776    308.180
     87.7718    308.370
     90.2208    309.960
     91.7448    310.420
     93.8451    309.810
     96.2753    309.100
     97.2312    308.820
     98.3409    308.790
     99.0734    308.770
    104.2416    308.650
     116.434    309.520
     123.425    310.480
     127.705    311.070
     128.626    311.200
     130.410    311.150
     135.595    311.010
     135.595    311.010
     138.074    310.940
     161.136    315.280
     170.466    317.030
     174.585    317.470
     174.776    317.490
     185.312    318.680
     197.042    319.990
     198.993    320.280
     206.643    321.430
     253.027    327.990
     281.481    331.400
     296.797    333.540
     303.518    334.140
     304.800    334.330
 Finished with profile  101
 profile at range:    18520.0
   0.    333.780
     7.45850E-02    330.000
    0.236372    329.320
    0.447416    328.950
    0.692567    328.720
    0.963808    328.550
     1.25605    328.430
     1.56597    328.330
     1.89104    328.260
     2.22943    328.200
     2.57967    328.150
     2.94062    328.120
     3.31129    328.090
     3.69085    328.070
     4.07868    328.060
     4.47416    328.050
     4.87680    328.050
     5.18763    327.990
     5.32778    327.970
     5.39020    327.950
     5.49844    327.930
     6.06067    327.830
     6.12008    327.810
     7.01040    327.640
     7.24452    327.520
     9.61223    326.300
     9.95260    326.120
     14.3371    323.850
     15.7591    323.120
     15.8496    323.070
     19.6751    320.410
     25.2984    316.510
     29.8704    315.220
     29.8951    315.200
     31.0352    314.210
     31.3944    313.900
     34.7472    309.730
     35.4166    309.300
     35.8349    309.040
     36.2533    308.770
     36.3786    308.690
     36.8705    308.380
     36.8808    308.380
     40.5948    308.640
     47.9466    309.150
     51.2064    309.380
     56.2017    309.990
     57.0989    310.100
     57.6643    310.170
     59.8424    310.430
     61.0769    310.590
     62.2745    310.730
     62.9967    310.820
     63.3520    310.860
     64.6176    311.020
     65.4645    310.980
     67.3608    310.880
     67.4502    310.870
     69.2404    310.560
     71.0101    310.250
     71.3837    310.190
     73.0400    309.900
     76.3524    309.330
     76.5048    309.300
     81.3816    310.050
     81.4324    310.020
     85.0392    308.180
     85.5540    308.060
     86.0044    307.960
     86.2584    307.900
     87.4776    308.180
     87.7718    308.370
     90.2208    309.960
     91.7448    310.420
     93.8451    309.810
     96.2753    309.100
     97.2312    308.820
     98.3409    308.790
     99.0734    308.770
    104.2416    308.650
     116.434    309.520
     123.531    310.560
     128.091    311.320
     129.084    311.470
     131.119    311.550
     137.240    311.650
     137.240    311.650
     140.205    311.700
     161.760    315.960
     169.921    317.230
     173.524    317.540
     173.691    317.550
     182.910    318.560
     193.170    319.670
     195.188    319.970
     203.101    321.150
     251.327    327.640
     280.756    331.150
     296.553    333.260
     303.480    333.940
     304.800    334.120
 Finished with profile  101
 profile at range:    20372.0
   0.    333.780
     7.45850E-02    330.000
    0.236372    329.320
    0.447416    328.950
    0.692567    328.720
    0.963808    328.550
     1.25605    328.430
     1.56597    328.330
     1.89104    328.260
     2.22943    328.200
     2.57967    328.150
     2.94062    328.120
     3.31129    328.090
     3.69085    328.070
     4.07868    328.060
     4.47416    328.050
     4.87680    328.050
     5.18763    327.990
     5.32778    327.970
     5.39020    327.950
     5.49844    327.930
     6.06067    327.830
     6.12008    327.810
     7.01040    327.640
     7.24452    327.520
     9.61223    326.300
     9.95260    326.120
     14.3371    323.850
     15.7591    323.120
     15.8496    323.070
     19.6751    320.410
     25.2984    316.510
     29.8704    315.220
     29.8951    315.200
     31.0352    314.210
     31.3944    313.900
     34.7472    309.730
     35.4166    309.300
     35.8349    309.040
     36.2533    308.770
     36.3786    308.690
     36.8705    308.380
     36.8808    308.380
     40.5948    308.640
     47.9466    309.150
     51.2064    309.380
     56.2017    309.990
     57.0989    310.100
     57.6643    310.170
     59.8424    310.430
     61.0769    310.590
     62.2745    310.730
     62.9967    310.820
     63.3520    310.860
     64.6176    311.020
     65.4645    310.980
     67.3608    310.880
     67.4502    310.870
     69.2404    310.560
     71.0101    310.250
     71.3956    310.190
     73.1763    309.940
     76.7601    309.460
     76.9258    309.440
     82.2880    310.390
     82.3416    310.370
     86.1505    308.700
     86.6836    308.590
     87.1502    308.500
     87.4129    308.450
     88.7073    308.760
     89.0139    308.940
     91.5687    310.460
     93.2240    310.960
     95.5161    310.530
     98.1790    310.000
     99.2282    309.810
    100.4947    309.860
    101.3356    309.880
     107.294    309.980
     117.964    310.830
     125.862    312.200
     130.792    313.050
     131.884    313.170
     134.089    313.220
     140.840    313.060
     140.840    313.060
     144.003    313.050
     162.384    316.640
     169.376    317.430
     172.464    317.600
     172.607    317.620
     180.508    318.440
     189.299    319.360
     191.383    319.670
     199.559    320.880
     249.626    327.290
     280.030    330.900
     296.309    332.980
     303.441    333.730
     304.800    333.910
 Finished with profile  101
 profile at range:    22224.0
   0.    333.780
     7.45850E-02    330.000
    0.236372    329.320
    0.447416    328.950
    0.692567    328.720
    0.963808    328.550
     1.25605    328.430
     1.56597    328.330
     1.89104    328.260
     2.22943    328.200
     2.57967    328.150
     2.94062    328.120
     3.31129    328.090
     3.69085    328.070
     4.07868    328.060
     4.47416    328.050
     4.87680    328.050
     5.18763    327.990
     5.32778    327.970
     5.39020    327.950
     5.49844    327.930
     6.06067    327.830
     6.12008    327.810
     7.01040    327.640
     7.24452    327.520
     9.61223    326.300
     9.95260    326.120
     14.3371    323.850
     15.7592    323.120
     15.8497    323.070
     19.6797    320.510
     25.3146    316.720
     29.8791    315.630
     29.9037    315.610
     31.0382    314.680
     31.3955    314.380
     34.7266    310.420
     35.7022    309.870
     36.3243    309.350
     36.9543    308.880
     37.1465    308.770
     37.9117    308.330
     37.9278    308.320
     41.6883    308.530
     49.0062    309.010
     52.1884    309.220
     57.4922    309.950
     58.4493    310.080
     59.0533    310.170
     61.3851    310.500
     62.7145    310.670
     64.0072    310.840
     64.7882    310.940
     65.1727    310.990
     66.5450    311.170
     67.4728    311.170
     69.5563    311.190
     69.6557    311.180
     71.6499    311.040
     73.6305    310.860
     74.0498    310.820
     75.9130    310.660
     79.6627    310.370
     79.8363    310.370
     85.4489    311.590
     85.5058    311.580
     89.5143    310.280
     90.0794    310.190
     90.5741    310.110
     90.8512    310.080
     92.1790    310.380
     92.4953    310.540
     95.1316    311.810
     96.8207    312.270
     99.1574    312.100
    101.8824    311.770
    102.9563    311.650
    104.2376    311.720
    105.0954    311.720
     111.173    311.670
     119.691    312.320
     128.194    313.830
     133.493    314.790
     134.684    314.860
     137.059    314.900
     144.440    314.470
     144.440    314.470
     147.800    314.400
     163.008    317.320
     168.832    317.630
     171.403    317.660
     171.523    317.680
     178.105    318.330
     185.427    319.050
     187.578    319.360
     196.017    320.600
     247.926    326.940
     279.304    330.650
     296.065    332.700
     303.402    333.530
     304.800    333.700
 Finished with profile  101
 profile at range:    24076.0
   0.    333.780
     7.45850E-02    330.000
    0.236372    329.320
    0.447416    328.960
    0.692567    328.720
    0.963808    328.560
     1.25605    328.430
     1.56597    328.340
     1.89104    328.260
     2.22943    328.200
     2.57967    328.160
     2.94062    328.120
     3.31129    328.100
     3.69085    328.080
     4.07868    328.070
     4.47416    328.060
     4.87680    328.060
     5.18913    328.000
     5.33001    327.970
     5.39270    327.960
     5.50149    327.940
     6.06646    327.830
     6.12621    327.810
     7.02092    327.550
     7.25622    327.420
     9.63683    326.250
     9.97912    326.080
     14.3904    323.960
     15.8219    323.270
     15.9130    323.230
     19.7654    320.840
     25.4385    316.960
     29.9128    315.830
     29.9369    315.810
     31.0492    315.010
     31.3995    314.730
     34.6631    311.150
     36.5712    310.210
     37.7994    308.890
     39.0485    307.790
     39.4341    307.590
     40.9808    306.780
     41.0136    306.760
     44.3754    306.890
     50.9656    307.360
     53.8248    307.570
     59.3703    308.500
     60.3710    308.670
     61.0025    308.780
     63.4407    309.200
     64.8357    309.390
     66.1924    309.580
     67.0123    309.690
     67.4160    309.750
     68.8569    309.950
     69.8286    310.010
     72.0111    310.130
     72.1149    310.140
     74.1973    310.150
     76.2660    310.070
     76.7039    310.060
     78.6497    309.990
     82.5651    309.890
     82.7468    309.910
     88.6097    311.390
     88.6699    311.390
     92.8782    310.470
     93.4752    310.400
     93.9979    310.340
     94.2895    310.320
     95.6508    310.620
     95.9768    310.750
     98.6944    311.760
    100.4174    312.180
    102.7987    312.270
     105.586    312.150
     106.684    312.110
     107.981    312.180
     108.855    312.160
     115.052    311.970
     121.419    312.410
     130.525    314.080
     136.194    315.130
     137.484    315.170
     140.029    315.190
     148.040    314.480
     148.040    314.480
     151.597    314.360
     163.632    316.610
     168.297    316.440
     170.476    316.390
     170.576    316.400
     176.210    316.980
     182.681    317.660
     185.024    318.030
     194.150    319.430
     247.055    325.680
     278.939    329.450
     295.943    331.450
     303.383    332.330
     304.800    332.500
 Finished with profile  101
 profile at range:    25928.0
   0.    333.770
     7.45850E-02    330.000
    0.236372    329.310
    0.447416    328.950
    0.692567    328.720
    0.963808    328.550
     1.25605    328.420
     1.56597    328.330
     1.89104    328.250
     2.22943    328.200
     2.57967    328.150
     2.94062    328.120
     3.31129    328.090
     3.69085    328.070
     4.07868    328.060
     4.47416    328.050
     4.87680    328.050
     5.19090    327.990
     5.33254    327.960
     5.39563    327.950
     5.50499    327.930
     6.07323    327.820
     6.13328    327.800
     7.03308    327.420
     7.26972    327.270
     9.66402    326.100
    10.00829    325.940
     14.4449    323.860
     15.8847    323.190
     15.9763    323.150
     19.8510    320.930
     25.5625    316.960
     29.9466    315.790
     29.9702    315.770
     31.0602    315.100
     31.4035    314.830
     34.5996    311.650
     37.4403    310.310
     39.2746    308.190
     41.1428    306.470
     41.7218    306.170
     44.0498    304.990
     44.0993    304.970
     47.0624    305.010
     52.9251    305.470
     55.4613    305.670
     61.2483    306.810
     62.2927    307.020
     62.9518    307.150
     65.4963    307.660
     66.9568    307.880
     68.3777    308.080
     69.2364    308.210
     69.6593    308.270
     71.1689    308.500
     72.1845    308.600
     74.4659    308.840
     74.5741    308.850
     76.7448    309.030
     78.9015    309.050
     79.3580    309.050
     81.3865    309.090
     85.4677    309.180
     85.6572    309.220
     91.7706    310.960
     91.8341    310.970
     96.2420    310.420
     96.8710    310.370
     97.4217    310.320
     97.7278    310.320
     99.1226    310.620
     99.4583    310.710
    102.2573    311.480
    104.0140    311.860
     106.440    312.210
     109.289    312.290
     110.412    312.330
     111.723    312.410
     112.615    312.370
     118.931    312.040
     123.146    312.270
     132.857    314.090
     138.944    315.120
     140.345    315.060
     143.048    314.960
     151.171    313.960
     151.171    313.960
     154.679    313.890
     166.048    315.970
     170.766    316.010
     172.904    316.030
     173.003    316.040
     178.543    316.700
     184.907    317.460
     187.212    317.830
     196.137    319.140
     248.092    325.280
     279.403    328.980
     296.103    330.960
     303.408    331.820
     304.800    331.980
 Finished with profile  101
 profile at range:    27780.0
   0.    333.780
     7.45850E-02    330.000
    0.236372    329.320
    0.447416    328.960
    0.692567    328.720
    0.963808    328.550
     1.25605    328.430
     1.56597    328.330
     1.89104    328.260
     2.22943    328.200
     2.57967    328.150
     2.94062    328.120
     3.31129    328.090
     3.69085    328.070
     4.07868    328.060
     4.47416    328.050
     4.87680    328.050
     5.19266    327.990
     5.33510    327.970
     5.39853    327.950
     5.50853    327.930
     6.07997    327.820
     6.14038    327.790
     7.04527    327.300
     7.28326    327.130
     9.69124    325.960
    10.03743    325.800
     14.4994    323.780
     15.9474    323.120
     16.0396    323.080
     19.9367    321.040
     25.6864    316.960
     29.9803    315.750
     30.0035    315.740
     31.0712    315.210
     31.4075    314.950
     34.5362    312.160
     38.3094    310.410
     40.7498    307.500
     43.2370    305.160
     44.0094    304.770
     47.1189    303.220
     47.1851    303.180
     49.7495    303.140
     54.8846    303.590
     57.0977    303.790
     63.1264    305.130
     64.2144    305.370
     64.9010    305.530
     67.5519    306.130
     69.0780    306.370
     70.5630    306.600
     71.4605    306.740
     71.9026    306.810
     73.4808    307.050
     74.5404    307.210
     76.9208    307.560
     77.0334    307.580
     79.2923    307.910
     81.5370    308.030
     82.0121    308.060
     84.1232    308.190
     88.3701    308.470
     88.5677    308.530
     94.8010    310.240
     94.8663    310.260
     99.4167    309.920
    100.0687    309.880
    100.6397    309.840
    100.9578    309.840
    102.3714    310.080
    102.7130    310.140
     105.564    310.640
     107.346    310.940
     109.809    311.370
     112.704    311.460
     113.846    311.510
     115.175    311.560
     116.076    311.490
     122.481    311.000
     126.466    311.200
     136.286    312.810
     142.268    313.800
     143.623    313.790
     146.237    313.800
     154.033    313.280
     154.033    313.280
     157.466    313.350
     168.604    315.370
     173.234    315.580
     175.333    315.690
     175.430    315.700
     180.876    316.430
     187.132    317.270
     189.400    317.650
     198.125    318.870
     249.129    324.900
     279.868    328.530
     296.262    330.470
     303.434    331.320
     304.800    331.480
 Finished with profile  101
 profile at range:    29632.0
   0.    333.780
     7.45850E-02    330.000
    0.236372    329.320
    0.447416    328.960
    0.692567    328.720
    0.963808    328.550
     1.25605    328.430
     1.56597    328.330
     1.89104    328.260
     2.22943    328.200
     2.57967    328.160
     2.94062    328.120
     3.31129    328.100
     3.69085    328.080
     4.07868    328.060
     4.47416    328.060
     4.87680    328.060
     5.19440    328.000
     5.33766    327.970
     5.40145    327.960
     5.51206    327.940
     6.08673    327.830
     6.14745    327.790
     7.05743    327.180
     7.29676    327.000
     9.71843    325.820
    10.06660    325.670
     14.5539    323.690
     16.0101    323.050
     16.1028    323.010
     20.0224    321.140
     25.8104    316.970
     30.0141    315.720
     30.0367    315.710
     31.0822    315.310
     31.4115    315.060
     34.4727    312.660
     39.1784    310.520
     42.2249    306.810
     45.3312    303.840
     46.2970    303.360
     49.7278    301.540
     49.7976    301.500
     51.8621    301.410
     55.9055    302.000
     57.7397    302.260
     63.8468    303.730
     64.9569    303.960
     65.6591    304.090
     68.3719    304.550
     69.9261    304.670
     71.4533    304.820
     72.3806    304.910
     72.8385    304.950
     74.4798    305.140
     75.5869    305.260
     78.0900    305.590
     78.2089    305.610
     80.6056    305.920
     83.0073    306.030
     83.5184    306.060
     85.8015    306.170
     90.4547    306.410
     90.6563    306.460
     97.1445    308.020
     97.2125    308.030
    101.9746    307.950
    102.6569    307.940
    103.2544    307.940
    103.5884    307.950
    105.0635    308.190
     105.420    308.250
     108.394    308.740
     110.252    309.050
     112.820    309.470
     115.828    309.660
     117.014    309.740
     118.394    309.830
     119.323    309.820
     125.937    309.650
     130.118    309.930
     139.735    311.510
     145.593    312.470
     146.901    312.520
     149.426    312.630
     156.895    312.590
     156.895    312.590
     160.253    312.810
     171.160    314.770
     175.702    315.160
     177.761    315.350
     177.857    315.360
     183.210    316.150
     189.357    317.080
     191.587    317.460
     200.112    318.590
     250.167    324.510
     280.332    328.080
     296.421    329.980
     303.459    330.810
     304.800    330.970
 Finished with profile  101
 profile at range:    31484.0
   0.    333.770
     7.45850E-02    330.000
    0.236372    329.310
    0.447416    328.950
    0.692567    328.720
    0.963808    328.550
     1.25605    328.420
     1.56597    328.330
     1.89104    328.250
     2.22943    328.190
     2.57967    328.150
     2.94062    328.110
     3.31129    328.090
     3.69085    328.070
     4.07868    328.060
     4.47416    328.050
     4.87680    328.050
     5.19617    327.990
     5.34022    327.960
     5.40435    327.950
     5.51560    327.930
     6.09347    327.820
     6.15455    327.770
     7.06962    327.050
     7.31026    326.850
     9.74561    325.680
    10.09577    325.530
     14.6084    323.590
     16.0729    322.960
     16.1661    322.920
     20.1081    321.230
     25.6611    316.490
     29.7681    314.930
     29.7904    314.920
     30.8219    314.500
     31.1389    314.210
     34.1392    311.460
     38.3184    308.650
     40.9292    305.350
     43.6975    302.820
     44.5090    302.410
     47.6701    300.870
     47.7357    300.840
     49.6612    300.720
     54.1858    301.240
     56.2304    301.470
     62.9841    302.710
     64.2076    302.810
     64.9818    302.870
     67.9557    302.920
     69.6738    302.800
     71.3742    302.820
     72.4066    302.820
     72.9165    302.820
     74.7443    302.940
     75.9776    303.020
     78.7653    303.340
     78.8977    303.360
     81.5670    303.660
     84.2413    303.820
     84.8104    303.850
     87.3526    304.010
     92.5331    304.330
     92.7428    304.380
     99.4879    305.780
     99.5586    305.790
    104.5326    305.970
     105.245    306.000
     105.869    306.030
     106.219    306.050
     107.756    306.290
     108.127    306.350
     111.224    306.840
     113.158    307.140
     115.831    307.560
     118.952    307.850
     120.182    307.960
     121.613    308.100
     122.570    308.140
     129.394    308.290
     133.770    308.660
     143.183    310.200
     148.917    311.130
     150.179    311.240
     152.615    311.460
     159.757    311.900
     159.757    311.900
     163.040    312.260
     173.716    314.160
     178.170    314.730
     180.189    314.990
     180.283    315.010
     185.543    315.870
     191.583    316.870
     193.775    317.260
     202.100    318.310
     251.204    324.110
     280.797    327.610
     296.580    329.480
     303.485    330.300
     304.800    330.450
 Finished with profile  101
 profile at range:    33336.0
   0.    333.780
     7.45850E-02    330.000
    0.236372    329.320
    0.447416    328.960
    0.692567    328.720
    0.963808    328.550
     1.25605    328.430
     1.56597    328.330
     1.89104    328.260
     2.22943    328.200
     2.57967    328.160
     2.94062    328.120
     3.31129    328.100
     3.69085    328.080
     4.07868    328.060
     4.47416    328.060
     4.87680    328.060
     5.26347    327.940
     5.43894    327.880
     5.51734    327.850
     5.65371    327.790
     6.36938    327.460
     6.44469    327.400
     7.57864    326.480
     7.87844    326.230
    10.18212    324.920
    10.50822    324.750
     14.6639    322.700
     15.9936    322.040
     16.0779    322.000
     19.6096    320.240
     24.4979    315.920
     28.8824    314.080
     28.9062    314.070
     30.0049    313.500
     30.3452    313.200
     33.5602    310.380
     37.1241    308.060
     39.3376    305.460
     41.9081    303.460
     42.6643    303.130
     45.6126    301.870
     45.6737    301.840
     47.4604    301.690
     52.4662    302.150
     54.7211    302.340
     62.1214    303.350
     63.4584    303.330
     64.3046    303.310
     67.5394    302.940
     69.4215    302.590
     71.2951    302.470
     72.4326    302.400
     72.9944    302.360
     75.0088    302.410
     76.3683    302.450
     79.4406    302.760
     79.5866    302.770
     82.5283    303.070
     85.4753    303.270
     86.1024    303.310
     88.9036    303.510
     94.6115    303.920
     94.8293    303.960
    101.8314    305.200
    101.9047    305.210
     107.091    305.650
     107.833    305.720
     108.484    305.770
     108.850    305.810
     110.448    306.060
     110.834    306.110
     114.054    306.600
     116.064    306.900
     118.842    307.310
     122.075    307.690
     123.350    307.850
     124.832    308.020
     125.817    308.120
     132.851    308.590
     137.422    309.040
     146.632    310.540
     152.242    311.460
     153.456    311.620
     155.805    311.950
     162.619    312.870
     162.619    312.870
     165.827    313.370
     176.272    315.210
     180.638    315.950
     182.618    316.300
     182.710    316.320
     187.873    317.240
     193.692    318.170
     195.807    318.500
     203.948    319.470
     252.168    325.170
     281.229    328.610
     296.728    330.440
     303.508    331.240
     304.800    331.400
 Finished with profile  101
 profile at range:    35188.0
   0.    333.780
     7.45850E-02    330.000
    0.236372    329.320
    0.447416    328.960
    0.692567    328.720
    0.963808    328.550
     1.25605    328.430
     1.56597    328.330
     1.89104    328.260
     2.22943    328.200
     2.57967    328.160
     2.94062    328.120
     3.31129    328.090
     3.69085    328.080
     4.07868    328.060
     4.47416    328.060
     4.87680    328.050
     5.37743    327.910
     5.60418    327.850
     5.70552    327.790
     5.88169    327.690
     6.80512    327.160
     6.90277    327.080
     8.37603    325.930
     8.76666    325.620
     10.7884    324.450
     11.0748    324.300
     14.7196    322.420
     15.8838    321.820
     15.9576    321.780
     19.0448    320.170
     23.3347    316.580
     27.9966    314.470
     28.0220    314.450
     29.1880    313.750
     29.5516    313.440
     32.9811    310.530
     35.9298    308.720
     37.7462    306.810
     40.1186    305.350
     40.8195    305.090
     43.5550    304.110
     43.6118    304.090
     45.2595    303.900
     50.7466    304.290
     53.2119    304.460
     61.2587    305.230
     62.7090    305.080
     63.6273    304.980
     67.1231    304.200
     69.1692    303.620
     71.2160    303.370
     72.4587    303.210
     73.0723    303.130
     75.2733    303.120
     76.7590    303.110
     80.1160    303.410
     80.2754    303.430
     83.4897    303.710
     86.7093    303.960
     87.3944    304.010
     90.4546    304.250
     96.6899    304.740
     96.9159    304.780
    104.1749    305.860
    104.2508    305.870
     109.649    306.570
     110.422    306.670
     111.098    306.760
     111.480    306.820
     113.140    307.060
     113.541    307.110
     116.884    307.590
     118.971    307.890
     121.853    308.300
     125.199    308.780
     126.511    308.970
     128.017    309.200
     129.010    309.350
     136.019    310.120
     140.555    310.620
     149.311    312.060
     154.669    312.910
     155.821    313.090
     158.054    313.430
     164.534    314.420
     164.535    314.420
     167.621    314.910
     177.701    316.510
     181.927    317.180
     183.845    317.490
     183.934    317.500
     188.946    318.290
     194.692    319.160
     196.781    319.470
     204.849    320.420
     252.639    326.070
     281.439    329.480
     296.800    331.300
     303.520    332.090
     304.800    332.240
 Finished with profile  101
 profile at range:    37040.0
   0.    333.780
     7.45850E-02    330.000
    0.236372    329.320
    0.447416    328.960
    0.692567    328.720
    0.963808    328.550
     1.25605    328.430
     1.56597    328.330
     1.89104    328.260
     2.22943    328.200
     2.57967    328.150
     2.94062    328.120
     3.31129    328.090
     3.69085    328.080
     4.07868    328.060
     4.47416    328.060
     4.87680    328.050
     5.49140    327.890
     5.76941    327.810
     5.89370    327.730
     6.10972    327.590
     7.24086    326.860
     7.36083    326.770
     9.17338    325.380
     9.65487    325.010
     11.3947    323.990
     11.6414    323.850
     14.7752    322.150
     15.7740    321.600
     15.8372    321.560
     18.4800    320.100
     22.1715    317.240
     27.1109    314.850
     27.1378    314.840
     28.3710    313.990
     28.7579    313.670
     32.4020    310.690
     34.7355    309.370
     36.1546    308.160
     38.3291    307.230
     38.9748    307.050
     41.4974    306.340
     41.5498    306.330
     43.0586    306.110
     49.0270    306.430
     51.7026    306.570
     60.3960    307.110
     61.9597    306.840
     62.9500    306.660
     66.7069    305.460
     68.9170    304.650
     71.1369    304.270
     72.4847    304.020
     73.1502    303.900
     75.6340    303.890
     77.3365    303.910
     81.1313    304.340
     81.3108    304.360
     84.9158    304.770
     88.5004    305.170
     89.2591    305.250
     92.6327    305.600
     99.4306    306.280
     99.6580    306.310
     106.903    307.430
     106.978    307.440
     112.298    308.260
     113.054    308.380
     113.716    308.480
     114.089    308.540
     115.704    308.790
     116.094    308.850
     119.338    309.300
     121.350    309.570
     124.116    309.940
     127.305    310.360
     128.552    310.540
     129.998    310.740
     130.951    310.870
     137.669    311.580
     142.017    312.040
     150.708    313.470
     156.041    314.220
     157.188    314.380
     159.409    314.690
     165.857    315.560
     165.857    315.560
     168.912    316.040
     178.888    317.600
     183.071    318.260
     184.970    318.550
     185.058    318.570
     190.020    319.340
     195.692    320.140
     197.755    320.430
     205.751    321.380
     253.109    326.980
     281.650    330.350
     296.872    332.150
     303.532    332.940
     304.800    333.090
 Finished with profile  101
 profile at range:    38892.0
   0.    333.780
     7.45850E-02    330.000
    0.236372    329.320
    0.447416    328.960
    0.692567    328.720
    0.963808    328.550
     1.25605    328.430
     1.56597    328.330
     1.89104    328.260
     2.22943    328.200
     2.57967    328.150
     2.94062    328.120
     3.31129    328.090
     3.69085    328.070
     4.07868    328.060
     4.47416    328.060
     4.87680    328.050
     5.60536    327.860
     5.93467    327.780
     6.08189    327.670
     6.33774    327.490
     7.67663    326.550
     7.81888    326.450
     9.97074    324.830
    10.54309    324.410
     12.0011    323.520
     12.2081    323.400
     14.8309    321.870
     15.6642    321.380
     15.7169    321.340
     17.9151    320.040
     21.0084    317.900
     26.2252    315.240
     26.2536    315.230
     27.5540    314.240
     27.9642    313.910
     31.8229    310.840
     33.5412    310.020
     34.5631    309.520
     36.5397    309.120
     37.1300    309.010
     39.4398    308.580
     39.4878    308.570
     40.8577    308.320
     47.5692    308.460
     50.5696    308.520
     60.2360    308.770
     62.0256    308.400
     63.1562    308.180
     68.0219    306.980
     70.7835    306.420
     73.2173    306.200
     74.6886    306.080
     75.4162    306.010
     78.0331    306.080
     79.7906    306.140
     83.7169    306.560
     83.9027    306.580
     87.6330    306.980
     91.3426    307.370
     92.1259    307.440
     95.6088    307.740
    102.6261    308.310
    102.8443    308.340
     109.797    309.400
     109.869    309.410
     114.973    310.190
     115.699    310.300
     116.334    310.390
     116.691    310.450
     118.241    310.680
     118.615    310.740
     121.737    311.100
     123.673    311.320
     126.333    311.610
     129.399    311.950
     130.593    312.100
     131.978    312.280
     132.891    312.390
     139.318    313.040
     143.479    313.460
     152.105    314.880
     157.413    315.540
     158.554    315.680
     160.764    315.950
     167.180    316.700
     167.180    316.700
     170.202    317.170
     180.075    318.690
     184.216    319.330
     186.095    319.620
     186.183    319.640
     191.094    320.390
     196.692    321.130
     198.730    321.400
     206.652    322.340
     253.580    327.880
     281.861    331.220
     296.944    333.010
     303.543    333.790
     304.800    333.930
 Finished with profile  101
 profile at range:    40744.0
   0.    333.780
     7.45850E-02    330.000
    0.236372    329.320
    0.447416    328.960
    0.692567    328.720
    0.963808    328.550
     1.25605    328.430
     1.56597    328.330
     1.89104    328.260
     2.22943    328.200
     2.57967    328.160
     2.94062    328.120
     3.31129    328.090
     3.69085    328.080
     4.07868    328.060
     4.47416    328.060
     4.87680    328.050
     5.71741    327.860
     6.09661    327.770
     6.26556    327.650
     6.55866    327.450
     8.08272    326.400
     8.24396    326.290
     10.6637    324.620
     11.3012    324.180
     12.5115    323.490
     12.6857    323.400
     14.9333    322.050
     15.6645    321.590
     15.7111    321.560
     17.6833    320.290
     20.5967    318.290
     25.6391    315.590
     25.6659    315.570
     26.8922    314.610
     27.2758    314.310
     30.7927    311.530
     32.5366    310.790
     33.6402    310.330
     36.2512    309.850
     37.0417    309.700
     40.1811    309.120
     40.2472    309.110
     42.1450    308.850
     49.1343    309.120
     52.2500    309.250
     62.2953    309.700
     64.1437    309.490
     65.3112    309.350
     70.1909    308.600
     72.9598    308.270
     75.4662    308.190
     76.9814    308.160
     77.7333    308.130
     80.4322    308.250
     82.2448    308.340
     86.3025    308.760
     86.4945    308.780
     90.3501    309.170
     94.1848    309.560
     94.9927    309.610
     98.5848    309.860
     105.822    310.310
     106.031    310.340
     112.691    311.340
     112.760    311.350
     117.649    312.090
     118.344    312.190
     118.952    312.280
     119.294    312.330
     120.778    312.550
     121.136    312.610
     124.136    312.880
     125.996    313.050
     128.550    313.270
     131.492    313.520
     132.635    313.650
     133.958    313.790
     134.831    313.890
     140.968    314.480
     144.942    314.860
     153.502    316.270
     158.785    316.840
     159.920    316.960
     162.119    317.180
     168.503    317.820
     168.503    317.820
     171.493    318.270
     181.262    319.770
     185.360    320.390
     187.220    320.670
     187.307    320.680
     192.167    321.420
     197.693    322.100
     199.704    322.340
     207.554    323.270
     254.050    328.760
     282.072    332.080
     297.016    333.840
     303.555    334.610
     304.800    334.760
 Finished with profile  101
 profile at range:    42596.0
   0.    333.770
     7.45850E-02    330.000
    0.236372    329.320
    0.447416    328.950
    0.692567    328.720
    0.963808    328.550
     1.25605    328.430
     1.56597    328.330
     1.89104    328.260
     2.22943    328.200
     2.57967    328.150
     2.94062    328.120
     3.31129    328.090
     3.69085    328.070
     4.07868    328.060
     4.47416    328.050
     4.87680    328.050
     5.73539    327.830
     6.12276    327.730
     6.29534    327.630
     6.59465    327.420
     8.15114    326.320
     8.31580    326.200
     10.7865    324.450
     11.4373    323.990
     12.6726    323.230
     12.8503    323.120
     15.1448    321.470
     15.8933    320.860
     15.9409    320.830
     17.9613    319.150
     20.9499    316.530
     25.2457    314.010
     25.2686    314.000
     26.3136    313.160
     26.6405    312.900
     29.6399    310.480
     31.5600    309.690
     32.7720    309.200
     36.0489    308.610
     37.0415    308.430
     40.9862    307.730
     41.0693    307.720
     43.4554    307.460
     50.6994    307.880
     53.9304    308.070
     64.3546    308.740
     66.2618    308.670
     67.4663    308.620
     72.3600    308.320
     75.1360    308.220
     77.7152    308.290
     79.2741    308.340
     80.0503    308.350
     82.8314    308.520
     84.6990    308.650
     88.8881    309.060
     89.0863    309.080
     93.0673    309.460
     97.0270    309.840
     97.8595    309.890
    101.5609    310.070
     109.017    310.420
     109.217    310.450
     115.585    311.390
     115.652    311.400
     120.324    312.090
     120.989    312.180
     121.570    312.270
     121.897    312.320
     123.315    312.520
     123.657    312.570
     126.535    312.760
     128.319    312.880
     130.767    313.020
     133.586    313.180
     134.676    313.290
     135.939    313.410
     136.771    313.490
     142.618    314.020
     146.404    314.360
     154.899    315.760
     160.156    316.240
     161.293    316.340
     163.517    316.560
     170.053    317.210
     170.053    317.210
     173.039    317.680
     182.786    319.210
     186.872    319.840
     188.725    320.130
     188.812    320.150
     193.640    320.880
     199.084    321.530
     201.066    321.760
     208.814    322.680
     254.708    328.100
     282.366    331.370
     297.117    333.110
     303.571    333.870
     304.800    334.020
 Finished with profile  101
 profile at range:    44448.0
   0.    333.780
     7.45850E-02    330.000
    0.236372    329.320
    0.447416    328.960
    0.692567    328.720
    0.963808    328.560
     1.25605    328.430
     1.56597    328.340
     1.89104    328.260
     2.22943    328.200
     2.57967    328.160
     2.94062    328.120
     3.31129    328.100
     3.69085    328.080
     4.07868    328.070
     4.47416    328.060
     4.87680    328.060
     5.75337    327.810
     6.14888    327.700
     6.32509    327.610
     6.63065    327.390
     8.21954    326.240
     8.38761    326.120
     10.9093    324.290
     11.5734    323.810
     12.8337    322.980
     13.0150    322.860
     15.3563    320.890
     16.1221    320.140
     16.1709    320.100
     18.2394    318.020
     21.3032    314.790
     24.8523    312.450
     24.8712    312.440
     25.7350    311.720
     26.0053    311.500
     28.4872    309.430
     30.5835    308.600
     31.9039    308.070
     35.8465    307.390
     37.0412    307.180
     41.7912    306.350
     41.8913    306.340
     44.7657    306.080
     52.2645    306.640
     55.6108    306.900
     66.4139    307.790
     68.3799    307.860
     69.6213    307.910
     74.5291    308.050
     77.3123    308.180
     79.9641    308.390
     81.5668    308.530
     82.3674    308.580
     85.2305    308.800
     87.1531    308.960
     91.4737    309.360
     91.6782    309.380
     95.7845    309.760
     99.8692    310.140
    100.7263    310.170
    104.5370    310.300
     112.117    310.520
     112.289    310.550
     117.870    311.340
     117.929    311.350
     122.180    311.960
     122.795    312.050
     123.335    312.120
     123.641    312.170
     124.972    312.350
     125.295    312.400
     127.995    312.510
     129.705    312.580
     132.103    312.690
     134.937    312.830
     135.997    312.930
     137.229    313.040
     138.044    313.120
     143.823    313.670
     147.622    314.030
     156.384    315.430
     161.889    316.000
     163.083    316.120
     165.405    316.360
     172.220    317.080
     172.220    317.080
     175.160    317.530
     184.759    319.020
     188.781    319.640
     190.606    319.920
     190.691    319.930
     195.418    320.610
     200.775    321.250
     202.726    321.480
     210.350    322.380
     255.509    327.710
     282.725    330.930
     297.240    332.640
     303.590    333.390
     304.800    333.530
 Finished with profile  101
 profile at range:    46300.0
   0.    333.780
     7.45850E-02    330.000
    0.236372    329.320
    0.447416    328.960
    0.692567    328.720
    0.963808    328.550
     1.25605    328.430
     1.56597    328.330
     1.89104    328.260
     2.22943    328.200
     2.57967    328.150
     2.94062    328.120
     3.31129    328.090
     3.69085    328.080
     4.07868    328.060
     4.47416    328.060
     4.87680    328.050
     5.77136    327.790
     6.17503    327.670
     6.35484    327.590
     6.66668    327.360
     8.28794    326.160
     8.45945    326.030
     11.0321    324.120
     11.7096    323.620
     12.9947    322.710
     13.1796    322.580
     15.5678    320.300
     16.3509    319.410
     16.4007    319.360
     18.5174    316.890
     21.6565    313.030
     24.4589    310.880
     24.4738    310.860
     25.1564    310.270
     25.3701    310.090
     27.3344    308.370
     29.6069    307.490
     31.0358    306.940
     35.6441    306.150
     37.0410    305.910
     42.5963    304.960
     42.7134    304.950
     46.0761    304.700
     53.8296    305.400
     57.2911    305.730
     68.4732    306.830
     70.3998    307.060
     71.6049    307.210
     76.2087    307.770
     78.7898    308.070
     81.2732    308.350
     82.7654    308.530
     83.4886    308.590
     86.0495    308.790
     87.7500    308.920
     91.5199    309.210
     91.6964    309.220
     95.1725    309.370
     98.5472    309.460
     99.2589    309.430
    102.4410    309.400
     108.713    309.500
     108.913    309.530
     115.428    310.480
     115.497    310.490
     120.466    311.230
     121.186    311.340
     121.817    311.410
     122.175    311.460
     123.732    311.650
     124.110    311.700
     127.276    311.890
     129.282    312.020
     132.091    312.200
     135.409    312.420
     136.520    312.530
     137.811    312.660
     138.665    312.750
     144.724    313.370
     148.708    313.780
     157.886    315.140
     163.629    315.760
     164.873    315.890
     167.293    316.160
     174.388    316.940
     174.388    316.940
     177.282    317.380
     186.731    318.820
     190.690    319.420
     192.487    319.690
     192.570    319.700
     197.196    320.330
     202.467    320.960
     204.385    321.180
     211.885    322.070
     256.311    327.320
     283.084    330.480
     297.363    332.170
     303.610    332.900
     304.800    333.040
 Finished with profile  101
 profile at range:    48152.0
   0.    333.770
     7.45850E-02    330.000
    0.236372    329.320
    0.447416    328.950
    0.692567    328.720
    0.963808    328.550
     1.25605    328.420
     1.56597    328.330
     1.89104    328.250
     2.22943    328.200
     2.57967    328.150
     2.94062    328.120
     3.31129    328.090
     3.69085    328.070
     4.07868    328.060
     4.47416    328.050
     4.87680    328.050
     5.78934    327.760
     6.20116    327.630
     6.38458    327.560
     6.70267    327.320
     8.35637    326.070
     8.53126    325.940
     11.1549    323.950
     11.8457    323.430
     13.1558    322.450
     13.3442    322.310
     15.7793    319.710
     16.5797    318.680
     16.6306    318.620
     18.7954    315.750
     22.1436    311.680
     24.3918    309.820
     24.4039    309.810
     24.9630    309.350
     25.1390    309.210
     26.7792    307.860
     29.3080    306.980
     30.8959    306.430
     36.0207    305.680
     37.5561    305.460
     43.5673    304.370
     43.6884    304.360
     47.1332    304.170
     54.5302    305.060
     57.7644    305.470
     67.9329    306.780
     69.7298    307.010
     70.8520    307.120
     75.1264    307.520
     77.5135    307.730
     79.8035    307.920
     81.1936    308.070
     81.8686    308.120
     84.2601    308.300
     85.8487    308.410
     89.3727    308.670
     89.5378    308.680
     92.7339    308.590
     95.8260    308.450
     96.4755    308.390
     99.4467    308.300
     105.309    308.470
     105.537    308.510
     112.986    309.630
     113.065    309.640
     118.752    310.500
     119.577    310.620
     120.300    310.710
     120.708    310.750
     122.492    310.960
     122.924    311.010
     126.558    311.280
     128.858    311.450
     132.079    311.710
     135.881    312.010
     137.042    312.140
     138.393    312.280
     139.286    312.380
     145.624    313.070
     149.795    313.530
     159.389    314.840
     165.369    315.520
     166.663    315.660
     169.181    315.950
     176.555    316.800
     176.555    316.800
     179.404    317.230
     188.703    318.620
     192.599    319.200
     194.367    319.460
     194.450    319.480
     198.975    320.050
     204.158    320.660
     206.045    320.890
     213.421    321.760
     257.112    326.920
     283.443    330.030
     297.486    331.690
     303.630    332.410
     304.800    332.550
 Finished with profile  101
 profile at range:    50004.0
   0.    333.780
     7.45850E-02    330.000
    0.236372    329.320
    0.447416    328.950
    0.692567    328.720
    0.963808    328.550
     1.25605    328.430
     1.56597    328.330
     1.89104    328.260
     2.22943    328.200
     2.57967    328.150
     2.94062    328.120
     3.31129    328.090
     3.69085    328.070
     4.07868    328.060
     4.47416    328.050
     4.87680    328.050
     5.82677    327.750
     6.25614    327.570
     6.44753    327.490
     6.77945    327.220
     8.50846    325.920
     8.69165    325.790
     11.4462    323.760
     12.1737    323.230
     13.5558    322.220
     13.7549    322.080
     16.3448    319.510
     17.2184    318.550
     17.2743    318.490
     19.6580    315.860
     23.2334    312.060
     25.3880    310.350
     25.3997    310.340
     25.9356    309.910
     26.1044    309.780
     27.6769    308.540
     30.3638    307.540
     32.0522    306.910
     37.1729    306.130
     38.7070    305.900
     44.6868    304.400
     44.7994    304.390
     48.0023    304.180
     54.8977    304.960
     57.9120    305.360
     67.3861    306.630
     69.0598    306.850
     70.0990    306.920
     74.0441    307.170
     76.2373    307.280
     78.3338    307.380
     79.6218    307.500
     80.2487    307.540
     82.4706    307.690
     83.9475    307.790
     87.2255    308.010
     87.3792    308.020
     90.2954    307.710
     93.1049    307.340
     93.6921    307.240
     96.4523    307.090
    101.9047    307.340
    102.1617    307.380
     110.544    308.660
     110.633    308.670
     117.039    309.660
     117.968    309.800
     118.782    309.890
     119.242    309.940
     121.251    310.150
     121.739    310.200
     125.839    310.550
     128.434    310.780
     132.067    311.100
     136.352    311.490
     137.564    311.630
     138.974    311.790
     139.907    311.900
     146.525    312.660
     150.881    313.170
     160.891    314.440
     167.108    315.170
     168.454    315.320
     171.068    315.630
     178.722    316.550
     178.722    316.550
     181.526    316.960
     190.675    318.310
     194.509    318.870
     196.212    319.120
     196.291    319.130
     200.718    319.650
     205.815    320.260
     207.671    320.470
     214.926    321.330
     257.897    326.410
     283.795    329.470
     297.606    331.100
     303.649    331.810
     304.800    331.950
 Finished with profile  101
 profile at range:    51856.0
   0.    333.770
     7.45850E-02    330.000
    0.236372    329.310
    0.447416    328.950
    0.692567    328.710
    0.963808    328.550
     1.25605    328.420
     1.56597    328.330
     1.89104    328.250
     2.22943    328.190
     2.57967    328.150
     2.94062    328.110
     3.31129    328.090
     3.69085    328.070
     4.07868    328.060
     4.47416    328.050
     4.87680    328.050
     5.88898    327.720
     6.34642    327.440
     6.55027    327.320
     6.90390    327.000
     8.74621    325.650
     8.94140    325.500
     11.8755    323.470
     12.6503    322.940
     14.1222    321.930
     14.3341    321.780
     17.0865    319.380
     18.0055    318.510
     18.0644    318.450
     20.5728    315.920
     24.3230    312.260
     26.3843    310.700
     26.3954    310.690
     26.9082    310.300
     27.0697    310.180
     28.5747    309.040
     31.4196    307.930
     33.2084    307.220
     38.3250    306.410
     39.8579    306.170
     45.8064    304.250
     45.9104    304.250
     48.8713    304.020
     55.2653    304.690
     58.0596    305.080
     66.8392    306.300
     68.3897    306.520
     69.3460    306.550
     72.9618    306.640
     74.9611    306.660
     76.8641    306.670
     78.0500    306.760
     78.6288    306.800
     80.6812    306.920
     82.0462    307.010
     85.0783    307.190
     85.2205    307.190
     87.8568    306.660
     90.3837    306.060
     90.9087    305.910
     93.4580    305.710
     98.5005    306.040
     98.7860    306.080
     108.102    307.520
     108.201    307.540
     115.325    308.650
     116.359    308.810
     117.264    308.900
     117.776    308.950
     120.011    309.170
     120.554    309.230
     125.121    309.660
     128.011    309.940
     132.054    310.330
     136.824    310.800
     138.087    310.960
     139.556    311.130
     140.524    311.250
     147.300    312.030
     151.721    312.550
     161.755    313.710
     167.898    314.420
     169.220    314.580
     171.781    314.870
     179.222    315.740
     179.222    315.740
     181.931    316.130
     190.795    317.410
     194.520    317.940
     196.212    318.190
     196.291    318.200
     200.718    318.720
     205.815    319.330
     207.671    319.540
     214.926    320.400
     257.897    325.480
     283.795    328.540
     297.606    330.170
     303.649    330.880
     304.800    331.020
 Finished with profile  101
 profile at range:    53708.0
   0.    333.780
     7.45850E-02    330.000
    0.236372    329.320
    0.447416    328.960
    0.692567    328.720
    0.963808    328.550
     1.25605    328.430
     1.56597    328.330
     1.89104    328.260
     2.22943    328.200
     2.57967    328.160
     2.94062    328.120
     3.31129    328.090
     3.69085    328.080
     4.07868    328.060
     4.47416    328.060
     4.87680    328.050
     5.95122    327.700
     6.43668    327.320
     6.65302    327.160
     7.02832    326.790
     8.98395    325.380
     9.19118    325.230
     12.3048    323.200
     13.1269    322.660
     14.6885    321.650
     14.9134    321.500
     17.8283    319.260
     18.7927    318.480
     18.8546    318.420
     21.4875    316.000
     25.4127    312.480
     27.3806    311.060
     27.3912    311.060
     27.8808    310.700
     28.0351    310.590
     29.4724    309.560
     32.4754    308.320
     34.3646    307.540
     39.4772    306.700
     41.0088    306.450
     46.9259    304.120
     47.0215    304.110
     49.7404    303.860
     55.6328    304.430
     58.2071    304.800
     66.2924    305.990
     67.7197    306.200
     68.5930    306.190
     71.8795    306.120
     73.6848    306.050
     75.3944    305.970
     76.4782    306.030
     77.0089    306.060
     78.8918    306.160
     80.1449    306.230
     82.9311    306.370
     83.0619    306.380
     85.4183    305.610
     87.6625    304.790
     88.1252    304.600
     90.5256    304.350
     95.4024    304.780
     95.7356    304.830
     106.397    306.460
     106.508    306.480
     114.394    307.680
     115.519    307.850
     116.504    307.950
     117.059    308.000
     119.469    308.230
     120.050    308.290
     124.890    308.750
     127.902    309.040
     132.052    309.440
     136.855    309.900
     138.108    310.050
     139.563    310.210
     140.524    310.330
     147.300    311.110
     151.721    311.630
     161.755    312.790
     167.898    313.500
     169.220    313.660
     171.781    313.950
     179.222    314.820
     179.222    314.820
     181.931    315.210
     190.795    316.490
     194.520    317.020
     196.212    317.270
     196.291    317.280
     200.718    317.800
     205.815    318.410
     207.671    318.620
     214.926    319.480
     257.897    324.560
     283.795    327.620
     297.606    329.250
     303.649    329.960
     304.800    330.100
 Finished with profile  101
 profile at range:    55560.0
   0.    333.770
     7.45850E-02    330.000
    0.236372    329.310
    0.447416    328.950
    0.692567    328.720
    0.963808    328.550
     1.25605    328.420
     1.56597    328.330
     1.89104    328.250
     2.22943    328.200
     2.57967    328.150
     2.94062    328.120
     3.31129    328.090
     3.69085    328.070
     4.07868    328.060
     4.47416    328.050
     4.87680    328.050
     6.01343    327.670
     6.52696    327.200
     6.75577    326.980
     7.15277    326.570
     9.22169    325.110
     9.44094    324.950
     12.7341    322.910
     13.6035    322.370
     15.2548    321.350
     15.4926    321.210
     18.5700    319.130
     19.5798    318.430
     19.6447    318.380
     22.4023    316.060
     26.5024    312.690
     28.3768    311.420
     28.3869    311.410
     28.8535    311.100
     29.0004    311.000
     30.3701    310.070
     33.5312    308.710
     35.5209    307.850
     40.6293    306.980
     42.1597    306.720
     48.0454    303.980
     48.1326    303.970
     50.6094    303.700
     56.0004    304.160
     58.3547    304.520
     65.7455    305.660
     67.0560    305.860
     67.8885    305.780
     71.0952    305.480
     72.9127    305.310
     74.6760    305.150
     75.7393    305.190
     76.2623    305.220
     78.1256    305.300
     79.3725    305.350
     82.1644    305.480
     82.2960    305.480
     84.9316    304.660
     87.5371    303.840
     88.0872    303.670
     90.5256    303.420
     95.4024    303.850
     95.7356    303.900
     106.397    305.530
     106.508    305.550
     114.394    306.750
     115.519    306.920
     116.504    307.020
     117.059    307.070
     119.469    307.300
     120.050    307.360
     124.890    307.820
     127.902    308.110
     132.052    308.510
     136.855    308.970
     138.108    309.120
     139.563    309.280
     140.524    309.400
     147.300    310.180
     151.721    310.700
     161.755    311.860
     167.898    312.570
     169.220    312.730
     171.781    313.020
     179.222    313.890
     179.222    313.890
     181.931    314.280
     190.795    315.560
     194.520    316.090
     196.212    316.340
     196.291    316.350
     200.718    316.870
     205.815    317.480
     207.671    317.690
     214.926    318.550
     257.897    323.630
     283.795    326.690
     297.606    328.320
     303.649    329.030
     304.800    329.170
 Finished with profile  101
 profile at range:    57412.0
   0.    333.780
     7.45850E-02    330.000
    0.236372    329.320
    0.447416    328.960
    0.692567    328.720
    0.963808    328.550
     1.25605    328.430
     1.56597    328.330
     1.89104    328.260
     2.22943    328.200
     2.57967    328.160
     2.94062    328.120
     3.31129    328.100
     3.69085    328.080
     4.07868    328.060
     4.47416    328.060
     4.87680    328.060
     6.07567    327.660
     6.61721    327.080
     6.85852    326.820
     7.27719    326.360
     9.45944    324.840
     9.69069    324.680
     13.1634    322.630
     14.0801    322.090
     15.8212    321.070
     16.0719    320.920
     19.3118    319.020
     20.3669    318.400
     20.4348    318.350
     23.2994    316.110
     27.4320    312.740
     29.2018    311.560
     29.2114    311.560
     29.6527    311.260
     29.7917    311.170
     31.0896    310.300
     34.2783    308.720
     36.2712    307.730
     41.1963    306.660
     42.6720    306.340
     48.4632    303.350
     48.5457    303.340
     50.9016    303.040
     56.0832    303.390
     58.3807    303.710
     65.7352    304.750
     67.0560    304.940
     67.8885    304.860
     71.0952    304.560
     72.9127    304.390
     74.6760    304.230
     75.7393    304.270
     76.2623    304.300
     78.1256    304.380
     79.3725    304.430
     82.1644    304.560
     82.2960    304.560
     84.9316    303.740
     87.5371    302.920
     88.0872    302.750
     90.5256    302.500
     95.4024    302.930
     95.7356    302.980
     106.397    304.610
     106.508    304.630
     114.394    305.830
     115.519    306.000
     116.504    306.100
     117.059    306.150
     119.469    306.380
     120.050    306.440
     124.890    306.900
     127.902    307.190
     132.052    307.590
     136.855    308.050
     138.108    308.200
     139.563    308.360
     140.524    308.480
     147.300    309.260
     151.721    309.780
     161.755    310.940
     167.898    311.650
     169.220    311.810
     171.781    312.100
     179.222    312.970
     179.222    312.970
     181.931    313.360
     190.795    314.640
     194.520    315.170
     196.212    315.420
     196.291    315.430
     200.718    315.950
     205.815    316.560
     207.671    316.770
     214.926    317.630
     257.897    322.710
     283.795    325.770
     297.606    327.400
     303.649    328.110
     304.800    328.250
 Finished with profile  101
 profile at range:    59264.0
   0.    333.780
     7.45850E-02    330.000
    0.236372    329.320
    0.447416    328.960
    0.692567    328.720
    0.963808    328.550
     1.25605    328.430
     1.56597    328.330
     1.89104    328.260
     2.22943    328.200
     2.57967    328.160
     2.94062    328.120
     3.31129    328.100
     3.69085    328.080
     4.07868    328.060
     4.47416    328.060
     4.87680    328.060
     6.09600    327.630
     6.64583    327.010
     6.89064    326.740
     7.31520    326.260
     9.52052    324.690
     9.75360    324.530
     13.2459    322.440
     14.1642    321.890
     15.9043    320.840
     16.1544    320.690
     19.3766    318.770
     20.4216    318.140
     20.4881    318.090
     23.2994    315.790
     27.4320    312.420
     29.2018    311.240
     29.2114    311.240
     29.6527    310.940
     29.7917    310.850
     31.0896    309.980
     34.2783    308.400
     36.2712    307.410
     41.1963    306.340
     42.6720    306.020
     48.4632    303.030
     48.5457    303.020
     50.9016    302.720
     56.0832    303.070
     58.3807    303.390
     65.7352    304.430
     67.0560    304.620
     67.8885    304.540
     71.0952    304.240
     72.9127    304.070
     74.6760    303.910
     75.7393    303.950
     76.2623    303.980
     78.1256    304.060
     79.3725    304.110
     82.1644    304.240
     82.2960    304.240
     84.9316    303.420
     87.5371    302.600
     88.0872    302.430
     90.5256    302.180
     95.4024    302.610
     95.7356    302.660
     106.397    304.290
     106.508    304.310
     114.394    305.510
     115.519    305.680
     116.504    305.780
     117.059    305.830
     119.469    306.060
     120.050    306.120
     124.890    306.580
     127.902    306.870
     132.052    307.270
     136.855    307.730
     138.108    307.880
     139.563    308.040
     140.524    308.160
     147.300    308.940
     151.721    309.460
     161.755    310.620
     167.898    311.330
     169.220    311.490
     171.781    311.780
     179.222    312.650
     179.222    312.650
     181.931    313.040
     190.795    314.320
     194.520    314.850
     196.212    315.100
     196.291    315.110
     200.718    315.630
     205.815    316.240
     207.671    316.450
     214.926    317.310
     257.897    322.390
     283.795    325.450
     297.606    327.080
     303.649    327.790
     304.800    327.930
 Finished with profile  101
     1.00000    10800.000000000  (   -239.866,  0.)  1  1
     1.00000    11400.000000000  (   -241.031,  0.)  1  2
     1.00000    12000.000000000  (   -242.208,  0.)  1  3
     1.00000    12600.000000000  (   -243.996,  0.)  1  4
     1.00000    13200.000000000  (   -245.794,  0.)  1  5
     1.00000    13800.000000000  (   -248.001,  0.)  1  6
     1.00000    14400.000000000  (   -250.416,  0.)  1  7
     1.00000    15000.000000000  (   -252.839,  0.)  1  8
     1.00000    15600.000000000  (   -255.269,  0.)  1  9
     1.00000    16200.000000000  (   -257.505,  0.)  1  10
     1.00000    16800.000000000  (   -259.747,  0.)  1  11
     1.00000    17400.000000000  (   -261.795,  0.)  1  12
     1.00000    18000.000000000  (   -263.447,  0.)  1  13
     1.00000    18600.000000000  (   -264.905,  0.)  1  14
     1.00000    19200.000000000  (   -266.167,  0.)  1  15
     1.00000    19800.000000000  (   -266.833,  0.)  1  16
     1.00000    20400.000000000  (   -267.104,  0.)  1  17
     1.00000    21000.000000000  (   -266.578,  0.)  1  18
     1.00000    21600.000000000  (   -265.255,  0.)  1  19
     1.00000    22200.000000000  (   -263.336,  0.)  1  20
     1.00000    22800.000000000  (   -261.021,  0.)  1  21
     1.00000    23400.000000000  (   -258.708,  0.)  1  22
     1.00000    24000.000000000  (   -256.398,  0.)  1  23
     1.00000    24600.000000000  (   -254.291,  0.)  1  24
     1.00000    25200.000000000  (   -252.186,  0.)  1  25
     1.00000    25800.000000000  (   -250.284,  0.)  1  26
     1.00000    26400.000000000  (   -248.384,  0.)  1  27
     1.00000    27000.000000000  (   -247.086,  0.)  1  28
     1.00000    27600.000000000  (   -246.391,  0.)  1  29
     1.00000    28200.000000000  (   -246.098,  0.)  1  30
     1.00000    28800.000000000  (   -246.206,  0.)  1  31
     1.00000    29400.000000000  (   -246.717,  0.)  1  32
     1.00000    30000.000000000  (   -247.229,  0.)  1  33
     1.00000    30600.000000000  (   -247.543,  0.)  1  34
     1.00000    31200.000000000  (   -247.858,  0.)  1  35
     1.00000    31800.000000000  (   -247.976,  0.)  1  36
     1.00000    32400.000000000  (   -248.295,  0.)  1  37
     1.00000    33000.000000000  (   -248.615,  0.)  1  38
     1.00000    33600.000000000  (   -248.737,  0.)  1  39
     1.00000    34200.000000000  (   -249.060,  0.)  1  40
     1.00000    34800.000000000  (   -249.384,  0.)  1  41
     1.00000    35400.000000000  (   -250.110,  0.)  1  42
     1.00000    36000.000000000  (   -251.237,  0.)  1  43
     1.00000    36600.000000000  (   -252.965,  0.)  1  44
     1.00000    37200.000000000  (   -255.695,  0.)  1  45
     1.00000    37800.000000000  (   -259.425,  0.)  1  46
     1.00000    38400.000000000  (   -263.957,  0.)  1  47
     1.00000    39000.000000000  (   -268.889,  0.)  1  48
     1.00000    39600.000000000  (   -273.223,  0.)  1  49
     1.00000    40200.000000000  (   -275.758,  0.)  1  50
     1.00000    40800.000000000  (   -275.293,  0.)  1  51
     1.00000    41400.000000000  (   -272.030,  0.)  1  52
     1.00000    42000.000000000  (   -267.768,  0.)  1  53
     1.00000    42600.000000000  (   -263.506,  0.)  1  54
     1.00000    43200.000000000  (   -259.845,  0.)  1  55
     1.00000    43800.000000000  (   -256.785,  0.)  1  56
     1.00000    44400.000000000  (   -254.326,  0.)  1  57
     1.00000    45000.000000000  (   -252.468,  0.)  1  58
     1.00000    45600.000000000  (   -250.810,  0.)  1  59
     1.00000    46200.000000000  (   -249.354,  0.)  1  60
     1.00000    46800.000000000  (   -248.298,  0.)  1  61
     1.00000    47400.000000000  (   -247.642,  0.)  1  62
     1.00000    48000.000000000  (   -246.988,  0.)  1  63
     1.00000    48600.000000000  (   -246.734,  0.)  1  64
     1.00000    49200.000000000  (   -246.880,  0.)  1  65
     1.00000    49800.000000000  (   -247.228,  0.)  1  66
     1.00000    50400.000000000  (   -247.976,  0.)  1  67
     1.00000    51000.000000000  (   -249.324,  0.)  1  68
     1.00000    51600.000000000  (   -250.874,  0.)  1  69
     1.00000    52200.000000000  (   -252.823,  0.)  1  70
     1.00000    52800.000000000  (   -255.174,  0.)  1  71
     1.00000    53400.000000000  (   -257.725,  0.)  1  72
     1.00000    54000.000000000  (   -260.676,  0.)  1  73
     1.00000    54600.000000000  (   -263.828,  0.)  1  74
     1.00000    55200.000000000  (   -266.781,  0.)  1  75
     1.00000    55800.000000000  (   -268.534,  0.)  1  76
     1.00000    56400.000000000  (   -268.287,  0.)  1  77
     1.00000    57000.000000000  (   -266.241,  0.)  1  78
     1.00000    57600.000000000  (   -263.596,  0.)  1  79
     1.00000    58200.000000000  (   -260.751,  0.)  1  80
     1.00000    58800.000000000  (   -258.506,  0.)  1  81
     1.00000    59400.000000000  (   -256.462,  0.)  1  82
     1.00000    60000.000000000  (   -254.618,  0.)  1  83
 >>>Warning, The start parm is not in the search int For parameter  1 with value  0.0000E+00
