TPEM simple example  (fig4a)                                                    
 C W f e i p A           ! options       
 contour of object function
 Observed data written out to unit 30 
 Incoherent addition over frequencies
  inversion reading real data in rev format
 plotting ppd  on a full scale 
  plot of best model and the initial model
 Adding the input values to PPD-plot 
          1 2 3 4 5 6 7 8 9 0 1 2 3 4 5 6 7 8 9 0 1 2 3 4 5 6 7 8 9 0
 Options: 2 3 0 0 4 0 1 1 0 1 0 1 0 1 0 0 0 0 1 0 1 0 0 0 0 0 0 0 0 6
  Number of forward modelling runs:    20000.0
options for TPEM 
                                        
 
  parameters to be optimized:
                   physparm     layer  min.val  max.val   del.val   nbit  ndig
  1 Range (km)               9   1   1  20000.00  90000.00   1428.57    6   50
  2 Height (m)               6   1   1      1.00    100.00      2.02    6   50
 Size of the search space: 10**  3.40
 
  Calling TPEM
  flagpu   -1.00000
  Frequency    1000.000
  antenna height     50.0000
  antenna pattern   0
  antenna bwidth     30.0000
  antenna elevation   0.
  min height     2.0000000000000
  max height    100.000000000000
  max range     60000.000000000
 profile at range:  0.
   0.    339.000
     250.000    368.500
     300.000    319.000
     400.000    330.800
 Finished with profile  4
     3.96000  (   -2.82404E-08,   -2.98469E-09)  1
     5.92000  (   -5.37557E-08,   -5.54736E-09)  2
     7.88000  (   -7.47565E-08,   -8.09662E-09)  3
     9.84000  (   -8.93155E-08,   -9.39294E-09)  4
     11.8000  (   -9.62362E-08,   -9.87239E-09)  5
     13.7600  (   -9.49433E-08,   -8.63911E-09)  6
     15.7200  (   -8.54500E-08,   -5.48131E-09)  7
     17.6800  (   -6.88187E-08,   -7.51130E-10)  8
     19.6400  (   -4.56429E-08,    6.00399E-09)  9
     21.6000  (   -1.81907E-08,    1.33573E-08)  10
     23.5600  (    1.07692E-08,    2.08759E-08)  11
     25.5200  (    3.85320E-08,    2.68896E-08)  12
     27.4800  (    6.14257E-08,    2.96695E-08)  13
     29.4400  (    7.67627E-08,    2.81724E-08)  14
     31.4000  (    8.13335E-08,    2.07738E-08)  15
     33.3600  (    7.40854E-08,    7.63177E-09)  16
     35.3200  (    5.52488E-08,   -1.09478E-08)  17
     37.2800  (    2.56196E-08,   -3.34193E-08)  18
     39.2400  (   -1.12362E-08,   -5.71992E-08)  19
     41.2000  (   -5.17501E-08,   -7.97065E-08)  20
     43.1600  (   -9.09057E-08,   -9.74540E-08)  21
     45.1200  (   -1.24460E-07,   -1.07542E-07)  22
     47.0800  (   -1.48650E-07,   -1.07590E-07)  23
     49.0400  (   -1.59560E-07,   -9.60368E-08)  24
     51.0000  (   -1.56018E-07,   -7.31702E-08)  25
     52.9600  (   -1.37018E-07,   -4.07439E-08)  26
     54.9200  (   -1.03508E-07,   -2.34620E-09)  27
     56.8800  (   -5.73864E-08,    3.65927E-08)  28
     58.8400  (   -1.74819E-09,    7.03027E-08)  29
     60.8000  (    5.86230E-08,    9.23436E-08)  30
     62.7600  (    1.19672E-07,    9.75122E-08)  31
     64.7200  (    1.76065E-07,    8.27229E-08)  32
     66.6800  (    2.22860E-07,    4.69221E-08)  33
     68.6400  (    2.55653E-07,   -6.74915E-09)  34
     70.6000  (    2.70982E-07,   -7.32320E-08)  35
     72.5600  (    2.66857E-07,   -1.44237E-07)  36
     74.5200  (    2.42363E-07,   -2.10051E-07)  37
     76.4800  (    1.99079E-07,   -2.61378E-07)  38
     78.4400  (    1.40479E-07,   -2.88620E-07)  39
     80.4000  (    7.14535E-08,   -2.85843E-07)  40
     82.3600  (   -2.03577E-09,   -2.48999E-07)  41
     84.3200  (   -7.27729E-08,   -1.78403E-07)  42
     86.2800  (   -1.33872E-07,   -7.86639E-08)  43
     88.2400  (   -1.78896E-07,    4.30581E-08)  44
     90.2000  (   -2.02720E-07,    1.74895E-07)  45
     92.1600  (   -2.01774E-07,    3.04842E-07)  46
     94.1200  (   -1.74450E-07,    4.19453E-07)  47
     96.0800  (   -1.23299E-07,    5.06741E-07)  48
     98.0400  (   -5.25021E-08,    5.57935E-07)  49
    100.0000  (    3.00051E-08,    5.66337E-07)  50
 
 
  Calling TPEM
  flagpu  0.
  Frequency    1000.000
  antenna height     1.00000
  antenna pattern   0
  antenna bwidth     30.0000
  antenna elevation   0.
  min height     2.0000000000000
  max height    100.000000000000
  max range     20000.000000000
 profile at range:  0.
   0.    339.000
     250.000    368.500
     300.000    319.000
     400.000    330.800
 Finished with profile  4
     3.96000  (   -3.56903E-09,   -8.72264E-10)  1
     5.92000  (   -7.16692E-09,   -2.16552E-09)  2
     7.88000  (   -7.46927E-09,   -6.26077E-09)  3
     9.84000  (   -6.19677E-09,   -8.40175E-09)  4
     11.8000  (   -6.64206E-09,   -9.33667E-09)  5
     13.7600  (   -1.31993E-08,   -9.19368E-09)  6
     15.7200  (   -1.45157E-08,   -7.74331E-09)  7
     17.6800  (   -1.15742E-08,   -7.66099E-09)  8
     19.6400  (   -1.53053E-08,   -1.47107E-08)  9
     21.6000  (   -1.84043E-08,   -2.62866E-08)  10
     23.5600  (   -1.19510E-08,   -3.18806E-08)  11
     25.5200  (   -1.06088E-08,   -3.45593E-08)  12
     27.4800  (   -2.02107E-08,   -3.79893E-08)  13
     29.4400  (   -1.69118E-08,   -3.64039E-08)  14
     31.4000  (   -6.16570E-09,   -3.37595E-08)  15
     33.3600  (   -5.78993E-09,   -4.38643E-08)  16
     35.3200  (   -7.53479E-09,   -5.67080E-08)  17
     37.2800  (    1.42937E-09,   -5.71807E-08)  18
     39.2400  (    1.09326E-08,   -5.56142E-08)  19
     41.2000  (    1.54676E-08,   -5.98349E-08)  20
     43.1600  (    2.53737E-08,   -6.45501E-08)  21
     45.1200  (    3.89925E-08,   -6.18000E-08)  22
     47.0800  (    5.01084E-08,   -5.44723E-08)  23
     49.0400  (    5.53861E-08,   -4.97618E-08)  24
     51.0000  (    6.46306E-08,   -4.49919E-08)  25
     52.9600  (    7.69373E-08,   -3.49515E-08)  26
     54.9200  (    8.55417E-08,   -2.45590E-08)  27
     56.8800  (    9.46412E-08,   -1.72963E-08)  28
     58.8400  (    1.01110E-07,   -4.55675E-10)  29
     60.8000  (    1.02168E-07,    2.26932E-08)  30
     62.7600  (    9.98469E-08,    3.98703E-08)  31
     64.7200  (    9.61703E-08,    5.38731E-08)  32
     66.6800  (    8.35843E-08,    7.19843E-08)  33
     68.6400  (    6.79267E-08,    9.45236E-08)  34
     70.6000  (    5.81060E-08,    1.13180E-07)  35
     72.5600  (    4.23483E-08,    1.23736E-07)  36
     74.5200  (    1.55387E-08,    1.28056E-07)  37
     76.4800  (   -1.35948E-08,    1.36944E-07)  38
     78.4400  (   -4.38575E-08,    1.40727E-07)  39
     80.4000  (   -7.66232E-08,    1.24018E-07)  40
     82.3600  (   -1.05626E-07,    1.05581E-07)  41
     84.3200  (   -1.33083E-07,    8.91325E-08)  42
     86.2800  (   -1.50608E-07,    6.23906E-08)  43
     88.2400  (   -1.58077E-07,    2.73479E-08)  44
     90.2000  (   -1.65881E-07,   -1.21298E-08)  45
     92.1600  (   -1.68013E-07,   -5.65355E-08)  46
     94.1200  (   -1.57092E-07,   -9.90838E-08)  47
     96.0800  (   -1.29788E-07,   -1.32517E-07)  48
     98.0400  (   -9.28827E-08,   -1.62997E-07)  49
    100.0000  (   -4.48523E-08,   -1.90209E-07)  50
 
  Calling TPEM
  flagpu    1.00000
  Frequency    1000.000
  antenna height     1.00000
  antenna pattern   0
  antenna bwidth     30.0000
  antenna elevation   0.
  min height     2.0000000000000
  max height    100.000000000000
  max range     21428.572265625
 profile at range:  0.
   0.    339.000
     250.000    368.500
     300.000    319.000
     400.000    330.800
 Finished with profile  4
     3.96000  (   -2.22711E-09,   -1.15817E-09)  1
     5.92000  (   -3.86890E-09,   -9.89451E-10)  2
     7.88000  (   -2.06591E-09,    4.45215E-11)  3
     9.84000  (    4.16978E-09,    5.66779E-09)  4
     11.8000  (    7.86662E-09,    9.34811E-09)  5
     13.7600  (    9.81544E-10,    1.47988E-08)  6
     15.7200  (   -6.85626E-09,    1.96298E-08)  7
     17.6800  (   -3.69822E-09,    1.92357E-08)  8
     19.6400  (    1.94880E-09,    1.64190E-08)  9
     21.6000  (   -2.23826E-09,    1.85469E-08)  10
     23.5600  (   -1.01298E-08,    2.65243E-08)  11
     25.5200  (   -9.62583E-09,    2.81544E-08)  12
     27.4800  (   -6.71685E-09,    2.70495E-08)  13
     29.4400  (   -1.24000E-08,    2.82810E-08)  14
     31.4000  (   -2.16537E-08,    3.03359E-08)  15
     33.3600  (   -2.29779E-08,    3.16837E-08)  16
     35.3200  (   -2.21078E-08,    3.59895E-08)  17
     37.2800  (   -3.08386E-08,    3.58810E-08)  18
     39.2400  (   -4.16946E-08,    2.71113E-08)  19
     41.2000  (   -4.52335E-08,    2.27453E-08)  20
     43.1600  (   -4.66678E-08,    1.93083E-08)  21
     45.1200  (   -5.28923E-08,    1.20117E-08)  22
     47.0800  (   -5.95948E-08,    4.46990E-09)  23
     49.0400  (   -6.36779E-08,    3.32777E-09)  24
     51.0000  (   -6.78476E-08,   -1.92557E-09)  25
     52.9600  (   -7.01801E-08,   -1.57158E-08)  26
     54.9200  (   -6.79840E-08,   -2.79643E-08)  27
     56.8800  (   -6.22040E-08,   -4.48575E-08)  28
     58.8400  (   -5.88138E-08,   -6.26568E-08)  29
     60.8000  (   -5.62337E-08,   -7.28915E-08)  30
     62.7600  (   -4.67715E-08,   -7.43467E-08)  31
     64.7200  (   -2.97937E-08,   -7.93291E-08)  32
     66.6800  (   -1.25078E-08,   -9.28090E-08)  33
     68.6400  (    2.01835E-09,   -1.01685E-07)  34
     70.6000  (    1.92129E-08,   -1.01968E-07)  35
     72.5600  (    3.73370E-08,   -9.76103E-08)  36
     74.5200  (    5.60164E-08,   -9.34012E-08)  37
     76.4800  (    7.81521E-08,   -8.17037E-08)  38
     78.4400  (    1.00188E-07,   -6.29505E-08)  39
     80.4000  (    1.16725E-07,   -4.72556E-08)  40
     82.3600  (    1.27165E-07,   -3.01741E-08)  41
     84.3200  (    1.30641E-07,    3.66449E-10)  42
     86.2800  (    1.25403E-07,    3.47310E-08)  43
     88.2400  (    1.20165E-07,    5.72740E-08)  44
     90.2000  (    1.13407E-07,    8.19695E-08)  45
     92.1600  (    9.18185E-08,    1.14328E-07)  46
     94.1200  (    5.91542E-08,    1.40530E-07)  47
     96.0800  (    2.93331E-08,    1.53443E-07)  48
     98.0400  (   -3.25920E-09,    1.60715E-07)  49
    100.0000  (   -4.66622E-08,    1.60206E-07)  50
     3.96000  (    2.70184E-09,    3.09475E-10)  1
     5.92000  (    3.29095E-09,   -3.79533E-09)  2
     7.88000  (    4.42691E-09,   -5.19881E-09)  3
     9.84000  (    4.66296E-09,   -1.64580E-09)  4
     11.8000  (    5.97717E-09,   -3.86615E-09)  5
     13.7600  (    7.07763E-09,   -1.03640E-08)  6
     15.7200  (    8.23755E-09,   -8.84468E-09)  7
     17.6800  (    9.96444E-09,   -9.93976E-10)  8
     19.6400  (    1.30525E-08,   -2.84111E-09)  9
     21.6000  (    1.77159E-08,   -1.38512E-08)  10
     23.5600  (    1.91300E-08,   -1.92454E-08)  11
     25.5200  (    1.83771E-08,   -1.57645E-08)  12
     27.4800  (    1.83508E-08,   -1.10226E-08)  13
     29.4400  (    2.18445E-08,   -1.00933E-08)  14
     31.4000  (    2.95322E-08,   -7.61139E-09)  15
     33.3600  (    3.80859E-08,   -1.47580E-09)  16
     35.3200  (    3.90904E-08,    2.75393E-09)  17
     37.2800  (    3.25134E-08,   -2.13781E-11)  18
     39.2400  (    3.02924E-08,   -1.50502E-09)  19
     41.2000  (    3.64492E-08,    7.84702E-09)  20
     43.1600  (    4.44086E-08,    1.80478E-08)  21
     45.1200  (    4.60337E-08,    2.15078E-08)  22
     47.0800  (    4.39843E-08,    2.57844E-08)  23
     49.0400  (    3.89608E-08,    3.64175E-08)  24
     51.0000  (    3.17586E-08,    4.39797E-08)  25
     52.9600  (    2.75920E-08,    4.72876E-08)  26
     54.9200  (    2.45817E-08,    5.53985E-08)  27
     56.8800  (    1.97749E-08,    6.58378E-08)  28
     58.8400  (    7.92348E-09,    7.06323E-08)  29
     60.8000  (   -5.83143E-09,    7.00110E-08)  30
     62.7600  (   -1.51587E-08,    7.04171E-08)  31
     64.7200  (   -2.25900E-08,    6.98423E-08)  32
     66.6800  (   -3.46216E-08,    6.70526E-08)  33
     68.6400  (   -5.40523E-08,    6.18682E-08)  34
     70.6000  (   -6.97299E-08,    5.49786E-08)  35
     72.5600  (   -7.90382E-08,    4.55149E-08)  36
     74.5200  (   -8.92297E-08,    2.85281E-08)  37
     76.4800  (   -1.01031E-07,    7.49069E-09)  38
     78.4400  (   -1.04768E-07,   -1.07660E-08)  39
     80.4000  (   -9.70784E-08,   -2.25441E-08)  40
     82.3600  (   -8.73653E-08,   -3.88619E-08)  41
     84.3200  (   -8.00952E-08,   -6.53071E-08)  42
     86.2800  (   -7.10574E-08,   -9.00349E-08)  43
     88.2400  (   -5.58613E-08,   -1.04225E-07)  44
     90.2000  (   -3.65091E-08,   -1.12119E-07)  45
     92.1600  (   -8.96350E-09,   -1.22628E-07)  46
     94.1200  (    2.49589E-08,   -1.27048E-07)  47
     96.0800  (    5.44739E-08,   -1.19757E-07)  48
     98.0400  (    7.84825E-08,   -1.06735E-07)  49
    100.0000  (    1.03440E-07,   -8.99381E-08)  50

  Inversion, time:     1772.013 secs.
