TPEM simple example  (fig4a)                                                    
 C W f e          ! options              
 contour of object function
 Observed data written out to unit 30 
 Incoherent addition over frequencies
  inversion reading real data in rev format
          1 2 3 4 5 6 7 8 9 0 1 2 3 4 5 6 7 8 9 0 1 2 3 4 5 6 7 8 9 0
 Options: 2 3 0 0 4 0 1 1 0 0 0 1 0 1 0 0 0 0 0 0 1 0 0 0 0 0 0 0 0 6
  Number of forward modelling runs:    20000.0
options for TPEM 
                                        
 
  parameters to be optimized:
                   physparm     layer  min.val  max.val   del.val   nbit  ndig
  1 Range (km)               9   1   1  50000.00 120000.00   1428.57    6   50
  2 Height (m)               6   1   1      1.00    100.00      2.02    6   50
 Size of the search space: 10**  3.40
 
  Calling TPEM
  flagpu   -1.00000
  Frequency    1000.000
  antenna height     50.0000
  antenna pattern   0
  antenna bwidth     30.0000
  antenna elevation   0.
  min height     1.0000000000000
  max height     50.000000000000
  max range     90000.000000000
 profile at range:  0.
   0.    339.000
     250.000    368.500
     300.000    319.000
     400.000    330.800
 Finished with profile  4
     1.98000  (    3.22324E-08,   -5.16063E-08)  1
     2.96000  (    6.41150E-08,   -1.02983E-07)  2
     3.94000  (    9.51539E-08,   -1.54324E-07)  3
     4.92000  (    1.25665E-07,   -2.05710E-07)  4
     5.90000  (    1.55243E-07,   -2.56848E-07)  5
     6.88000  (    1.83309E-07,   -3.07581E-07)  6
     7.86000  (    2.09447E-07,   -3.58139E-07)  7
     8.84000  (    2.33508E-07,   -4.07914E-07)  8
     9.82000  (    2.55529E-07,   -4.56987E-07)  9
     10.8000  (    2.75132E-07,   -5.05280E-07)  10
     11.7800  (    2.91745E-07,   -5.52312E-07)  11
     12.7600  (    3.05031E-07,   -5.97650E-07)  12
     13.7400  (    3.15139E-07,   -6.41294E-07)  13
     14.7200  (    3.21998E-07,   -6.82917E-07)  14
     15.7000  (    3.25302E-07,   -7.21861E-07)  15
     16.6800  (    3.24799E-07,   -7.57823E-07)  16
     17.6600  (    3.20128E-07,   -7.90469E-07)  17
     18.6400  (    3.11977E-07,   -8.19305E-07)  18
     19.6200  (    3.00169E-07,   -8.43785E-07)  19
     20.6000  (    2.84600E-07,   -8.63652E-07)  20
     21.5800  (    2.65157E-07,   -8.78417E-07)  21
     22.5600  (    2.42003E-07,   -8.87315E-07)  22
     23.5400  (    2.15665E-07,   -8.90348E-07)  23
     24.5200  (    1.86322E-07,   -8.87285E-07)  24
     25.5000  (    1.53757E-07,   -8.77316E-07)  25
     26.4800  (    1.18223E-07,   -8.60424E-07)  26
     27.4600  (    8.00005E-08,   -8.36594E-07)  27
     28.4400  (    3.97433E-08,   -8.05619E-07)  28
     29.4200  (   -2.42742E-09,   -7.67403E-07)  29
     30.4000  (   -4.64480E-08,   -7.22252E-07)  30
     31.3800  (   -9.21823E-08,   -6.70177E-07)  31
     32.3600  (   -1.38730E-07,   -6.11497E-07)  32
     33.3400  (   -1.85764E-07,   -5.46695E-07)  33
     34.3200  (   -2.32996E-07,   -4.76468E-07)  34
     35.3000  (   -2.80075E-07,   -4.00985E-07)  35
     36.2800  (   -3.26833E-07,   -3.21054E-07)  36
     37.2600  (   -3.72175E-07,   -2.37805E-07)  37
     38.2400  (   -4.15694E-07,   -1.51781E-07)  38
     39.2200  (   -4.57124E-07,   -6.38744E-08)  39
     40.2000  (   -4.96137E-07,    2.48683E-08)  40
     41.1800  (   -5.32205E-07,    1.13359E-07)  41
     42.1600  (   -5.64508E-07,    2.00828E-07)  42
     43.1400  (   -5.92542E-07,    2.85905E-07)  43
     44.1200  (   -6.16395E-07,    3.67726E-07)  44
     45.1000  (   -6.35641E-07,    4.45378E-07)  45
     46.0800  (   -6.49835E-07,    5.17855E-07)  46
     47.0600  (   -6.58381E-07,    5.84003E-07)  47
     48.0400  (   -6.61288E-07,    6.43080E-07)  48
     49.0200  (   -6.58458E-07,    6.94579E-07)  49
     50.0000  (   -6.50172E-07,    7.37586E-07)  50
 
 
  Calling TPEM
  flagpu  0.
  Frequency    1000.000
  antenna height     1.00000
  antenna pattern   0
  antenna bwidth     30.0000
  antenna elevation   0.
  min height     1.0000000000000
  max height     50.000000000000
  max range     50000.000000000
 profile at range:  0.
   0.    339.000
     250.000    368.500
     300.000    319.000
     400.000    330.800
 Finished with profile  4
     1.98000  (    2.16922E-09,    1.86914E-09)  1
     2.96000  (    4.30488E-09,    3.18839E-09)  2
     3.94000  (    5.91817E-09,    3.80255E-09)  3
     4.92000  (    6.94945E-09,    3.62284E-09)  4
     5.90000  (    7.47599E-09,    2.94779E-09)  5
     6.88000  (    7.55069E-09,    2.02613E-09)  6
     7.86000  (    7.43585E-09,    1.25244E-09)  7
     8.84000  (    7.17194E-09,    9.95069E-10)  8
     9.82000  (    6.81112E-09,    1.39198E-09)  9
     10.8000  (    6.29323E-09,    2.26935E-09)  10
     11.7800  (    5.71975E-09,    3.24189E-09)  11
     12.7600  (    5.01459E-09,    3.92841E-09)  12
     13.7400  (    4.02279E-09,    4.03358E-09)  13
     14.7200  (    2.42737E-09,    3.52561E-09)  14
     15.7000  (    5.53865E-10,    2.35769E-09)  15
     16.6800  (   -1.54007E-09,    6.80328E-10)  16
     17.6600  (   -3.83681E-09,   -1.06468E-09)  17
     18.6400  (   -6.04261E-09,   -2.64777E-09)  18
     19.6200  (   -8.03970E-09,   -3.72606E-09)  19
     20.6000  (   -9.59824E-09,   -4.42074E-09)  20
     21.5800  (   -1.03794E-08,   -4.91892E-09)  21
     22.5600  (   -1.03859E-08,   -5.25711E-09)  22
     23.5400  (   -9.68682E-09,   -5.58968E-09)  23
     24.5200  (   -8.36900E-09,   -5.90672E-09)  24
     25.5000  (   -6.46021E-09,   -6.18169E-09)  25
     26.4800  (   -4.06434E-09,   -6.24840E-09)  26
     27.4600  (   -1.68583E-09,   -5.82733E-09)  27
     28.4400  (    5.30829E-10,   -4.75295E-09)  28
     29.4200  (    2.55930E-09,   -3.07341E-09)  29
     30.4000  (    4.27095E-09,   -1.09203E-09)  30
     31.3800  (    5.71350E-09,    9.14479E-10)  31
     32.3600  (    7.00130E-09,    2.64216E-09)  32
     33.3400  (    7.90004E-09,    3.88386E-09)  33
     34.3200  (    8.59066E-09,    4.42537E-09)  34
     35.3000  (    9.21302E-09,    4.15396E-09)  35
     36.2800  (    9.45518E-09,    3.41224E-09)  36
     37.2600  (    9.18551E-09,    2.41320E-09)  37
     38.2400  (    8.30056E-09,    1.47150E-09)  38
     39.2200  (    6.89621E-09,    6.82547E-10)  39
     40.2000  (    5.09545E-09,    1.87849E-11)  40
     41.1800  (    2.90889E-09,   -3.81218E-10)  41
     42.1600  (    6.56226E-10,   -6.87851E-10)  42
     43.1400  (   -1.43302E-09,   -9.62288E-10)  43
     44.1200  (   -3.15545E-09,   -1.37046E-09)  44
     45.1000  (   -4.19855E-09,   -1.92957E-09)  45
     46.0800  (   -4.70569E-09,   -2.42616E-09)  46
     47.0600  (   -4.93460E-09,   -2.72412E-09)  47
     48.0400  (   -4.81952E-09,   -2.71596E-09)  48
     49.0200  (   -4.36739E-09,   -2.42848E-09)  49
     50.0000  (   -3.84628E-09,   -1.72987E-09)  50
 
  Calling TPEM
  flagpu    1.00000
  Frequency    1000.000
  antenna height     1.00000
  antenna pattern   0
  antenna bwidth     30.0000
  antenna elevation   0.
  min height     1.0000000000000
  max height     50.000000000000
  max range     51428.570312500
 profile at range:  0.
   0.    339.000
     250.000    368.500
     300.000    319.000
     400.000    330.800
 Finished with profile  4
     1.98000  (   -1.01254E-09,    2.02621E-10)  1
     2.96000  (   -2.35267E-09,    4.43888E-10)  2
     3.94000  (   -3.77208E-09,    8.54005E-10)  3
     4.92000  (   -5.32612E-09,    1.37605E-09)  4
     5.90000  (   -6.84620E-09,    1.86424E-09)  5
     6.88000  (   -8.15850E-09,    2.40185E-09)  6
     7.86000  (   -9.11260E-09,    2.88975E-09)  7
     8.84000  (   -9.38690E-09,    3.21805E-09)  8
     9.82000  (   -8.86414E-09,    3.30679E-09)  9
     10.8000  (   -7.54952E-09,    3.24443E-09)  10
     11.7800  (   -5.73355E-09,    3.05116E-09)  11
     12.7600  (   -3.70431E-09,    2.74489E-09)  12
     13.7400  (   -1.72894E-09,    2.29160E-09)  13
     14.7200  (    1.89120E-10,    1.73643E-09)  14
     15.7000  (    1.64095E-09,    9.52025E-10)  15
     16.6800  (    2.57809E-09,    3.54688E-11)  16
     17.6600  (    3.30535E-09,   -9.98624E-10)  17
     18.6400  (    3.83159E-09,   -2.14506E-09)  18
     19.6200  (    4.51834E-09,   -3.31474E-09)  19
     20.6000  (    5.35815E-09,   -4.21828E-09)  20
     21.5800  (    6.14203E-09,   -4.70765E-09)  21
     22.5600  (    6.89123E-09,   -4.75212E-09)  22
     23.5400  (    7.36601E-09,   -4.30098E-09)  23
     24.5200  (    7.35226E-09,   -3.41303E-09)  24
     25.5000  (    6.56481E-09,   -2.22090E-09)  25
     26.4800  (    4.88181E-09,   -9.57713E-10)  26
     27.4600  (    2.66015E-09,    2.78304E-10)  27
     28.4400  (    1.63198E-10,    1.27335E-09)  28
     29.4200  (   -2.33366E-09,    1.98174E-09)  29
     30.4000  (   -4.52646E-09,    2.64103E-09)  30
     31.3800  (   -6.16542E-09,    3.32253E-09)  31
     32.3600  (   -7.26356E-09,    3.99575E-09)  32
     33.3400  (   -7.64099E-09,    4.82417E-09)  33
     34.3200  (   -7.65263E-09,    5.74569E-09)  34
     35.3000  (   -7.70848E-09,    6.55618E-09)  35
     36.2800  (   -7.69078E-09,    7.04431E-09)  36
     37.2600  (   -7.69754E-09,    6.97992E-09)  37
     38.2400  (   -7.53722E-09,    6.16767E-09)  38
     39.2200  (   -7.14976E-09,    4.64732E-09)  39
     40.2000  (   -6.39623E-09,    2.58495E-09)  40
     41.1800  (   -4.90136E-09,    2.13445E-10)  41
     42.1600  (   -2.77929E-09,   -2.22195E-09)  42
     43.1400  (   -1.18052E-10,   -4.39051E-09)  43
     44.1200  (    2.77003E-09,   -5.97136E-09)  44
     45.1000  (    5.37171E-09,   -7.00779E-09)  45
     46.0800  (    7.51506E-09,   -7.57968E-09)  46
     47.0600  (    9.07040E-09,   -7.77099E-09)  47
     48.0400  (    9.77048E-09,   -7.76884E-09)  48
     49.0200  (    9.53232E-09,   -7.69018E-09)  49
     50.0000  (    8.69454E-09,   -7.51949E-09)  50
     1.98000  (    8.13739E-10,   -1.85905E-09)  1
     2.96000  (    1.68693E-09,   -3.63299E-09)  2
     3.94000  (    2.23209E-09,   -5.26334E-09)  3
     4.92000  (    2.52815E-09,   -6.62421E-09)  4
     5.90000  (    2.56240E-09,   -7.55987E-09)  5
     6.88000  (    2.39933E-09,   -8.17545E-09)  6
     7.86000  (    2.26427E-09,   -8.47738E-09)  7
     8.84000  (    2.08066E-09,   -8.32968E-09)  8
     9.82000  (    1.90547E-09,   -7.68100E-09)  9
     10.8000  (    1.71837E-09,   -6.60582E-09)  10
     11.7800  (    1.58803E-09,   -5.16000E-09)  11
     12.7600  (    1.45503E-09,   -3.39275E-09)  12
     13.7400  (    1.28579E-09,   -1.37917E-09)  13
     14.7200  (    8.13005E-10,    7.78157E-10)  14
     15.7000  (    2.59085E-10,    2.95640E-09)  15
     16.6800  (   -2.91829E-10,    4.89239E-09)  16
     17.6600  (   -9.37459E-10,    6.45386E-09)  17
     18.6400  (   -1.42274E-09,    7.61118E-09)  18
     19.6200  (   -1.80943E-09,    8.38078E-09)  19
     20.6000  (   -1.93677E-09,    8.60362E-09)  20
     21.5800  (   -1.62365E-09,    8.29603E-09)  21
     22.5600  (   -1.07460E-09,    7.67349E-09)  22
     23.5400  (   -3.53171E-10,    6.78705E-09)  23
     24.5200  (    4.06945E-10,    5.71289E-09)  24
     25.5000  (    1.11148E-09,    4.47956E-09)  25
     26.4800  (    1.79725E-09,    3.10493E-09)  26
     27.4600  (    2.17481E-09,    1.55322E-09)  27
     28.4400  (    2.26143E-09,   -7.75758E-11)  28
     29.4200  (    2.15932E-09,   -1.77461E-09)  29
     30.4000  (    1.93961E-09,   -3.66775E-09)  30
     31.3800  (    1.64383E-09,   -5.62238E-09)  31
     32.3600  (    1.44773E-09,   -7.37736E-09)  32
     33.3400  (    1.13755E-09,   -8.80612E-09)  33
     34.3200  (    8.93207E-10,   -9.80526E-09)  34
     35.3000  (    8.46348E-10,   -1.02438E-08)  35
     36.2800  (    6.98262E-10,   -1.00514E-08)  36
     37.2600  (    5.08473E-10,   -9.24831E-09)  37
     38.2400  (    1.42429E-10,   -7.85408E-09)  38
     39.2200  (   -3.01484E-10,   -6.09204E-09)  39
     40.2000  (   -7.12340E-10,   -4.18814E-09)  40
     41.1800  (   -1.23311E-09,   -2.19133E-09)  41
     42.1600  (   -1.73132E-09,   -1.10435E-10)  42
     43.1400  (   -2.14518E-09,    2.03735E-09)  43
     44.1200  (   -2.46763E-09,    4.15258E-09)  44
     45.1000  (   -2.53257E-09,    6.33928E-09)  45
     46.0800  (   -2.50616E-09,    8.64857E-09)  46
     47.0600  (   -2.52748E-09,    1.09563E-08)  47
     48.0400  (   -2.53026E-09,    1.30800E-08)  48
     49.0200  (   -2.41964E-09,    1.47609E-08)  49
     50.0000  (   -2.37875E-09,    1.56823E-08)  50

  Inversion, time:     5864.921 secs.
