Inversion Workshop, Test Case 0 RAM Input File                                  
  S2 dn p  E                             
 MCMC sampling of posteriori probability
  ...Enumerative integration
 inversion reading real data
 cost function (abs(a)-abs(b))
  plot of best model and the initial model
 Using EOF.... 
                    1 2 3 4 5 6 7 8 9 0 1 2 3 4 5 6 7 8 9
                    0 1 2 3 4 5 6 7 8 9 0
 Options:           2 1 0 4 1 0 1 0 0 1 0 1 0 1 0 0 1 0 0 0 0 0 0 0 0 0 0 0 0 9 0 0 0 0 0 0 0 0 0 0
 Options (norm):    0 0 0 0 0 0 0 0 0 0 0 0 0 0 0 0 0 0 0 0 0 0 0 0 0 0 0 0 0 0 0 0 0 0 0 0 0 0 0 0
 Options (isubopt): 0 0 0 2 0 0 0 0 0 0 0 0 0 0 0 0 0 0 0 0 0 0 0 0 0 0 0 0 0 0 0 0 0 0 0 0 0 0 0 0
  Number of forward modelling runs:       10000
 Frequency:   250.0000    
 zs=   20.00000    
 rmin,rmax,dr,ndr   30.00000       4970.000       50.00000               1
 zmax,dz,ndz   300.0000      0.1000000              10
 rdmin,rdmax,ndz   20.00000       80.00000              10
   c0,np,ns,rs   1488.600               5           1  0.0000000E+00
 bathymetry
  0.0000000E+00   90.00000    
   5000.000       150.0000    
   994000.0       150.0000    
 Profile at range:  0.0000000E+00
  Ocean Sound Speed
 Number of points:           3
  0.0000000E+00   1495.00000000000                1
   160.0000       1488.60000000000             1601
   300.0000       1488.60000000000             3001
  Bottom Sound Speed
 Number of points:           8
  0.0000000E+00   1535.00000000000                1
   3.000000       1541.40000000000               31
   3.000000       1541.40000000000               32
   10.00000       1556.40000000000              101
   10.00000       1556.40000000000              102
   35.00000       1610.00000000000              351
   35.10000       1800.00000000000              352
   300.0000       1800.00000000000             3001
  Bottom Density
 Number of points:           4
  0.0000000E+00   1.55000000000000                1
   34.90000       1.59000000000000              350
   35.10000       1.64400000000000              352
   300.0000       1.64400000000000             3001
  Bottom Attenuation
 Number of points:           7
  0.0000000E+00  0.123000000000000                1
   35.00000      3.200000000000000E-002         351
   35.00000      3.600000000000000E-002         352
   100.0000      3.600000000000000E-002        1001
   150.0000       10.0000000000000             1501
   299.9000       100.000000000000             3000
   300.0000       100.000000000000             3001
  ncurv=          61 nbart=           0

 The EOF are
       physparm layer  ... shape functions
   1   2  1  1    1.00  0.00  0.00  0.00  0.00  0.00  0.00  0.00  0.00  0.00
   2   2  2  1    1.00  0.00  0.00  0.00  0.00  0.00  0.00  0.00  0.00  0.00
   3   2  3  1    1.00  1.00  0.00  0.00  0.00  0.00  0.00  0.00  0.00  0.00
   4   2  4  1    1.00  1.00  0.00  0.00  0.00  0.00  0.00  0.00  0.00  0.00
   5   2  5  1    1.00  1.00  1.00  0.00  0.00  0.00  0.00  0.00  0.00  0.00
   6   2  6  1    1.00  1.00  1.00  0.00  0.00  0.00  0.00  0.00  0.00  0.00
   7   2  7  1    1.00  1.00  1.00  1.00  0.00  0.00  0.00  0.00  0.00  0.00
   8   6  2  1    0.00  0.00  0.00  0.00  1.00  0.00  0.00  0.00  0.00  0.00
   9   6  3  1    0.00  0.00  0.00  0.00  1.00  0.00  0.00  0.00  0.00  0.00
  10   6  4  1    0.00  0.00  0.00  0.00  1.00  1.00  0.00  0.00  0.00  0.00
  11   6  5  1    0.00  0.00  0.00  0.00  1.00  1.00  0.00  0.00  0.00  0.00
  12   6  6  1    0.00  0.00  0.00  0.00  1.00  1.00  1.00  0.00  0.00  0.00
  13   6  7  1    0.00  0.00  0.00  0.00  1.00  1.00  1.00  0.00  0.00  0.00
  14   7  2  1    0.00  0.00  0.00  0.00  1.00  1.00  1.00  0.00  0.00  0.00
  15   7  3  1    0.00  0.00  0.00  0.00  1.00  1.00  1.00  0.00  0.00  0.00
  16  10  2  1    0.00  0.00  0.00  0.00  1.00  1.00  1.00  0.00  0.00  0.00
  17  10  3  1    0.00  0.00  0.00  0.00  1.00  1.00  1.00  0.00  0.00  0.00
  18   3  1  1    0.00  0.00  0.00  0.00  0.00  0.00  0.00  1.00  0.00  0.00
  19   3  2  1    0.00  0.00  0.00  0.00  0.00  0.00  0.00  1.00  0.00  0.00
  20   4  1  1    0.00  0.00  0.00  0.00  0.00  0.00  0.00  0.00  1.00  0.00
  21   4  2  1    0.00  0.00  0.00  0.00  0.00  0.00  0.00  0.00  1.00  0.00
  22   4  3  1    0.00  0.00  0.00  0.00  0.00  0.00  0.00  0.00  0.00  1.00
  23   4  4  1    0.00  0.00  0.00  0.00  0.00  0.00  0.00  0.00  0.00  1.00
  The starting values of the EOF amplitudes are:
   1505.51    232.35     24.47    360.08      4.12      3.39     18.58      1.66      0.24      0.02
 
 
  parameters to be optimized:
                   physparm     layer  min.val  max.val   del.val   nbit  ndig
  1 Shape coefficient       11   1   1   1480.00   1600.00     13.33    4   10
  2 Shape coefficient       11   2   1      1.00    300.00     33.22    4   10
  3 Shape coefficient       11   3   1      1.00    150.00     16.56    4   10
  4 Shape coefficient       11   4   1     10.00    400.00     43.33    4   10
 Frequency:   250.0000    
 zs=   20.00000    
 rmin,rmax,dr,ndr   30.00000       4970.000     Infinity                 1
 zmax,dz,ndz   300.0000      0.1000000              10
 rdmin,rdmax,ndz   20.00000       80.00000              10
   c0,np,ns,rs   1488.600               5           1  0.0000000E+00
 bathymetry
  0.0000000E+00   90.00000    
   5000.000       150.0000    
   994000.0       150.0000    
 Profile at range:  0.0000000E+00
  Ocean Sound Speed
 Number of points:           3
  0.0000000E+00   1495.00000000000                1
   160.0000       1488.60000000000             1601
   300.0000       1488.59997558594             3001
  Bottom Sound Speed
 Number of points:           8
  0.0000000E+00   1505.51196289062                1
   4.118000       1505.51196289062               42
   4.118000       1737.86596679688               43
   7.512000       1737.86596679688               76
   7.512000       1762.33093261719               77
   26.09500       1762.33093261719              262
   26.09500       2122.40991210938              263
   300.0000       2122.40991210938             3001
  Bottom Density
 Number of points:           4
  0.0000000E+00   1.66299998760223                1
   26.09500       1.66299998760223              262
   26.09500       1.64400000000000              263
   300.0000       1.64400005340576             3001
  Bottom Attenuation
 Number of points:           7
  0.0000000E+00  0.238000005483627                1
   26.09500      0.238000005483627              262
   26.09500      2.199999988079071E-002         263
   100.0000      2.199999988079071E-002        1001
   150.0000       10.0000000000000             1501
   299.9000       100.000000000000             3000
   300.0000       100.000000000000             3001
 Frequency:   250.0000    
 zs=   20.00000    
 rmin,rmax,dr,ndr   30.00000       4970.000       50.00000               1
 zmax,dz,ndz   300.0000      0.1000000              10
 rdmin,rdmax,ndz   20.00000       80.00000              10
   c0,np,ns,rs   1488.600               5           1  0.0000000E+00
 bathymetry
  0.0000000E+00   90.00000    
   5000.000       150.0000    
   994000.0       150.0000    
 Profile at range:  0.0000000E+00
  Ocean Sound Speed
 Number of points:           3
  0.0000000E+00   1495.00000000000                1
   160.0000       1488.60000000000             1601
   300.0000       1488.59997558594             3001
  Bottom Sound Speed
 Number of points:           8
  0.0000000E+00   1480.00000000000                1
   4.118000       1480.00000000000               42
   4.118000       1481.00000000000               43
   7.512000       1481.00000000000               76
   7.512000       1482.00000000000               77
   26.09500       1482.00000000000              262
   26.09500       1492.00000000000              263
   300.0000       1492.00000000000             3001
  Bottom Density
 Number of points:           4
  0.0000000E+00   1.66299998760223                1
   26.09500       1.66299998760223              262
   26.09500       1.64400000000000              263
   300.0000       1.64400005340576             3001
  Bottom Attenuation
 Number of points:           7
  0.0000000E+00  0.238000005483627                1
   26.09500      0.238000005483627              262
   26.09500      2.199999988079071E-002         263
   100.0000      2.199999988079071E-002        1001
   150.0000       10.0000000000000             1501
   299.9000       100.000000000000             3000
   300.0000       100.000000000000             3001
