This is pdfTeXk, Version 3.1415926-1.40.9 (Web2C 7.5.7) (format=pdflatex 2008.8.22)  7 SEP 2010 08:48
entering extended mode
\write18 enabled.
 %&-line parsing enabled.
**saga.tex
(./saga.tex
LaTeX2e <2005/12/01>
Babel <v3.8l> and hyphenation patterns for english, usenglishmax, dumylang, noh
yphenation, german-x-2008-06-18, ngerman-x-2008-06-18, ancientgreek, ibycus, ar
abic, basque, bulgarian, catalan, pinyin, coptic, croatian, czech, danish, dutc
h, esperanto, estonian, farsi, finnish, french, galician, german, ngerman, mono
greek, greek, hungarian, icelandic, indonesian, interlingua, irish, italian, la
tin, mongolian, mongolian2a, bokmal, nynorsk, polish, portuguese, romanian, rus
sian, sanskrit, serbian, slovak, slovenian, spanish, swedish, turkish, ukenglis
h, ukrainian, uppersorbian, welsh, loaded.
(./saclantc.cls
Document Class: saclantc 1995/10/23 v0.2 updatad 22 May 1997 `saclantc' LaTeX d
ocument class
(/usr/local/texlive/2008/texmf-dist/tex/latex/base/size11.clo
File: size11.clo 2005/09/16 v1.4f Standard LaTeX file (size option)
)
\SC@stamp=\box26
\c@part=\count79
\c@section=\count80
\c@subsection=\count81
\c@subsubsection=\count82
\c@paragraph=\count83
\c@subparagraph=\count84
\c@figure=\count85
\c@table=\count86
\abovecaptionskip=\skip41
\belowcaptionskip=\skip42
\bibindent=\dimen102
)
(/usr/local/texlive/2008/texmf-dist/tex/latex/hyperref/hyperref.sty
Package: hyperref 2008/08/14 v6.78f Hypertext links for LaTeX

(/usr/local/texlive/2008/texmf-dist/tex/latex/graphics/keyval.sty
Package: keyval 1999/03/16 v1.13 key=value parser (DPC)
\KV@toks@=\toks14
)
(/usr/local/texlive/2008/texmf-dist/tex/generic/oberdiek/ifpdf.sty
Package: ifpdf 2007/12/12 v1.6 Provides the ifpdf switch (HO)
Package ifpdf Info: pdfTeX in pdf mode detected.
)
(/usr/local/texlive/2008/texmf-dist/tex/generic/oberdiek/ifvtex.sty
Package: ifvtex 2007/09/09 v1.3 Switches for detecting VTeX and its modes (HO)
Package ifvtex Info: VTeX not detected.
)
(/usr/local/texlive/2008/texmf-dist/tex/generic/ifxetex/ifxetex.sty
Package: ifxetex 2006/08/21 v0.3 Provides ifxetex conditional
)
(/usr/local/texlive/2008/texmf-dist/tex/latex/oberdiek/hycolor.sty
Package: hycolor 2008/08/01 v1.3 Code for color options of hyperref/bookmark (H
O)

(/usr/local/texlive/2008/texmf-dist/tex/latex/oberdiek/xcolor-patch.sty
Package: xcolor-patch 2008/08/01 xcolor patch
))
\@linkdim=\dimen103
\Hy@linkcounter=\count87
\Hy@pagecounter=\count88

(/usr/local/texlive/2008/texmf-dist/tex/latex/hyperref/pd1enc.def
File: pd1enc.def 2008/08/14 v6.78f Hyperref: PDFDocEncoding definition (HO)
)
(/usr/local/texlive/2008/texmf-dist/tex/generic/oberdiek/etexcmds.sty
Package: etexcmds 2007/12/12 v1.2 Prefix for e-TeX command names (HO)

(/usr/local/texlive/2008/texmf-dist/tex/generic/oberdiek/infwarerr.sty
Package: infwarerr 2007/09/09 v1.2 Providing info/warning/message (HO)
)
Package etexcmds Info: Could not find \expanded.
(etexcmds)             That can mean that you are not using pdfTeX 1.50 or
(etexcmds)             that some package has redefined \expanded.
(etexcmds)             In the latter case, load this package earlier.
)
(/usr/local/texlive/2008/texmf/tex/latex/config/hyperref.cfg
File: hyperref.cfg 2002/06/06 v1.2 hyperref configuration of TeXLive
)
(/usr/local/texlive/2008/texmf-dist/tex/latex/oberdiek/kvoptions.sty
Package: kvoptions 2007/10/18 v3.0 Keyval support for LaTeX options (HO)
)
Package hyperref Info: Hyper figures OFF on input line 2876.
Package hyperref Info: Link nesting OFF on input line 2881.
Package hyperref Info: Hyper index ON on input line 2884.
Package hyperref Info: Plain pages OFF on input line 2891.
Package hyperref Info: Backreferencing OFF on input line 2896.

Implicit mode ON; LaTeX internals redefined
Package hyperref Info: Bookmarks ON on input line 3086.
(/usr/local/texlive/2008/texmf-dist/tex/latex/ltxmisc/url.sty
\Urlmuskip=\muskip10
Package: url 2006/04/12  ver 3.3  Verb mode for urls, etc.
)
LaTeX Info: Redefining \url on input line 3272.

(/usr/local/texlive/2008/texmf-dist/tex/generic/oberdiek/bitset.sty
Package: bitset 2007/09/28 v1.0 Data type bit set (HO)

(/usr/local/texlive/2008/texmf-dist/tex/generic/oberdiek/intcalc.sty
Package: intcalc 2007/09/27 v1.1 Expandable integer calculations (HO)
)
(/usr/local/texlive/2008/texmf-dist/tex/generic/oberdiek/bigintcalc.sty
Package: bigintcalc 2007/11/11 v1.1 Expandable big integer calculations (HO)

(/usr/local/texlive/2008/texmf-dist/tex/generic/oberdiek/pdftexcmds.sty
Package: pdftexcmds 2007/12/12 v0.3 LuaTeX support for pdfTeX utility functions
 (HO)
Package pdftexcmds Info: LuaTeX not detected on input line 139.
)))
(/usr/local/texlive/2008/texmf-dist/tex/generic/oberdiek/kvsetkeys.sty
Package: kvsetkeys 2007/09/29 v1.3 Key value parser with default handler suppor
t (HO)
)
\Fld@menulength=\count89
\Field@Width=\dimen104
\Fld@charsize=\dimen105
\Field@toks=\toks15
Package hyperref Info: Hyper figures OFF on input line 4189.
Package hyperref Info: Link nesting OFF on input line 4194.
Package hyperref Info: Hyper index ON on input line 4197.
Package hyperref Info: backreferencing OFF on input line 4204.
Package hyperref Info: Link coloring OFF on input line 4209.
Package hyperref Info: Link coloring with OCG OFF on input line 4214.
Package hyperref Info: PDF/A mode OFF on input line 4219.

(/usr/local/texlive/2008/texmf-dist/tex/generic/oberdiek/atbegshi.sty
Package: atbegshi 2008/07/31 v1.9 At begin shipout hook (HO)
)
\Hy@abspage=\count90
\c@Item=\count91
\c@Hfootnote=\count92
)
*hyperref using default driver hpdftex*
(/usr/local/texlive/2008/texmf-dist/tex/latex/hyperref/hpdftex.def
File: hpdftex.def 2008/08/14 v6.78f Hyperref driver for pdfTeX
\Fld@listcount=\count93
)
Package hyperref Info: Option `colorlinks' set `true' on input line 17.

(/usr/local/texlive/2008/texmf-dist/tex/latex/graphics/epsfig.sty
Package: epsfig 1999/02/16 v1.7a (e)psfig emulation (SPQR)

(/usr/local/texlive/2008/texmf-dist/tex/latex/graphics/graphicx.sty
Package: graphicx 1999/02/16 v1.0f Enhanced LaTeX Graphics (DPC,SPQR)

(/usr/local/texlive/2008/texmf-dist/tex/latex/graphics/graphics.sty
Package: graphics 2006/02/20 v1.0o Standard LaTeX Graphics (DPC,SPQR)

(/usr/local/texlive/2008/texmf-dist/tex/latex/graphics/trig.sty
Package: trig 1999/03/16 v1.09 sin cos tan (DPC)
)
(/usr/local/texlive/2008/texmf/tex/latex/config/graphics.cfg
File: graphics.cfg 2007/01/18 v1.5 graphics configuration of teTeX/TeXLive
)
Package graphics Info: Driver file: pdftex.def on input line 90.

(/usr/local/texlive/2008/texmf-dist/tex/latex/pdftex-def/pdftex.def
File: pdftex.def 2008/07/16 v0.04k Graphics/color for pdfTeX
\Gread@gobject=\count94
))
\Gin@req@height=\dimen106
\Gin@req@width=\dimen107
)
\epsfxsize=\dimen108
\epsfysize=\dimen109
)
(./saga.aux (./letter.aux))
\openout1 = `saga.aux'.

LaTeX Font Info:    Checking defaults for OML/cmm/m/it on input line 59.
LaTeX Font Info:    ... okay on input line 59.
LaTeX Font Info:    Checking defaults for T1/cmr/m/n on input line 59.
LaTeX Font Info:    ... okay on input line 59.
LaTeX Font Info:    Checking defaults for OT1/cmr/m/n on input line 59.
LaTeX Font Info:    ... okay on input line 59.
LaTeX Font Info:    Checking defaults for OMS/cmsy/m/n on input line 59.
LaTeX Font Info:    ... okay on input line 59.
LaTeX Font Info:    Checking defaults for OMX/cmex/m/n on input line 59.
LaTeX Font Info:    ... okay on input line 59.
LaTeX Font Info:    Checking defaults for U/cmr/m/n on input line 59.
LaTeX Font Info:    ... okay on input line 59.
LaTeX Font Info:    Checking defaults for PD1/pdf/m/n on input line 59.
LaTeX Font Info:    ... okay on input line 59.

(/usr/local/texlive/2008/texmf-dist/tex/latex/graphics/color.sty
Package: color 2005/11/14 v1.0j Standard LaTeX Color (DPC)

(/usr/local/texlive/2008/texmf/tex/latex/config/color.cfg
File: color.cfg 2007/01/18 v1.5 color configuration of teTeX/TeXLive
)
Package color Info: Driver file: pdftex.def on input line 130.
)
Package hyperref Info: Link coloring ON on input line 59.

(/usr/local/texlive/2008/texmf-dist/tex/latex/hyperref/nameref.sty
Package: nameref 2007/05/29 v2.31 Cross-referencing by name of section

(/usr/local/texlive/2008/texmf-dist/tex/latex/oberdiek/refcount.sty
Package: refcount 2008/08/11 v3.1 Data extraction from references (HO)
)
\c@section@level=\count95
)
LaTeX Info: Redefining \ref on input line 59.
LaTeX Info: Redefining \pageref on input line 59.

(./saga.out) (./saga.out)
\@outlinefile=\write3
\openout3 = `saga.out'.

\AtBeginShipoutBox=\box27

(/usr/local/texlive/2008/texmf-dist/tex/context/base/supp-pdf.tex
[Loading MPS to PDF converter (version 2006.09.02).]
\scratchcounter=\count96
\scratchdimen=\dimen110
\scratchbox=\box28
\nofMPsegments=\count97
\nofMParguments=\count98
\everyMPshowfont=\toks16
\MPscratchCnt=\count99
\MPscratchDim=\dimen111
\MPnumerator=\count100
\everyMPtoPDFconversion=\toks17
)
Underfull \hbox (badness 1360) in paragraph at lines 60--60
 []\OT1/cmr/m/n/12 September 7, 2010 
 []


Underfull \vbox (badness 10000) detected at line 60
 []

[1{/usr/local/texlive/2008/texmf-var/fonts/map/pdftex/updmap/pdftex.map}

]
[2

] [3]
LaTeX Font Info:    External font `cmex10' loaded for size
(Font)              <7> on input line 145.
LaTeX Font Info:    External font `cmex10' loaded for size
(Font)              <5> on input line 145.
 [4] [5] (./saga.toc [6


])
\tf@toc=\write4
\openout4 = `saga.toc'.

 [7]
Section 1.
<figures/SAGA_rot.pdf, id=359, 269.005pt x 408.52625pt>
File: figures/SAGA_rot.pdf Graphic file (type pdf)

<use figures/SAGA_rot.pdf>
<figures/chain2.pdf, id=360, 395.4775pt x 118.4425pt>
File: figures/chain2.pdf Graphic file (type pdf)
 <use figures/chain2.pdf>
[1



] [2 <./figures/SAGA_rot.pdf>] [3 <./figures/chain2.pdf>]
Section 2.
LaTeX Font Info:    External font `cmex10' loaded for size
(Font)              <10.95> on input line 281.
LaTeX Font Info:    External font `cmex10' loaded for size
(Font)              <8> on input line 281.
LaTeX Font Info:    External font `cmex10' loaded for size
(Font)              <6> on input line 281.
<figures/figure_1.pdf, id=463, 351.3125pt x 152.57pt>
File: figures/figure_1.pdf Graphic file (type pdf)

<use figures/figure_1.pdf> [4

] [5 <./figures/figure_1.pdf>]
<figures/figure_2.pdf, id=506, 272.01625pt x 107.40125pt>
File: figures/figure_2.pdf Graphic file (type pdf)

<use figures/figure_2.pdf>
<figures/figure_3.pdf, id=507, 257.96375pt x 138.5175pt>
File: figures/figure_3.pdf Graphic file (type pdf)

<use figures/figure_3.pdf> [6 <./figures/figure_2.pdf> <./figures/figure_3.pdf>
] [7] [8] [9]
Section 3.
[10

] [11] [12]
Section 4.

Underfull \hbox (badness 10000) in paragraph at lines 720--722

 []

[13

] [14] [15] [16] [17] [18]
Section 5.
[19

] [20] [21]
Section 6.
[22

] [23] [24] [25] [26] [27]
Underfull \hbox (badness 10000) in paragraph at lines 1505--1513

 []

[28] [29] [30] [31]
\openout2 = `letter.aux'.

 (./letter.tex [32

]) [33]
Section 7.
[34


] [35] [36] [37]
Section 8.
[38

]
LaTeX Font Info:    External font `cmex10' loaded for size
(Font)              <9> on input line 1930.
 [39] <figures/covplot.pdf, id=853, 544.0325pt x 424.58624pt>
File: figures/covplot.pdf Graphic file (type pdf)

<use figures/covplot.pdf> [40] [41] [42 <./figures/covplot.pdf>] [43]
Section 9.
[44

] [45] [46

]
Section 10.
[47

]
Section 11.

Underfull \hbox (badness 10000) in paragraph at lines 2431--2433
\OT1/cmr/m/n/10.95 For an ex-am-ple, see the files in \OT1/cmtt/m/n/10.95 examp
les/snap/jasa2006\OT1/cmr/m/n/10.95 ,
 []

[48

]
Section 12.
[49

] [50] [51] [52] [53]
<figures/layer11_ppd.pdf, id=972, 507.8975pt x 401.5pt>
File: figures/layer11_ppd.pdf Graphic file (type pdf)

<use figures/layer11_ppd.pdf>
<figures/layer11_uni.pdf, id=973, 507.8975pt x 402.50375pt>
File: figures/layer11_uni.pdf Graphic file (type pdf)

<use figures/layer11_uni.pdf>
<figures/layer11_fit.pdf, id=974, 484.81125pt x 396.48125pt>
File: figures/layer11_fit.pdf Graphic file (type pdf)

<use figures/layer11_fit.pdf> [54] [55 <./figures/layer11_ppd.pdf>] [56 <./figu
res/layer11_uni.pdf>] [57 <./figures/layer11_fit.pdf>] [58]
<figures/hori_10db2.pdf, id=1034, 588.1975pt x 732.7375pt>
File: figures/hori_10db2.pdf Graphic file (type pdf)

<use figures/hori_10db2.pdf> [59] [60 <./figures/hori_10db2.pdf>]
Underfull \hbox (badness 10000) in paragraph at lines 2953--2961

 []

[61] [62]
Underfull \hbox (badness 10000) in paragraph at lines 3062--3071

 []


Underfull \hbox (badness 10000) in paragraph at lines 3073--3087
\OT1/cmtt/m/n/10.95 0.0000 0.0000 0.0000 0.0000     ! individual offset for eac
h
 []


Underfull \hbox (badness 10000) in paragraph at lines 3073--3087
\OT1/cmtt/m/n/10.95 7.32                     ! because of the ndep=-4 each rece
iver
 []

[63] <figures/sspmis.pdf, id=1077, 370.38374pt x 186.6975pt>
File: figures/sspmis.pdf Graphic file (type pdf)

<use figures/sspmis.pdf> [64] [65 <./figures/sspmis.pdf>] [66]
<figures/sspmisa_ppd.pdf, id=1120, 374.39874pt x 226.8475pt>
File: figures/sspmisa_ppd.pdf Graphic file (type pdf)

<use figures/sspmisa_ppd.pdf>
<figures/sspmisa_2ppd.pdf, id=1121, 441.65pt x 387.4475pt>
File: figures/sspmisa_2ppd.pdf Graphic file (type pdf)

<use figures/sspmisa_2ppd.pdf>
<figures/sspmisa_amb.pdf, id=1124, 448.67625pt x 375.4025pt>
File: figures/sspmisa_amb.pdf Graphic file (type pdf)

<use figures/sspmisa_amb.pdf> [67 <./figures/sspmisa_ppd.pdf>] [68 <./figures/s
spmisa_2ppd.pdf>] [69 <./figures/sspmisa_amb.pdf>] [70] [71]
<figures/1dppd.png, id=1193, 578.16pt x 434.1018pt>
File: figures/1dppd.png Graphic file (type png)
 <use figures/1dppd.png>
<figures/2dppd.png, id=1196, 578.16pt x 433.62pt>
File: figures/2dppd.png Graphic file (type png)
 <use figures/2dppd.png>
Underfull \hbox (badness 10000) in paragraph at lines 3442--3449

 []


Underfull \hbox (badness 10000) in paragraph at lines 3442--3449

 []

[72 <./figures/1dppd.png (PNG copy)>] [73 <./figures/2dppd.png (PNG copy)>]
<figures/fig5abc.png, id=1216, 578.16pt x 433.62pt>
File: figures/fig5abc.png Graphic file (type png)
 <use figures/fig5abc.png>
<figures/fig5d.png, id=1217, 578.16pt x 433.62pt>
File: figures/fig5d.png Graphic file (type png)
 <use figures/fig5d.png>
[74] [75 <./figures/fig5abc.png (PNG copy)> <./figures/fig5d.png (PNG copy)>]
[76] [77] [78

] <figures/pg3.pdf, id=1259, 370.38374pt x 318.18875pt>
File: figures/pg3.pdf Graphic file (type pdf)

<use figures/pg3.pdf> <figures/source.pdf, id=1260, 501.875pt x 378.41376pt>
File: figures/source.pdf Graphic file (type pdf)

<use figures/source.pdf> [79 <./figures/pg3.pdf>] [80 <./figures/source.pdf>]
<figures/tl_malta_rd_fit.pdf, id=1282, 494.84875pt x 682.55pt>
File: figures/tl_malta_rd_fit.pdf Graphic file (type pdf)

<use figures/tl_malta_rd_fit.pdf>
Underfull \hbox (badness 10000) in paragraph at lines 3740--3749

 []

[81] [82 <./figures/tl_malta_rd_fit.pdf>] [83

] [84]
<figures/waa_ppd.pdf, id=1317, 398.48875pt x 755.82375pt>
File: figures/waa_ppd.pdf Graphic file (type pdf)

<use figures/waa_ppd.pdf>
<figures/waa_fit.pdf, id=1318, 494.84875pt x 682.55pt>
File: figures/waa_fit.pdf Graphic file (type pdf)

<use figures/waa_fit.pdf>
<figures/waa_lf_freq.pdf, id=1323, 501.875pt x 394.47375pt>
File: figures/waa_lf_freq.pdf Graphic file (type pdf)

<use figures/waa_lf_freq.pdf>
<figures/waa_lf_time.pdf, id=1324, 503.8825pt x 387.4475pt>
File: figures/waa_lf_time.pdf Graphic file (type pdf)

<use figures/waa_lf_time.pdf> [85] [86 <./figures/waa_ppd.pdf>] [87 <./figures/
waa_fit.pdf>] [88 <./figures/waa_lf_freq.pdf> <./figures/waa_lf_time.pdf>]
<figures/rev.pdf, id=1377, 503.8825pt x 326.21875pt>
File: figures/rev.pdf Graphic file (type pdf)
 <use figures/rev.pdf>
[89] [90 <./figures/rev.pdf>] [91] [92] [93] [94] [95]
<figures/sdc20dborca.pdf, id=1432, 517.935pt x 388.45125pt>
File: figures/sdc20dborca.pdf Graphic file (type pdf)

<use figures/sdc20dborca.pdf> [96] [97 <./figures/sdc20dborca.pdf>] [98]
[99] <figures/tc1v1lay.pdf, id=1465, 509.905pt x 436.63126pt>
File: figures/tc1v1lay.pdf Graphic file (type pdf)

<use figures/tc1v1lay.pdf> [100] [101 <./figures/tc1v1lay.pdf>]
Underfull \hbox (badness 10000) in paragraph at lines 4630--4634

 []


Underfull \hbox (badness 10000) in paragraph at lines 4635--4644

 []


Underfull \hbox (badness 10000) in paragraph at lines 4635--4644

 []

[102]
Underfull \hbox (badness 10000) in paragraph at lines 4647--4656

 []

[103] [104] <figures/em_environment.pdf, id=1514, 378.41376pt x 254.9525pt>
File: figures/em_environment.pdf Graphic file (type pdf)

<use figures/em_environment.pdf>
<figures/tpem_ex_ppd.pdf, id=1515, 357.335pt x 169.63374pt>
File: figures/tpem_ex_ppd.pdf Graphic file (type pdf)

<use figures/tpem_ex_ppd.pdf> [105 <./figures/em_environment.pdf>]
<figures/tpem_ex_fit.pdf, id=1531, 495.8525pt x 395.4775pt>
File: figures/tpem_ex_fit.pdf Graphic file (type pdf)

<use figures/tpem_ex_fit.pdf>
<figures/tpem_ex_con.pdf, id=1532, 451.6875pt x 705.63625pt>
File: figures/tpem_ex_con.pdf Graphic file (type pdf)

<use figures/tpem_ex_con.pdf> [106 <./figures/tpem_ex_ppd.pdf>] [107 <./figures
/tpem_ex_fit.pdf>] [108 <./figures/tpem_ex_con.pdf>]
Section 13.
<figures/covertcoord.pdf, id=1573, 352.31625pt x 237.88875pt>
File: figures/covertcoord.pdf Graphic file (type pdf)

<use figures/covertcoord.pdf> [109

] [110 <./figures/covertcoord.pdf>]
<figures/hor45.pdf, id=1598, 424.58624pt x 400.49625pt>
File: figures/hor45.pdf Graphic file (type pdf)

<use figures/hor45.pdf>
<figures/tilted.pdf, id=1599, 418.56375pt x 402.50375pt>
File: figures/tilted.pdf Graphic file (type pdf)

<use figures/tilted.pdf> [111] [112 <./figures/hor45.pdf>] [113 <./figures/tilt
ed.pdf>] [114

] [115] [116] [117]

Package hyperref Warning: bookmark level for unknown references defaults to 0.


Underfull \hbox (badness 10000) in paragraph at lines 5266--5268
[]\OT1/cmr/m/n/10.95 M.D. Collins ``Users guide for RAM ver-sions 1.0 and 1.0p'
',
 []

[118

] [119] [120] [121] [122]
Underfull \hbox (badness 10000) in paragraph at lines 5587--5590
[]\OT1/cmr/m/n/10.95 Edwin L. Hamil-ton, ``Geoa-cous-tic mod-el-ing of the sea 
floor,''
 []


Underfull \hbox (badness 1910) in paragraph at lines 5591--5594
[]\OT1/cmr/m/n/10.95 Richard T. Bach-man, ``Es-ti-mat-ing ve-loc-ity ra-tio in 
ma-rine sed-i-ment,''
 []

[123] [124]pdfTeX warning (ext4): destination with the same identifier (name{se
ction.1}) has been already used, duplicate ignored
<to be read again> 
                   \relax 
l.5620 ...kelihood functions for a vertical array}
                                                  
Annex A.

Package hyperref Warning: bookmark level for unknown annex defaults to 0.


Package hyperref Warning: Difference (2) between bookmark levels is greater 
(hyperref)                than one, level fixed on input line 5656.

[125


] [126] [127] [128] [129]pdfTeX warning (ext4): destination with the same ident
ifier (name{section.2}) has been already used, duplicate ignored
<to be read again> 
                   \relax 
l.5904 \annex{Regularization}
                             
Annex B.
pdfTeX warning (ext4): destination with the same identifier (name{subsection.2.
1}) has been already used, duplicate ignored
<to be read again> 
                   \relax 
l.5925 \subsection{Thikhonov regularization}
                                            

Package hyperref Warning: Difference (2) between bookmark levels is greater 
(hyperref)                than one, level fixed on input line 5925.

pdfTeX warning (ext4): destination with the same identifier (name{subsection.2.
2}) has been already used, duplicate ignored
<to be read again> 
                   \relax 
l.5960 ...{\it a priori} probability distribution}
                                                   [130

] [131] [132]pdfTeX warning (ext4): destination with the same identifier (name{
section.3}) has been already used, duplicate ignored
<to be read again> 
                   \relax 
l.6051 \annex{Updating SAGA}
                            
Annex C.

Package hyperref Warning: Difference (2) between bookmark levels is greater 
(hyperref)                than one, level fixed on input line 6059.

[133

] [134] [135] (./saga.aux (./letter.aux)) ) 
Here is how much of TeX's memory you used:
 5184 strings out of 493886
 74725 string characters out of 1151099
 147438 words of memory out of 3000000
 7884 multiletter control sequences out of 10000+50000
 21033 words of font info for 73 fonts, out of 3000000 for 5000
 717 hyphenation exceptions out of 8191
 36i,14n,38p,1069b,411s stack positions out of 5000i,500n,10000p,200000b,50000s
</usr/local/texlive/2008/texmf-dist/
fonts/type1/bluesky/cm/cmbx10.pfb></usr/local/texlive/2008/texmf-dist/fonts/typ
e1/bluesky/cm/cmbx12.pfb></usr/local/texlive/2008/texmf-dist/fonts/type1/bluesk
y/cm/cmbx8.pfb></usr/local/texlive/2008/texmf-dist/fonts/type1/bluesky/cm/cmcsc
10.pfb></usr/local/texlive/2008/texmf-dist/fonts/type1/bluesky/cm/cmex10.pfb></
usr/local/texlive/2008/texmf-dist/fonts/type1/bluesky/cm/cmmi10.pfb></usr/local
/texlive/2008/texmf-dist/fonts/type1/bluesky/cm/cmmi6.pfb></usr/local/texlive/2
008/texmf-dist/fonts/type1/bluesky/cm/cmmi7.pfb></usr/local/texlive/2008/texmf-
dist/fonts/type1/bluesky/cm/cmmi8.pfb></usr/local/texlive/2008/texmf-dist/fonts
/type1/bluesky/cm/cmr10.pfb></usr/local/texlive/2008/texmf-dist/fonts/type1/blu
esky/cm/cmr12.pfb></usr/local/texlive/2008/texmf-dist/fonts/type1/bluesky/cm/cm
r6.pfb></usr/local/texlive/2008/texmf-dist/fonts/type1/bluesky/cm/cmr7.pfb></us
r/local/texlive/2008/texmf-dist/fonts/type1/bluesky/cm/cmr8.pfb></usr/local/tex
live/2008/texmf-dist/fonts/type1/bluesky/cm/cmr9.pfb></usr/local/texlive/2008/t
exmf-dist/fonts/type1/bluesky/cm/cmss10.pfb></usr/local/texlive/2008/texmf-dist
/fonts/type1/bluesky/cm/cmss12.pfb></usr/local/texlive/2008/texmf-dist/fonts/ty
pe1/bluesky/cm/cmssi12.pfb></usr/local/texlive/2008/texmf-dist/fonts/type1/blue
sky/cm/cmssqi8.pfb></usr/local/texlive/2008/texmf-dist/fonts/type1/bluesky/cm/c
msy10.pfb></usr/local/texlive/2008/texmf-dist/fonts/type1/bluesky/cm/cmsy6.pfb>
</usr/local/texlive/2008/texmf-dist/fonts/type1/bluesky/cm/cmsy8.pfb></usr/loca
l/texlive/2008/texmf-dist/fonts/type1/bluesky/cm/cmsy9.pfb></usr/local/texlive/
2008/texmf-dist/fonts/type1/bluesky/cm/cmti10.pfb></usr/local/texlive/2008/texm
f-dist/fonts/type1/bluesky/cm/cmti12.pfb></usr/local/texlive/2008/texmf-dist/fo
nts/type1/bluesky/cm/cmtt10.pfb></usr/local/texlive/2008/texmf-dist/fonts/type1
/bluesky/cm/cmtt8.pfb></usr/local/texlive/2008/texmf-dist/fonts/type1/bluesky/c
m/cmtt9.pfb>
Output written on saga.pdf (142 pages, 1557572 bytes).
PDF statistics:
 1998 PDF objects out of 2073 (max. 8388607)
 474 named destinations out of 1000 (max. 131072)
 696 words of extra memory for PDF output out of 10000 (max. 10000000)

