11 layers- example used in GA-paper.                                            
 Q wd W GN  A                     ! Optio
 inversion debugging
 inversion in wavenumber-depth domain
 inversion reading real data
 Observed data written out to unit 30 
 Based on magnitude of observations
 Cost based on |a-b|^2
 Adding the input values to PPD-plot 
                    1 2 3 4 5 6 7 8 9 0 1 2 3 4 5 6 7 8 9
                    0 1 2 3 4 5 6 7 8 9 0
 Options:           1 1 5 0 0 1 1 0 0 0 0 0 0 1 0 0 0 0 1 0 1 0 0 0 1 0 0 0 0 3 0 0 0 0 0 0 0 0 0 0
 Options (norm):    0 0 0 0 5 0 0 0 0 0 0 0 0 0 0 0 0 0 0 0 0 0 0 0 0 0 0 0 0 0 0 0 0 0 0 0 0 0 0 0
 Options (isubopt): 0 0 0 0 0 0 0 0 0 0 0 0 0 0 0 0 0 0 0 0 0 0 0 0 0 0 0 0 0 0 0 0 0 0 0 0 0 0 0 0
  Number of forward modelling runs:        2000
options for oases 
N J I T                          ! Oases forward model                          
  number of frequencies           1   100.0000    
 number of layers           13
   0.000E+00   0.000E+00   0.000E+00   0.000E+00   0.000E+00   0.000E+00
   0.000E+00   0.150E+04   0.000E+00   0.000E+00   0.000E+00   0.100E+01
   0.500E+02   0.160E+04   0.000E+00   0.100E+00   0.200E+00   0.160E+01
   0.600E+02   0.160E+04   0.000E+00   0.100E+00   0.200E+00   0.160E+01
   0.700E+02   0.160E+04   0.000E+00   0.100E+00   0.200E+00   0.160E+01
   0.800E+02   0.160E+04   0.000E+00   0.100E+00   0.200E+00   0.160E+01
   0.900E+02   0.160E+04   0.000E+00   0.100E+00   0.200E+00   0.160E+01
   0.100E+03   0.180E+04   0.000E+00   0.100E+00   0.200E+00   0.200E+01
   0.110E+03   0.180E+04   0.000E+00   0.100E+00   0.200E+00   0.200E+01
   0.120E+03   0.180E+04   0.000E+00   0.100E+00   0.200E+00   0.200E+01
   0.130E+03   0.180E+04   0.000E+00   0.100E+00   0.200E+00   0.200E+01
   0.140E+03   0.180E+04   0.000E+00   0.100E+00   0.200E+00   0.200E+01
   0.150E+03   0.220E+04   0.000E+00   0.100E+00   0.200E+00   0.220E+01
  reading ranges in....
 number of ranges           1
  ncurv=           1 nbart=           0
 
  parameters to be optimized:
                   physparm     layer  min.val  max.val   del.val   nbit  ndig
  1 P sound speed (m/s)      2   3   1500.00   2300.00      6.30    7  128
  2 P sound speed (m/s)      2   4   1500.00   2300.00      6.30    7  128
  3 P sound speed (m/s)      2   5   1500.00   2300.00      6.30    7  128
  4 P sound speed (m/s)      2   6   1500.00   2300.00      6.30    7  128
  5 P sound speed (m/s)      2   7   1500.00   2300.00      6.30    7  128
  6 P sound speed (m/s)      2   8   1500.00   2300.00      6.30    7  128
  7 P sound speed (m/s)      2   9   1500.00   2300.00      6.30    7  128
  8 P sound speed (m/s)      2  10   1500.00   2300.00      6.30    7  128
  9 P sound speed (m/s)      2  11   1500.00   2300.00      6.30    7  128
 10 P sound speed (m/s)      2  12   1500.00   2300.00      6.30    7  128
 11 P sound speed (m/s)      2  13   1500.00   2300.00      6.30    7  128
 Size of the search space: 10** 23.18
  Using OAST  as forward model


 OPTIONS:

 NORMAL STRESS
 COMPLEX INTEGRATION CONTOUR
 HANKEL TRANSFORM INTEGRANDS
 TRANSMISSION LOSS


 NUMBER OF LAYERS:       13
 NUMBER OF SOURCES:       1
 NUMBER OF RECEIVERS:     1


  CMIN =     1400.00     M/S 
  CMAX =     2500.00     M/S 


    NW       IC1       IC2
    64         1        64
  
 RANGE STEP:         31.321 m MAX FFT RANGE:       2.005 km
 
 THE DEFAULT CONTOUR OFFSET IS APPLIED
      DEPTH        ALPHA       BETA
       ATTENA       ATTENB         RHO      ROUGHNESS
     0.00000     0.00000     0.00000  0.00000000  0.00000000 0.00000E+00 0.00000E+00
     0.00000  1500.00000     0.00000  0.00000000  0.00000000 0.10000E+04 0.00000E+00
    50.00000  1600.00000     0.00000  0.10000000  0.20000000 0.16000E+04 0.00000E+00
    60.00000  1600.00000     0.00000  0.10000000  0.20000000 0.16000E+04 0.00000E+00
    70.00000  1600.00000     0.00000  0.10000000  0.20000000 0.16000E+04 0.00000E+00
    80.00000  1600.00000     0.00000  0.10000000  0.20000000 0.16000E+04 0.00000E+00
    90.00000  1600.00000     0.00000  0.10000000  0.20000000 0.16000E+04 0.00000E+00
   100.00000  1800.00000     0.00000  0.10000000  0.20000000 0.20000E+04 0.00000E+00
   110.00000  1800.00000     0.00000  0.10000000  0.20000000 0.20000E+04 0.00000E+00
   120.00000  1800.00000     0.00000  0.10000000  0.20000000 0.20000E+04 0.00000E+00
   130.00000  1800.00000     0.00000  0.10000000  0.20000000 0.20000E+04 0.00000E+00
   140.00000  1800.00000     0.00000  0.10000000  0.20000000 0.20000E+04 0.00000E+00
   150.00000  2200.00000     0.00000  0.10000000  0.20000000 0.22000E+04 0.00000E+00


 RECEIVER DATA:

   NO.         DEPTH  LAYER           Z
      1    50.0000         3    0.00000    


 SOURCE DATA:

   N0.         DEPTH  LAYER           ZU             ZL
      1    50.0000         2    50.0000        0.00000    
 
  initial fitness  3.0466740E-12
 
  crossover probability      0.8000000    
  mutation  probability      5.0000001E-02
  update    probability      0.5000000    
  number of iterations             2000
  size   of populations              32
  number of populations               1
 
      DEPTH        ALPHA       BETA
       ATTENA       ATTENB         RHO      ROUGHNESS
     0.00000     0.00000     0.00000  0.00000000  0.00000000 0.00000E+00 0.00000E+00
     0.00000  1500.00000     0.00000  0.00000000  0.00000000 0.10000E+04 0.00000E+00
    50.00000  2192.91333     0.00000  0.10000000  0.20000000 0.16000E+04 0.00000E+00
    60.00000  2073.22827     0.00000  0.10000000  0.20000000 0.16000E+04 0.00000E+00
    70.00000  2249.60620     0.00000  0.10000000  0.20000000 0.16000E+04 0.00000E+00
    80.00000  1770.86609     0.00000  0.10000000  0.20000000 0.16000E+04 0.00000E+00
    90.00000  1594.48816     0.00000  0.10000000  0.20000000 0.16000E+04 0.00000E+00
   100.00000  1871.65356     0.00000  0.10000000  0.20000000 0.20000E+04 0.00000E+00
   110.00000  2111.02368     0.00000  0.10000000  0.20000000 0.20000E+04 0.00000E+00
   120.00000  1588.18896     0.00000  0.10000000  0.20000000 0.20000E+04 0.00000E+00
   130.00000  1500.00000     0.00000  0.10000000  0.20000000 0.20000E+04 0.00000E+00
   140.00000  1537.79529     0.00000  0.10000000  0.20000000 0.20000E+04 0.00000E+00
   150.00000  1770.86609     0.00000  0.10000000  0.20000000 0.22000E+04 0.00000E+00


 RECEIVER DATA:

   NO.         DEPTH  LAYER           Z
      1    50.0000         3    0.00000    


 SOURCE DATA:

   N0.         DEPTH  LAYER           ZU             ZL
      1    50.0000         2    50.0000        0.00000    
      DEPTH        ALPHA       BETA
       ATTENA       ATTENB         RHO      ROUGHNESS
     0.00000     0.00000     0.00000  0.00000000  0.00000000 0.00000E+00 0.00000E+00
     0.00000  1500.00000     0.00000  0.00000000  0.00000000 0.10000E+04 0.00000E+00
    50.00000  1959.84253     0.00000  0.10000000  0.20000000 0.16000E+04 0.00000E+00
    60.00000  1707.87402     0.00000  0.10000000  0.20000000 0.16000E+04 0.00000E+00
    70.00000  1978.74011     0.00000  0.10000000  0.20000000 0.16000E+04 0.00000E+00
    80.00000  1751.96851     0.00000  0.10000000  0.20000000 0.16000E+04 0.00000E+00
    90.00000  1966.14172     0.00000  0.10000000  0.20000000 0.16000E+04 0.00000E+00
   100.00000  2054.33081     0.00000  0.10000000  0.20000000 0.20000E+04 0.00000E+00
   110.00000  1619.68506     0.00000  0.10000000  0.20000000 0.20000E+04 0.00000E+00
   120.00000  1607.08667     0.00000  0.10000000  0.20000000 0.20000E+04 0.00000E+00
   130.00000  2136.22046     0.00000  0.10000000  0.20000000 0.20000E+04 0.00000E+00
   140.00000  2255.90552     0.00000  0.10000000  0.20000000 0.20000E+04 0.00000E+00
   150.00000  2155.11816     0.00000  0.10000000  0.20000000 0.22000E+04 0.00000E+00
      DEPTH        ALPHA       BETA
       ATTENA       ATTENB         RHO      ROUGHNESS
     0.00000     0.00000     0.00000  0.00000000  0.00000000 0.00000E+00 0.00000E+00
     0.00000  1500.00000     0.00000  0.00000000  0.00000000 0.10000E+04 0.00000E+00
    50.00000  1827.55908     0.00000  0.10000000  0.20000000 0.16000E+04 0.00000E+00
    60.00000  2079.52759     0.00000  0.10000000  0.20000000 0.16000E+04 0.00000E+00
    70.00000  1966.14172     0.00000  0.10000000  0.20000000 0.16000E+04 0.00000E+00
    80.00000  2224.40942     0.00000  0.10000000  0.20000000 0.16000E+04 0.00000E+00
    90.00000  1682.67712     0.00000  0.10000000  0.20000000 0.16000E+04 0.00000E+00
   100.00000  1985.03931     0.00000  0.10000000  0.20000000 0.20000E+04 0.00000E+00
   110.00000  1506.29919     0.00000  0.10000000  0.20000000 0.20000E+04 0.00000E+00
   120.00000  2211.81104     0.00000  0.10000000  0.20000000 0.20000E+04 0.00000E+00
   130.00000  1940.94482     0.00000  0.10000000  0.20000000 0.20000E+04 0.00000E+00
   140.00000  1859.05505     0.00000  0.10000000  0.20000000 0.20000E+04 0.00000E+00
   150.00000  1726.77161     0.00000  0.10000000  0.20000000 0.22000E+04 0.00000E+00
  >>> Estimated serial Inversion time:          1.9 secs.
 start point   1588.189       1903.150       1638.583       1915.748    
   1991.339       2161.417       1966.142       2287.402       2066.929    
   2060.630       2041.732    
 start value  3.2385483E-02
 retuned point   1648.224       1689.495       1832.729       1990.281    
   1924.088       2219.858       1858.892       1572.688       2182.651    
   2154.614       1946.579    
 retuned value  0.3629182    
 
   best of all energy  3.2385483E-02
  best-of all      deviation  
   1  1588.189          -11.811
   2  1903.150          303.150
   3  1638.583           38.583
   4  1915.748          315.748
   5  1991.339          391.339
   6  2161.417          361.417
   7  1966.142          166.142
   8  2287.402          487.402
   9  2066.929          266.929
  10  2060.630          260.630
  11  2041.732         -158.268
 local fit  0.3629182    
   1  1648.224           48.224
   2  1689.495           89.495
   3  1832.729          232.729
   4  1990.281          390.281
   5  1924.088          324.088
   6  2219.858          419.858
   7  1858.892           58.892
   8  1572.688         -227.312
   9  2182.651          382.651
  10  2154.614          354.614
  11  1946.579         -253.421

 Forward  modelling calls:    2418
 Inversion, time:        2.320 secs.
