 comparison with oases and snap                                                 
   W fpe			! options                     
 Observed data written out to unit 30 
 Incoherent addition over frequencies
  plot of best model and the initial model
  inversion reading real data in VA-format
 >>>> unknown inversion OPTION: 	 <<<<
 >>>> unknown inversion OPTION: 	 <<<<
 >>>> unknown inversion OPTION: 	 <<<<
                    1 2 3 4 5 6 7 8 9 0 1 2 3 4 5 6 7 8 9
                    0 1 2 3 4 5 6 7 8 9 0
 Options:           2 3 0 0 4 0 1 0 0 1 0 0 0 1 0 0 0 0 0 0 1 0 0 0 0 0 0 0 0 3 0 0 0 0 0 0 0 0 0 0
 Options (norm):    0 0 0 0 0 0 0 0 0 0 0 0 0 0 0 0 0 0 0 0 0 0 0 0 0 0 0 0 0 0 0 0 0 0 0 0 0 0 0 0
 Options (isubopt): 0 0 0 0 0 0 0 0 0 0 0 0 0 0 0 0 0 0 0 0 0 0 0 0 0 0 0 0 0 0 0 0 0 0 0 0 0 0 0 0
  Number of forward modelling runs:       20000
options for oases 
   N I T J                                                                      
  number of frequencies           2   100.0000    
 number of layers            4
   0.000E+00   0.000E+00   0.000E+00   0.000E+00   0.000E+00   0.000E+00
   0.000E+00   0.150E+04   0.000E+00   0.000E+00   0.000E+00   0.100E+01
   0.200E+03   0.157E+04   0.000E+00   0.100E+00   0.000E+00   0.180E+01
   0.278E+03   0.160E+04   0.000E+00   0.100E+00   0.000E+00   0.200E+01
  reading ranges in....
 number of ranges           1
  ncurv=           2 nbart=           0
 
  parameters to be optimized:
                   physparm     layer  min.val  max.val   del.val   nbit  ndig
  1 Source range (m)         9   1   4500.00   6500.00     15.75    7  128
  2 Source depth (m)         8   1     40.00     90.00      0.39    7  128
  3 P sound speed (m/s)      2   1   1450.00   1550.00      0.79    7  128
  4 P sound speed (m/s)      2   2   1500.00   1600.00      0.79    7  128
 Size of the search space: 10**  8.43
  Using OAST  as forward model


 OPTIONS:

 NORMAL STRESS
 HANKEL TRANSFORM INTEGRANDS
 TRANSMISSION LOSS
 COMPLEX INTEGRATION CONTOUR


 NUMBER OF LAYERS:        4
 NUMBER OF SOURCES:       1
 NUMBER OF RECEIVERS:    48


  CMIN =     1400.00     M/S 
  CMAX =    0.100000E+09 M/S 


    NW       IC1       IC2
    -1         1        -1
  
 RANGE STEP:         -6.283 m MAX FFT RANGE:       0.006 km
 
 THE DEFAULT CONTOUR OFFSET IS APPLIED
      DEPTH        ALPHA       BETA
       ATTENA       ATTENB         RHO      ROUGHNESS
     0.00000     0.00000     0.00000  0.00000000  0.00000000 0.00000E+00 0.00000E+00
     0.00000  1500.00000     0.00000  0.00000000  0.00000000 0.10000E+04 0.00000E+00
   200.00000  1571.00000     0.00000  0.10000000  0.00000000 0.18000E+04 0.00000E+00
   278.00000  1600.00000     0.00000  0.10000000  0.00000000 0.20000E+04 0.00000E+00


 RECEIVER DATA:

   NO.         DEPTH  LAYER           Z
      1    18.7200         2    18.7200    
      2    20.7200         2    20.7200    
      3    22.7200         2    22.7200    
      4    24.7200         2    24.7200    
      5    26.7200         2    26.7200    
      6    28.7200         2    28.7200    
      7    30.7200         2    30.7200    
      8    32.7200         2    32.7200    
      9    34.7200         2    34.7200    
     10    36.7200         2    36.7200    
     11    38.7200         2    38.7200    
     12    40.7200         2    40.7200    
     13    42.7200         2    42.7200    
     14    44.7200         2    44.7200    
     15    46.7200         2    46.7200    
     16    48.7200         2    48.7200    
     17    50.7200         2    50.7200    
     18    52.7200         2    52.7200    
     19    54.7200         2    54.7200    
     20    56.7200         2    56.7200    
     21    58.7200         2    58.7200    
     22    60.7200         2    60.7200    
     23    62.7200         2    62.7200    
     24    64.7200         2    64.7200    
     25    66.7200         2    66.7200    
     26    68.7200         2    68.7200    
     27    70.7200         2    70.7200    
     28    72.7200         2    72.7200    
     29    74.7200         2    74.7200    
     30    76.7200         2    76.7200    
     31    78.7200         2    78.7200    
     32    80.7200         2    80.7200    
     33    82.7200         2    82.7200    
     34    84.7200         2    84.7200    
     35    86.7200         2    86.7200    
     36    88.7200         2    88.7200    
     37    90.7200         2    90.7200    
     38    92.7200         2    92.7200    
     39    94.7200         2    94.7200    
     40    96.7200         2    96.7200    
     41    98.7200         2    98.7200    
     42    100.720         2    100.720    
     43    102.720         2    102.720    
     44    104.720         2    104.720    
     45    106.720         2    106.720    
     46    108.720         2    108.720    
     47    110.720         2    110.720    
     48    112.720         2    112.720    


 SOURCE DATA:

   N0.         DEPTH  LAYER           ZU             ZL
      1    50.0000         2    50.0000        150.000    
 >>>Warning, The start parm is not in the search int For parameter  1 with value  0.1000E+03
 >>>Warning, The start parm is not in the search int For parameter  3 with value  0.0000E+00
 
  initial fitness   20.00002    
 
  crossover probability      0.8000000    
  mutation  probability      5.0000001E-02
  update    probability      0.5000000    
  number of iterations             2000
  size   of populations              64
  number of populations              10
 
      DEPTH        ALPHA       BETA
       ATTENA       ATTENB         RHO      ROUGHNESS
     0.00000  1510.62988     0.00000  0.00000000  0.00000000 0.00000E+00 0.00000E+00
     0.00000  1581.10242     0.00000  0.00000000  0.00000000 0.10000E+04 0.00000E+00
   200.00000  1571.00000     0.00000  0.10000000  0.00000000 0.18000E+04 0.00000E+00
   278.00000  1600.00000     0.00000  0.10000000  0.00000000 0.20000E+04 0.00000E+00


 RECEIVER DATA:

   NO.         DEPTH  LAYER           Z
      1    18.7200         2    18.7200    
      2    20.7200         2    20.7200    
      3    22.7200         2    22.7200    
      4    24.7200         2    24.7200    
      5    26.7200         2    26.7200    
      6    28.7200         2    28.7200    
      7    30.7200         2    30.7200    
      8    32.7200         2    32.7200    
      9    34.7200         2    34.7200    
     10    36.7200         2    36.7200    
     11    38.7200         2    38.7200    
     12    40.7200         2    40.7200    
     13    42.7200         2    42.7200    
     14    44.7200         2    44.7200    
     15    46.7200         2    46.7200    
     16    48.7200         2    48.7200    
     17    50.7200         2    50.7200    
     18    52.7200         2    52.7200    
     19    54.7200         2    54.7200    
     20    56.7200         2    56.7200    
     21    58.7200         2    58.7200    
     22    60.7200         2    60.7200    
     23    62.7200         2    62.7200    
     24    64.7200         2    64.7200    
     25    66.7200         2    66.7200    
     26    68.7200         2    68.7200    
     27    70.7200         2    70.7200    
     28    72.7200         2    72.7200    
     29    74.7200         2    74.7200    
     30    76.7200         2    76.7200    
     31    78.7200         2    78.7200    
     32    80.7200         2    80.7200    
     33    82.7200         2    82.7200    
     34    84.7200         2    84.7200    
     35    86.7200         2    86.7200    
     36    88.7200         2    88.7200    
     37    90.7200         2    90.7200    
     38    92.7200         2    92.7200    
     39    94.7200         2    94.7200    
     40    96.7200         2    96.7200    
     41    98.7200         2    98.7200    
     42    100.720         2    100.720    
     43    102.720         2    102.720    
     44    104.720         2    104.720    
     45    106.720         2    106.720    
     46    108.720         2    108.720    
     47    110.720         2    110.720    
     48    112.720         2    112.720    


 SOURCE DATA:

   N0.         DEPTH  LAYER           ZU             ZL
      1    45.5118         2    45.5118        154.488    
      DEPTH        ALPHA       BETA
       ATTENA       ATTENB         RHO      ROUGHNESS
     0.00000  1459.44885     0.00000  0.00000000  0.00000000 0.00000E+00 0.00000E+00
     0.00000  1577.16541     0.00000  0.00000000  0.00000000 0.10000E+04 0.00000E+00
   200.00000  1571.00000     0.00000  0.10000000  0.00000000 0.18000E+04 0.00000E+00
   278.00000  1600.00000     0.00000  0.10000000  0.00000000 0.20000E+04 0.00000E+00
      DEPTH        ALPHA       BETA
       ATTENA       ATTENB         RHO      ROUGHNESS
     0.00000  1481.49609     0.00000  0.00000000  0.00000000 0.00000E+00 0.00000E+00
     0.00000  1598.42517     0.00000  0.00000000  0.00000000 0.10000E+04 0.00000E+00
   200.00000  1571.00000     0.00000  0.10000000  0.00000000 0.18000E+04 0.00000E+00
   278.00000  1600.00000     0.00000  0.10000000  0.00000000 0.20000E+04 0.00000E+00
  >>> Estimated serial Inversion time:        709.4 secs.
