TPEM optimizing for the tri-linear profiles (fig 6)                             
  A W D N  p         ! options           
 Adding the input values to PPD-plot 
 Observed data written out to unit 30 
 inversion reading real data
 Cost based on |a-b|^2
  plot of best model and the initial model
                    1 2 3 4 5 6 7 8 9 0 1 2 3 4 5 6 7 8 9
                    0 1 2 3 4 5 6 7 8 9 0
 Options:           2 2 0 0 0 0 1 0 0 1 0 1 0 1 0 0 0 0 1 0 1 0 0 0 0 0 0 0 0 6 0 0 0 0 0 0 0 0 0 0
 Options (norm):    0 0 0 0 0 0 0 0 0 0 0 0 0 0 0 0 0 0 0 0 0 0 0 0 0 0 0 0 0 0 0 0 0 0 0 0 0 0 0 0
 Options (isubopt): 0 0 0 0 0 0 0 0 0 0 0 0 0 0 0 0 0 0 0 0 0 0 0 0 0 0 0 0 0 0 0 0 0 0 0 0 0 0 0 0
  Number of forward modelling runs:        1000
 parametric refrac. profile
 User defined stepsizes
 Tpem options:            1           0           0           0           1
           0           0           0           0           0
options for TPEM 
pu                 ! tpem options                                               
 rng1,rng2   10101.01       60101.01    
 
  parameters to be optimized:
                   physparm     layer  min.val  max.val   del.val   nbit  ndig
  1 M-defecit (M-units)     15   1   1      1.00    100.00      0.78    7  128
  2 Thickness (m)           13   1   1      1.00    100.00      0.78    7  128
  3 Slopes ......           17   1   1     -1.00      0.40      0.01    7  128
  4 Slopes ......           17   3   1      0.00     40.00      0.31    7  128
 Size of the search space: 10**  8.43
 
  Calling TPEM
  flagpu          -1
  Frequency    2850.000    
  antenna height    30.78000    
  antenna pattern            2
  antenna bwidth   0.4000000    
  antenna elevation   0.0000000E+00
  min height    1.00000000000000     
  max height    1.00000000000000     
  max range    60101.0101010101     
   1.000000       10101.0101010101      (-135.2000,0.0000000E+00)           1
           1
   1.000000       10611.2141826428      (-136.3000,0.0000000E+00)           1
           2
   1.000000       11121.4182642754      (-137.4000,0.0000000E+00)           1
           3
   1.000000       11631.6223459081      (-138.2000,0.0000000E+00)           1
           4
   1.000000       12141.8264275407      (-138.9000,0.0000000E+00)           1
           5
   1.000000       12652.0305091734      (-139.8000,0.0000000E+00)           1
           6
   1.000000       13162.2345908060      (-140.5000,0.0000000E+00)           1
           7
   1.000000       13672.4386724387      (-141.1000,0.0000000E+00)           1
           8
   1.000000       14182.6427540713      (-142.1000,0.0000000E+00)           1
           9
   1.000000       14692.8468357040      (-142.7000,0.0000000E+00)           1
          10
   1.000000       15203.0509173366      (-143.5000,0.0000000E+00)           1
          11
   1.000000       15713.2549989693      (-144.3000,0.0000000E+00)           1
          12
   1.000000       16223.4590806019      (-145.2000,0.0000000E+00)           1
          13
   1.000000       16733.6631622346      (-146.0000,0.0000000E+00)           1
          14
   1.000000       17243.8672438672      (-146.8000,0.0000000E+00)           1
          15
   1.000000       17754.0713254999      (-147.3000,0.0000000E+00)           1
          16
   1.000000       18264.2754071326      (-147.9000,0.0000000E+00)           1
          17
   1.000000       18774.4794887652      (-148.6000,0.0000000E+00)           1
          18
   1.000000       19284.6835703979      (-149.3000,0.0000000E+00)           1
          19
   1.000000       19794.8876520305      (-149.6000,0.0000000E+00)           1
          20
   1.000000       20305.0917336632      (-150.8000,0.0000000E+00)           1
          21
   1.000000       20815.2958152958      (-153.0000,0.0000000E+00)           1
          22
   1.000000       21325.4998969285      (-153.5000,0.0000000E+00)           1
          23
   1.000000       21835.7039785611      (-152.7000,0.0000000E+00)           1
          24
   1.000000       22345.9080601938      (-152.6000,0.0000000E+00)           1
          25
   1.000000       22856.1121418264      (-153.8000,0.0000000E+00)           1
          26
   1.000000       23366.3162234591      (-155.7000,0.0000000E+00)           1
          27
   1.000000       23876.5203050917      (-154.9000,0.0000000E+00)           1
          28
   1.000000       24386.7243867244      (-152.0000,0.0000000E+00)           1
          29
   1.000000       24896.9284683570      (-150.3000,0.0000000E+00)           1
          30
   1.000000       25407.1325499897      (-150.1000,0.0000000E+00)           1
          31
   1.000000       25917.3366316223      (-150.8000,0.0000000E+00)           1
          32
   1.000000       26427.5407132550      (-151.3000,0.0000000E+00)           1
          33
   1.000000       26937.7447948876      (-150.4000,0.0000000E+00)           1
          34
   1.000000       27447.9488765203      (-148.4000,0.0000000E+00)           1
          35
   1.000000       27958.1529581529      (-146.4000,0.0000000E+00)           1
          36
   1.000000       28468.3570397856      (-144.6000,0.0000000E+00)           1
          37
   1.000000       28978.5611214182      (-143.3000,0.0000000E+00)           1
          38
   1.000000       29488.7652030509      (-142.3000,0.0000000E+00)           1
          39
   1.000000       29998.9692846835      (-141.8000,0.0000000E+00)           1
          40
   1.000000       30509.1733663162      (-141.5000,0.0000000E+00)           1
          41
   1.000000       31019.3774479488      (-141.3000,0.0000000E+00)           1
          42
   1.000000       31529.5815295815      (-141.1000,0.0000000E+00)           1
          43
   1.000000       32039.7856112141      (-140.8000,0.0000000E+00)           1
          44
   1.000000       32549.9896928468      (-140.5000,0.0000000E+00)           1
          45
   1.000000       33060.1937744794      (-140.4000,0.0000000E+00)           1
          46
   1.000000       33570.3978561121      (-140.5000,0.0000000E+00)           1
          47
   1.000000       34080.6019377448      (-141.1000,0.0000000E+00)           1
          48
   1.000000       34590.8060193774      (-142.1000,0.0000000E+00)           1
          49
   1.000000       35101.0101010101      (-143.8000,0.0000000E+00)           1
          50
   1.000000       35611.2141826427      (-145.8000,0.0000000E+00)           1
          51
   1.000000       36121.4182642754      (-147.5000,0.0000000E+00)           1
          52
   1.000000       36631.6223459080      (-147.7000,0.0000000E+00)           1
          53
   1.000000       37141.8264275407      (-146.3000,0.0000000E+00)           1
          54
   1.000000       37652.0305091733      (-144.7000,0.0000000E+00)           1
          55
   1.000000       38162.2345908060      (-143.2000,0.0000000E+00)           1
          56
   1.000000       38672.4386724387      (-142.0000,0.0000000E+00)           1
          57
   1.000000       39182.6427540713      (-141.0000,0.0000000E+00)           1
          58
   1.000000       39692.8468357040      (-140.3000,0.0000000E+00)           1
          59
   1.000000       40203.0509173366      (-139.9000,0.0000000E+00)           1
          60
   1.000000       40713.2549989693      (-139.7000,0.0000000E+00)           1
          61
   1.000000       41223.4590806019      (-139.9000,0.0000000E+00)           1
          62
   1.000000       41733.6631622346      (-140.3000,0.0000000E+00)           1
          63
   1.000000       42243.8672438672      (-141.0000,0.0000000E+00)           1
          64
   1.000000       42754.0713254999      (-141.9000,0.0000000E+00)           1
          65
   1.000000       43264.2754071326      (-143.1000,0.0000000E+00)           1
          66
   1.000000       43774.4794887652      (-144.6000,0.0000000E+00)           1
          67
   1.000000       44284.6835703979      (-146.6000,0.0000000E+00)           1
          68
   1.000000       44794.8876520305      (-149.1000,0.0000000E+00)           1
          69
   1.000000       45305.0917336632      (-152.2000,0.0000000E+00)           1
          70
   1.000000       45815.2958152958      (-155.6000,0.0000000E+00)           1
          71
   1.000000       46325.4998969285      (-156.4000,0.0000000E+00)           1
          72
   1.000000       46835.7039785611      (-154.0000,0.0000000E+00)           1
          73
   1.000000       47345.9080601938      (-151.3000,0.0000000E+00)           1
          74
   1.000000       47856.1121418265      (-149.5000,0.0000000E+00)           1
          75
   1.000000       48366.3162234591      (-148.1000,0.0000000E+00)           1
          76
   1.000000       48876.5203050918      (-147.0000,0.0000000E+00)           1
          77
   1.000000       49386.7243867244      (-146.1000,0.0000000E+00)           1
          78
   1.000000       49896.9284683571      (-145.1000,0.0000000E+00)           1
          79
   1.000000       50407.1325499897      (-144.4000,0.0000000E+00)           1
          80
   1.000000       50917.3366316224      (-144.1000,0.0000000E+00)           1
          81
   1.000000       51427.5407132550      (-144.2000,0.0000000E+00)           1
          82
   1.000000       51937.7447948877      (-144.3000,0.0000000E+00)           1
          83
   1.000000       52447.9488765203      (-144.2000,0.0000000E+00)           1
          84
   1.000000       52958.1529581530      (-143.8000,0.0000000E+00)           1
          85
   1.000000       53468.3570397857      (-143.4000,0.0000000E+00)           1
          86
   1.000000       53978.5611214183      (-143.5000,0.0000000E+00)           1
          87
   1.000000       54488.7652030510      (-144.0000,0.0000000E+00)           1
          88
   1.000000       54998.9692846836      (-145.0000,0.0000000E+00)           1
          89
   1.000000       55509.1733663163      (-146.2000,0.0000000E+00)           1
          90
   1.000000       56019.3774479489      (-147.0000,0.0000000E+00)           1
          91
   1.000000       56529.5815295816      (-146.9000,0.0000000E+00)           1
          92
   1.000000       57039.7856112142      (-146.2000,0.0000000E+00)           1
          93
   1.000000       57549.9896928469      (-145.4000,0.0000000E+00)           1
          94
   1.000000       58060.1937744796      (-144.9000,0.0000000E+00)           1
          95
   1.000000       58570.3978561122      (-144.9000,0.0000000E+00)           1
          96
   1.000000       59080.6019377449      (-145.3000,0.0000000E+00)           1
          97
   1.000000       59590.8060193775      (-146.3000,0.0000000E+00)           1
          98
   1.000000       60101.0101010102      (-147.8000,0.0000000E+00)           1
          99
 
  initial fitness  2.1954451E-05
 
  crossover probability      0.8000000    
  mutation  probability      5.0000001E-02
  update    probability      0.5000000    
  number of iterations              100
  size   of populations              64
  number of populations              10
 
 
  Calling TPEM
  flagpu           0
  Frequency    2850.000    
  antenna height    30.78000    
  antenna pattern            2
  antenna bwidth   0.4000000    
  antenna elevation   0.0000000E+00
  min height    1.00000000000000     
  max height    1.00000000000000     
  max range    60101.0101010101     
   1.000000       10101.0101010101      (-128.2000,0.0000000E+00)           1
           1
   1.000000       10611.2141826428      (-128.6000,0.0000000E+00)           1
           2
   1.000000       11121.4182642754      (-129.1000,0.0000000E+00)           1
           3
   1.000000       11631.6223459081      (-129.5000,0.0000000E+00)           1
           4
   1.000000       12141.8264275407      (-129.8000,0.0000000E+00)           1
           5
   1.000000       12652.0305091734      (-130.2000,0.0000000E+00)           1
           6
   1.000000       13162.2345908060      (-130.6000,0.0000000E+00)           1
           7
   1.000000       13672.4386724387      (-130.9000,0.0000000E+00)           1
           8
   1.000000       14182.6427540713      (-131.2000,0.0000000E+00)           1
           9
   1.000000       14692.8468357040      (-131.5000,0.0000000E+00)           1
          10
   1.000000       15203.0509173366      (-131.8000,0.0000000E+00)           1
          11
   1.000000       15713.2549989693      (-132.1000,0.0000000E+00)           1
          12
   1.000000       16223.4590806019      (-132.3000,0.0000000E+00)           1
          13
   1.000000       16733.6631622346      (-132.6000,0.0000000E+00)           1
          14
   1.000000       17243.8672438672      (-132.9000,0.0000000E+00)           1
          15
   1.000000       17754.0713254999      (-133.0000,0.0000000E+00)           1
          16
   1.000000       18264.2754071326      (-133.2000,0.0000000E+00)           1
          17
   1.000000       18774.4794887652      (-133.5000,0.0000000E+00)           1
          18
   1.000000       19284.6835703979      (-133.8000,0.0000000E+00)           1
          19
   1.000000       19794.8876520305      (-134.0000,0.0000000E+00)           1
          20
   1.000000       20305.0917336632      (-134.1000,0.0000000E+00)           1
          21
   1.000000       20815.2958152958      (-134.3000,0.0000000E+00)           1
          22
   1.000000       21325.4998969285      (-134.5000,0.0000000E+00)           1
          23
   1.000000       21835.7039785611      (-134.7000,0.0000000E+00)           1
          24
   1.000000       22345.9080601938      (-135.0000,0.0000000E+00)           1
          25
   1.000000       22856.1121418264      (-135.4000,0.0000000E+00)           1
          26
   1.000000       23366.3162234591      (-135.7000,0.0000000E+00)           1
          27
   1.000000       23876.5203050917      (-135.8000,0.0000000E+00)           1
          28
   1.000000       24386.7243867244      (-135.6000,0.0000000E+00)           1
          29
   1.000000       24896.9284683570      (-135.3000,0.0000000E+00)           1
          30
   1.000000       25407.1325499897      (-135.1000,0.0000000E+00)           1
          31
   1.000000       25917.3366316223      (-135.3000,0.0000000E+00)           1
          32
   1.000000       26427.5407132550      (-136.1000,0.0000000E+00)           1
          33
   1.000000       26937.7447948876      (-137.4000,0.0000000E+00)           1
          34
   1.000000       27447.9488765203      (-138.8000,0.0000000E+00)           1
          35
   1.000000       27958.1529581529      (-139.1000,0.0000000E+00)           1
          36
   1.000000       28468.3570397856      (-138.1000,0.0000000E+00)           1
          37
   1.000000       28978.5611214182      (-136.6000,0.0000000E+00)           1
          38
   1.000000       29488.7652030509      (-135.5000,0.0000000E+00)           1
          39
   1.000000       29998.9692846835      (-135.0000,0.0000000E+00)           1
          40
   1.000000       30509.1733663162      (-135.1000,0.0000000E+00)           1
          41
   1.000000       31019.3774479488      (-135.9000,0.0000000E+00)           1
          42
   1.000000       31529.5815295815      (-137.6000,0.0000000E+00)           1
          43
   1.000000       32039.7856112141      (-140.0000,0.0000000E+00)           1
          44
   1.000000       32549.9896928468      (-143.0000,0.0000000E+00)           1
          45
   1.000000       33060.1937744794      (-144.5000,0.0000000E+00)           1
          46
   1.000000       33570.3978561121      (-143.1000,0.0000000E+00)           1
          47
   1.000000       34080.6019377448      (-141.2000,0.0000000E+00)           1
          48
   1.000000       34590.8060193774      (-139.8000,0.0000000E+00)           1
          49
   1.000000       35101.0101010101      (-139.0000,0.0000000E+00)           1
          50
   1.000000       35611.2141826427      (-138.6000,0.0000000E+00)           1
          51
   1.000000       36121.4182642754      (-138.2000,0.0000000E+00)           1
          52
   1.000000       36631.6223459080      (-137.7000,0.0000000E+00)           1
          53
   1.000000       37141.8264275407      (-137.1000,0.0000000E+00)           1
          54
   1.000000       37652.0305091733      (-136.5000,0.0000000E+00)           1
          55
   1.000000       38162.2345908060      (-136.1000,0.0000000E+00)           1
          56
   1.000000       38672.4386724387      (-135.9000,0.0000000E+00)           1
          57
   1.000000       39182.6427540713      (-136.2000,0.0000000E+00)           1
          58
   1.000000       39692.8468357040      (-136.9000,0.0000000E+00)           1
          59
   1.000000       40203.0509173366      (-138.3000,0.0000000E+00)           1
          60
   1.000000       40713.2549989693      (-140.6000,0.0000000E+00)           1
          61
   1.000000       41223.4590806019      (-144.3000,0.0000000E+00)           1
          62
   1.000000       41733.6631622346      (-152.2000,0.0000000E+00)           1
          63
   1.000000       42243.8672438672      (-154.7000,0.0000000E+00)           1
          64
   1.000000       42754.0713254999      (-145.4000,0.0000000E+00)           1
          65
   1.000000       43264.2754071326      (-141.1000,0.0000000E+00)           1
          66
   1.000000       43774.4794887652      (-138.5000,0.0000000E+00)           1
          67
   1.000000       44284.6835703979      (-136.7000,0.0000000E+00)           1
          68
   1.000000       44794.8876520305      (-135.6000,0.0000000E+00)           1
          69
   1.000000       45305.0917336632      (-134.8000,0.0000000E+00)           1
          70
   1.000000       45815.2958152958      (-134.3000,0.0000000E+00)           1
          71
   1.000000       46325.4998969285      (-134.2000,0.0000000E+00)           1
          72
   1.000000       46835.7039785611      (-134.2000,0.0000000E+00)           1
          73
   1.000000       47345.9080601938      (-134.6000,0.0000000E+00)           1
          74
   1.000000       47856.1121418265      (-135.2000,0.0000000E+00)           1
          75
   1.000000       48366.3162234591      (-136.1000,0.0000000E+00)           1
          76
   1.000000       48876.5203050918      (-137.2000,0.0000000E+00)           1
          77
   1.000000       49386.7243867244      (-138.6000,0.0000000E+00)           1
          78
   1.000000       49896.9284683571      (-140.2000,0.0000000E+00)           1
          79
   1.000000       50407.1325499897      (-141.9000,0.0000000E+00)           1
          80
   1.000000       50917.3366316224      (-143.5000,0.0000000E+00)           1
          81
   1.000000       51427.5407132550      (-144.8000,0.0000000E+00)           1
          82
   1.000000       51937.7447948877      (-145.6000,0.0000000E+00)           1
          83
   1.000000       52447.9488765203      (-145.8000,0.0000000E+00)           1
          84
   1.000000       52958.1529581530      (-145.6000,0.0000000E+00)           1
          85
   1.000000       53468.3570397857      (-145.0000,0.0000000E+00)           1
          86
   1.000000       53978.5611214183      (-144.5000,0.0000000E+00)           1
          87
   1.000000       54488.7652030510      (-144.3000,0.0000000E+00)           1
          88
   1.000000       54998.9692846836      (-144.4000,0.0000000E+00)           1
          89
   1.000000       55509.1733663163      (-144.6000,0.0000000E+00)           1
          90
   1.000000       56019.3774479489      (-144.2000,0.0000000E+00)           1
          91
   1.000000       56529.5815295816      (-142.8000,0.0000000E+00)           1
          92
   1.000000       57039.7856112142      (-140.9000,0.0000000E+00)           1
          93
   1.000000       57549.9896928469      (-139.1000,0.0000000E+00)           1
          94
   1.000000       58060.1937744796      (-137.8000,0.0000000E+00)           1
          95
   1.000000       58570.3978561122      (-136.9000,0.0000000E+00)           1
          96
   1.000000       59080.6019377449      (-136.3000,0.0000000E+00)           1
          97
   1.000000       59590.8060193775      (-136.0000,0.0000000E+00)           1
          98
   1.000000       60101.0101010102      (-135.7000,0.0000000E+00)           1
          99
 
  Calling TPEM
  flagpu           1
  Frequency    2850.000    
  antenna height    30.78000    
  antenna pattern            2
  antenna bwidth   0.4000000    
  antenna elevation   0.0000000E+00
  min height    1.00000000000000     
  max height    1.00000000000000     
  max range    60101.0101010101     
   1.000000       10101.0101010101      (-123.1000,0.0000000E+00)           1
           1
   1.000000       10611.2141826428      (-123.8000,0.0000000E+00)           1
           2
   1.000000       11121.4182642754      (-124.3000,0.0000000E+00)           1
           3
   1.000000       11631.6223459081      (-125.0000,0.0000000E+00)           1
           4
   1.000000       12141.8264275407      (-125.6000,0.0000000E+00)           1
           5
   1.000000       12652.0305091734      (-126.4000,0.0000000E+00)           1
           6
   1.000000       13162.2345908060      (-127.1000,0.0000000E+00)           1
           7
   1.000000       13672.4386724387      (-127.9000,0.0000000E+00)           1
           8
   1.000000       14182.6427540713      (-128.7000,0.0000000E+00)           1
           9
   1.000000       14692.8468357040      (-129.5000,0.0000000E+00)           1
          10
   1.000000       15203.0509173366      (-130.3000,0.0000000E+00)           1
          11
   1.000000       15713.2549989693      (-131.0000,0.0000000E+00)           1
          12
   1.000000       16223.4590806019      (-132.0000,0.0000000E+00)           1
          13
   1.000000       16733.6631622346      (-133.6000,0.0000000E+00)           1
          14
   1.000000       17243.8672438672      (-135.8000,0.0000000E+00)           1
          15
   1.000000       17754.0713254999      (-138.2000,0.0000000E+00)           1
          16
   1.000000       18264.2754071326      (-138.6000,0.0000000E+00)           1
          17
   1.000000       18774.4794887652      (-136.9000,0.0000000E+00)           1
          18
   1.000000       19284.6835703979      (-136.0000,0.0000000E+00)           1
          19
   1.000000       19794.8876520305      (-136.7000,0.0000000E+00)           1
          20
   1.000000       20305.0917336632      (-138.8000,0.0000000E+00)           1
          21
   1.000000       20815.2958152958      (-137.3000,0.0000000E+00)           1
          22
   1.000000       21325.4998969285      (-133.4000,0.0000000E+00)           1
          23
   1.000000       21835.7039785611      (-130.7000,0.0000000E+00)           1
          24
   1.000000       22345.9080601938      (-129.2000,0.0000000E+00)           1
          25
   1.000000       22856.1121418264      (-128.1000,0.0000000E+00)           1
          26
   1.000000       23366.3162234591      (-127.1000,0.0000000E+00)           1
          27
   1.000000       23876.5203050917      (-126.2000,0.0000000E+00)           1
          28
   1.000000       24386.7243867244      (-125.3000,0.0000000E+00)           1
          29
   1.000000       24896.9284683570      (-124.7000,0.0000000E+00)           1
          30
   1.000000       25407.1325499897      (-124.4000,0.0000000E+00)           1
          31
   1.000000       25917.3366316223      (-124.6000,0.0000000E+00)           1
          32
   1.000000       26427.5407132550      (-125.3000,0.0000000E+00)           1
          33
   1.000000       26937.7447948876      (-126.2000,0.0000000E+00)           1
          34
   1.000000       27447.9488765203      (-127.6000,0.0000000E+00)           1
          35
   1.000000       27958.1529581529      (-129.4000,0.0000000E+00)           1
          36
   1.000000       28468.3570397856      (-131.5000,0.0000000E+00)           1
          37
   1.000000       28978.5611214182      (-132.0000,0.0000000E+00)           1
          38
   1.000000       29488.7652030509      (-131.3000,0.0000000E+00)           1
          39
   1.000000       29998.9692846835      (-131.2000,0.0000000E+00)           1
          40
   1.000000       30509.1733663162      (-131.7000,0.0000000E+00)           1
          41
   1.000000       31019.3774479488      (-131.9000,0.0000000E+00)           1
          42
   1.000000       31529.5815295815      (-131.7000,0.0000000E+00)           1
          43
   1.000000       32039.7856112141      (-132.1000,0.0000000E+00)           1
          44
   1.000000       32549.9896928468      (-132.7000,0.0000000E+00)           1
          45
   1.000000       33060.1937744794      (-132.8000,0.0000000E+00)           1
          46
   1.000000       33570.3978561121      (-133.2000,0.0000000E+00)           1
          47
   1.000000       34080.6019377448      (-135.0000,0.0000000E+00)           1
          48
   1.000000       34590.8060193774      (-137.5000,0.0000000E+00)           1
          49
   1.000000       35101.0101010101      (-141.0000,0.0000000E+00)           1
          50
   1.000000       35611.2141826427      (-145.1000,0.0000000E+00)           1
          51
   1.000000       36121.4182642754      (-142.4000,0.0000000E+00)           1
          52
   1.000000       36631.6223459080      (-137.6000,0.0000000E+00)           1
          53
   1.000000       37141.8264275407      (-134.1000,0.0000000E+00)           1
          54
   1.000000       37652.0305091733      (-132.5000,0.0000000E+00)           1
          55
   1.000000       38162.2345908060      (-131.8000,0.0000000E+00)           1
          56
   1.000000       38672.4386724387      (-131.0000,0.0000000E+00)           1
          57
   1.000000       39182.6427540713      (-130.8000,0.0000000E+00)           1
          58
   1.000000       39692.8468357040      (-131.8000,0.0000000E+00)           1
          59
   1.000000       40203.0509173366      (-132.3000,0.0000000E+00)           1
          60
   1.000000       40713.2549989693      (-131.9000,0.0000000E+00)           1
          61
   1.000000       41223.4590806019      (-131.4000,0.0000000E+00)           1
          62
   1.000000       41733.6631622346      (-129.9000,0.0000000E+00)           1
          63
   1.000000       42243.8672438672      (-128.5000,0.0000000E+00)           1
          64
   1.000000       42754.0713254999      (-127.9000,0.0000000E+00)           1
          65
   1.000000       43264.2754071326      (-127.8000,0.0000000E+00)           1
          66
   1.000000       43774.4794887652      (-127.9000,0.0000000E+00)           1
          67
   1.000000       44284.6835703979      (-128.5000,0.0000000E+00)           1
          68
   1.000000       44794.8876520305      (-129.4000,0.0000000E+00)           1
          69
   1.000000       45305.0917336632      (-130.0000,0.0000000E+00)           1
          70
   1.000000       45815.2958152958      (-130.2000,0.0000000E+00)           1
          71
   1.000000       46325.4998969285      (-130.4000,0.0000000E+00)           1
          72
   1.000000       46835.7039785611      (-130.5000,0.0000000E+00)           1
          73
   1.000000       47345.9080601938      (-131.0000,0.0000000E+00)           1
          74
   1.000000       47856.1121418265      (-132.3000,0.0000000E+00)           1
          75
   1.000000       48366.3162234591      (-134.1000,0.0000000E+00)           1
          76
   1.000000       48876.5203050918      (-135.6000,0.0000000E+00)           1
          77
   1.000000       49386.7243867244      (-136.1000,0.0000000E+00)           1
          78
   1.000000       49896.9284683571      (-135.6000,0.0000000E+00)           1
          79
   1.000000       50407.1325499897      (-134.9000,0.0000000E+00)           1
          80
   1.000000       50917.3366316224      (-134.8000,0.0000000E+00)           1
          81
   1.000000       51427.5407132550      (-135.5000,0.0000000E+00)           1
          82
   1.000000       51937.7447948877      (-137.1000,0.0000000E+00)           1
          83
   1.000000       52447.9488765203      (-140.5000,0.0000000E+00)           1
          84
   1.000000       52958.1529581530      (-147.0000,0.0000000E+00)           1
          85
   1.000000       53468.3570397857      (-147.3000,0.0000000E+00)           1
          86
   1.000000       53978.5611214183      (-140.9000,0.0000000E+00)           1
          87
   1.000000       54488.7652030510      (-137.6000,0.0000000E+00)           1
          88
   1.000000       54998.9692846836      (-135.8000,0.0000000E+00)           1
          89
   1.000000       55509.1733663163      (-134.0000,0.0000000E+00)           1
          90
   1.000000       56019.3774479489      (-132.1000,0.0000000E+00)           1
          91
   1.000000       56529.5815295816      (-130.8000,0.0000000E+00)           1
          92
   1.000000       57039.7856112142      (-130.4000,0.0000000E+00)           1
          93
   1.000000       57549.9896928469      (-130.6000,0.0000000E+00)           1
          94
   1.000000       58060.1937744796      (-131.1000,0.0000000E+00)           1
          95
   1.000000       58570.3978561122      (-131.6000,0.0000000E+00)           1
          96
   1.000000       59080.6019377449      (-132.4000,0.0000000E+00)           1
          97
   1.000000       59590.8060193775      (-133.5000,0.0000000E+00)           1
          98
   1.000000       60101.0101010102      (-134.1000,0.0000000E+00)           1
          99
   1.000000       10101.0101010101      (-124.2000,0.0000000E+00)           1
           1
   1.000000       10611.2141826428      (-124.7000,0.0000000E+00)           1
           2
   1.000000       11121.4182642754      (-125.1000,0.0000000E+00)           1
           3
   1.000000       11631.6223459081      (-125.5000,0.0000000E+00)           1
           4
   1.000000       12141.8264275407      (-125.9000,0.0000000E+00)           1
           5
   1.000000       12652.0305091734      (-126.4000,0.0000000E+00)           1
           6
   1.000000       13162.2345908060      (-126.7000,0.0000000E+00)           1
           7
   1.000000       13672.4386724387      (-127.2000,0.0000000E+00)           1
           8
   1.000000       14182.6427540713      (-127.6000,0.0000000E+00)           1
           9
   1.000000       14692.8468357040      (-128.0000,0.0000000E+00)           1
          10
   1.000000       15203.0509173366      (-128.4000,0.0000000E+00)           1
          11
   1.000000       15713.2549989693      (-128.8000,0.0000000E+00)           1
          12
   1.000000       16223.4590806019      (-129.2000,0.0000000E+00)           1
          13
   1.000000       16733.6631622346      (-129.6000,0.0000000E+00)           1
          14
   1.000000       17243.8672438672      (-130.1000,0.0000000E+00)           1
          15
   1.000000       17754.0713254999      (-130.7000,0.0000000E+00)           1
          16
   1.000000       18264.2754071326      (-131.2000,0.0000000E+00)           1
          17
   1.000000       18774.4794887652      (-131.9000,0.0000000E+00)           1
          18
   1.000000       19284.6835703979      (-132.5000,0.0000000E+00)           1
          19
   1.000000       19794.8876520305      (-133.1000,0.0000000E+00)           1
          20
   1.000000       20305.0917336632      (-133.5000,0.0000000E+00)           1
          21
   1.000000       20815.2958152958      (-133.7000,0.0000000E+00)           1
          22
   1.000000       21325.4998969285      (-133.7000,0.0000000E+00)           1
          23
   1.000000       21835.7039785611      (-133.6000,0.0000000E+00)           1
          24
   1.000000       22345.9080601938      (-133.7000,0.0000000E+00)           1
          25
   1.000000       22856.1121418264      (-134.1000,0.0000000E+00)           1
          26
   1.000000       23366.3162234591      (-135.2000,0.0000000E+00)           1
          27
   1.000000       23876.5203050917      (-137.3000,0.0000000E+00)           1
          28
   1.000000       24386.7243867244      (-141.4000,0.0000000E+00)           1
          29
   1.000000       24896.9284683570      (-154.0000,0.0000000E+00)           1
          30
   1.000000       25407.1325499897      (-145.5000,0.0000000E+00)           1
          31
   1.000000       25917.3366316223      (-137.8000,0.0000000E+00)           1
          32
   1.000000       26427.5407132550      (-134.1000,0.0000000E+00)           1
          33
   1.000000       26937.7447948876      (-132.1000,0.0000000E+00)           1
          34
   1.000000       27447.9488765203      (-131.0000,0.0000000E+00)           1
          35
   1.000000       27958.1529581529      (-130.7000,0.0000000E+00)           1
          36
   1.000000       28468.3570397856      (-130.7000,0.0000000E+00)           1
          37
   1.000000       28978.5611214182      (-130.5000,0.0000000E+00)           1
          38
   1.000000       29488.7652030509      (-129.8000,0.0000000E+00)           1
          39
   1.000000       29998.9692846835      (-128.7000,0.0000000E+00)           1
          40
   1.000000       30509.1733663162      (-127.7000,0.0000000E+00)           1
          41
   1.000000       31019.3774479488      (-127.1000,0.0000000E+00)           1
          42
   1.000000       31529.5815295815      (-126.8000,0.0000000E+00)           1
          43
   1.000000       32039.7856112141      (-126.9000,0.0000000E+00)           1
          44
   1.000000       32549.9896928468      (-127.3000,0.0000000E+00)           1
          45
   1.000000       33060.1937744794      (-127.9000,0.0000000E+00)           1
          46
   1.000000       33570.3978561121      (-128.6000,0.0000000E+00)           1
          47
   1.000000       34080.6019377448      (-129.5000,0.0000000E+00)           1
          48
   1.000000       34590.8060193774      (-130.7000,0.0000000E+00)           1
          49
   1.000000       35101.0101010101      (-132.3000,0.0000000E+00)           1
          50
   1.000000       35611.2141826427      (-134.3000,0.0000000E+00)           1
          51
   1.000000       36121.4182642754      (-135.6000,0.0000000E+00)           1
          52
   1.000000       36631.6223459080      (-135.2000,0.0000000E+00)           1
          53
   1.000000       37141.8264275407      (-134.0000,0.0000000E+00)           1
          54
   1.000000       37652.0305091733      (-133.3000,0.0000000E+00)           1
          55
   1.000000       38162.2345908060      (-133.3000,0.0000000E+00)           1
          56
   1.000000       38672.4386724387      (-134.1000,0.0000000E+00)           1
          57
   1.000000       39182.6427540713      (-135.6000,0.0000000E+00)           1
          58
   1.000000       39692.8468357040      (-137.2000,0.0000000E+00)           1
          59
   1.000000       40203.0509173366      (-138.5000,0.0000000E+00)           1
          60
   1.000000       40713.2549989693      (-138.9000,0.0000000E+00)           1
          61
   1.000000       41223.4590806019      (-138.5000,0.0000000E+00)           1
          62
   1.000000       41733.6631622346      (-137.7000,0.0000000E+00)           1
          63
   1.000000       42243.8672438672      (-136.7000,0.0000000E+00)           1
          64
   1.000000       42754.0713254999      (-135.9000,0.0000000E+00)           1
          65
   1.000000       43264.2754071326      (-135.2000,0.0000000E+00)           1
          66
   1.000000       43774.4794887652      (-134.7000,0.0000000E+00)           1
          67
   1.000000       44284.6835703979      (-134.3000,0.0000000E+00)           1
          68
   1.000000       44794.8876520305      (-134.1000,0.0000000E+00)           1
          69
   1.000000       45305.0917336632      (-133.9000,0.0000000E+00)           1
          70
   1.000000       45815.2958152958      (-134.0000,0.0000000E+00)           1
          71
   1.000000       46325.4998969285      (-134.6000,0.0000000E+00)           1
          72
   1.000000       46835.7039785611      (-135.5000,0.0000000E+00)           1
          73
   1.000000       47345.9080601938      (-136.8000,0.0000000E+00)           1
          74
   1.000000       47856.1121418265      (-138.6000,0.0000000E+00)           1
          75
   1.000000       48366.3162234591      (-140.7000,0.0000000E+00)           1
          76
   1.000000       48876.5203050918      (-142.8000,0.0000000E+00)           1
          77
   1.000000       49386.7243867244      (-142.1000,0.0000000E+00)           1
          78
   1.000000       49896.9284683571      (-139.5000,0.0000000E+00)           1
          79
   1.000000       50407.1325499897      (-137.0000,0.0000000E+00)           1
          80
   1.000000       50917.3366316224      (-134.7000,0.0000000E+00)           1
          81
   1.000000       51427.5407132550      (-132.7000,0.0000000E+00)           1
          82
   1.000000       51937.7447948877      (-131.4000,0.0000000E+00)           1
          83
   1.000000       52447.9488765203      (-130.7000,0.0000000E+00)           1
          84
   1.000000       52958.1529581530      (-130.0000,0.0000000E+00)           1
          85
   1.000000       53468.3570397857      (-129.5000,0.0000000E+00)           1
          86
   1.000000       53978.5611214183      (-129.3000,0.0000000E+00)           1
          87
   1.000000       54488.7652030510      (-129.7000,0.0000000E+00)           1
          88
   1.000000       54998.9692846836      (-130.2000,0.0000000E+00)           1
          89
   1.000000       55509.1733663163      (-130.7000,0.0000000E+00)           1
          90
   1.000000       56019.3774479489      (-131.2000,0.0000000E+00)           1
          91
   1.000000       56529.5815295816      (-132.2000,0.0000000E+00)           1
          92
   1.000000       57039.7856112142      (-133.0000,0.0000000E+00)           1
          93
   1.000000       57549.9896928469      (-133.0000,0.0000000E+00)           1
          94
   1.000000       58060.1937744796      (-133.1000,0.0000000E+00)           1
          95
   1.000000       58570.3978561122      (-134.0000,0.0000000E+00)           1
          96
   1.000000       59080.6019377449      (-134.9000,0.0000000E+00)           1
          97
   1.000000       59590.8060193775      (-135.5000,0.0000000E+00)           1
          98
   1.000000       60101.0101010102      (-136.4000,0.0000000E+00)           1
          99
  >>> Estimated serial Inversion time:         25.5 secs.
 retuned point   92.49989       56.14863     -0.6069447       36.27966    
 retuned value  9.3653303E-04
 retuned point   99.52553       31.13262      0.1235538       8.650990    
 retuned value  3.7894424E-04
 retuned point   47.47464       22.08084      0.2885144       6.811329    
 retuned value  2.5241589E-04
 retuned point   69.86774       31.36117      0.1940986       6.421696    
 retuned value  1.1549110E-04
 retuned point   1.430319       2.512367     -0.6060917       36.45955    
 retuned value  9.5194619E-04
 retuned point   96.47717       62.95224     -0.6086613       33.50288    
 retuned value  9.6349895E-04
 retuned point   75.63078       18.19493      9.9888630E-02   4.000530    
 retuned value  4.0532605E-04
 retuned point   91.00666       41.85383      0.2136850       8.044902    
 retuned value  1.7737926E-04
  Population          10
 retuned point   55.38802       21.49485      0.1306502       1.749997    
 retuned value  2.6662066E-05
 retuned point   53.53600       9.008092      0.1794028       17.22488    
 retuned value  9.0983033E-04
 
   best of all energy  1.5177044E-04
  best-of all      deviation  
   1    56.346            6.346
   2    22.047            2.047
   3     0.113           -0.017
   4     2.835            2.835
 local fit  2.6662066E-05
   1    55.388            5.388
   2    21.495            1.495
   3     0.131            0.001
   4     1.750            1.750

 Forward  modelling calls:    2481
 Inversion, time:      425.740 secs.
