Inversion Workshop, Test Case 0 RAM Input File                                  
 E ef A p                   ! options    
 Using EOF.... 
  inversion reading real data in VA-format
 Incoherent addition over frequencies
 Adding the input values to PPD-plot 
  plot of best model and the initial model
                    1 2 3 4 5 6 7 8 9 0 1 2 3 4 5 6 7 8 9
                    0 1 2 3 4 5 6 7 8 9 0
 Options:           2 3 0 0 4 0 1 0 0 1 0 1 0 1 0 0 1 0 1 0 0 0 0 0 0 0 0 0 0 9 0 0 0 0 0 0 0 0 0 0
 Options (norm):    0 0 0 0 0 0 0 0 0 0 0 0 0 0 0 0 0 0 0 0 0 0 0 0 0 0 0 0 0 0 0 0 0 0 0 0 0 0 0 0
 Options (isubopt): 0 0 0 0 0 0 0 0 0 0 0 0 0 0 0 0 0 0 0 0 0 0 0 0 0 0 0 0 0 0 0 0 0 0 0 0 0 0 0 0
  Number of forward modelling runs:       10000
 Frequency:   100.000000       200.000000       300.000000       400.000000       500.000000    
 zs=   20.0000000    
 rmin,rmax,dr,ndr   3000.00000       3000.00000       40.0000000               1
 zmax,dz,ndz   220.000000      0.333333343               3
 rdmin,rdmax,ndz   20.0000000       80.0000000               3
   c0,np,ns,rs   1488.59998               5           1   0.00000000    
 bathymetry
   0.00000000       105.000000    
   3000.00000       160.000000    
   600000.000       160.000000    
 Profile at range:   0.00000000    
  Ocean Sound Speed
 Number of points:           3
   0.00000000       1495.0000000000000                1
   160.000000       1488.5999999999999              481
   220.000000       1488.5999999999999              661
  Bottom Sound Speed
 Number of points:           6
   0.00000000       1535.0000000000000                1
   3.00000000       1541.4000000000001               10
   10.0000000       1556.4000000000001               31
   35.0000000       1610.0000000000000              106
   35.0999985       1800.0000000000000              107
   220.000000       1800.0000000000000              661
  Bottom Density
 Number of points:           4
   0.00000000       1.5500000000000000                1
   34.9000015       1.5900000000000001              106
   35.0999985       1.9500000000000000              107
   220.000000       1.9500000000000000              661
  Bottom Attenuation
 Number of points:           7
   0.00000000      0.12300000000000000                1
   35.0000000       3.2000000000000001E-002         106
   35.0999985       3.5999999999999997E-002         107
   60.0000000       3.5999999999999997E-002         181
   70.0000000       10.000000000000000              211
   150.000000       100.00000000000000              451
   220.000000       100.00000000000000              661
  ncurv=           5 nbart=           0

 The EOF are
       physparm layer  ... shape functions
   1   2  1  1    1.00  0.00  0.00  0.00  0.00
   2   2  2  1    1.00  1.00  0.00  0.00  0.00
   3   2  3  1    1.00  1.00  1.00  0.00  0.00
   4   2  4  1    1.00  1.00  1.00  1.00  0.00
   5   2  5  1    1.00  1.00  1.00  1.00  1.00
  The starting values of the EOF amplitudes are:
   1534.00      6.40     15.00     53.60    190.00


  parameters to be optimized:
                   physparm     layer  min.val  max.val   del.val   nbit  ndig
  1 Shape coefficient       11   1   1   1500.00   1600.00      0.79    7  128
  2 Shape coefficient       11   2   1      1.00    100.00      0.78    7  128
  3 Shape coefficient       11   3   1      1.00    100.00      0.78    7  128
  4 Shape coefficient       11   4   1      1.00    100.00      0.78    7  128
  5 Shape coefficient       11   5   1     10.00    400.00      3.07    7  128
  6 Bottom density (g/cm^3   3   1   1      1.20      1.60      0.00    7  128
  7 Bottom attenuation (dB   4   1   1      0.01      0.50      0.00    7  128
  8 Bathymetry (m)          12   1   1    100.00    200.00      0.79    7  128
  9 Bathymetry (m)          12   2   1    100.00    200.00      0.79    7  128
 Size of the search space: 10** 18.96
 Frequency:   100.000000       200.000000       300.000000       400.000000       500.000000    
 zs=   20.0000000    
 rmin,rmax,dr,ndr   3000.00000       3000.00000       40.0000000               1
 zmax,dz,ndz   220.000000      0.333333343               3
 rdmin,rdmax,ndz   20.0000000       80.0000000               3
   c0,np,ns,rs   1488.59998               5           1   0.00000000    
 bathymetry
   0.00000000       105.000000    
   3000.00000       160.000000    
   600000.000       160.000000    
 Profile at range:   0.00000000    
  Ocean Sound Speed
 Number of points:           3
   0.00000000       1495.0000000000000                1
   160.000000       1488.5999999999999              481
   220.000000       1488.5999755859375              661
  Bottom Sound Speed
 Number of points:           6
   0.00000000       1534.0000000000000                1
   3.00000000       1540.4000244140625               10
   10.0000000       1555.4000244140625               31
   35.0000000       1609.0000000000000              106
   35.0999985       1799.0000000000000              107
   220.000000       1799.0000000000000              661
  Bottom Density
 Number of points:           4
   0.00000000       1.5500000000000000                1
   34.9000015       1.5900000000000001              106
   35.0999985       1.9500000000000000              107
   220.000000       1.9500000476837158              661
  Bottom Attenuation
 Number of points:           7
   0.00000000      0.12300000000000000                1
   35.0000000       3.2000000000000001E-002         106
   35.0999985       3.5999999999999997E-002         107
   60.0000000       3.5999999999999997E-002         181
   70.0000000       10.000000000000000              211
   150.000000       100.00000000000000              451
   220.000000       100.00000000000000              661

  initial fitness   2.75100078E-02

  crossover probability      0.800000012    
  mutation  probability       5.00000007E-02
  update    probability      0.500000000    
  number of iterations             1000
  size   of populations              32
  number of populations              10

 retuned point   1510.89441       28.7733154       23.5577202       38.1369171       219.773239       1.28312552      0.215535551       105.146255       158.889069    
 retuned value   3.59946191E-02
 Size of the search space: 10** 18.96
 Frequency:   100.000000       200.000000       300.000000       400.000000       500.000000    
 zs=   20.0000000    
 rmin,rmax,dr,ndr   3000.00000       3000.00000       40.0000000               1
 zmax,dz,ndz   220.000000      0.333333343               3
 rdmin,rdmax,ndz   20.0000000       80.0000000               3
   c0,np,ns,rs   1488.59998               5           1   0.00000000    
 bathymetry
   0.00000000       105.000000    
   3000.00000       160.000000    
   600000.000       160.000000    
 Profile at range:   0.00000000    
  Ocean Sound Speed
 Number of points:           3
   0.00000000       1495.0000000000000                1
   160.000000       1488.5999999999999              481
   220.000000       1488.5999755859375              661
  Bottom Sound Speed
 Number of points:           6
   0.00000000       1534.0000000000000                1
   3.00000000       1540.4000244140625               10
   10.0000000       1555.4000244140625               31
   35.0000000       1609.0000000000000              106
   35.0999985       1799.0000000000000              107
   220.000000       1799.0000000000000              661
  Bottom Density
 Number of points:           4
   0.00000000       1.5500000000000000                1
   34.9000015       1.5900000000000001              106
   35.0999985       1.9500000000000000              107
   220.000000       1.9500000476837158              661
  Bottom Attenuation
 Number of points:           7
   0.00000000      0.12300000000000000                1
   35.0000000       3.2000000000000001E-002         106
   35.0999985       3.5999999999999997E-002         107
   60.0000000       3.5999999999999997E-002         181
   70.0000000       10.000000000000000              211
   150.000000       100.00000000000000              451
   220.000000       100.00000000000000              661

  initial fitness   2.75100078E-02

  crossover probability      0.800000012    
  mutation  probability       5.00000007E-02
  update    probability      0.500000000    
  number of iterations             1000
  size   of populations              32
  number of populations              10

 Frequency:   100.000000       200.000000       300.000000       400.000000       500.000000    
 zs=   20.0000000    
 rmin,rmax,dr,ndr   3000.00000       3000.00000       40.0000000               1
 zmax,dz,ndz   220.000000      0.333333343               3
 rdmin,rdmax,ndz   20.0000000       80.0000000               3
   c0,np,ns,rs   1488.59998               5           1   0.00000000    
 bathymetry
   0.00000000       177.952759    
   3000.00000       105.511810    
   600000.000       105.511810    
 Profile at range:   0.00000000    
  Ocean Sound Speed
 Number of points:           3
   0.00000000       1495.0000000000000                1
   160.000000       1488.5999999999999              481
   220.000000       1488.5999755859375              661
  Bottom Sound Speed
 Number of points:           6
   0.00000000       1522.0472412109375                1
   3.00000000       1561.2441406250000               10
   10.0000000       1573.1574707031250               31
   35.0000000       1646.6535644531250              106
   35.0999985       1893.1102294921875              107
   220.000000       1893.1102294921875              661
  Bottom Density
 Number of points:           4
   0.00000000       1.3606299161911011                1
   34.9000015       1.5900000000000001              106
   35.0999985       1.9500000000000000              107
   220.000000       1.9500000476837158              661
  Bottom Attenuation
 Number of points:           7
   0.00000000      0.40740156173706055                1
   35.0000000       3.2000000000000001E-002         106
   35.0999985       3.5999999999999997E-002         107
   60.0000000       3.5999999999999997E-002         181
   70.0000000       10.000000000000000              211
   150.000000       100.00000000000000              451
   220.000000       100.00000000000000              661
  >>> Estimated serial Inversion time:        533.5 secs.
 retuned point   1517.13342       30.8106937       8.15216064       44.4131889       268.240814       1.54976153      0.295491427       106.954979       157.066055    
 retuned value   6.25954792E-02
 retuned point   1523.12439       18.6797810       16.4942055       39.4024277       281.237915       1.45727873      0.330842406       106.532501       157.695023    
 retuned value   5.84996454E-02
