Inversion Workshop, Test Case 0 RAM Input File                                  
 E e f1 p                                
 Using EOF.... 
  inversion reading real data in VA-format
 Incoherent addition over frequencies
  ...with each frequency weighted identicallly
  plot of best model and the initial model
                    1 2 3 4 5 6 7 8 9 0 1 2 3 4 5 6 7 8 9
                    0 1 2 3 4 5 6 7 8 9 0
 Options:           2 3 0 0 4 0 1 0 0 1 0 1 0 1 0 0 1 0 0 0 0 0 0 0 0 0 0 0 0 9 0 0 0 0 0 0 0 0 0 0
 Options (norm):    0 0 0 0 0 0 0 0 0 0 0 0 0 0 0 0 0 0 0 0 0 0 0 0 0 0 0 0 0 0 0 0 0 0 0 0 0 0 0 0
 Options (isubopt): 0 0 0 0 1 0 0 0 0 0 0 0 0 0 0 0 0 0 0 0 0 0 0 0 0 0 0 0 0 0 0 0 0 0 0 0 0 0 0 0
  Number of forward modelling runs:       10000
 Frequency:   300.000000    
 zs=   20.0000000    
 rmin,rmax,dr,ndr   500.000000       500.000000       5.00000000               1
 zmax,dz,ndz   300.000000      0.100000001              10
 rdmin,rdmax,ndz   20.0000000       80.0000000              10
   c0,np,ns,rs   1488.59998               5           1   0.00000000    
 bathymetry
   0.00000000       90.0000000    
   5000.00000       150.000000    
   100000.000       150.000000    
 Profile at range:   0.00000000    
  Ocean Sound Speed
 Number of points:           3
   0.00000000       1495.0000000000000                1
   160.000000       1488.5999999999999             1601
   300.000000       1488.5999999999999             3001
  Bottom Sound Speed
 Number of points:           8
   0.00000000       1535.0000000000000                1
   3.00000000       1541.4000000000001               31
   3.00000000       1541.4000000000001               32
   10.0000000       1556.4000000000001              101
   10.0000000       1556.4000000000001              102
   35.0000000       1610.0000000000000              351
   35.0999985       1800.0000000000000              352
   300.000000       1800.0000000000000             3001
  Bottom Density
 Number of points:           4
   0.00000000       1.5500000000000000                1
   34.9000015       1.5900000000000001              350
   35.0999985       1.9500000000000000              352
   300.000000       1.9500000000000000             3001
  Bottom Attenuation
 Number of points:           7
   0.00000000      0.12300000000000000                1
   35.0000000       3.2000000000000001E-002         351
   35.0000000       3.5999999999999997E-002         352
   100.000000       3.5999999999999997E-002        1001
   150.000000       10.000000000000000             1501
   299.899994       100.00000000000000             3000
   300.000000       100.00000000000000             3001
  ncurv=           1 nbart=           0

 The EOF are
       physparm layer  ... shape functions
   1   2  1  1    1.00  0.00  0.00  0.00  0.00  0.00  0.00  0.00  0.00  0.00
   2   2  2  1    1.00  0.00  0.00  0.00  0.00  0.00  0.00  0.00  0.00  0.00
   3   2  3  1    1.00  1.00  0.00  0.00  0.00  0.00  0.00  0.00  0.00  0.00
   4   2  4  1    1.00  1.00  0.00  0.00  0.00  0.00  0.00  0.00  0.00  0.00
   5   2  5  1    1.00  1.00  1.00  0.00  0.00  0.00  0.00  0.00  0.00  0.00
   6   2  6  1    1.00  1.00  1.00  0.00  0.00  0.00  0.00  0.00  0.00  0.00
   7   2  7  1    1.00  1.00  1.00  1.00  0.00  0.00  0.00  0.00  0.00  0.00
   8   6  2  1    0.00  0.00  0.00  0.00  1.00  0.00  0.00  0.00  0.00  0.00
   9   6  3  1    0.00  0.00  0.00  0.00  1.00  0.00  0.00  0.00  0.00  0.00
  10   6  4  1    0.00  0.00  0.00  0.00  1.00  1.00  0.00  0.00  0.00  0.00
  11   6  5  1    0.00  0.00  0.00  0.00  1.00  1.00  0.00  0.00  0.00  0.00
  12   6  6  1    0.00  0.00  0.00  0.00  1.00  1.00  1.00  0.00  0.00  0.00
  13   6  7  1    0.00  0.00  0.00  0.00  1.00  1.00  1.00  0.00  0.00  0.00
  14   7  2  1    0.00  0.00  0.00  0.00  1.00  1.00  1.00  0.00  0.00  0.00
  15   7  3  1    0.00  0.00  0.00  0.00  1.00  1.00  1.00  0.00  0.00  0.00
  16  10  2  1    0.00  0.00  0.00  0.00  1.00  1.00  1.00  0.00  0.00  0.00
  17  10  3  1    0.00  0.00  0.00  0.00  1.00  1.00  1.00  0.00  0.00  0.00
  18   3  1  1    0.00  0.00  0.00  0.00  0.00  0.00  0.00  1.00  0.00  0.00
  19   3  2  1    0.00  0.00  0.00  0.00  0.00  0.00  0.00  1.00  0.00  0.00
  20   4  1  1    0.00  0.00  0.00  0.00  0.00  0.00  0.00  0.00  1.00  0.00
  21   4  2  1    0.00  0.00  0.00  0.00  0.00  0.00  0.00  0.00  1.00  0.00
  22   4  3  1    0.00  0.00  0.00  0.00  0.00  0.00  0.00  0.00  0.00  1.00
  23   4  4  1    0.00  0.00  0.00  0.00  0.00  0.00  0.00  0.00  0.00  1.00
  The starting values of the EOF amplitudes are:
   1501.00      6.00     10.00    240.00      4.00      5.00     20.00      1.20      0.04      0.03


  parameters to be optimized:
                   physparm     layer  min.val  max.val   del.val   nbit  ndig
  1 Shape coefficient       11   1   1   1500.00   1600.00      0.79    7  128
  2 Shape coefficient       11   2   1      1.00    150.00      1.17    7  128
  3 Shape coefficient       11   3   1      1.00    150.00      1.17    7  128
  4 Shape coefficient       11   4   1     10.00    400.00      3.07    7  128
  5 Shape coefficient       11   5   1      2.00     10.00      0.06    7  128
  6 Shape coefficient       11   6   1      2.00     20.00      0.14    7  128
  7 Shape coefficient       11   7   1      2.00     30.00      0.22    7  128
  8 Shape coefficient       11   8   1      1.20      1.80      0.00    7  128
  9 Bottom density (g/cm^3   3   3   1      1.60      2.40      0.01    7  128
 10 Shape coefficient       11   9   1      0.01      0.50      0.00    7  128
 11 Shape coefficient       11  10   1      0.01      0.20      0.00    7  128
 12 Bathymetry (m)          12   1   1     89.00     91.00      0.02    7  128
 13 Bathymetry (m)          12   2   1    149.00    151.00      0.02    7  128
 Size of the search space: 10** 27.39
 Frequency:   300.000000    
 zs=   20.0000000    
 rmin,rmax,dr,ndr   500.000000       500.000000       5.00000000               1
 zmax,dz,ndz   300.000000      0.100000001              10
 rdmin,rdmax,ndz   20.0000000       80.0000000              10
   c0,np,ns,rs   1488.59998               5           1   0.00000000    
 bathymetry
   0.00000000       90.0000000    
   5000.00000       150.000000    
   100000.000       150.000000    
 Profile at range:   0.00000000    
  Ocean Sound Speed
 Number of points:           3
   0.00000000       1495.0000000000000                1
   160.000000       1488.5999999999999             1601
   300.000000       1488.5999755859375             3001
  Bottom Sound Speed
 Number of points:           8
   0.00000000       1501.0000000000000                1
   4.00000000       1501.0000000000000               41
   4.00000000       1507.0000000000000               42
   9.00000000       1507.0000000000000               91
   9.00000000       1517.0000000000000               92
   29.0000000       1517.0000000000000              291
   29.0000000       1757.0000000000000              292
   300.000000       1757.0000000000000             3001
  Bottom Density
 Number of points:           4
   0.00000000       1.2000000476837158                1
   29.0000000       1.2000000476837158              291
   29.0000000       1.9500000000000000              292
   300.000000       1.9500000476837158             3001
  Bottom Attenuation
 Number of points:           7
   0.00000000       3.7000000476837158E-002           1
   29.0000000       3.7000000476837158E-002         291
   29.0000000       2.9999999329447746E-002         292
   100.000000       2.9999999329447746E-002        1001
   150.000000       10.000000000000000             1501
   299.899994       100.00000000000000             3000
   300.000000       100.00000000000000             3001

  initial fitness  0.604773879    

  crossover probability      0.800000012    
  mutation  probability       5.00000007E-02
  update    probability      0.500000000    
  number of iterations             1000
  size   of populations              32
  number of populations              10

 Frequency:   300.000000    
 zs=   20.0000000    
 rmin,rmax,dr,ndr   500.000000       500.000000       5.00000000               1
 zmax,dz,ndz   300.000000      0.100000001              10
 rdmin,rdmax,ndz   20.0000000       80.0000000              10
   c0,np,ns,rs   1488.59998               5           1   0.00000000    
 bathymetry
   0.00000000       89.3936996    
   5000.00000       150.322830    
   100000.000       150.322830    
 Profile at range:   0.00000000    
  Ocean Sound Speed
 Number of points:           3
   0.00000000       1495.0000000000000                1
   160.000000       1488.5999999999999             1601
   300.000000       1488.5999755859375             3001
  Bottom Sound Speed
 Number of points:           8
   0.00000000       1586.6141357421875                1
   2.94488192       1586.6141357421875               30
   2.94488192       1694.3779296875000               31
   13.3070869       1694.3779296875000              134
   13.3070869       1834.9920654296875              135
   36.6929131       1834.9920654296875              368
   36.6929131       1977.0393066406250              369
   300.000000       1977.0393066406250             3001
  Bottom Density
 Number of points:           4
   0.00000000       1.2661417722702026                1
   36.6929131       1.2661417722702026              368
   36.6929131       1.6000000238418579              369
   300.000000       1.6000000238418579             3001
  Bottom Attenuation
 Number of points:           7
   0.00000000       3.3149607479572296E-002           1
   36.6929131       3.3149607479572296E-002         368
   36.6929131       7.4330702424049377E-002         369
   100.000000       7.4330702424049377E-002        1001
   150.000000       10.000000000000000             1501
   299.899994       100.00000000000000             3000
