 waa.dat, 96 frequencies all phones.                                            
 Wfe p                   ! options       
 Observed data written out to unit 30 
 Incoherent addition over frequencies
  inversion reading real data in VA-format
  plot of best model and the initial model
          1 2 3 4 5 6 7 8 9 0 1 2 3 4 5 6 7 8 9 0 1 2 3 4 5 6 7 8 9 0
 Options: 2 3 0 0 4 0 1 0 0 1 0 1 0 1 0 0 0 0 0 0 1 0 0 0 0 0 0 0 0 7 0 0 0 0 0 0 0 0 0 0
 Options (norm): 0 0 0 0 0 0 0 0 0 0 0 0 0 0 0 0 0 0 0 0 0 0 0 0 0 0 0 0 0 0 0 0 0 0 0 0 0 0 0 0
  Number of forward modelling runs:    20000.0
  Only positive gradients in sediment and bottom
 number of receiver depths read  100
  reading ranges in....
 number of ranges  1
  ncurv=  1nbart=  0
 
  parameters to be optimized:
                   physparm     layer  min.val  max.val   del.val   nbit  ndig
  1 Source range (m)         9   1   1   5000.00   5400.00      3.15    7  128
  2 Source depth (m)         8   1   1     10.00     30.00      0.16    7  128
  3 Water depth (m)          1   1   1    100.00    120.00      0.16    7  128
  4 Sediment depth (m)      17   1   1     10.00     50.00      0.31    7  128
  5 Sediment sound speed (   3   1   1   1500.00   1600.00      0.79    7  128
  6 Sediment sound speed (   3   2   1   1550.00   1750.00      1.57    7  128
  7 Bottom speed (m/s)      12   1   1   1600.00   1800.00      1.57    7  128
  8 Sediment Density (g/cm   6   1   1      1.40      1.85      0.00    7  128
  9 Bottom density (g/cm3)  14   1   1      1.60      2.00      0.00    7  128
  Number of data points  100
 Size of the search space: 10** 18.96
 
  initial fitness    2.51688E-13
 
  crossover probability       0.800000
  mutation  probability        5.00000E-02
  update    probability       0.500000
  number of iterations        1000.000
  size   of populations      32
  number of populations        20.0000
 
 iteration  1
 Models replaced:  16
 new best energy  0.3312E-06 at iteration   1
 iteration  2
 Models replaced:  16
 new best energy  0.1871E-06 at iteration   2
 iteration  3
 Models replaced:  16
 new best energy  0.1746E-06 at iteration   3
 iteration  4
 Models replaced:  16
 new best energy  0.1339E-06 at iteration   4
 iteration  5
 Models replaced:  16
 iteration  6
 Models replaced:  15
 new best energy  0.1088E-06 at iteration   6
 iteration  7
 Models replaced:  16
 iteration  8
 Models replaced:  16
 iteration  9
 Models replaced:  15
 iteration  10
 Models replaced:  16
 iteration  11
 Models replaced:  15
 iteration  12
 Models replaced:  16
 iteration  13
 Models replaced:  16
 iteration  14
 Models replaced:  15
 iteration  15
 Models replaced:  16
 iteration  16
 Models replaced:  16
 iteration  17
 Models replaced:  15
 new best energy  0.1081E-06 at iteration  17
 iteration  18
 Models replaced:  16
 new best energy  0.9674E-07 at iteration  18
 iteration  19
 Models replaced:  16
 iteration  20
 Models replaced:  16
 iteration  21
 Models replaced:  16
 iteration  22
 Models replaced:  16
 iteration  23
 Models replaced:  15
 iteration  24
 Models replaced:  16
 iteration  25
 Models replaced:  15
 iteration  26
 Models replaced:  16
 iteration  27
 Models replaced:  15
 new best energy  0.9580E-07 at iteration  27
 iteration  28
 Models replaced:  16
 iteration  29
 Models replaced:  16
 iteration  30
 Models replaced:  15
 iteration  31
 Models replaced:  15
 iteration  32
 Models replaced:  16
 iteration  33
 Models replaced:  15
 iteration  34
 Models replaced:  15
 iteration  35
 Models replaced:  16
 new best energy  0.8777E-07 at iteration  35
 iteration  36
 Models replaced:  16
 iteration  37
 Models replaced:  16
 iteration  38
 Models replaced:  15
 iteration  39
 Models replaced:  16
 iteration  40
 Models replaced:  16
 new best energy  0.8571E-07 at iteration  40
 iteration  41
 Models replaced:  14
 iteration  42
 Models replaced:  14
 new best energy  0.6592E-07 at iteration  42
 iteration  43
 Models replaced:  14
 new best energy  0.6123E-07 at iteration  43
 iteration  44
 Models replaced:  16
 iteration  45
 Models replaced:  16
 iteration  46
 Models replaced:  15
 iteration  47
 Models replaced:  16
 iteration  48
 Models replaced:  15
 iteration  49
 Models replaced:  16
 iteration  50
 Models replaced:  16
 iteration  51
 Models replaced:  16
 new best energy  0.6047E-07 at iteration  51
 iteration  52
 Models replaced:  16
 iteration  53
 Models replaced:  15
 iteration  54
 Models replaced:  16
 iteration  55
 Models replaced:  16
 iteration  56
 Models replaced:  15
 iteration  57
 Models replaced:  16
 iteration  58
 Models replaced:  16
 iteration  59
 Models replaced:  16
 iteration  60
 Models replaced:  15
 iteration  61
 Models replaced:  14
 iteration  62
 Models replaced:  15
 iteration  63
 Models replaced:  16
 iteration  64
 Models replaced:  15
 iteration  65
 Models replaced:  16
 iteration  66
 Models replaced:  16
 iteration  67
 Models replaced:  16
 new best energy  0.6047E-07at population   1
   best energy in population    6.04710E-08  1

  >>> Estimated serial Inversion time:         41.5 secs.
 iteration  1
 Models replaced:  16
 new best energy  0.3231E-05 at iteration   1
 iteration  2
 Models replaced:  15
 new best energy  0.2141E-05 at iteration   2
 iteration  3
 Models replaced:  15
 new best energy  0.1654E-05 at iteration   3
 iteration  4
 Models replaced:  16
 new best energy  0.2419E-06 at iteration   4
 iteration  5
 Models replaced:  16
 new best energy  0.4596E-07 at iteration   5
 iteration  6
 Models replaced:  16
 iteration  7
 Models replaced:  16
 new best energy  0.3618E-07 at iteration   7
 iteration  8
 Models replaced:  16
 iteration  9
 Models replaced:  16
 iteration  10
 Models replaced:  16
 new best energy  0.3446E-07 at iteration  10
 iteration  11
 Models replaced:  16
 new best energy  0.8066E-08 at iteration  11
 iteration  12
 Models replaced:  16
 iteration  13
 Models replaced:  15
 iteration  14
 Models replaced:  15
 iteration  15
 Models replaced:  15
 iteration  16
 Models replaced:  16
 iteration  17
 Models replaced:  15
 iteration  18
 Models replaced:  16
 iteration  19
 Models replaced:  15
 new best energy  0.7782E-08 at iteration  19
 iteration  20
 Models replaced:  15
 iteration  21
 Models replaced:  16
 iteration  22
 Models replaced:  15
 iteration  23
 Models replaced:  15
 iteration  24
 Models replaced:  16
 iteration  25
 Models replaced:  14
 iteration  26
 Models replaced:  15
 iteration  27
 Models replaced:  15
 iteration  28
 Models replaced:  16
 iteration  29
 Models replaced:  16
 new best energy  0.7432E-08 at iteration  29
 iteration  30
 Models replaced:  16
 iteration  31
 Models replaced:  15
 iteration  32
 Models replaced:  16
 iteration  33
 Models replaced:  16
 new best energy  0.7229E-08 at iteration  33
 iteration  34
 Models replaced:  15
 iteration  35
 Models replaced:  16
 iteration  36
 Models replaced:  16
 iteration  37
 Models replaced:  16
 iteration  38
 Models replaced:  15
 iteration  39
 Models replaced:  16
 iteration  40
 Models replaced:  16
 iteration  41
 Models replaced:  16
 iteration  42
 Models replaced:  14
 iteration  43
 Models replaced:  16
 iteration  44
 Models replaced:  15
 iteration  45
 Models replaced:  15
 iteration  46
 Models replaced:  14
 iteration  47
 Models replaced:  15
 iteration  48
 Models replaced:  16
 iteration  49
 Models replaced:  15
 iteration  50
 Models replaced:  15
 iteration  51
 Models replaced:  15
 iteration  52
 Models replaced:  15
 iteration  53
 Models replaced:  15
 iteration  54
 Models replaced:  16
 iteration  55
 Models replaced:  16
 iteration  56
 Models replaced:  16
 iteration  57
 Models replaced:  14
 iteration  58
 Models replaced:  16
 iteration  59
 Models replaced:  15
 iteration  60
 Models replaced:  16
 iteration  61
 Models replaced:  16
 iteration  62
 Models replaced:  16
 iteration  63
 Models replaced:  15
 iteration  64
 Models replaced:  15
 iteration  65
 Models replaced:  16
 iteration  66
 Models replaced:  15
 new best energy  0.7224E-08 at iteration  66
 iteration  67
 Models replaced:  16
 iteration  68
 Models replaced:  15
 iteration  69
 Models replaced:  14
 iteration  70
 Models replaced:  16
 iteration  71
 Models replaced:  15
 new best energy  0.7197E-08 at iteration  71
 iteration  72
 Models replaced:  16
 iteration  73
 Models replaced:  16
 iteration  74
 Models replaced:  16
 iteration  75
 Models replaced:  15
 iteration  76
 Models replaced:  15
 iteration  77
 Models replaced:  15
 iteration  78
 Models replaced:  16
 iteration  79
 Models replaced:  15
 iteration  80
 Models replaced:  15
 new best energy  0.7197E-08at population   2
   best energy in population    7.19658E-09  2
 iteration  1
 Models replaced:  15
 new best energy  0.2704E-07 at iteration   1
 iteration  2
 Models replaced:  16
 new best energy  0.2053E-07 at iteration   2
 iteration  3
 Models replaced:  16
 iteration  4
 Models replaced:  13
 iteration  5
 Models replaced:  16
 iteration  6
 Models replaced:  15
 new best energy  0.2044E-07 at iteration   6
 iteration  7
 Models replaced:  16
 iteration  8
 Models replaced:  15
 iteration  9
 Models replaced:  16
 iteration  10
 Models replaced:  16
 new best energy  0.2018E-07 at iteration  10
 iteration  11
 Models replaced:  16
 iteration  12
 Models replaced:  16
 iteration  13
 Models replaced:  16
 iteration  14
 Models replaced:  16
 new best energy  0.1948E-07 at iteration  14
 iteration  15
 Models replaced:  16
 iteration  16
 Models replaced:  16
 new best energy  0.1262E-07 at iteration  16
 iteration  17
 Models replaced:  16
 iteration  18
 Models replaced:  15
 iteration  19
 Models replaced:  16
 iteration  20
 Models replaced:  16
 iteration  21
 Models replaced:  16
 new best energy  0.9944E-08 at iteration  21
 iteration  22
 Models replaced:  14
 iteration  23
 Models replaced:  16
 iteration  24
 Models replaced:  15
 iteration  25
 Models replaced:  16
 iteration  26
 Models replaced:  15
 iteration  27
 Models replaced:  15
 iteration  28
 Models replaced:  16
 iteration  29
 Models replaced:  16
 iteration  30
 Models replaced:  16
 iteration  31
 Models replaced:  16
 iteration  32
 Models replaced:  14
 iteration  33
 Models replaced:  16
 iteration  34
 Models replaced:  15
 iteration  35
 Models replaced:  16
 iteration  36
 Models replaced:  16
 iteration  37
 Models replaced:  16
 iteration  38
 Models replaced:  16
 iteration  39
 Models replaced:  16
 iteration  40
 Models replaced:  16
 iteration  41
 Models replaced:  16
 iteration  42
 Models replaced:  16
 iteration  43
 Models replaced:  16
 iteration  44
 Models replaced:  16
 iteration  45
 Models replaced:  16
 new best energy  0.9895E-08 at iteration  45
 iteration  46
 Models replaced:  16
 iteration  47
 Models replaced:  16
 iteration  48
 Models replaced:  16
 iteration  49
 Models replaced:  16
 iteration  50
 Models replaced:  16
 iteration  51
 Models replaced:  15
 iteration  52
 Models replaced:  16
 iteration  53
 Models replaced:  15
 new best energy  0.9338E-08 at iteration  53
 iteration  54
 Models replaced:  15
 iteration  55
 Models replaced:  14
 iteration  56
 Models replaced:  15
 iteration  57
 Models replaced:  16
 iteration  58
 Models replaced:  15
 iteration  59
 Models replaced:  15
 iteration  60
 Models replaced:  15
 iteration  61
 Models replaced:  15
 iteration  62
 Models replaced:  15
 iteration  63
 Models replaced:  15
 iteration  64
 Models replaced:  16
 iteration  65
 Models replaced:  16
 iteration  66
 Models replaced:  15
 iteration  67
 Models replaced:  16
 iteration  68
 Models replaced:  13
 iteration  69
 Models replaced:  16
 iteration  70
 Models replaced:  12
 iteration  71
 Models replaced:  13
 iteration  72
 Models replaced:  15
 iteration  73
 Models replaced:  16
 iteration  74
 Models replaced:  16
 iteration  75
 Models replaced:  16
 iteration  76
 Models replaced:  16
 iteration  77
 Models replaced:  16
 iteration  78
 Models replaced:  14
 iteration  79
 Models replaced:  16
 iteration  80
 Models replaced:  14
 iteration  81
 Models replaced:  14
 iteration  82
 Models replaced:  14
 iteration  83
 Models replaced:  16
 iteration  84
 Models replaced:  16
   best energy in population    9.33793E-09  3
 iteration  1
 Models replaced:  15
 new best energy  0.6253E-06 at iteration   1
 iteration  2
 Models replaced:  16
 iteration  3
 Models replaced:  16
 iteration  4
 Models replaced:  15
 new best energy  0.4664E-06 at iteration   4
 iteration  5
 Models replaced:  16
 new best energy  0.4478E-06 at iteration   5
 iteration  6
 Models replaced:  16
 new best energy  0.4376E-06 at iteration   6
 iteration  7
 Models replaced:  16
 new best energy  0.2049E-06 at iteration   7
 iteration  8
 Models replaced:  16
 iteration  9
 Models replaced:  16
 iteration  10
 Models replaced:  16
 new best energy  0.1610E-06 at iteration  10
 iteration  11
 Models replaced:  16
 new best energy  0.1338E-06 at iteration  11
 iteration  12
 Models replaced:  16
 iteration  13
 Models replaced:  16
 iteration  14
 Models replaced:  16
 iteration  15
 Models replaced:  16
 iteration  16
 Models replaced:  16
 iteration  17
 Models replaced:  16
 new best energy  0.1327E-06 at iteration  17
 iteration  18
 Models replaced:  16
 new best energy  0.1184E-06 at iteration  18
 iteration  19
 Models replaced:  16
 iteration  20
 Models replaced:  15
 iteration  21
 Models replaced:  16
 iteration  22
 Models replaced:  16
 new best energy  0.1138E-06 at iteration  22
 iteration  23
 Models replaced:  16
 new best energy  0.9520E-07 at iteration  23
 iteration  24
 Models replaced:  15
 iteration  25
 Models replaced:  16
 iteration  26
 Models replaced:  16
 iteration  27
 Models replaced:  16
 new best energy  0.3764E-07 at iteration  27
 iteration  28
 Models replaced:  16
 iteration  29
 Models replaced:  16
 iteration  30
 Models replaced:  16
 iteration  31
 Models replaced:  16
 iteration  32
 Models replaced:  16
 new best energy  0.1990E-07 at iteration  32
 iteration  33
 Models replaced:  16
 iteration  34
 Models replaced:  16
 iteration  35
 Models replaced:  16
 iteration  36
 Models replaced:  15
 new best energy  0.1669E-07 at iteration  36
 iteration  37
 Models replaced:  15
 iteration  38
 Models replaced:  16
 iteration  39
 Models replaced:  15
 iteration  40
 Models replaced:  16
 iteration  41
 Models replaced:  15
 iteration  42
 Models replaced:  15
 iteration  43
 Models replaced:  14
 iteration  44
 Models replaced:  15
 iteration  45
 Models replaced:  14
 iteration  46
 Models replaced:  16
 iteration  47
 Models replaced:  16
 iteration  48
 Models replaced:  16
 iteration  49
 Models replaced:  14
 iteration  50
 Models replaced:  15
 iteration  51
 Models replaced:  16
 iteration  52
 Models replaced:  16
 iteration  53
 Models replaced:  15
 iteration  54
 Models replaced:  16
 iteration  55
 Models replaced:  16
 iteration  56
 Models replaced:  16
 iteration  57
 Models replaced:  15
 iteration  58
 Models replaced:  16
 iteration  59
 Models replaced:  15
 iteration  60
 Models replaced:  16
 iteration  61
 Models replaced:  16
 iteration  62
 Models replaced:  15
 iteration  63
 Models replaced:  14
 iteration  64
 Models replaced:  15
 iteration  65
 Models replaced:  15
 iteration  66
 Models replaced:  16
 iteration  67
 Models replaced:  16
 iteration  68
 Models replaced:  16
   best energy in population    1.66870E-08  4
 iteration  1
 Models replaced:  16
 new best energy  0.2255E-06 at iteration   1
 iteration  2
 Models replaced:  16
 new best energy  0.6393E-07 at iteration   2
 iteration  3
 Models replaced:  16
 iteration  4
 Models replaced:  15
 iteration  5
 Models replaced:  16
 iteration  6
 Models replaced:  15
 iteration  7
 Models replaced:  15
 iteration  8
 Models replaced:  15
 new best energy  0.4567E-07 at iteration   8
 iteration  9
 Models replaced:  16
 iteration  10
 Models replaced:  15
 iteration  11
 Models replaced:  16
 iteration  12
 Models replaced:  16
 iteration  13
 Models replaced:  16
 iteration  14
 Models replaced:  16
 new best energy  0.4384E-07 at iteration  14
 iteration  15
 Models replaced:  14
 new best energy  0.4214E-07 at iteration  15
 iteration  16
 Models replaced:  16
 iteration  17
 Models replaced:  16
 new best energy  0.3340E-07 at iteration  17
 iteration  18
 Models replaced:  16
 iteration  19
 Models replaced:  16
 iteration  20
 Models replaced:  16
 iteration  21
 Models replaced:  15
 iteration  22
 Models replaced:  16
 iteration  23
 Models replaced:  16
 iteration  24
 Models replaced:  16
 iteration  25
 Models replaced:  15
 iteration  26
 Models replaced:  16
 iteration  27
 Models replaced:  16
 iteration  28
 Models replaced:  16
 iteration  29
 Models replaced:  16
 iteration  30
 Models replaced:  16
 new best energy  0.2453E-07 at iteration  30
 iteration  31
 Models replaced:  16
 iteration  32
 Models replaced:  15
 iteration  33
 Models replaced:  16
 iteration  34
 Models replaced:  16
 iteration  35
 Models replaced:  15
 iteration  36
 Models replaced:  16
 iteration  37
 Models replaced:  16
 iteration  38
 Models replaced:  16
 iteration  39
 Models replaced:  16
 iteration  40
 Models replaced:  16
 iteration  41
 Models replaced:  16
 iteration  42
 Models replaced:  16
 iteration  43
 Models replaced:  16
 iteration  44
 Models replaced:  16
 iteration  45
 Models replaced:  16
 iteration  46
 Models replaced:  16
 iteration  47
 Models replaced:  16
 iteration  48
 Models replaced:  16
 iteration  49
 Models replaced:  16
 iteration  50
 Models replaced:  16
 iteration  51
 Models replaced:  16
 iteration  52
 Models replaced:  16
 iteration  53
 Models replaced:  16
 iteration  54
 Models replaced:  16
 iteration  55
 Models replaced:  16
 iteration  56
 Models replaced:  15
 iteration  57
 Models replaced:  16
 iteration  58
 Models replaced:  16
 iteration  59
 Models replaced:  16
 iteration  60
 Models replaced:  16
 iteration  61
 Models replaced:  16
 iteration  62
 Models replaced:  16
 iteration  63
 Models replaced:  16
 iteration  64
 Models replaced:  16
   best energy in population    2.45271E-08  5
 iteration  1
 Models replaced:  16
 new best energy  0.3469E-06 at iteration   1
 iteration  2
 Models replaced:  16
 new best energy  0.2686E-06 at iteration   2
 iteration  3
 Models replaced:  16
 new best energy  0.1111E-06 at iteration   3
 iteration  4
 Models replaced:  16
 iteration  5
 Models replaced:  16
 new best energy  0.5262E-07 at iteration   5
 iteration  6
 Models replaced:  16
 iteration  7
 Models replaced:  16
 new best energy  0.5126E-07 at iteration   7
 iteration  8
 Models replaced:  16
 iteration  9
 Models replaced:  16
 iteration  10
 Models replaced:  16
 iteration  11
 Models replaced:  16
 iteration  12
 Models replaced:  16
 iteration  13
 Models replaced:  16
 new best energy  0.4548E-07 at iteration  13
 iteration  14
 Models replaced:  16
 iteration  15
 Models replaced:  16
 iteration  16
 Models replaced:  14
 new best energy  0.4163E-07 at iteration  16
 iteration  17
 Models replaced:  16
 iteration  18
 Models replaced:  16
 iteration  19
 Models replaced:  15
 iteration  20
 Models replaced:  16
 iteration  21
 Models replaced:  16
 iteration  22
 Models replaced:  15
 iteration  23
 Models replaced:  14
 iteration  24
 Models replaced:  15
 iteration  25
 Models replaced:  15
 iteration  26
 Models replaced:  15
 iteration  27
 Models replaced:  16
 iteration  28
 Models replaced:  15
 iteration  29
 Models replaced:  16
 iteration  30
 Models replaced:  15
 iteration  31
 Models replaced:  14
 iteration  32
 Models replaced:  15
 iteration  33
 Models replaced:  15
 iteration  34
 Models replaced:  16
 new best energy  0.3726E-07 at iteration  34
 iteration  35
 Models replaced:  16
 iteration  36
 Models replaced:  15
 iteration  37
 Models replaced:  16
 new best energy  0.3516E-07 at iteration  37
 iteration  38
 Models replaced:  16
 iteration  39
 Models replaced:  16
 iteration  40
 Models replaced:  16
 iteration  41
 Models replaced:  16
 iteration  42
 Models replaced:  16
 iteration  43
 Models replaced:  15
 iteration  44
 Models replaced:  16
 iteration  45
 Models replaced:  16
 iteration  46
 Models replaced:  16
 iteration  47
 Models replaced:  16
 iteration  48
 Models replaced:  16
 iteration  49
 Models replaced:  16
 iteration  50
 Models replaced:  16
 iteration  51
 Models replaced:  16
 iteration  52
 Models replaced:  16
 iteration  53
 Models replaced:  16
 iteration  54
 Models replaced:  16
 iteration  55
 Models replaced:  15
 iteration  56
 Models replaced:  16
 iteration  57
 Models replaced:  16
 iteration  58
 Models replaced:  16
 iteration  59
 Models replaced:  14
 iteration  60
 Models replaced:  16
 iteration  61
 Models replaced:  15
 iteration  62
 Models replaced:  16
 iteration  63
 Models replaced:  16
 iteration  64
 Models replaced:  15
 iteration  65
 Models replaced:  15
 iteration  66
 Models replaced:  16
 iteration  67
 Models replaced:  16
 iteration  68
 Models replaced:  16
 iteration  69
 Models replaced:  16
 iteration  70
 Models replaced:  16
 iteration  71
 Models replaced:  16
 new best energy  0.3500E-07 at iteration  71
 iteration  72
 Models replaced:  16
 iteration  73
 Models replaced:  16
 iteration  74
 Models replaced:  15
   best energy in population    3.49957E-08  6
 iteration  1
 Models replaced:  16
 new best energy  0.7526E-07 at iteration   1
 iteration  2
 Models replaced:  16
 iteration  3
 Models replaced:  16
 iteration  4
 Models replaced:  16
 new best energy  0.4116E-07 at iteration   4
 iteration  5
 Models replaced:  15
 iteration  6
 Models replaced:  16
 iteration  7
 Models replaced:  16
 iteration  8
 Models replaced:  16
 new best energy  0.3965E-07 at iteration   8
 iteration  9
 Models replaced:  16
 new best energy  0.1700E-07 at iteration   9
 iteration  10
 Models replaced:  16
 new best energy  0.1280E-07 at iteration  10
 iteration  11
 Models replaced:  16
 iteration  12
 Models replaced:  16
 iteration  13
 Models replaced:  16
 iteration  14
 Models replaced:  16
 new best energy  0.1174E-07 at iteration  14
 iteration  15
 Models replaced:  16
 iteration  16
 Models replaced:  16
 iteration  17
 Models replaced:  15
 iteration  18
 Models replaced:  13
 iteration  19
 Models replaced:  16
 iteration  20
 Models replaced:  16
 iteration  21
 Models replaced:  16
 iteration  22
 Models replaced:  16
 iteration  23
 Models replaced:  16
 iteration  24
 Models replaced:  16
 iteration  25
 Models replaced:  14
 new best energy  0.1115E-07 at iteration  25
 iteration  26
 Models replaced:  16
 iteration  27
 Models replaced:  15
 iteration  28
 Models replaced:  16
 iteration  29
 Models replaced:  16
 iteration  30
 Models replaced:  16
 iteration  31
 Models replaced:  16
 iteration  32
 Models replaced:  16
 iteration  33
 Models replaced:  16
 iteration  34
 Models replaced:  15
 iteration  35
 Models replaced:  15
 iteration  36
 Models replaced:  15
 iteration  37
 Models replaced:  15
 iteration  38
 Models replaced:  15
 iteration  39
 Models replaced:  16
 iteration  40
 Models replaced:  15
 iteration  41
 Models replaced:  15
 iteration  42
 Models replaced:  16
 iteration  43
 Models replaced:  16
 iteration  44
 Models replaced:  12
 iteration  45
 Models replaced:  15
 iteration  46
 Models replaced:  16
 iteration  47
 Models replaced:  14
 iteration  48
 Models replaced:  15
 iteration  49
 Models replaced:  15
 new best energy  0.1070E-07 at iteration  49
 iteration  50
 Models replaced:  14
 iteration  51
 Models replaced:  16
 iteration  52
 Models replaced:  16
 iteration  53
 Models replaced:  16
 iteration  54
 Models replaced:  15
 iteration  55
 Models replaced:  15
 iteration  56
 Models replaced:  15
 iteration  57
 Models replaced:  15
 iteration  58
 Models replaced:  15
 iteration  59
 Models replaced:  16
 iteration  60
 Models replaced:  16
 iteration  61
 Models replaced:  16
 iteration  62
 Models replaced:  14
 iteration  63
 Models replaced:  16
 iteration  64
 Models replaced:  15
 iteration  65
 Models replaced:  15
 iteration  66
 Models replaced:  16
 iteration  67
 Models replaced:  16
 iteration  68
 Models replaced:  16
   best energy in population    1.07047E-08  7
 iteration  1
 Models replaced:  16
 new best energy  0.1968E-06 at iteration   1
 iteration  2
 Models replaced:  16
 iteration  3
 Models replaced:  16
 new best energy  0.1595E-06 at iteration   3
 iteration  4
 Models replaced:  16
 iteration  5
 Models replaced:  15
 iteration  6
 Models replaced:  15
 iteration  7
 Models replaced:  15
 iteration  8
 Models replaced:  16
 iteration  9
 Models replaced:  16
 iteration  10
 Models replaced:  15
 iteration  11
 Models replaced:  16
 new best energy  0.1421E-06 at iteration  11
 iteration  12
 Models replaced:  15
 iteration  13
 Models replaced:  16
 iteration  14
 Models replaced:  16
 new best energy  0.7633E-07 at iteration  14
 iteration  15
 Models replaced:  16
 iteration  16
 Models replaced:  16
 iteration  17
 Models replaced:  16
 iteration  18
 Models replaced:  16
 new best energy  0.6815E-07 at iteration  18
 iteration  19
 Models replaced:  16
 iteration  20
 Models replaced:  15
 iteration  21
 Models replaced:  16
 iteration  22
 Models replaced:  16
 iteration  23
 Models replaced:  16
 iteration  24
 Models replaced:  16
 new best energy  0.5268E-07 at iteration  24
 iteration  25
 Models replaced:  16
 iteration  26
 Models replaced:  16
 new best energy  0.5136E-07 at iteration  26
 iteration  27
 Models replaced:  16
 iteration  28
 Models replaced:  16
 iteration  29
 Models replaced:  16
 iteration  30
 Models replaced:  16
 iteration  31
 Models replaced:  16
 new best energy  0.3675E-07 at iteration  31
 iteration  32
 Models replaced:  16
 iteration  33
 Models replaced:  16
 iteration  34
 Models replaced:  16
 iteration  35
 Models replaced:  16
 new best energy  0.2999E-07 at iteration  35
 iteration  36
 Models replaced:  16
 new best energy  0.1564E-07 at iteration  36
 iteration  37
 Models replaced:  16
 iteration  38
 Models replaced:  16
 iteration  39
 Models replaced:  16
 iteration  40
 Models replaced:  16
 iteration  41
 Models replaced:  15
 iteration  42
 Models replaced:  16
 iteration  43
 Models replaced:  16
 iteration  44
 Models replaced:  16
 iteration  45
 Models replaced:  15
 iteration  46
 Models replaced:  15
 iteration  47
 Models replaced:  16
 iteration  48
 Models replaced:  16
 iteration  49
 Models replaced:  16
 iteration  50
 Models replaced:  16
 iteration  51
 Models replaced:  16
 new best energy  0.1297E-07 at iteration  51
 iteration  52
 Models replaced:  16
 iteration  53
 Models replaced:  14
 iteration  54
 Models replaced:  15
 iteration  55
 Models replaced:  15
 iteration  56
 Models replaced:  16
 iteration  57
 Models replaced:  14
 iteration  58
 Models replaced:  16
 iteration  59
 Models replaced:  16
 iteration  60
 Models replaced:  16
 iteration  61
 Models replaced:  15
 iteration  62
 Models replaced:  14
 iteration  63
 Models replaced:  15
 iteration  64
 Models replaced:  16
 iteration  65
 Models replaced:  16
 iteration  66
 Models replaced:  16
   best energy in population    1.29688E-08  8
 iteration  1
 Models replaced:  15
 new best energy  0.5796E-06 at iteration   1
 iteration  2
 Models replaced:  16
 new best energy  0.5767E-07 at iteration   2
 iteration  3
 Models replaced:  16
 new best energy  0.4670E-07 at iteration   3
 iteration  4
 Models replaced:  16
 iteration  5
 Models replaced:  16
 new best energy  0.3804E-07 at iteration   5
 iteration  6
 Models replaced:  16
 iteration  7
 Models replaced:  14
 iteration  8
 Models replaced:  16
 iteration  9
 Models replaced:  15
 iteration  10
 Models replaced:  15
 new best energy  0.3054E-07 at iteration  10
 iteration  11
 Models replaced:  16
 iteration  12
 Models replaced:  16
 iteration  13
 Models replaced:  16
 new best energy  0.2591E-07 at iteration  13
 iteration  14
 Models replaced:  16
 iteration  15
 Models replaced:  16
 new best energy  0.2589E-07 at iteration  15
 iteration  16
 Models replaced:  16
 iteration  17
 Models replaced:  16
 iteration  18
 Models replaced:  16
 iteration  19
 Models replaced:  16
 iteration  20
 Models replaced:  16
 iteration  21
 Models replaced:  15
 iteration  22
 Models replaced:  15
 iteration  23
 Models replaced:  14
 iteration  24
 Models replaced:  16
 iteration  25
 Models replaced:  16
 iteration  26
 Models replaced:  16
 iteration  27
 Models replaced:  16
 iteration  28
 Models replaced:  16
 iteration  29
 Models replaced:  16
 iteration  30
 Models replaced:  16
 iteration  31
 Models replaced:  16
 new best energy  0.2534E-07 at iteration  31
 iteration  32
 Models replaced:  16
 iteration  33
 Models replaced:  16
 iteration  34
 Models replaced:  16
 iteration  35
 Models replaced:  16
 new best energy  0.2421E-07 at iteration  35
 iteration  36
 Models replaced:  16
 iteration  37
 Models replaced:  16
 iteration  38
 Models replaced:  16
 iteration  39
 Models replaced:  16
 iteration  40
 Models replaced:  15
 iteration  41
 Models replaced:  14
 iteration  42
 Models replaced:  16
 iteration  43
 Models replaced:  15
 iteration  44
 Models replaced:  15
 iteration  45
 Models replaced:  16
 iteration  46
 Models replaced:  16
 iteration  47
 Models replaced:  16
 iteration  48
 Models replaced:  15
 iteration  49
 Models replaced:  16
 iteration  50
 Models replaced:  16
 iteration  51
 Models replaced:  15
 iteration  52
 Models replaced:  16
 iteration  53
 Models replaced:  16
 iteration  54
 Models replaced:  15
 iteration  55
 Models replaced:  16
 iteration  56
 Models replaced:  16
 iteration  57
 Models replaced:  16
 iteration  58
 Models replaced:  16
 new best energy  0.2402E-07 at iteration  58
 iteration  59
 Models replaced:  14
 iteration  60
 Models replaced:  15
 iteration  61
 Models replaced:  16
 iteration  62
 Models replaced:  16
 iteration  63
 Models replaced:  16
 iteration  64
 Models replaced:  16
 iteration  65
 Models replaced:  16
 iteration  66
 Models replaced:  13
 iteration  67
 Models replaced:  16
   best energy in population    2.40226E-08  9
  Population  10
 iteration  1
 Models replaced:  15
 new best energy  0.1272E-06 at iteration   1
 iteration  2
 Models replaced:  16
 new best energy  0.3073E-07 at iteration   2
 iteration  3
 Models replaced:  15
 iteration  4
 Models replaced:  16
 new best energy  0.2677E-07 at iteration   4
 iteration  5
 Models replaced:  16
 iteration  6
 Models replaced:  16
 new best energy  0.1782E-07 at iteration   6
 iteration  7
 Models replaced:  15
 iteration  8
 Models replaced:  15
 iteration  9
 Models replaced:  15
 iteration  10
 Models replaced:  16
 iteration  11
 Models replaced:  16
 iteration  12
 Models replaced:  16
 iteration  13
 Models replaced:  16
 iteration  14
 Models replaced:  15
 iteration  15
 Models replaced:  15
 iteration  16
 Models replaced:  14
 new best energy  0.1771E-07 at iteration  16
 iteration  17
 Models replaced:  16
 iteration  18
 Models replaced:  16
 iteration  19
 Models replaced:  16
 iteration  20
 Models replaced:  15
 iteration  21
 Models replaced:  16
 iteration  22
 Models replaced:  16
 iteration  23
 Models replaced:  16
 iteration  24
 Models replaced:  16
 iteration  25
 Models replaced:  15
 iteration  26
 Models replaced:  16
 iteration  27
 Models replaced:  16
 iteration  28
 Models replaced:  16
 iteration  29
 Models replaced:  13
 iteration  30
 Models replaced:  15
 iteration  31
 Models replaced:  15
 iteration  32
 Models replaced:  15
 iteration  33
 Models replaced:  15
 iteration  34
 Models replaced:  15
 iteration  35
 Models replaced:  16
 iteration  36
 Models replaced:  16
 iteration  37
 Models replaced:  16
 new best energy  0.1768E-07 at iteration  37
 iteration  38
 Models replaced:  16
 iteration  39
 Models replaced:  16
 iteration  40
 Models replaced:  16
 iteration  41
 Models replaced:  15
 iteration  42
 Models replaced:  16
 iteration  43
 Models replaced:  14
 iteration  44
 Models replaced:  15
 iteration  45
 Models replaced:  16
 iteration  46
 Models replaced:  16
 iteration  47
 Models replaced:  16
 iteration  48
 Models replaced:  16
 iteration  49
 Models replaced:  16
 iteration  50
 Models replaced:  15
 iteration  51
 Models replaced:  15
 iteration  52
 Models replaced:  15
 iteration  53
 Models replaced:  16
 iteration  54
 Models replaced:  16
 iteration  55
 Models replaced:  16
 iteration  56
 Models replaced:  15
 iteration  57
 Models replaced:  16
 iteration  58
 Models replaced:  16
 iteration  59
 Models replaced:  16
 iteration  60
 Models replaced:  16
 iteration  61
 Models replaced:  16
 iteration  62
 Models replaced:  15
 iteration  63
 Models replaced:  15
 iteration  64
 Models replaced:  14
 iteration  65
 Models replaced:  16
 iteration  66
 Models replaced:  16
 iteration  67
 Models replaced:  16
 iteration  68
 Models replaced:  15
 iteration  69
 Models replaced:  13
 iteration  70
 Models replaced:  16
   best energy in population    1.76828E-08  10
 iteration  1
 Models replaced:  16
 new best energy  0.9289E-07 at iteration   1
 iteration  2
 Models replaced:  16
 new best energy  0.8715E-07 at iteration   2
 iteration  3
 Models replaced:  16
 iteration  4
 Models replaced:  16
 new best energy  0.7505E-07 at iteration   4
 iteration  5
 Models replaced:  16
 iteration  6
 Models replaced:  16
 iteration  7
 Models replaced:  16
 new best energy  0.7208E-07 at iteration   7
 iteration  8
 Models replaced:  16
 iteration  9
 Models replaced:  16
 new best energy  0.1984E-07 at iteration   9
 iteration  10
 Models replaced:  16
 iteration  11
 Models replaced:  16
 iteration  12
 Models replaced:  16
 new best energy  0.1932E-07 at iteration  12
 iteration  13
 Models replaced:  16
 iteration  14
 Models replaced:  16
 iteration  15
 Models replaced:  16
 iteration  16
 Models replaced:  15
 iteration  17
 Models replaced:  16
 iteration  18
 Models replaced:  16
 iteration  19
 Models replaced:  15
 iteration  20
 Models replaced:  15
 iteration  21
 Models replaced:  15
 iteration  22
 Models replaced:  15
 iteration  23
 Models replaced:  16
 iteration  24
 Models replaced:  16
 iteration  25
 Models replaced:  15
 iteration  26
 Models replaced:  16
 new best energy  0.1858E-07 at iteration  26
 iteration  27
 Models replaced:  12
 iteration  28
 Models replaced:  16
 iteration  29
 Models replaced:  16
 iteration  30
 Models replaced:  16
 iteration  31
 Models replaced:  16
 iteration  32
 Models replaced:  16
 iteration  33
 Models replaced:  16
 iteration  34
 Models replaced:  15
 iteration  35
 Models replaced:  16
 iteration  36
 Models replaced:  14
 iteration  37
 Models replaced:  15
 iteration  38
 Models replaced:  15
 iteration  39
 Models replaced:  16
 new best energy  0.1850E-07 at iteration  39
 iteration  40
 Models replaced:  16
 iteration  41
 Models replaced:  16
 iteration  42
 Models replaced:  15
 iteration  43
 Models replaced:  16
 new best energy  0.1850E-07 at iteration  43
 iteration  44
 Models replaced:  14
 iteration  45
 Models replaced:  14
 iteration  46
 Models replaced:  15
 iteration  47
 Models replaced:  14
 iteration  48
 Models replaced:  15
 iteration  49
 Models replaced:  15
 iteration  50
 Models replaced:  16
 new best energy  0.1698E-07 at iteration  50
 iteration  51
 Models replaced:  16
 iteration  52
 Models replaced:  15
 iteration  53
 Models replaced:  16
 iteration  54
 Models replaced:  16
 iteration  55
 Models replaced:  14
 iteration  56
 Models replaced:  15
 iteration  57
 Models replaced:  16
 iteration  58
 Models replaced:  14
 iteration  59
 Models replaced:  16
 iteration  60
 Models replaced:  16
 iteration  61
 Models replaced:  15
 iteration  62
 Models replaced:  15
 iteration  63
 Models replaced:  16
 iteration  64
 Models replaced:  14
 iteration  65
 Models replaced:  15
 iteration  66
 Models replaced:  16
 iteration  67
 Models replaced:  16
 iteration  68
 Models replaced:  15
 iteration  69
 Models replaced:  16
 iteration  70
 Models replaced:  16
 iteration  71
 Models replaced:  16
 iteration  72
 Models replaced:  14
   best energy in population    1.69807E-08  11
 iteration  1
 Models replaced:  16
 new best energy  0.5968E-06 at iteration   1
 iteration  2
 Models replaced:  15
 new best energy  0.3538E-06 at iteration   2
 iteration  3
 Models replaced:  16
 iteration  4
 Models replaced:  16
 iteration  5
 Models replaced:  16
 iteration  6
 Models replaced:  16
 new best energy  0.3140E-06 at iteration   6
 iteration  7
 Models replaced:  16
 iteration  8
 Models replaced:  16
 new best energy  0.4853E-07 at iteration   8
 iteration  9
 Models replaced:  15
 new best energy  0.3760E-07 at iteration   9
 iteration  10
 Models replaced:  15
 new best energy  0.2529E-07 at iteration  10
 iteration  11
 Models replaced:  15
 new best energy  0.2415E-07 at iteration  11
 iteration  12
 Models replaced:  16
 new best energy  0.2272E-07 at iteration  12
 iteration  13
 Models replaced:  15
 iteration  14
 Models replaced:  16
 iteration  15
 Models replaced:  16
 iteration  16
 Models replaced:  16
 iteration  17
 Models replaced:  16
 iteration  18
 Models replaced:  16
 iteration  19
 Models replaced:  16
 iteration  20
 Models replaced:  16
 iteration  21
 Models replaced:  16
 iteration  22
 Models replaced:  16
 iteration  23
 Models replaced:  15
 iteration  24
 Models replaced:  15
 iteration  25
 Models replaced:  16
 iteration  26
 Models replaced:  15
 iteration  27
 Models replaced:  15
 iteration  28
 Models replaced:  16
 iteration  29
 Models replaced:  15
 iteration  30
 Models replaced:  16
 iteration  31
 Models replaced:  16
 iteration  32
 Models replaced:  16
 iteration  33
 Models replaced:  16
 iteration  34
 Models replaced:  16
 iteration  35
 Models replaced:  16
 iteration  36
 Models replaced:  16
 iteration  37
 Models replaced:  15
 iteration  38
 Models replaced:  16
 iteration  39
 Models replaced:  16
 iteration  40
 Models replaced:  16
 iteration  41
 Models replaced:  16
 iteration  42
 Models replaced:  15
 iteration  43
 Models replaced:  14
 iteration  44
 Models replaced:  15
 iteration  45
 Models replaced:  16
 iteration  46
 Models replaced:  16
 iteration  47
 Models replaced:  16
 iteration  48
 Models replaced:  16
 iteration  49
 Models replaced:  15
 iteration  50
 Models replaced:  15
 iteration  51
 Models replaced:  15
 iteration  52
 Models replaced:  16
 iteration  53
 Models replaced:  16
 iteration  54
 Models replaced:  16
 iteration  55
 Models replaced:  16
 iteration  56
 Models replaced:  16
 iteration  57
 Models replaced:  15
 iteration  58
 Models replaced:  16
 iteration  59
 Models replaced:  16
 iteration  60
 Models replaced:  16
 iteration  61
 Models replaced:  16
 iteration  62
 Models replaced:  16
 iteration  63
 Models replaced:  16
 iteration  64
 Models replaced:  15
 iteration  65
 Models replaced:  16
   best energy in population    2.27165E-08  12
 iteration  1
 Models replaced:  15
 new best energy  0.2648E-06 at iteration   1
 iteration  2
 Models replaced:  16
 new best energy  0.9366E-07 at iteration   2
 iteration  3
 Models replaced:  16
 new best energy  0.8493E-07 at iteration   3
 iteration  4
 Models replaced:  16
 iteration  5
 Models replaced:  16
 iteration  6
 Models replaced:  16
 iteration  7
 Models replaced:  16
 new best energy  0.7851E-07 at iteration   7
 iteration  8
 Models replaced:  16
 iteration  9
 Models replaced:  14
 iteration  10
 Models replaced:  16
 iteration  11
 Models replaced:  16
 iteration  12
 Models replaced:  16
 new best energy  0.6698E-07 at iteration  12
 iteration  13
 Models replaced:  16
 new best energy  0.6367E-07 at iteration  13
 iteration  14
 Models replaced:  16
 iteration  15
 Models replaced:  16
 iteration  16
 Models replaced:  15
 new best energy  0.6259E-07 at iteration  16
 iteration  17
 Models replaced:  16
 iteration  18
 Models replaced:  15
 iteration  19
 Models replaced:  16
 iteration  20
 Models replaced:  16
 new best energy  0.5357E-07 at iteration  20
 iteration  21
 Models replaced:  16
 iteration  22
 Models replaced:  16
 iteration  23
 Models replaced:  14
 new best energy  0.5264E-07 at iteration  23
 iteration  24
 Models replaced:  15
 iteration  25
 Models replaced:  16
 iteration  26
 Models replaced:  16
 iteration  27
 Models replaced:  16
 iteration  28
 Models replaced:  15
 iteration  29
 Models replaced:  16
 iteration  30
 Models replaced:  16
 iteration  31
 Models replaced:  16
 iteration  32
 Models replaced:  16
 iteration  33
 Models replaced:  16
 iteration  34
 Models replaced:  15
 new best energy  0.5250E-07 at iteration  34
 iteration  35
 Models replaced:  15
 iteration  36
 Models replaced:  15
 iteration  37
 Models replaced:  15
 new best energy  0.4298E-07 at iteration  37
 iteration  38
 Models replaced:  16
 iteration  39
 Models replaced:  16
 iteration  40
 Models replaced:  16
 iteration  41
 Models replaced:  15
 iteration  42
 Models replaced:  16
 iteration  43
 Models replaced:  16
 new best energy  0.3993E-07 at iteration  43
 iteration  44
 Models replaced:  16
 new best energy  0.2978E-07 at iteration  44
 iteration  45
 Models replaced:  16
 iteration  46
 Models replaced:  16
 iteration  47
 Models replaced:  16
 iteration  48
 Models replaced:  15
 iteration  49
 Models replaced:  15
 new best energy  0.2585E-07 at iteration  49
 iteration  50
 Models replaced:  16
 iteration  51
 Models replaced:  16
 iteration  52
 Models replaced:  15
 iteration  53
 Models replaced:  16
 iteration  54
 Models replaced:  16
 iteration  55
 Models replaced:  14
 iteration  56
 Models replaced:  16
 iteration  57
 Models replaced:  16
 iteration  58
 Models replaced:  16
 iteration  59
 Models replaced:  16
 iteration  60
 Models replaced:  16
 iteration  61
 Models replaced:  16
 iteration  62
 Models replaced:  16
 iteration  63
 Models replaced:  14
 iteration  64
 Models replaced:  16
 iteration  65
 Models replaced:  15
 iteration  66
 Models replaced:  16
 iteration  67
 Models replaced:  15
 iteration  68
 Models replaced:  16
 iteration  69
 Models replaced:  15
   best energy in population    2.58498E-08  13
 iteration  1
 Models replaced:  16
 new best energy  0.4866E-06 at iteration   1
 iteration  2
 Models replaced:  16
 new best energy  0.3431E-06 at iteration   2
 iteration  3
 Models replaced:  16
 new best energy  0.4071E-07 at iteration   3
 iteration  4
 Models replaced:  16
 new best energy  0.3626E-07 at iteration   4
 iteration  5
 Models replaced:  16
 iteration  6
 Models replaced:  16
 iteration  7
 Models replaced:  16
 new best energy  0.2799E-07 at iteration   7
 iteration  8
 Models replaced:  16
 iteration  9
 Models replaced:  16
 iteration  10
 Models replaced:  16
 new best energy  0.2540E-07 at iteration  10
 iteration  11
 Models replaced:  15
 iteration  12
 Models replaced:  16
 iteration  13
 Models replaced:  16
 iteration  14
 Models replaced:  16
 iteration  15
 Models replaced:  15
 iteration  16
 Models replaced:  16
 iteration  17
 Models replaced:  15
 iteration  18
 Models replaced:  16
 iteration  19
 Models replaced:  15
 iteration  20
 Models replaced:  15
 iteration  21
 Models replaced:  16
 iteration  22
 Models replaced:  16
 iteration  23
 Models replaced:  15
 iteration  24
 Models replaced:  15
 iteration  25
 Models replaced:  16
 iteration  26
 Models replaced:  16
 iteration  27
 Models replaced:  15
 iteration  28
 Models replaced:  16
 iteration  29
 Models replaced:  16
 iteration  30
 Models replaced:  16
 new best energy  0.2405E-07 at iteration  30
 iteration  31
 Models replaced:  16
 iteration  32
 Models replaced:  15
 iteration  33
 Models replaced:  16
 iteration  34
 Models replaced:  16
 iteration  35
 Models replaced:  16
 iteration  36
 Models replaced:  16
 iteration  37
 Models replaced:  16
 iteration  38
 Models replaced:  16
 iteration  39
 Models replaced:  16
 iteration  40
 Models replaced:  16
 iteration  41
 Models replaced:  16
 iteration  42
 Models replaced:  16
 iteration  43
 Models replaced:  16
 iteration  44
 Models replaced:  15
 iteration  45
 Models replaced:  16
 iteration  46
 Models replaced:  16
 iteration  47
 Models replaced:  14
 iteration  48
 Models replaced:  16
 iteration  49
 Models replaced:  16
 iteration  50
 Models replaced:  16
 iteration  51
 Models replaced:  16
 iteration  52
 Models replaced:  16
 iteration  53
 Models replaced:  16
 iteration  54
 Models replaced:  16
 iteration  55
 Models replaced:  16
 iteration  56
 Models replaced:  15
 iteration  57
 Models replaced:  16
 iteration  58
 Models replaced:  15
 iteration  59
 Models replaced:  16
 iteration  60
 Models replaced:  15
 iteration  61
 Models replaced:  16
 iteration  62
 Models replaced:  15
 iteration  63
 Models replaced:  16
 iteration  64
 Models replaced:  16
 iteration  65
 Models replaced:  16
   best energy in population    2.40500E-08  14
 iteration  1
 Models replaced:  15
 new best energy  0.1359E-06 at iteration   1
 iteration  2
 Models replaced:  15
 iteration  3
 Models replaced:  16
 new best energy  0.1324E-06 at iteration   3
 iteration  4
 Models replaced:  16
 new best energy  0.3543E-07 at iteration   4
 iteration  5
 Models replaced:  16
 iteration  6
 Models replaced:  16
 iteration  7
 Models replaced:  16
 iteration  8
 Models replaced:  16
 iteration  9
 Models replaced:  16
 new best energy  0.1676E-07 at iteration   9
 iteration  10
 Models replaced:  16
 new best energy  0.1373E-07 at iteration  10
 iteration  11
 Models replaced:  16
 iteration  12
 Models replaced:  16
 iteration  13
 Models replaced:  15
 iteration  14
 Models replaced:  16
 iteration  15
 Models replaced:  16
 iteration  16
 Models replaced:  16
 iteration  17
 Models replaced:  15
 iteration  18
 Models replaced:  15
 iteration  19
 Models replaced:  15
 iteration  20
 Models replaced:  15
 iteration  21
 Models replaced:  15
 iteration  22
 Models replaced:  16
 iteration  23
 Models replaced:  15
 iteration  24
 Models replaced:  14
 iteration  25
 Models replaced:  16
 iteration  26
 Models replaced:  15
 iteration  27
 Models replaced:  16
 iteration  28
 Models replaced:  15
 iteration  29
 Models replaced:  15
 iteration  30
 Models replaced:  16
 iteration  31
 Models replaced:  15
 iteration  32
 Models replaced:  16
 iteration  33
 Models replaced:  16
 iteration  34
 Models replaced:  15
 iteration  35
 Models replaced:  16
 iteration  36
 Models replaced:  15
 iteration  37
 Models replaced:  15
 iteration  38
 Models replaced:  15
 iteration  39
 Models replaced:  16
 iteration  40
 Models replaced:  16
 iteration  41
 Models replaced:  16
 new best energy  0.1351E-07 at iteration  41
 iteration  42
 Models replaced:  16
 iteration  43
 Models replaced:  16
 iteration  44
 Models replaced:  16
 iteration  45
 Models replaced:  16
 new best energy  0.1311E-07 at iteration  45
 iteration  46
 Models replaced:  15
 iteration  47
 Models replaced:  16
 iteration  48
 Models replaced:  15
 iteration  49
 Models replaced:  15
 iteration  50
 Models replaced:  16
 iteration  51
 Models replaced:  15
 iteration  52
 Models replaced:  16
 new best energy  0.1282E-07 at iteration  52
 iteration  53
 Models replaced:  15
 iteration  54
 Models replaced:  15
 iteration  55
 Models replaced:  15
 iteration  56
 Models replaced:  16
 iteration  57
 Models replaced:  15
 iteration  58
 Models replaced:  16
 iteration  59
 Models replaced:  15
 iteration  60
 Models replaced:  16
 iteration  61
 Models replaced:  15
 iteration  62
 Models replaced:  16
 iteration  63
 Models replaced:  15
 iteration  64
 Models replaced:  16
 iteration  65
 Models replaced:  16
 iteration  66
 Models replaced:  13
 iteration  67
 Models replaced:  15
 iteration  68
 Models replaced:  14
 iteration  69
 Models replaced:  16
 iteration  70
 Models replaced:  16
 iteration  71
 Models replaced:  16
 iteration  72
 Models replaced:  15
 iteration  73
 Models replaced:  15
 iteration  74
 Models replaced:  15
 iteration  75
 Models replaced:  16
 iteration  76
 Models replaced:  15
 iteration  77
 Models replaced:  14
   best energy in population    1.28245E-08  15
 iteration  1
 Models replaced:  16
 new best energy  0.1661E-06 at iteration   1
 iteration  2
 Models replaced:  15
 new best energy  0.1524E-06 at iteration   2
 iteration  3
 Models replaced:  16
 iteration  4
 Models replaced:  16
 iteration  5
 Models replaced:  16
 new best energy  0.1370E-06 at iteration   5
 iteration  6
 Models replaced:  16
 new best energy  0.3040E-07 at iteration   6
 iteration  7
 Models replaced:  15
 iteration  8
 Models replaced:  15
 new best energy  0.1515E-07 at iteration   8
 iteration  9
 Models replaced:  16
 iteration  10
 Models replaced:  16
 iteration  11
 Models replaced:  16
 new best energy  0.1019E-07 at iteration  11
 iteration  12
 Models replaced:  16
 iteration  13
 Models replaced:  16
 iteration  14
 Models replaced:  16
 new best energy  0.7752E-08 at iteration  14
 iteration  15
 Models replaced:  15
 iteration  16
 Models replaced:  16
 iteration  17
 Models replaced:  16
 new best energy  0.7256E-08 at iteration  17
 iteration  18
 Models replaced:  16
 new best energy  0.7023E-08 at iteration  18
 iteration  19
 Models replaced:  15
 iteration  20
 Models replaced:  16
 iteration  21
 Models replaced:  15
 iteration  22
 Models replaced:  16
 iteration  23
 Models replaced:  14
 iteration  24
 Models replaced:  15
 iteration  25
 Models replaced:  16
 iteration  26
 Models replaced:  16
 new best energy  0.5863E-08 at iteration  26
 iteration  27
 Models replaced:  16
 iteration  28
 Models replaced:  15
 iteration  29
 Models replaced:  14
 iteration  30
 Models replaced:  16
 iteration  31
 Models replaced:  15
 iteration  32
 Models replaced:  15
 iteration  33
 Models replaced:  16
 iteration  34
 Models replaced:  15
 iteration  35
 Models replaced:  16
 iteration  36
 Models replaced:  16
 iteration  37
 Models replaced:  15
 iteration  38
 Models replaced:  14
 iteration  39
 Models replaced:  16
 iteration  40
 Models replaced:  16
 iteration  41
 Models replaced:  14
 iteration  42
 Models replaced:  16
 iteration  43
 Models replaced:  14
 iteration  44
 Models replaced:  15
 iteration  45
 Models replaced:  16
 iteration  46
 Models replaced:  15
 iteration  47
 Models replaced:  16
 iteration  48
 Models replaced:  15
 iteration  49
 Models replaced:  16
 iteration  50
 Models replaced:  16
 iteration  51
 Models replaced:  16
 iteration  52
 Models replaced:  16
 iteration  53
 Models replaced:  16
 iteration  54
 Models replaced:  15
 iteration  55
 Models replaced:  15
 iteration  56
 Models replaced:  16
 new best energy  0.5601E-08 at iteration  56
 iteration  57
 Models replaced:  16
 iteration  58
 Models replaced:  16
 iteration  59
 Models replaced:  16
 iteration  60
 Models replaced:  16
 iteration  61
 Models replaced:  15
 iteration  62
 Models replaced:  16
 iteration  63
 Models replaced:  15
 iteration  64
 Models replaced:  16
 iteration  65
 Models replaced:  16
 iteration  66
 Models replaced:  16
 iteration  67
 Models replaced:  16
 iteration  68
 Models replaced:  16
 iteration  69
 Models replaced:  15
 iteration  70
 Models replaced:  16
 iteration  71
 Models replaced:  16
 iteration  72
 Models replaced:  16
 iteration  73
 Models replaced:  16
 new best energy  0.5452E-08 at iteration  73
 iteration  74
 Models replaced:  16
 iteration  75
 Models replaced:  16
 iteration  76
 Models replaced:  15
 new best energy  0.5452E-08at population  16
   best energy in population    5.45239E-09  16
 iteration  1
 Models replaced:  16
 new best energy  0.1225E-06 at iteration   1
 iteration  2
 Models replaced:  15
 iteration  3
 Models replaced:  16
 iteration  4
 Models replaced:  16
 iteration  5
 Models replaced:  16
 new best energy  0.1146E-06 at iteration   5
 iteration  6
 Models replaced:  16
 iteration  7
 Models replaced:  16
 iteration  8
 Models replaced:  16
 new best energy  0.8740E-07 at iteration   8
 iteration  9
 Models replaced:  15
 iteration  10
 Models replaced:  16
 new best energy  0.6574E-07 at iteration  10
 iteration  11
 Models replaced:  16
 iteration  12
 Models replaced:  16
 iteration  13
 Models replaced:  16
 iteration  14
 Models replaced:  15
 new best energy  0.5805E-07 at iteration  14
 iteration  15
 Models replaced:  16
 iteration  16
 Models replaced:  16
 iteration  17
 Models replaced:  16
 new best energy  0.2013E-07 at iteration  17
 iteration  18
 Models replaced:  16
 iteration  19
 Models replaced:  15
 iteration  20
 Models replaced:  16
 iteration  21
 Models replaced:  13
 iteration  22
 Models replaced:  16
 new best energy  0.1340E-07 at iteration  22
 iteration  23
 Models replaced:  16
 iteration  24
 Models replaced:  16
 iteration  25
 Models replaced:  15
 iteration  26
 Models replaced:  15
 new best energy  0.7215E-08 at iteration  26
 iteration  27
 Models replaced:  15
 iteration  28
 Models replaced:  16
 iteration  29
 Models replaced:  15
 iteration  30
 Models replaced:  16
 iteration  31
 Models replaced:  15
 iteration  32
 Models replaced:  15
 iteration  33
 Models replaced:  15
 iteration  34
 Models replaced:  14
 iteration  35
 Models replaced:  16
 iteration  36
 Models replaced:  16
 iteration  37
 Models replaced:  13
 iteration  38
 Models replaced:  16
 iteration  39
 Models replaced:  16
 iteration  40
 Models replaced:  16
 iteration  41
 Models replaced:  16
 iteration  42
 Models replaced:  16
 new best energy  0.2751E-08 at iteration  42
 iteration  43
 Models replaced:  16
 iteration  44
 Models replaced:  16
 iteration  45
 Models replaced:  16
 iteration  46
 Models replaced:  16
 iteration  47
 Models replaced:  15
 iteration  48
 Models replaced:  16
 iteration  49
 Models replaced:  15
 iteration  50
 Models replaced:  16
 iteration  51
 Models replaced:  16
 iteration  52
 Models replaced:  15
 iteration  53
 Models replaced:  15
 iteration  54
 Models replaced:  16
 new best energy  0.2696E-08 at iteration  54
 iteration  55
 Models replaced:  15
 iteration  56
 Models replaced:  16
 iteration  57
 Models replaced:  16
 iteration  58
 Models replaced:  16
 iteration  59
 Models replaced:  15
 iteration  60
 Models replaced:  15
 iteration  61
 Models replaced:  15
 iteration  62
 Models replaced:  16
 iteration  63
 Models replaced:  16
 iteration  64
 Models replaced:  16
 iteration  65
 Models replaced:  16
 iteration  66
 Models replaced:  14
 iteration  67
 Models replaced:  16
 iteration  68
 Models replaced:  15
 iteration  69
 Models replaced:  15
 new best energy  0.2696E-08at population  17
   best energy in population    2.69597E-09  17
 iteration  1
 Models replaced:  14
 new best energy  0.7761E-06 at iteration   1
 iteration  2
 Models replaced:  16
 new best energy  0.7597E-06 at iteration   2
 iteration  3
 Models replaced:  16
 new best energy  0.5381E-06 at iteration   3
 iteration  4
 Models replaced:  16
 iteration  5
 Models replaced:  16
 iteration  6
 Models replaced:  16
 iteration  7
 Models replaced:  16
 iteration  8
 Models replaced:  16
 iteration  9
 Models replaced:  16
 iteration  10
 Models replaced:  16
 new best energy  0.1745E-06 at iteration  10
 iteration  11
 Models replaced:  16
 iteration  12
 Models replaced:  16
 new best energy  0.1640E-06 at iteration  12
 iteration  13
 Models replaced:  16
 new best energy  0.1419E-06 at iteration  13
 iteration  14
 Models replaced:  15
 iteration  15
 Models replaced:  16
 iteration  16
 Models replaced:  16
 new best energy  0.1151E-06 at iteration  16
 iteration  17
 Models replaced:  16
 iteration  18
 Models replaced:  15
 iteration  19
 Models replaced:  16
 iteration  20
 Models replaced:  16
 new best energy  0.6352E-07 at iteration  20
 iteration  21
 Models replaced:  15
 iteration  22
 Models replaced:  16
 new best energy  0.6345E-07 at iteration  22
 iteration  23
 Models replaced:  16
 iteration  24
 Models replaced:  16
 iteration  25
 Models replaced:  16
 new best energy  0.5764E-07 at iteration  25
 iteration  26
 Models replaced:  16
 iteration  27
 Models replaced:  16
 iteration  28
 Models replaced:  16
 iteration  29
 Models replaced:  16
 iteration  30
 Models replaced:  16
 iteration  31
 Models replaced:  15
 iteration  32
 Models replaced:  16
 new best energy  0.5753E-07 at iteration  32
 iteration  33
 Models replaced:  16
 iteration  34
 Models replaced:  16
 iteration  35
 Models replaced:  15
 new best energy  0.3457E-07 at iteration  35
 iteration  36
 Models replaced:  16
 iteration  37
 Models replaced:  16
 iteration  38
 Models replaced:  16
 iteration  39
 Models replaced:  16
 iteration  40
 Models replaced:  16
 iteration  41
 Models replaced:  16
 iteration  42
 Models replaced:  16
 iteration  43
 Models replaced:  16
 iteration  44
 Models replaced:  16
 iteration  45
 Models replaced:  16
 new best energy  0.2730E-07 at iteration  45
 iteration  46
 Models replaced:  15
 iteration  47
 Models replaced:  16
 iteration  48
 Models replaced:  16
 iteration  49
 Models replaced:  16
 iteration  50
 Models replaced:  16
 iteration  51
 Models replaced:  16
 iteration  52
 Models replaced:  16
 iteration  53
 Models replaced:  16
 iteration  54
 Models replaced:  16
 iteration  55
 Models replaced:  16
 iteration  56
 Models replaced:  15
 iteration  57
 Models replaced:  16
 iteration  58
 Models replaced:  16
 iteration  59
 Models replaced:  16
 iteration  60
 Models replaced:  15
 iteration  61
 Models replaced:  15
 iteration  62
 Models replaced:  14
 iteration  63
 Models replaced:  15
 iteration  64
 Models replaced:  15
 iteration  65
 Models replaced:  16
 iteration  66
 Models replaced:  16
 iteration  67
 Models replaced:  15
 iteration  68
 Models replaced:  16
 iteration  69
 Models replaced:  16
 iteration  70
 Models replaced:  16
 iteration  71
 Models replaced:  16
 iteration  72
 Models replaced:  16
   best energy in population    2.73019E-08  18
 iteration  1
 Models replaced:  16
 new best energy  0.1135E-06 at iteration   1
 iteration  2
 Models replaced:  14
 new best energy  0.1125E-06 at iteration   2
 iteration  3
 Models replaced:  16
 new best energy  0.7725E-07 at iteration   3
 iteration  4
 Models replaced:  16
 new best energy  0.5826E-07 at iteration   4
 iteration  5
 Models replaced:  16
 new best energy  0.5194E-07 at iteration   5
 iteration  6
 Models replaced:  15
 new best energy  0.4381E-07 at iteration   6
 iteration  7
 Models replaced:  16
 new best energy  0.4050E-07 at iteration   7
 iteration  8
 Models replaced:  16
 iteration  9
 Models replaced:  16
 iteration  10
 Models replaced:  16
 iteration  11
 Models replaced:  16
 iteration  12
 Models replaced:  15
 new best energy  0.3824E-07 at iteration  12
 iteration  13
 Models replaced:  16
 new best energy  0.3808E-07 at iteration  13
 iteration  14
 Models replaced:  16
 iteration  15
 Models replaced:  16
 iteration  16
 Models replaced:  16
 new best energy  0.3705E-07 at iteration  16
 iteration  17
 Models replaced:  14
 new best energy  0.3348E-07 at iteration  17
 iteration  18
 Models replaced:  16
 iteration  19
 Models replaced:  16
 iteration  20
 Models replaced:  14
 iteration  21
 Models replaced:  16
 iteration  22
 Models replaced:  16
 iteration  23
 Models replaced:  16
 new best energy  0.3294E-07 at iteration  23
 iteration  24
 Models replaced:  16
 iteration  25
 Models replaced:  16
 iteration  26
 Models replaced:  16
 iteration  27
 Models replaced:  15
 iteration  28
 Models replaced:  14
 iteration  29
 Models replaced:  16
 iteration  30
 Models replaced:  15
 iteration  31
 Models replaced:  16
 iteration  32
 Models replaced:  16
 iteration  33
 Models replaced:  16
 iteration  34
 Models replaced:  15
 iteration  35
 Models replaced:  16
 iteration  36
 Models replaced:  16
 iteration  37
 Models replaced:  16
 new best energy  0.3099E-07 at iteration  37
 iteration  38
 Models replaced:  15
 iteration  39
 Models replaced:  16
 iteration  40
 Models replaced:  16
 iteration  41
 Models replaced:  16
 iteration  42
 Models replaced:  16
 new best energy  0.2890E-07 at iteration  42
 iteration  43
 Models replaced:  16
 iteration  44
 Models replaced:  16
 iteration  45
 Models replaced:  15
 iteration  46
 Models replaced:  16
 iteration  47
 Models replaced:  16
 iteration  48
 Models replaced:  15
 iteration  49
 Models replaced:  16
 iteration  50
 Models replaced:  16
 iteration  51
 Models replaced:  16
 iteration  52
 Models replaced:  16
 iteration  53
 Models replaced:  16
 iteration  54
 Models replaced:  16
 iteration  55
 Models replaced:  16
 iteration  56
 Models replaced:  16
 iteration  57
 Models replaced:  16
 iteration  58
 Models replaced:  16
 iteration  59
 Models replaced:  15
 iteration  60
 Models replaced:  15
 iteration  61
 Models replaced:  16
 iteration  62
 Models replaced:  16
 iteration  63
 Models replaced:  16
 iteration  64
 Models replaced:  15
 iteration  65
 Models replaced:  16
 iteration  66
 Models replaced:  13
 iteration  67
 Models replaced:  16
 iteration  68
 Models replaced:  15
 iteration  69
 Models replaced:  16
 iteration  70
 Models replaced:  16
 iteration  71
 Models replaced:  16
 iteration  72
 Models replaced:  16
 iteration  73
 Models replaced:  14
 iteration  74
 Models replaced:  16
 iteration  75
 Models replaced:  15
 iteration  76
 Models replaced:  14
 iteration  77
 Models replaced:  16
 iteration  78
 Models replaced:  16
 iteration  79
 Models replaced:  16
   best energy in population    2.88970E-08  19
  Population  20
 iteration  1
 Models replaced:  15
 new best energy  0.1142E-06 at iteration   1
 iteration  2
 Models replaced:  15
 new best energy  0.1108E-06 at iteration   2
 iteration  3
 Models replaced:  16
 new best energy  0.6144E-07 at iteration   3
 iteration  4
 Models replaced:  16
 iteration  5
 Models replaced:  16
 new best energy  0.5901E-07 at iteration   5
 iteration  6
 Models replaced:  15
 new best energy  0.4128E-07 at iteration   6
 iteration  7
 Models replaced:  15
 iteration  8
 Models replaced:  15
 iteration  9
 Models replaced:  15
 new best energy  0.3418E-07 at iteration   9
 iteration  10
 Models replaced:  16
 iteration  11
 Models replaced:  15
 iteration  12
 Models replaced:  16
 iteration  13
 Models replaced:  16
 new best energy  0.3407E-07 at iteration  13
 iteration  14
 Models replaced:  16
 new best energy  0.3335E-07 at iteration  14
 iteration  15
 Models replaced:  16
 new best energy  0.2984E-07 at iteration  15
 iteration  16
 Models replaced:  16
 new best energy  0.2974E-07 at iteration  16
 iteration  17
 Models replaced:  15
 iteration  18
 Models replaced:  16
 new best energy  0.2896E-07 at iteration  18
 iteration  19
 Models replaced:  15
 iteration  20
 Models replaced:  16
 iteration  21
 Models replaced:  16
 iteration  22
 Models replaced:  16
 iteration  23
 Models replaced:  16
 iteration  24
 Models replaced:  16
 iteration  25
 Models replaced:  16
 iteration  26
 Models replaced:  16
 iteration  27
 Models replaced:  16
 iteration  28
 Models replaced:  16
 iteration  29
 Models replaced:  16
 iteration  30
 Models replaced:  16
 iteration  31
 Models replaced:  15
 iteration  32
 Models replaced:  15
 iteration  33
 Models replaced:  16
 iteration  34
 Models replaced:  16
 iteration  35
 Models replaced:  15
 iteration  36
 Models replaced:  16
 iteration  37
 Models replaced:  16
 iteration  38
 Models replaced:  16
 iteration  39
 Models replaced:  15
 iteration  40
 Models replaced:  16
 iteration  41
 Models replaced:  15
 iteration  42
 Models replaced:  15
 iteration  43
 Models replaced:  16
 iteration  44
 Models replaced:  16
 iteration  45
 Models replaced:  16
 iteration  46
 Models replaced:  16
 iteration  47
 Models replaced:  15
 iteration  48
 Models replaced:  15
 iteration  49
 Models replaced:  16
 iteration  50
 Models replaced:  16
 iteration  51
 Models replaced:  16
 new best energy  0.2740E-07 at iteration  51
 iteration  52
 Models replaced:  16
 iteration  53
 Models replaced:  16
 iteration  54
 Models replaced:  16
 iteration  55
 Models replaced:  15
 iteration  56
 Models replaced:  16
 iteration  57
 Models replaced:  16
 iteration  58
 Models replaced:  16
 iteration  59
 Models replaced:  16
 iteration  60
 Models replaced:  16
 iteration  61
 Models replaced:  15
 iteration  62
 Models replaced:  16
 iteration  63
 Models replaced:  15
 iteration  64
 Models replaced:  16
 iteration  65
 Models replaced:  16
 iteration  66
 Models replaced:  15
 iteration  67
 Models replaced:  16
 iteration  68
 Models replaced:  14
 iteration  69
 Models replaced:  16
   best energy in population    2.73972E-08  20
 
   best of all energy    5.45239E-09
  best-of all      deviation  
   1  5056.693           56.693
   2    14.882           -5.118
   3   111.024           11.024
   4    43.071           -6.929
   5  1587.402           37.402
   6  1614.567          -85.433
   7  1640.945         -159.055
   8     1.687            0.187
   9     1.824           -0.176

 Forward  modelling calls:   10089

  Inversion, time:       46.146 secs.
