 North elba                                                                     
  E A   c                ! options       
 Using EOF.... 
 Adding the input values to PPD-plot 
 reading in covariance matrix 
                    1 2 3 4 5 6 7 8 9 0 1 2 3 4 5 6 7 8 9
                    0 1 2 3 4 5 6 7 8 9 0
 Options:           2 1 0 0 0 0 1 0 0 0 0 1 1 1 0 0 1 0 1 0 0 0 0 0 0 0 0 0 0 2 0 0 0 0 0 0 0 0 0 0
 Options (norm):    0 0 0 0 0 0 0 0 0 0 0 0 0 0 0 0 0 0 0 0 0 0 0 0 0 0 0 0 0 0 0 0 0 0 0 0 0 0 0 0
 Options (isubopt): 0 0 0 0 0 0 0 0 0 0 0 0 0 0 0 0 0 0 0 0 0 0 0 0 0 0 0 0 0 0 0 0 0 0 0 0 0 0 0 0
  Number of forward modelling runs:       20000
  Points in water:          10
  Points in water:           9
 number of receiver depths read          48
  reading ranges in....
 number of ranges           1
 number of bartlett estimators           1
  ncurv=           1 nbart=           1

 The EOF are
       physparm layer  ... shape functions
   1   3  1  1    1.00  0.00  0.00
   2   3  1  2    1.00  0.00  0.00
   3   3  2  1    1.00  1.00  0.00
   4   3  2  2    1.00  1.00  0.00
   5   3  3  1    1.00  1.00  1.00
   6   3  3  2    1.00  1.00  1.00
   7  12  1  1    1.00  1.00  1.00
   8  12  1  2    1.00  1.00  1.00
  The starting values of the EOF amplitudes are:
   1520.00     20.00     30.00
 
 
  parameters to be optimized:
                   physparm     layer  min.val  max.val   del.val   nbit  ndig
  1 Source depth (m)         8   1   1     70.00     85.00      0.12    7  128
  uses snapRD as forward model
 Run, time:        0.180 secs.
