MAPEX 2000 HLA example to search for sediment and bottom parameters frame 195   
 e E f S1 *         !W F E e p           
  inversion reading real data in VA-format
 Using EOF.... 
 Incoherent addition over frequencies
 MCMC sampling of posteriori probability
  ...in each step ONE parameter is changed
 Optimizing for nu (for orca & snap)
                    1 2 3 4 5 6 7 8 9 0 1 2 3 4 5 6 7 8 9
                    0 1 2 3 4 5 6 7 8 9 0
 Options:           2 3 0 4 4 0 1 0 0 0 0 0 0 1 0 0 1 0 0 0 0 0 0 0 0 0 0 0 0 1 0 0 0 0 0 0 0 0 0 0
 Options (norm):    0 0 0 0 0 0 0 0 0 0 0 0 0 0 0 0 0 0 0 0 0 0 0 0 0 0 0 0 0 0 0 0 0 0 0 0 0 0 0 0
 Options (isubopt): 0 0 0 0 0 0 0 0 0 0 0 0 0 0 0 0 0 0 0 0 0 0 0 0 0 0 0 0 0 0 0 0 0 0 0 1 0 0 0 0
  Number of forward modelling runs:       40000
  out of plane array
  Points in water:          13
  number of receiver depths read         128
  reading ranges in....
 number of ranges           1
  ncurv=           1 nbart=           0

 The EOF are
       physparm layer  ... shape functions
   1   3  1    1.0  0.0  0.0
   2   3  2    1.0  1.0  0.0
   3  12  1    1.0  1.0  1.0
  The starting values of the EOF amplitudes are:
   1550.00     50.00     10.00
 
 
  parameters to be optimized:
                   physparm     layer  min.val  max.val   del.val   nbit  ndig
  1 Source depth (m)         8   1     58.60     60.60      0.03    6   64
  2 Receiver depth (m)      15   1     62.50     63.50      0.02    6   64
  3 Water depth (m)          1   1    114.30    116.30      0.03    6   64
  4 Array out of plane par  21   4    -92.00    -87.00      0.08    6   64
  5 Array out of plane par  21   2      0.60      2.60      0.03    6   64
  6 Sediment density (g/cm   6   1      1.00      2.00      0.02    6   64
  7 Shape coefficient       11   1   1500.00   1600.00      0.79    7  128
  8 Shape coefficient       11   2     10.00    150.00      1.10    7  128
  9 Attenuation (dB/\lambd   4   1      0.00      1.00      0.02    6   64
 10 Source range (m)         9   1    746.00    756.00      0.16    6   64
  uses snap as forward model
 
 Calling SNAP
 flagpu           1
  Frequency:   295.0000    
  R1,R2   1.500000       1.800000    
  SCATT(1),SCATT(2)  0.0000000E+00  0.0000000E+00
  H0,H1   115.542999267578        50.0000000000000     
  ND0,ND1          13           2
  BETA(1),BETA(2),BETA(3)  0.1300000      0.1000000      0.0000000E+00
  c2,c2s   1610.000      0.0000000E+00
 z0,c0
  1     0.000  1519.000
  2    10.000  1519.100
  3    20.000  1519.300
  4    30.000  1519.500
  5    40.000  1519.600
  6    50.000  1519.800
  7    60.000  1520.000
  8    70.000  1520.100
  9    80.000  1520.300
 10    90.000  1520.500
 11   100.000  1520.200
 12   110.000  1512.000
 13   115.543  1509.900

 z1,c1
  1     0.000  1550.000
  2    50.000  1600.000

  np           1
  first reciever depth   63.07100    
  ranges   751.2760    
 number of sources           1
  source depth,i   59.60600               1
  ndep,rd,rdlow:          128   63.07100       63.07163    
 arrayshape:    254.0000       1.276000       178.4650      -90.50400    
  0.8500000    
  multistatic:  F
  tilt:  F
  mbeam:    F
  msource:  F
  iscale:             0
  xplane:             0
 xplane           0
 length,x-axis length   254.0000       253.9829    
 length, top_of parabola   254.0000       1.276000    
 Angles, tilt, rotation, swiwel   178.4650      -90.50400      0.8500000    
 source_range below is the total source range
 rec_no,source_range,  z_coor, x_coord,  y_coord
 geo           1   751.2760       63.07100      0.0000000E+00  0.0000000E+00
 geo           2   749.2768       63.01355      -1.999233     -2.8593184E-02
 geo           3   747.2775       62.95674      -3.998472     -5.7203405E-02
 geo           4   745.2783       62.90055      -5.997715     -8.5830651E-02
 geo           5   743.2791       62.84500      -7.996965     -0.1144749    
 geo           6   741.2798       62.79008      -9.996220     -0.1431363    
 geo           7   739.2805       62.73580      -11.99548     -0.1718146    
 geo           8   737.2813       62.68215      -13.99474     -0.2005100    
 geo           9   735.2820       62.62913      -15.99401     -0.2292224    
 geo          10   733.2828       62.57674      -17.99329     -0.2579519    
 geo          11   731.2835       62.52499      -19.99257     -0.2866984    
 geo          12   729.2842       62.47387      -21.99186     -0.3154619    
 geo          13   727.2849       62.42338      -23.99115     -0.3442425    
 geo          14   725.2856       62.37352      -25.99045     -0.3730401    
 geo          15   723.2864       62.32430      -27.98975     -0.4018547    
 geo          16   721.2870       62.27571      -29.98906     -0.4306864    
 geo          17   719.2878       62.22775      -31.98837     -0.4595351    
 geo          18   717.2885       62.18042      -33.98769     -0.4884008    
 geo          19   715.2892       62.13373      -35.98701     -0.5172836    
 geo          20   713.2899       62.08767      -37.98634     -0.5461835    
 geo          21   711.2906       62.04224      -39.98567     -0.5751002    
 geo          22   709.2913       61.99745      -41.98501     -0.6040341    
 geo          23   707.2919       61.95329      -43.98436     -0.6329851    
 geo          24   705.2926       61.90976      -45.98371     -0.6619530    
 geo          25   703.2933       61.86686      -47.98306     -0.6909380    
 geo          26   701.2939       61.82459      -49.98243     -0.7199400    
 geo          27   699.2946       61.78296      -51.98179     -0.7489591    
 geo          28   697.2953       61.74196      -53.98117     -0.7779952    
 geo          29   695.2960       61.70160      -55.98054     -0.8070483    
 geo          30   693.2966       61.66186      -57.97992     -0.8361185    
 geo          31   691.2972       61.62276      -59.97931     -0.8652056    
 geo          32   689.2979       61.58429      -61.97870     -0.8943098    
 geo          33   687.2985       61.54646      -63.97810     -0.9234311    
 geo          34   685.2992       61.50925      -65.97750     -0.9525693    
 geo          35   683.2998       61.47268      -67.97691     -0.9817247    
 geo          36   681.3004       61.43674      -69.97633      -1.010897    
 geo          37   679.3010       61.40144      -71.97575      -1.040087    
 geo          38   677.3017       61.36676      -73.97517      -1.069293    
 geo          39   675.3023       61.33273      -75.97460      -1.098516    
 geo          40   673.3029       61.29932      -77.97404      -1.127757    
 geo          41   671.3036       61.26654      -79.97347      -1.157014    
 geo          42   669.3041       61.23440      -81.97292      -1.186289    
 geo          43   667.3047       61.20289      -83.97237      -1.215581    
 geo          44   665.3053       61.17201      -85.97184      -1.244889    
 geo          45   663.3059       61.14177      -87.97129      -1.274215    
 geo          46   661.3065       61.11216      -89.97076      -1.303558    
 geo          47   659.3071       61.08318      -91.97024      -1.332917    
 geo          48   657.3077       61.05483      -93.96971      -1.362294    
 geo          49   655.3083       61.02712      -95.96918      -1.391688    
 geo          50   653.3088       61.00004      -97.96867      -1.421099    
 geo          51   651.3094       60.97359      -99.96818      -1.450527    
 geo          52   649.3101       60.94777      -101.9677      -1.479972    
 geo          53   647.3106       60.92259      -103.9672      -1.509434    
 geo          54   645.3112       60.89804      -105.9667      -1.538913    
 geo          55   643.3118       60.87412      -107.9662      -1.568409    
 geo          56   641.3123       60.85084      -109.9657      -1.597922    
 geo          57   639.3128       60.82819      -111.9652      -1.627452    
 geo          58   637.3134       60.80616      -113.9648      -1.656999    
 geo          59   635.3140       60.78478      -115.9643      -1.686563    
 geo          60   633.3145       60.76402      -117.9639      -1.716144    
 geo          61   631.3151       60.74390      -119.9634      -1.745742    
 geo          62   629.3156       60.72441      -121.9630      -1.775358    
 geo          63   627.3160       60.70555      -123.9625      -1.804990    
 geo          64   625.3166       60.68733      -125.9621      -1.834639    
 geo          65   623.3171       60.66974      -127.9616      -1.864306    
 geo          66   621.3177       60.65278      -129.9612      -1.893989    
 geo          67   619.3182       60.63646      -131.9608      -1.923689    
 geo          68   617.3187       60.62076      -133.9604      -1.953407    
 geo          69   615.3193       60.60570      -135.9600      -1.983141    
 geo          70   613.3198       60.59127      -137.9595      -2.012893    
 geo          71   611.3203       60.57748      -139.9592      -2.042661    
 geo          72   609.3208       60.56432      -141.9588      -2.072447    
 geo          73   607.3212       60.55178      -143.9584      -2.102250    
 geo          74   605.3217       60.53989      -145.9580      -2.132069    
 geo          75   603.3222       60.52862      -147.9576      -2.161906    
 geo          76   601.3228       60.51799      -149.9573      -2.191760    
 geo          77   599.3232       60.50799      -151.9569      -2.221631    
 geo          78   597.3237       60.49862      -153.9565      -2.251519    
 geo          79   595.3242       60.48989      -155.9562      -2.281424    
 geo          80   593.3247       60.48179      -157.9558      -2.311346    
 geo          81   591.3252       60.47432      -159.9554      -2.341284    
 geo          82   589.3257       60.46748      -161.9551      -2.371240    
 geo          83   587.3262       60.46128      -163.9548      -2.401213    
 geo          84   585.3266       60.45571      -165.9544      -2.431203    
 geo          85   583.3271       60.45077      -167.9541      -2.461210    
 geo          86   581.3276       60.44646      -169.9538      -2.491234    
 geo          87   579.3280       60.44279      -171.9535      -2.521276    
 geo          88   577.3284       60.43975      -173.9532      -2.551334    
 geo          89   575.3289       60.43734      -175.9529      -2.581409    
 geo          90   573.3293       60.43557      -177.9526      -2.611501    
 geo          91   571.3298       60.43442      -179.9523      -2.641610    
 geo          92   569.3302       60.43391      -181.9520      -2.671737    
 geo          93   567.3307       60.43404      -183.9517      -2.701880    
 geo          94   565.3312       60.43479      -185.9514      -2.732040    
 geo          95   563.3316       60.43618      -187.9512      -2.762218    
 geo          96   561.3321       60.43820      -189.9509      -2.792412    
 geo          97   559.3325       60.44085      -191.9506      -2.822624    
 geo          98   557.3329       60.44414      -193.9503      -2.852852    
 geo          99   555.3334       60.44806      -195.9501      -2.883098    
 geo         100   553.3339       60.45261      -197.9499      -2.913360    
 geo         101   551.3343       60.45779      -199.9496      -2.943640    
 geo         102   549.3347       60.46361      -201.9494      -2.973936    
 geo         103   547.3351       60.47006      -203.9492      -3.004250    
 geo         104   545.3355       60.47714      -205.9489      -3.034581    
 geo         105   543.3359       60.48486      -207.9487      -3.064929    
 geo         106   541.3364       60.49320      -209.9485      -3.095293    
 geo         107   539.3368       60.50218      -211.9483      -3.125675    
 geo         108   537.3372       60.51180      -213.9481      -3.156074    
 geo         109   535.3376       60.52204      -215.9479      -3.186490    
 geo         110   533.3380       60.53292      -217.9477      -3.216923    
 geo         111   531.3384       60.54443      -219.9475      -3.247373    
 geo         112   529.3388       60.55657      -221.9473      -3.277840    
 geo         113   527.3392       60.56935      -223.9471      -3.308324    
 geo         114   525.3397       60.58276      -225.9470      -3.338825    
 geo         115   523.3400       60.59679      -227.9468      -3.369343    
 geo         116   521.3405       60.61147      -229.9466      -3.399878    
 geo         117   519.3409       60.62677      -231.9465      -3.430430    
 geo         118   517.3413       60.64272      -233.9463      -3.460999    
 geo         119   515.3417       60.65929      -235.9462      -3.491586    
 geo         120   513.3420       60.67649      -237.9461      -3.522189    
 geo         121   511.3424       60.69433      -239.9459      -3.552809    
 geo         122   509.3428       60.71280      -241.9458      -3.583447    
 geo         123   507.3432       60.73190      -243.9457      -3.614101    
 geo         124   505.3436       60.75163      -245.9455      -3.644772    
 geo         125   503.3440       60.77200      -247.9454      -3.675461    
 geo         126   501.3444       60.79300      -249.9453      -3.706166    
 geo         127   499.3448       60.81463      -251.9452      -3.736889    
 geo         128   497.3452       60.83690      -253.9451      -3.767628    
 freq,number of modes           1          19
 from field            1   751.2760       63.07100    
 from field            2   749.2768       63.01355    
 from field            3   747.2775       62.95674    
 from field            4   745.2783       62.90055    
 from field            5   743.2791       62.84500    
 from field            6   741.2798       62.79008    
 from field            7   739.2805       62.73580    
 from field            8   737.2813       62.68215    
 from field            9   735.2820       62.62913    
 from field           10   733.2828       62.57674    
 from field           11   731.2835       62.52499    
 from field           12   729.2842       62.47387    
 from field           13   727.2849       62.42338    
 from field           14   725.2856       62.37352    
 from field           15   723.2864       62.32430    
 from field           16   721.2870       62.27571    
 from field           17   719.2878       62.22775    
 from field           18   717.2885       62.18042    
 from field           19   715.2892       62.13373    
 from field           20   713.2899       62.08767    
 from field           21   711.2906       62.04224    
 from field           22   709.2913       61.99745    
 from field           23   707.2919       61.95329    
 from field           24   705.2926       61.90976    
 from field           25   703.2933       61.86686    
 from field           26   701.2939       61.82459    
 from field           27   699.2946       61.78296    
 from field           28   697.2953       61.74196    
 from field           29   695.2960       61.70160    
 from field           30   693.2966       61.66186    
 from field           31   691.2972       61.62276    
 from field           32   689.2979       61.58429    
 from field           33   687.2985       61.54646    
 from field           34   685.2992       61.50925    
 from field           35   683.2998       61.47268    
 from field           36   681.3004       61.43674    
 from field           37   679.3010       61.40144    
 from field           38   677.3017       61.36676    
 from field           39   675.3023       61.33273    
 from field           40   673.3029       61.29932    
 from field           41   671.3036       61.26654    
 from field           42   669.3041       61.23440    
 from field           43   667.3047       61.20289    
 from field           44   665.3053       61.17201    
 from field           45   663.3059       61.14177    
 from field           46   661.3065       61.11216    
 from field           47   659.3071       61.08318    
 from field           48   657.3077       61.05483    
 from field           49   655.3083       61.02712    
 from field           50   653.3088       61.00004    
 from field           51   651.3094       60.97359    
 from field           52   649.3101       60.94777    
 from field           53   647.3106       60.92259    
 from field           54   645.3112       60.89804    
 from field           55   643.3118       60.87412    
 from field           56   641.3123       60.85084    
 from field           57   639.3128       60.82819    
 from field           58   637.3134       60.80616    
 from field           59   635.3140       60.78478    
 from field           60   633.3145       60.76402    
 from field           61   631.3151       60.74390    
 from field           62   629.3156       60.72441    
 from field           63   627.3160       60.70555    
 from field           64   625.3166       60.68733    
 from field           65   623.3171       60.66974    
 from field           66   621.3177       60.65278    
 from field           67   619.3182       60.63646    
 from field           68   617.3187       60.62076    
 from field           69   615.3193       60.60570    
 from field           70   613.3198       60.59127    
 from field           71   611.3203       60.57748    
 from field           72   609.3208       60.56432    
 from field           73   607.3212       60.55178    
 from field           74   605.3217       60.53989    
 from field           75   603.3222       60.52862    
 from field           76   601.3228       60.51799    
 from field           77   599.3232       60.50799    
 from field           78   597.3237       60.49862    
 from field           79   595.3242       60.48989    
 from field           80   593.3247       60.48179    
 from field           81   591.3252       60.47432    
 from field           82   589.3257       60.46748    
 from field           83   587.3262       60.46128    
 from field           84   585.3266       60.45571    
 from field           85   583.3271       60.45077    
 from field           86   581.3276       60.44646    
 from field           87   579.3280       60.44279    
 from field           88   577.3284       60.43975    
 from field           89   575.3289       60.43734    
 from field           90   573.3293       60.43557    
 from field           91   571.3298       60.43442    
 from field           92   569.3302       60.43391    
 from field           93   567.3307       60.43404    
 from field           94   565.3312       60.43479    
 from field           95   563.3316       60.43618    
 from field           96   561.3321       60.43820    
 from field           97   559.3325       60.44085    
 from field           98   557.3329       60.44414    
 from field           99   555.3334       60.44806    
 from field          100   553.3339       60.45261    
 from field          101   551.3343       60.45779    
 from field          102   549.3347       60.46361    
 from field          103   547.3351       60.47006    
 from field          104   545.3355       60.47714    
 from field          105   543.3359       60.48486    
 from field          106   541.3364       60.49320    
 from field          107   539.3368       60.50218    
 from field          108   537.3372       60.51180    
 from field          109   535.3376       60.52204    
 from field          110   533.3380       60.53292    
 from field          111   531.3384       60.54443    
 from field          112   529.3388       60.55657    
 from field          113   527.3392       60.56935    
 from field          114   525.3397       60.58276    
 from field          115   523.3400       60.59679    
 from field          116   521.3405       60.61147    
 from field          117   519.3409       60.62677    
 from field          118   517.3413       60.64272    
 from field          119   515.3417       60.65929    
 from field          120   513.3420       60.67649    
 from field          121   511.3424       60.69433    
 from field          122   509.3428       60.71280    
 from field          123   507.3432       60.73190    
 from field          124   505.3436       60.75163    
 from field          125   503.3440       60.77200    
 from field          126   501.3444       60.79300    
 from field          127   499.3448       60.81463    
 from field          128   497.3452       60.83690    
 xplane           0
 length,x-axis length   254.0000      -25921.95    
 length, top_of parabola   254.0000       1579.006    
 Angles, tilt, rotation, swiwel   178.4650       1.905335      0.8500000    
 source_range below is the total source range
 rec_no,source_range,  z_coor, x_coord,  y_coord
 geo           1   1.842143       62.81941      0.0000000E+00  0.0000000E+00
 geo           2   54.25578      -139.5380      -56.09572      0.4896236    
 geo           3   109.5708      -341.9211      -111.4086      0.9698763    
 geo           4   164.1030      -544.3302      -165.9389       1.440760    
 geo           5   217.8525      -746.7653      -219.6864       1.902272    
 geo           6   270.8193      -949.2265      -272.6512       2.354416    
 geo           7   323.0033      -1151.714      -324.8333       2.797190    
 geo           8   374.4046      -1354.227      -376.2328       3.230594    
 geo           9   425.0230      -1556.766      -426.8495       3.654628    
 geo          10   474.8587      -1759.331      -476.6834       4.069293    
 geo          11   523.9117      -1961.923      -525.7348       4.474587    
 geo          12   572.1820      -2164.540      -574.0034       4.870513    
 geo          13   619.6695      -2367.184      -621.4894       5.257067    
 geo          14   666.3743      -2569.853      -668.1926       5.634254    
 geo          15   712.2962      -2772.548      -714.1130       6.002069    
 geo          16   757.4354      -2975.270      -759.2509       6.360515    
 geo          17   801.7920      -3178.018      -803.6061       6.709591    
 geo          18   845.3657      -3380.791      -847.1785       7.049298    
 geo          19   888.1566      -3583.590      -889.9681       7.379634    
 geo          20   930.1649      -3786.416      -931.9752       7.700600    
 geo          21   971.3903      -3989.268      -973.1995       8.012195    
 geo          22   1011.833      -4192.145      -1013.641       8.314425    
 geo          23   1051.493      -4395.049      -1053.300       8.607281    
 geo          24   1090.370      -4597.979      -1092.176       8.890770    
 geo          25   1128.465      -4800.935      -1130.270       9.164888    
 geo          26   1165.777      -5003.917      -1167.581       9.429636    
 geo          27   1202.306      -5206.924      -1204.109       9.685013    
 geo          28   1238.052      -5409.958      -1239.854       9.931021    
 geo          29   1273.016      -5613.018      -1274.817       10.16766    
 geo          30   1307.196      -5816.104      -1308.997       10.39493    
 geo          31   1340.594      -6019.216      -1342.394       10.61283    
 geo          32   1373.209      -6222.354      -1375.009       10.82136    
 geo          33   1405.042      -6425.517      -1406.841       11.02052    
 geo          34   1436.092      -6628.707      -1437.890       11.21031    
 geo          35   1466.359      -6831.923      -1468.157       11.39073    
 geo          36   1495.843      -7035.165      -1497.640       11.56178    
 geo          37   1524.544      -7238.433      -1526.341       11.72346    
 geo          38   1552.463      -7441.728      -1554.260       11.87577    
 geo          39   1579.599      -7645.048      -1581.396       12.01871    
 geo          40   1605.953      -7848.394      -1607.749       12.15228    
 geo          41   1631.523      -8051.766      -1633.319       12.27648    
 geo          42   1656.311      -8255.164      -1658.107       12.39131    
 geo          43   1680.316      -8458.589      -1682.112       12.49678    
 geo          44   1703.538      -8662.039      -1705.334       12.59287    
 geo          45   1725.978      -8865.516      -1727.773       12.67959    
 geo          46   1747.635      -9069.017      -1749.430       12.75694    
 geo          47   1768.509      -9272.546      -1770.304       12.82493    
 geo          48   1788.600      -9476.100      -1790.396       12.88354    
 geo          49   1807.909      -9679.681      -1809.704       12.93279    
 geo          50   1826.434      -9883.288      -1828.231       12.97266    
 geo          51   1844.177      -10086.92      -1845.974       13.00316    
 geo          52   1861.138      -10290.58      -1862.935       13.02430    
 geo          53   1877.316      -10494.26      -1879.112       13.03606    
 geo          54   1892.710      -10697.97      -1894.508       13.03846    
 geo          55   1907.323      -10901.71      -1909.120       13.03148    
 geo          56   1921.152      -11105.47      -1922.950       13.01514    
 geo          57   1934.199      -11309.26      -1935.997       12.98942    
 geo          58   1946.463      -11513.08      -1948.262       12.95434    
 geo          59   1957.944      -11716.92      -1959.744       12.90988    
 geo          60   1968.642      -11920.78      -1970.442       12.85606    
 geo          61   1978.558      -12124.68      -1980.359       12.79286    
 geo          62   1987.691      -12328.60      -1989.492       12.72030    
 geo          63   1996.041      -12532.54      -1997.843       12.63837    
 geo          64   2003.609      -12736.51      -2005.412       12.54706    
 geo          65   2010.394      -12940.51      -2012.197       12.44639    
 geo          66   2016.396      -13144.53      -2018.200       12.33635    
 geo          67   2021.615      -13348.58      -2023.420       12.21693    
 geo          68   2026.051      -13552.66      -2027.858       12.08815    
 geo          69   2029.705      -13756.76      -2031.512       11.95000    
 geo          70   2032.576      -13960.88      -2034.384       11.80248    
 geo          71   2034.665      -14165.04      -2036.474       11.64559    
 geo          72   2035.971      -14369.22      -2037.781       11.47932    
 geo          73   2036.494      -14573.42      -2038.304       11.30369    
 geo          74   2036.234      -14777.65      -2038.046       11.11869    
 geo          75   2035.191      -14981.91      -2037.004       10.92432    
 geo          76   2033.366      -15186.19      -2035.180       10.72058    
 geo          77   2030.758      -15390.50      -2032.573       10.50747    
 geo          78   2027.368      -15594.84      -2029.184       10.28499    
 geo          79   2023.194      -15799.20      -2025.011       10.05314    
 geo          80   2018.238      -16003.59      -2020.056       9.811925    
 geo          81   2012.499      -16208.00      -2014.319       9.561336    
 geo          82   2005.978      -16412.44      -2007.798       9.301372    
 geo          83   1998.673      -16616.90      -2000.495       9.032043    
 geo          84   1990.587      -16821.39      -1992.410       8.753346    
 geo          85   1981.717      -17025.91      -1983.541       8.465274    
 geo          86   1972.065      -17230.46      -1973.890       8.167842    
 geo          87   1961.630      -17435.03      -1963.456       7.861032    
 geo          88   1950.412      -17639.62      -1952.240       7.544853    
 geo          89   1938.411      -17844.24      -1940.240       7.219303    
 geo          90   1925.628      -18048.89      -1927.458       6.884387    
 geo          91   1912.063      -18253.56      -1913.894       6.540106    
 geo          92   1897.714      -18458.27      -1899.547       6.186448    
 geo          93   1882.583      -18662.99      -1884.416       5.823421    
 geo          94   1866.669      -18867.74      -1868.504       5.451019    
 geo          95   1849.973      -19072.52      -1851.808       5.069258    
 geo          96   1832.494      -19277.32      -1834.330       4.678120    
 geo          97   1814.232      -19482.15      -1816.069       4.277616    
 geo          98   1795.188      -19687.01      -1797.026       3.867738    
 geo          99   1775.361      -19891.89      -1777.200       3.448498    
 geo         100   1754.751      -20096.80      -1756.590       3.019881    
 geo         101   1733.359      -20301.73      -1735.199       2.581897    
 geo         102   1711.184      -20506.69      -1713.025       2.134541    
 geo         103   1688.226      -20711.68      -1690.068       1.677813    
 geo         104   1664.486      -20916.69      -1666.328       1.211725    
 geo         105   1639.964      -21121.73      -1641.806      0.7362619    
 geo         106   1614.658      -21326.79      -1616.500      0.2514260    
 geo         107   1588.570      -21531.88      -1590.412     -0.2427767    
 geo         108   1561.700      -21737.00      -1563.542     -0.7463500    
 geo         109   1534.047      -21942.14      -1535.889      -1.259294    
 geo         110   1505.612      -22147.31      -1507.453      -1.781604    
 geo         111   1476.394      -22352.50      -1478.234      -2.313286    
 geo         112   1446.393      -22557.73      -1448.233      -2.854346    
 geo         113   1415.610      -22762.97      -1417.448      -3.404766    
 geo         114   1384.046      -22968.24      -1385.882      -3.964550    
 geo         115   1351.698      -23173.54      -1353.533      -4.533712    
 geo         116   1318.568      -23378.87      -1320.400      -5.112246    
 geo         117   1284.656      -23584.22      -1286.486      -5.700149    
 geo         118   1249.962      -23789.59      -1251.788      -6.297418    
 geo         119   1214.485      -23995.00      -1216.308      -6.904057    
 geo         120   1178.227      -24200.42      -1180.045      -7.520064    
 geo         121   1141.186      -24405.88      -1143.000      -8.145448    
 geo         122   1103.364      -24611.36      -1105.171      -8.780199    
 geo         123   1064.759      -24816.87      -1066.560      -9.424325    
 geo         124   1025.374      -25022.40      -1027.166      -10.07781    
 geo         125   985.2061      -25227.96      -986.9897      -10.74067    
 geo         126   944.2572      -25433.54      -946.0304      -11.41290    
 geo         127   902.5280      -25639.15      -904.2891      -12.09449    
 geo         128   860.0173      -25844.79      -861.7645      -12.78546    

 *** MAX ITERATIONS EXCEEDED FOR MODE    2 ***
 *** SEARCH WILL BE REPEATED WITH BRENT *** 


 *** MAX ITERATIONS EXCEEDED FOR MODE    2 ***
 *** SEARCH WILL BE REPEATED WITH BRENT *** 


 *** MAX ITERATIONS EXCEEDED FOR MODE    1 ***
 *** SEARCH WILL BE REPEATED WITH BRENT *** 


 *** MAX ITERATIONS EXCEEDED FOR MODE    1 ***
 *** SEARCH WILL BE REPEATED WITH BRENT *** 


 *** MAX ITERATIONS EXCEEDED FOR MODE    1 ***
 *** SEARCH WILL BE REPEATED WITH BRENT *** 


 *** MAX ITERATIONS EXCEEDED FOR MODE    1 ***
 *** SEARCH WILL BE REPEATED WITH BRENT *** 


 *** MAX ITERATIONS EXCEEDED FOR MODE    1 ***
 *** SEARCH WILL BE REPEATED WITH BRENT *** 


 *** MAX ITERATIONS EXCEEDED FOR MODE    1 ***
 *** SEARCH WILL BE REPEATED WITH BRENT *** 



 ***  MAX NUMBER OF ITERATIONS (10) REACHED IN SUB ACCRCY  ***
 freq,number of modes           1          80
  the pressure of the last point is
  less than -400dB; 
  This is probably due to a too low sound 
  speed in the
  sediment or bottom.
  a dump follows: 
  Frequency:   295.0000    
  R1,R2   72.07579       1.800000    
  SCATT(1),SCATT(2)  0.0000000E+00  0.0000000E+00
  H0,H1   115.390136718750        50.0000000000000     
  ND0,ND1          13           2
  BETA(1),BETA(2),BETA(3)   90.56291      0.1000000      0.0000000E+00
  c2,c2s   762.0446      0.0000000E+00
 z0,c0
  1     0.000  1519.000
  2    10.000  1519.100
  3    20.000  1519.300
  4    30.000  1519.500
  5    40.000  1519.600
  6    50.000  1519.800
  7    60.000  1520.000
  8    70.000  1520.100
  9    80.000  1520.300
 10    90.000  1520.500
 11   100.000  1520.200
 12   110.000  1512.000
 13   115.390  1509.900

 z1,c1
  1     0.000     0.073
  2    50.000   752.045

  np           1
  first reciever depth   62.81941    
  ranges   1.842143    
 number of sources           1
  source depth,i   59.28302               1
  ndep,rd,rdlow:          128   63.07100       63.07163    
 arrayshape:    254.0000       1579.006       178.4650       1.905335    
  0.8500000    
  multistatic:  F
  tilt:  F
  mbeam:    F
  msource:  F
  iscale:             0
  xplane:             0
 number of modes          80
   1.842143     (0.0000000E+00,0.0000000E+00)
  the pressure of the last point is
  less than -400dB; 
  This is probably due to a too low sound 
  speed in the
  sediment or bottom.
  a dump follows: 
  Frequency:   295.0000    
  R1,R2   72.07579       1.800000    
  SCATT(1),SCATT(2)  0.0000000E+00  0.0000000E+00
  H0,H1   115.390136718750        50.0000000000000     
  ND0,ND1          13           2
  BETA(1),BETA(2),BETA(3)   90.56291      0.1000000      0.0000000E+00
  c2,c2s   762.0446      0.0000000E+00
 z0,c0
  1     0.000  1519.000
  2    10.000  1519.100
  3    20.000  1519.300
  4    30.000  1519.500
  5    40.000  1519.600
  6    50.000  1519.800
  7    60.000  1520.000
  8    70.000  1520.100
  9    80.000  1520.300
 10    90.000  1520.500
 11   100.000  1520.200
 12   110.000  1512.000
 13   115.390  1509.900

 z1,c1
  1     0.000     0.073
  2    50.000   752.045

  np           1
  first reciever depth   62.81941    
  ranges   1.842143    
 number of sources           1
  source depth,i   59.28302               1
  ndep,rd,rdlow:          128   63.07100       63.07163    
 arrayshape:    254.0000       1579.006       178.4650       1.905335    
  0.8500000    
  multistatic:  F
  tilt:  F
  mbeam:    F
  msource:  F
  iscale:             0
  xplane:             0
 number of modes          80
   1.842143     (0.0000000E+00,0.0000000E+00)
  the pressure of the last point is
  less than -400dB; 
  This is probably due to a too low sound 
  speed in the
  sediment or bottom.
  a dump follows: 
  Frequency:   295.0000    
  R1,R2   72.07579       1.800000    
  SCATT(1),SCATT(2)  0.0000000E+00  0.0000000E+00
  H0,H1   115.390136718750        50.0000000000000     
  ND0,ND1          13           2
  BETA(1),BETA(2),BETA(3)   90.56291      0.1000000      0.0000000E+00
  c2,c2s   762.0446      0.0000000E+00
 z0,c0
  1     0.000  1519.000
  2    10.000  1519.100
  3    20.000  1519.300
  4    30.000  1519.500
  5    40.000  1519.600
  6    50.000  1519.800
  7    60.000  1520.000
  8    70.000  1520.100
  9    80.000  1520.300
 10    90.000  1520.500
 11   100.000  1520.200
 12   110.000  1512.000
 13   115.390  1509.900

 z1,c1
  1     0.000     0.073
  2    50.000   752.045

  np           1
  first reciever depth   62.81941    
  ranges   1.842143    
 number of sources           1
  source depth,i   59.28302               1
  ndep,rd,rdlow:          128   63.07100       63.07163    
 arrayshape:    254.0000       1579.006       178.4650       1.905335    
  0.8500000    
  multistatic:  F
  tilt:  F
  mbeam:    F
  msource:  F
  iscale:             0
  xplane:             0
 number of modes          80
   1.842143     (0.0000000E+00,0.0000000E+00)
  the pressure of the last point is
  less than -400dB; 
  This is probably due to a too low sound 
  speed in the
  sediment or bottom.
  a dump follows: 
  Frequency:   295.0000    
  R1,R2   72.07579       1.800000    
  SCATT(1),SCATT(2)  0.0000000E+00  0.0000000E+00
  H0,H1   115.390136718750        50.0000000000000     
  ND0,ND1          13           2
  BETA(1),BETA(2),BETA(3)   90.56291      0.1000000      0.0000000E+00
  c2,c2s   762.0446      0.0000000E+00
 z0,c0
  1     0.000  1519.000
  2    10.000  1519.100
  3    20.000  1519.300
  4    30.000  1519.500
  5    40.000  1519.600
  6    50.000  1519.800
  7    60.000  1520.000
  8    70.000  1520.100
  9    80.000  1520.300
 10    90.000  1520.500
 11   100.000  1520.200
 12   110.000  1512.000
 13   115.390  1509.900

 z1,c1
  1     0.000     0.073
  2    50.000   752.045

  np           1
  first reciever depth   62.81941    
  ranges   1.842143    
 number of sources           1
  source depth,i   59.28302               1
  ndep,rd,rdlow:          128   63.07100       63.07163    
 arrayshape:    254.0000       1579.006       178.4650       1.905335    
  0.8500000    
  multistatic:  F
  tilt:  F
  mbeam:    F
  msource:  F
  iscale:             0
  xplane:             0
 number of modes          80
   1.842143     (0.0000000E+00,0.0000000E+00)
  the pressure of the last point is
  less than -400dB; 
  This is probably due to a too low sound 
  speed in the
  sediment or bottom.
  a dump follows: 
  Frequency:   295.0000    
  R1,R2   72.07579       1.800000    
  SCATT(1),SCATT(2)  0.0000000E+00  0.0000000E+00
  H0,H1   115.390136718750        50.0000000000000     
  ND0,ND1          13           2
  BETA(1),BETA(2),BETA(3)   90.56291      0.1000000      0.0000000E+00
  c2,c2s   762.0446      0.0000000E+00
 z0,c0
  1     0.000  1519.000
  2    10.000  1519.100
  3    20.000  1519.300
  4    30.000  1519.500
  5    40.000  1519.600
  6    50.000  1519.800
  7    60.000  1520.000
  8    70.000  1520.100
  9    80.000  1520.300
 10    90.000  1520.500
 11   100.000  1520.200
 12   110.000  1512.000
 13   115.390  1509.900

 z1,c1
  1     0.000     0.073
  2    50.000   752.045

  np           1
  first reciever depth   62.81941    
  ranges   1.842143    
 number of sources           1
  source depth,i   59.28302               1
  ndep,rd,rdlow:          128   63.07100       63.07163    
 arrayshape:    254.0000       1579.006       178.4650       1.905335    
  0.8500000    
  multistatic:  F
  tilt:  F
  mbeam:    F
  msource:  F
  iscale:             0
  xplane:             0
 number of modes          80
   1.842143     (0.0000000E+00,0.0000000E+00)
  the pressure of the last point is
  less than -400dB; 
  This is probably due to a too low sound 
  speed in the
  sediment or bottom.
  a dump follows: 
  Frequency:   295.0000    
  R1,R2   72.07579       1.800000    
  SCATT(1),SCATT(2)  0.0000000E+00  0.0000000E+00
  H0,H1   115.390136718750        50.0000000000000     
  ND0,ND1          13           2
  BETA(1),BETA(2),BETA(3)   90.56291      0.1000000      0.0000000E+00
  c2,c2s   762.0446      0.0000000E+00
 z0,c0
  1     0.000  1519.000
  2    10.000  1519.100
  3    20.000  1519.300
  4    30.000  1519.500
  5    40.000  1519.600
  6    50.000  1519.800
  7    60.000  1520.000
  8    70.000  1520.100
  9    80.000  1520.300
 10    90.000  1520.500
 11   100.000  1520.200
 12   110.000  1512.000
 13   115.390  1509.900

 z1,c1
  1     0.000     0.073
  2    50.000   752.045

  np           1
  first reciever depth   62.81941    
  ranges   1.842143    
 number of sources           1
  source depth,i   59.28302               1
  ndep,rd,rdlow:          128   63.07100       63.07163    
 arrayshape:    254.0000       1579.006       178.4650       1.905335    
  0.8500000    
  multistatic:  F
  tilt:  F
  mbeam:    F
  msource:  F
  iscale:             0
  xplane:             0
 number of modes          80
   1.842143     (0.0000000E+00,0.0000000E+00)
  the pressure of the last point is
  less than -400dB; 
  This is probably due to a too low sound 
  speed in the
  sediment or bottom.
  a dump follows: 
  Frequency:   295.0000    
  R1,R2   72.07579       1.800000    
  SCATT(1),SCATT(2)  0.0000000E+00  0.0000000E+00
  H0,H1   115.390136718750        50.0000000000000     
  ND0,ND1          13           2
  BETA(1),BETA(2),BETA(3)   90.56291      0.1000000      0.0000000E+00
  c2,c2s   762.0446      0.0000000E+00
 z0,c0
  1     0.000  1519.000
  2    10.000  1519.100
  3    20.000  1519.300
  4    30.000  1519.500
  5    40.000  1519.600
  6    50.000  1519.800
  7    60.000  1520.000
  8    70.000  1520.100
  9    80.000  1520.300
 10    90.000  1520.500
 11   100.000  1520.200
 12   110.000  1512.000
 13   115.390  1509.900

 z1,c1
  1     0.000     0.073
  2    50.000   752.045

  np           1
  first reciever depth   62.81941    
  ranges   1.842143    
 number of sources           1
  source depth,i   59.28302               1
  ndep,rd,rdlow:          128   63.07100       63.07163    
 arrayshape:    254.0000       1579.006       178.4650       1.905335    
  0.8500000    
  multistatic:  F
  tilt:  F
  mbeam:    F
  msource:  F
  iscale:             0
  xplane:             0
 number of modes          80
   1.842143     (0.0000000E+00,0.0000000E+00)
  the pressure of the last point is
  less than -400dB; 
  This is probably due to a too low sound 
  speed in the
  sediment or bottom.
  a dump follows: 
  Frequency:   295.0000    
  R1,R2   72.07579       1.800000    
  SCATT(1),SCATT(2)  0.0000000E+00  0.0000000E+00
  H0,H1   115.390136718750        50.0000000000000     
  ND0,ND1          13           2
  BETA(1),BETA(2),BETA(3)   90.56291      0.1000000      0.0000000E+00
  c2,c2s   762.0446      0.0000000E+00
 z0,c0
  1     0.000  1519.000
  2    10.000  1519.100
  3    20.000  1519.300
  4    30.000  1519.500
  5    40.000  1519.600
  6    50.000  1519.800
  7    60.000  1520.000
  8    70.000  1520.100
  9    80.000  1520.300
 10    90.000  1520.500
 11   100.000  1520.200
 12   110.000  1512.000
 13   115.390  1509.900

 z1,c1
  1     0.000     0.073
  2    50.000   752.045

  np           1
  first reciever depth   62.81941    
  ranges   1.842143    
 number of sources           1
  source depth,i   59.28302               1
  ndep,rd,rdlow:          128   63.07100       63.07163    
 arrayshape:    254.0000       1579.006       178.4650       1.905335    
  0.8500000    
  multistatic:  F
  tilt:  F
  mbeam:    F
  msource:  F
  iscale:             0
  xplane:             0
 number of modes          80
   1.842143     (0.0000000E+00,0.0000000E+00)
  the pressure of the last point is
  less than -400dB; 
  This is probably due to a too low sound 
  speed in the
  sediment or bottom.
  a dump follows: 
  Frequency:   295.0000    
  R1,R2   72.07579       1.800000    
  SCATT(1),SCATT(2)  0.0000000E+00  0.0000000E+00
  H0,H1   115.390136718750        50.0000000000000     
  ND0,ND1          13           2
  BETA(1),BETA(2),BETA(3)   90.56291      0.1000000      0.0000000E+00
  c2,c2s   762.0446      0.0000000E+00
 z0,c0
  1     0.000  1519.000
  2    10.000  1519.100
  3    20.000  1519.300
  4    30.000  1519.500
  5    40.000  1519.600
  6    50.000  1519.800
  7    60.000  1520.000
  8    70.000  1520.100
  9    80.000  1520.300
 10    90.000  1520.500
 11   100.000  1520.200
 12   110.000  1512.000
 13   115.390  1509.900

 z1,c1
  1     0.000     0.073
  2    50.000   752.045

  np           1
  first reciever depth   62.81941    
  ranges   1.842143    
 number of sources           1
  source depth,i   59.28302               1
  ndep,rd,rdlow:          128   63.07100       63.07163    
 arrayshape:    254.0000       1579.006       178.4650       1.905335    
  0.8500000    
  multistatic:  F
  tilt:  F
  mbeam:    F
  msource:  F
  iscale:             0
  xplane:             0
 number of modes          80
   1.842143     (0.0000000E+00,0.0000000E+00)
  the pressure of the last point is
  less than -400dB; 
  This is probably due to a too low sound 
  speed in the
  sediment or bottom.
  a dump follows: 
  Frequency:   295.0000    
  R1,R2   72.07579       1.800000    
  SCATT(1),SCATT(2)  0.0000000E+00  0.0000000E+00
  H0,H1   115.390136718750        50.0000000000000     
  ND0,ND1          13           2
  BETA(1),BETA(2),BETA(3)   90.56291      0.1000000      0.0000000E+00
  c2,c2s   762.0446      0.0000000E+00
 z0,c0
  1     0.000  1519.000
  2    10.000  1519.100
  3    20.000  1519.300
  4    30.000  1519.500
  5    40.000  1519.600
  6    50.000  1519.800
  7    60.000  1520.000
  8    70.000  1520.100
  9    80.000  1520.300
 10    90.000  1520.500
 11   100.000  1520.200
 12   110.000  1512.000
 13   115.390  1509.900

 z1,c1
  1     0.000     0.073
  2    50.000   752.045

  np           1
  first reciever depth   62.81941    
  ranges   1.842143    
 number of sources           1
  source depth,i   59.28302               1
  ndep,rd,rdlow:          128   63.07100       63.07163    
 arrayshape:    254.0000       1579.006       178.4650       1.905335    
  0.8500000    
  multistatic:  F
  tilt:  F
  mbeam:    F
  msource:  F
  iscale:             0
  xplane:             0
 number of modes          80
   1.842143     (0.0000000E+00,0.0000000E+00)
  the pressure of the last point is
  less than -400dB; 
  This is probably due to a too low sound 
  speed in the
  sediment or bottom.
  a dump follows: 
  Frequency:   295.0000    
  R1,R2   72.07579       1.800000    
  SCATT(1),SCATT(2)  0.0000000E+00  0.0000000E+00
  H0,H1   115.390136718750        50.0000000000000     
  ND0,ND1          13           2
  BETA(1),BETA(2),BETA(3)   90.56291      0.1000000      0.0000000E+00
  c2,c2s   762.0446      0.0000000E+00
 z0,c0
  1     0.000  1519.000
  2    10.000  1519.100
  3    20.000  1519.300
  4    30.000  1519.500
  5    40.000  1519.600
  6    50.000  1519.800
  7    60.000  1520.000
  8    70.000  1520.100
  9    80.000  1520.300
 10    90.000  1520.500
 11   100.000  1520.200
 12   110.000  1512.000
 13   115.390  1509.900

 z1,c1
  1     0.000     0.073
  2    50.000   752.045

  np           1
  first reciever depth   62.81941    
  ranges   1.842143    
 number of sources           1
  source depth,i   59.28302               1
  ndep,rd,rdlow:          128   63.07100       63.07163    
 arrayshape:    254.0000       1579.006       178.4650       1.905335    
  0.8500000    
  multistatic:  F
  tilt:  F
  mbeam:    F
  msource:  F
  iscale:             0
  xplane:             0
 number of modes          80
   1.842143     (0.0000000E+00,0.0000000E+00)
