MAPEX 2000 HLA example to search for sediment and bottom parameters frame 195   
 c E               !W F E e p            
 reading in covariance matrix 
 Using EOF.... 
                    1 2 3 4 5 6 7 8 9 0 1 2 3 4 5 6 7 8 9
                    0 1 2 3 4 5 6 7 8 9 0
 Options:           2 1 0 0 0 0 1 0 0 0 0 0 1 1 0 0 1 0 0 0 0 0 0 0 0 0 0 0 0 1 0 0 0 0 0 0 0 0 0 0
 Options (norm):    0 0 0 0 0 0 0 0 0 0 0 0 0 0 0 0 0 0 0 0 0 0 0 0 0 0 0 0 0 0 0 0 0 0 0 0 0 0 0 0
 Options (isubopt): 0 0 0 0 0 0 0 0 0 0 0 0 0 0 0 0 0 0 0 0 0 0 0 0 0 0 0 0 0 0 0 0 0 0 0 0 0 0 0 0
  Number of forward modelling runs:       40000
  tilt of array is included
  Points in water:          13
  number of receiver depths read          11
  reading ranges in....
 number of ranges         156
 number of bartlett estimators         156
  ncurv=         156 nbart=         156

 The EOF are
       physparm layer  ... shape functions
   1   3  1    1.0  0.0  0.0
   2   3  2    1.0  1.0  0.0
   3  12  1    1.0  1.0  1.0
  The starting values of the EOF amplitudes are:
   1550.00     50.00     10.00
 
 
  parameters to be optimized:
                   physparm     layer  min.val  max.val   del.val   nbit  ndig
  1 Source depth (m)         8   1     50.00     60.00      0.16    6   64
  2 Water depth (m)          1   1    113.00    117.00      0.06    6   64
  3 Sediment density (g/cm   6   1      1.00      2.50      0.02    6   64
  4 Shape coefficient       11   1   1520.00   1600.00      0.63    7  128
  5 Shape coefficient       11   2     10.00    150.00      1.10    7  128
  6 Attenuation (dB/\lambd   4   1      0.00      1.00      0.02    6   64
  uses snap as forward model
 
 Calling SNAP
 flagpu           1
  Frequency:   500.0000    
  R1,R2   1.500000       1.800000    
  SCATT(1),SCATT(2)  0.0000000E+00  0.0000000E+00
  H0,H1   115.400001525879        50.0000000000000     
  ND0,ND1          13           2
  BETA(1),BETA(2),BETA(3)  0.1300000      0.1000000      0.0000000E+00
  c2,c2s   1610.000      0.0000000E+00
 z0,c0
  1     0.000  1519.000
  2    10.000  1519.100
  3    20.000  1519.300
  4    30.000  1519.500
  5    40.000  1519.600
  6    50.000  1519.800
  7    60.000  1520.000
  8    70.000  1520.100
  9    80.000  1520.300
 10    90.000  1520.500
 11   100.000  1520.200
 12   110.000  1512.000
 13   115.400  1509.900

 z1,c1
  1     0.000  1550.000
  2    50.000  1600.000

  Tilt (m)=  0.0000000E+00
  np         156
  first reciever depth   50.00000    
  ranges   750.0000       770.0000       790.0000       810.0000    
   830.0000       850.0000       870.0000       890.0000       910.0000    
   930.0000       950.0000       970.0000       990.0000       1010.000    
   1030.000       1050.000       1070.000       1090.000       1110.000    
   1130.000    
 number of sources           1
  source depth,i   52.25000               1
  ndep,rd,rdlow:           11   50.00000       60.00000    
 arrayshape:   0.0000000E+00  0.0000000E+00  0.0000000E+00  0.0000000E+00
  0.0000000E+00
  multistatic:  F
  tilt:  T
  mbeam:    F
  msource:  F
  iscale:             0
  xplane:             0
 freq,number of modes           1          32
  TRIAL EIGENVALUE BEYOND CUTOFF FOR MODE   45
 freq,number of modes           1          44
 freq,number of modes           1          41
 freq,number of modes           1          38
 freq,number of modes           1          39
 freq,number of modes           1          40
 freq,number of modes           1          37
 freq,number of modes           1          45
 freq,number of modes           1          38
 freq,number of modes           1          43
 freq,number of modes           1          38
 freq,number of modes           1          41
 freq,number of modes           1          45
 freq,number of modes           1          44
 freq,number of modes           1          39
 freq,number of modes           1          40
 freq,number of modes           1          38
 freq,number of modes           1          37
 freq,number of modes           1          38
 freq,number of modes           1          39

 *** MAX ITERATIONS EXCEEDED FOR MODE    1 ***
 *** SEARCH WILL BE REPEATED WITH BRENT *** 


 *** MAX ITERATIONS EXCEEDED FOR MODE    1 ***
 *** SEARCH WILL BE REPEATED WITH BRENT *** 


 *** MAX ITERATIONS EXCEEDED FOR MODE    1 ***
 *** SEARCH WILL BE REPEATED WITH BRENT *** 



 ***  MAX NUMBER OF ITERATIONS (10) REACHED IN SUB ACCRCY  ***
  TRIAL EIGENVALUE BEYOND CUTOFF FOR MODE   45
  TRIAL EIGENVALUE BEYOND CUTOFF FOR MODE   42
  TRIAL EIGENVALUE BEYOND CUTOFF FOR MODE   45
  TRIAL EIGENVALUE BEYOND CUTOFF FOR MODE   44
  TRIAL EIGENVALUE BEYOND CUTOFF FOR MODE   45
  TRIAL EIGENVALUE BEYOND CUTOFF FOR MODE   40
  TRIAL EIGENVALUE BEYOND CUTOFF FOR MODE   43
  TRIAL EIGENVALUE BEYOND CUTOFF FOR MODE   38
  TRIAL EIGENVALUE BEYOND CUTOFF FOR MODE   41
  TRIAL EIGENVALUE BEYOND CUTOFF FOR MODE   44
  TRIAL EIGENVALUE BEYOND CUTOFF FOR MODE   45
  TRIAL EIGENVALUE BEYOND CUTOFF FOR MODE   39
  TRIAL EIGENVALUE BEYOND CUTOFF FOR MODE   39
  TRIAL EIGENVALUE BEYOND CUTOFF FOR MODE   39
  TRIAL EIGENVALUE BEYOND CUTOFF FOR MODE   46
  TRIAL EIGENVALUE BEYOND CUTOFF FOR MODE   43
  TRIAL EIGENVALUE BEYOND CUTOFF FOR MODE   42
  TRIAL EIGENVALUE BEYOND CUTOFF FOR MODE   43
  TRIAL EIGENVALUE BEYOND CUTOFF FOR MODE   40
  TRIAL EIGENVALUE BEYOND CUTOFF FOR MODE   41
  TRIAL EIGENVALUE BEYOND CUTOFF FOR MODE   42
  TRIAL EIGENVALUE BEYOND CUTOFF FOR MODE   38
  TRIAL EIGENVALUE BEYOND CUTOFF FOR MODE   42
  TRIAL EIGENVALUE BEYOND CUTOFF FOR MODE   40
  TRIAL EIGENVALUE BEYOND CUTOFF FOR MODE   42
  TRIAL EIGENVALUE BEYOND CUTOFF FOR MODE   45
  TRIAL EIGENVALUE BEYOND CUTOFF FOR MODE   46
  TRIAL EIGENVALUE BEYOND CUTOFF FOR MODE   45
  TRIAL EIGENVALUE BEYOND CUTOFF FOR MODE   40
  TRIAL EIGENVALUE BEYOND CUTOFF FOR MODE   45
  TRIAL EIGENVALUE BEYOND CUTOFF FOR MODE   42
  TRIAL EIGENVALUE BEYOND CUTOFF FOR MODE   46
  TRIAL EIGENVALUE BEYOND CUTOFF FOR MODE   41
  TRIAL EIGENVALUE BEYOND CUTOFF FOR MODE   39
  TRIAL EIGENVALUE BEYOND CUTOFF FOR MODE   44
  TRIAL EIGENVALUE BEYOND CUTOFF FOR MODE   43
  TRIAL EIGENVALUE BEYOND CUTOFF FOR MODE   42
  TRIAL EIGENVALUE BEYOND CUTOFF FOR MODE   41
  TRIAL EIGENVALUE BEYOND CUTOFF FOR MODE   43
  TRIAL EIGENVALUE BEYOND CUTOFF FOR MODE   40
  TRIAL EIGENVALUE BEYOND CUTOFF FOR MODE   42
  TRIAL EIGENVALUE BEYOND CUTOFF FOR MODE   41
  TRIAL EIGENVALUE BEYOND CUTOFF FOR MODE   44
  TRIAL EIGENVALUE BEYOND CUTOFF FOR MODE   41
  TRIAL EIGENVALUE BEYOND CUTOFF FOR MODE   38
  TRIAL EIGENVALUE BEYOND CUTOFF FOR MODE   42
  TRIAL EIGENVALUE BEYOND CUTOFF FOR MODE   38
  TRIAL EIGENVALUE BEYOND CUTOFF FOR MODE   37
  TRIAL EIGENVALUE BEYOND CUTOFF FOR MODE   44
  TRIAL EIGENVALUE BEYOND CUTOFF FOR MODE   44
  TRIAL EIGENVALUE BEYOND CUTOFF FOR MODE   41
  TRIAL EIGENVALUE BEYOND CUTOFF FOR MODE   44
  TRIAL EIGENVALUE BEYOND CUTOFF FOR MODE   40
  TRIAL EIGENVALUE BEYOND CUTOFF FOR MODE   40
  TRIAL EIGENVALUE BEYOND CUTOFF FOR MODE   41
  TRIAL EIGENVALUE BEYOND CUTOFF FOR MODE   43
  TRIAL EIGENVALUE BEYOND CUTOFF FOR MODE   39
  TRIAL EIGENVALUE BEYOND CUTOFF FOR MODE   40
  TRIAL EIGENVALUE BEYOND CUTOFF FOR MODE   45
  TRIAL EIGENVALUE BEYOND CUTOFF FOR MODE   43
  TRIAL EIGENVALUE BEYOND CUTOFF FOR MODE   40
  TRIAL EIGENVALUE BEYOND CUTOFF FOR MODE   39
  TRIAL EIGENVALUE BEYOND CUTOFF FOR MODE   45
  TRIAL EIGENVALUE BEYOND CUTOFF FOR MODE   43
  TRIAL EIGENVALUE BEYOND CUTOFF FOR MODE   45
  TRIAL EIGENVALUE BEYOND CUTOFF FOR MODE   42
  TRIAL EIGENVALUE BEYOND CUTOFF FOR MODE   39
  TRIAL EIGENVALUE BEYOND CUTOFF FOR MODE   39
  TRIAL EIGENVALUE BEYOND CUTOFF FOR MODE   45
  TRIAL EIGENVALUE BEYOND CUTOFF FOR MODE   42
  TRIAL EIGENVALUE BEYOND CUTOFF FOR MODE   38
  TRIAL EIGENVALUE BEYOND CUTOFF FOR MODE   39
  TRIAL EIGENVALUE BEYOND CUTOFF FOR MODE   44
  TRIAL EIGENVALUE BEYOND CUTOFF FOR MODE   35
  TRIAL EIGENVALUE BEYOND CUTOFF FOR MODE   45
  TRIAL EIGENVALUE BEYOND CUTOFF FOR MODE   42
  TRIAL EIGENVALUE BEYOND CUTOFF FOR MODE   39
  TRIAL EIGENVALUE BEYOND CUTOFF FOR MODE   39
  TRIAL EIGENVALUE BEYOND CUTOFF FOR MODE   45
  TRIAL EIGENVALUE BEYOND CUTOFF FOR MODE   41
  TRIAL EIGENVALUE BEYOND CUTOFF FOR MODE   39
  TRIAL EIGENVALUE BEYOND CUTOFF FOR MODE   42
  TRIAL EIGENVALUE BEYOND CUTOFF FOR MODE   43
  TRIAL EIGENVALUE BEYOND CUTOFF FOR MODE   38
  TRIAL EIGENVALUE BEYOND CUTOFF FOR MODE   44
  TRIAL EIGENVALUE BEYOND CUTOFF FOR MODE   45
  TRIAL EIGENVALUE BEYOND CUTOFF FOR MODE   44
  TRIAL EIGENVALUE BEYOND CUTOFF FOR MODE   39
  TRIAL EIGENVALUE BEYOND CUTOFF FOR MODE   42
  TRIAL EIGENVALUE BEYOND CUTOFF FOR MODE   41
  TRIAL EIGENVALUE BEYOND CUTOFF FOR MODE   39
  TRIAL EIGENVALUE BEYOND CUTOFF FOR MODE   39
  TRIAL EIGENVALUE BEYOND CUTOFF FOR MODE   39
  TRIAL EIGENVALUE BEYOND CUTOFF FOR MODE   44
  TRIAL EIGENVALUE BEYOND CUTOFF FOR MODE   41
  TRIAL EIGENVALUE BEYOND CUTOFF FOR MODE   39
  TRIAL EIGENVALUE BEYOND CUTOFF FOR MODE   44
  TRIAL EIGENVALUE BEYOND CUTOFF FOR MODE   41
  TRIAL EIGENVALUE BEYOND CUTOFF FOR MODE   42
  TRIAL EIGENVALUE BEYOND CUTOFF FOR MODE   39
  TRIAL EIGENVALUE BEYOND CUTOFF FOR MODE   43
  TRIAL EIGENVALUE BEYOND CUTOFF FOR MODE   40
  TRIAL EIGENVALUE BEYOND CUTOFF FOR MODE   44
  TRIAL EIGENVALUE BEYOND CUTOFF FOR MODE   43
  TRIAL EIGENVALUE BEYOND CUTOFF FOR MODE   39
  TRIAL EIGENVALUE BEYOND CUTOFF FOR MODE   38
  TRIAL EIGENVALUE BEYOND CUTOFF FOR MODE   40
  TRIAL EIGENVALUE BEYOND CUTOFF FOR MODE   43
  TRIAL EIGENVALUE BEYOND CUTOFF FOR MODE   43
  TRIAL EIGENVALUE BEYOND CUTOFF FOR MODE   44
  TRIAL EIGENVALUE BEYOND CUTOFF FOR MODE   45
  TRIAL EIGENVALUE BEYOND CUTOFF FOR MODE   44
 Run, time:      162.620 secs.
